<?xml version="1.0" encoding="UTF-8"?>
<robot generator="Robot 7.0 (Python 3.11.0 on win32)" generated="2024-06-03T10:03:02.193236" rpa="false" schemaversion="5">
<suite id="s1" name="Test Valid Update Bedstatus" source="C:\Users\KARTHIPRIYA R\OneDrive\Desktop\New_Main\Pilot_Project_Smart_hospital_Team3\TestCases\Test_Valid_Update_Bedstatus.robot">
<test id="s1-t1" name="Successfull update of bedstaus" line="12">
<kw name="Open the browser with url" owner="GenericResources" type="SETUP">
<kw name="Create Webdriver" owner="SeleniumLibrary">
<msg time="2024-06-03T10:03:02.591998" level="INFO">Creating an instance of the Chrome WebDriver.</msg>
<arg>Chrome</arg>
<doc>Creates an instance of Selenium WebDriver.</doc>
<status status="PASS" start="2024-06-03T10:03:02.591998" elapsed="7.894636"/>
</kw>
<kw name="Go To" owner="SeleniumLibrary">
<msg time="2024-06-03T10:03:10.486634" level="INFO">Opening url 'https://demo.smart-hospital.in/'</msg>
<arg>${url}</arg>
<doc>Navigates the current browser window to the provided ``url``.</doc>
<status status="PASS" start="2024-06-03T10:03:10.486634" elapsed="3.842353"/>
</kw>
<kw name="Maximize Browser Window" owner="SeleniumLibrary">
<doc>Maximizes current browser window.</doc>
<status status="PASS" start="2024-06-03T10:03:14.330004" elapsed="0.037367"/>
</kw>
<kw name="Set Selenium Implicit Wait" owner="SeleniumLibrary">
<arg>5</arg>
<doc>Sets the implicit wait value used by Selenium.</doc>
<status status="PASS" start="2024-06-03T10:03:14.367371" elapsed="0.000995"/>
</kw>
<status status="PASS" start="2024-06-03T10:03:02.590976" elapsed="11.778390"/>
</kw>
<kw name="Click the login in button" owner="GenericResources">
<kw name="Click Element" owner="SeleniumLibrary">
<msg time="2024-06-03T10:03:14.371367" level="INFO">Clicking element 'xpath://ul[@class="top-right"]//a'.</msg>
<arg>${login_button}</arg>
<doc>Click the element identified by ``locator``.</doc>
<status status="PASS" start="2024-06-03T10:03:14.370368" elapsed="2.240615"/>
</kw>
<status status="PASS" start="2024-06-03T10:03:14.370368" elapsed="2.241615"/>
</kw>
<kw name="Fill the successfull login form by clicking the doctor role" owner="LoginResources">
<kw name="Click Link" owner="SeleniumLibrary">
<msg time="2024-06-03T10:03:16.612982" level="INFO">Clicking link 'xpath://i[@class="fa fa-user"]//parent::a'.</msg>
<arg>${admin_login_button}</arg>
<doc>Clicks a link identified by ``locator``.</doc>
<status status="PASS" start="2024-06-03T10:03:16.612982" elapsed="0.091001"/>
</kw>
<kw name="Switch Window" owner="SeleniumLibrary">
<arg>new</arg>
<doc>Switches to browser window matching ``locator``.</doc>
<status status="PASS" start="2024-06-03T10:03:16.704991" elapsed="0.020991"/>
</kw>
<kw name="Click Link" owner="SeleniumLibrary">
<msg time="2024-06-03T10:03:16.725982" level="INFO">Clicking link 'xpath://a[text()='Doctor']'.</msg>
<arg>${valid_doctor_button}</arg>
<doc>Clicks a link identified by ``locator``.</doc>
<status status="PASS" start="2024-06-03T10:03:16.725982" elapsed="0.604130"/>
</kw>
<kw name="Click Button" owner="SeleniumLibrary">
<msg time="2024-06-03T10:03:17.331110" level="INFO">Clicking button 'css:button[class='btn']'.</msg>
<arg>${signin_button}</arg>
<doc>Clicks the button identified by ``locator``.</doc>
<status status="PASS" start="2024-06-03T10:03:17.330112" elapsed="4.936884"/>
</kw>
<status status="PASS" start="2024-06-03T10:03:16.611983" elapsed="5.655013"/>
</kw>
<kw name="Verify the successfull login with valid credentials for doctor" owner="LoginResources">
<kw name="Click Link" owner="SeleniumLibrary">
<msg time="2024-06-03T10:03:22.268996" level="INFO">Clicking link 'css:a[class="dropdown-toggle"]'.</msg>
<arg>${pofile_icon}</arg>
<doc>Clicks a link identified by ``locator``.</doc>
<status status="PASS" start="2024-06-03T10:03:22.268057" elapsed="0.102754"/>
</kw>
<kw name="Wait Until Element Is Enabled" owner="SeleniumLibrary">
<arg>${profile_name}</arg>
<doc>Waits until the element ``locator`` is enabled.</doc>
<status status="PASS" start="2024-06-03T10:03:22.370811" elapsed="0.100303"/>
</kw>
<kw name="Element Text Should Be" owner="SeleniumLibrary">
<msg time="2024-06-03T10:03:22.472120" level="INFO">Verifying element 'css:div[class="sstopuser-test"] h5' contains exact text 'Doctor'.</msg>
<arg>${profile_name}</arg>
<arg>Doctor</arg>
<doc>Verifies that element ``locator`` contains exact the text ``expected``.</doc>
<status status="PASS" start="2024-06-03T10:03:22.471114" elapsed="0.026213"/>
</kw>
<status status="PASS" start="2024-06-03T10:03:22.268057" elapsed="0.230272"/>
</kw>
<kw name="Successfull update of the bed status" owner="DoctorResources">
<kw name="Click Link" owner="SeleniumLibrary">
<msg time="2024-06-03T10:03:22.499327" level="INFO">Clicking link 'xpath://i[@class="fas fa-bed cal15"]//parent::a'.</msg>
<arg>${betstatus_icon}</arg>
<doc>Clicks a link identified by ``locator``.</doc>
<status status="PASS" start="2024-06-03T10:03:22.499327" elapsed="0.062240"/>
</kw>
<kw name="Click Element" owner="SeleniumLibrary">
<msg time="2024-06-03T10:03:22.562762" level="INFO">Clicking element 'xpath://div[text()='FF - 145']'.</msg>
<arg>${bed_145}</arg>
<doc>Click the element identified by ``locator``.</doc>
<status status="PASS" start="2024-06-03T10:03:22.561567" elapsed="1.023719"/>
</kw>
<kw name="Click Element" owner="SeleniumLibrary">
<msg time="2024-06-03T10:03:23.586339" level="INFO">Clicking element 'xpath://span[@class="select2-selection select2-selection--single" and @aria-labelledby="select2-addpatient_id-container"]'.</msg>
<arg>${patientSelect_field}</arg>
<doc>Click the element identified by ``locator``.</doc>
<status status="PASS" start="2024-06-03T10:03:23.586339" elapsed="0.066838"/>
</kw>
<kw name="Input Text" owner="SeleniumLibrary">
<msg time="2024-06-03T10:03:23.653177" level="INFO">Typing text 'Evander' into text field 'css:input[class="select2-search__field"]'.</msg>
<arg>${patientinput_field}</arg>
<arg>Evander</arg>
<doc>Types the given ``text`` into the text field identified by ``locator``.</doc>
<status status="PASS" start="2024-06-03T10:03:23.653177" elapsed="0.170288"/>
</kw>
<kw name="Click Element" owner="SeleniumLibrary">
<msg time="2024-06-03T10:03:23.823465" level="INFO">Clicking element 'xpath://li[@class='select2-results__option select2-results__option--highlighted']'.</msg>
<arg>${patient_name}</arg>
<doc>Click the element identified by ``locator``.</doc>
<status status="PASS" start="2024-06-03T10:03:23.823465" elapsed="0.579788"/>
</kw>
<kw name="Click Element" owner="SeleniumLibrary">
<msg time="2024-06-03T10:03:24.403253" level="INFO">Clicking element 'css:input[id="admission_date"]'.</msg>
<arg>${Addmision_date}</arg>
<doc>Click the element identified by ``locator``.</doc>
<status status="PASS" start="2024-06-03T10:03:24.403253" elapsed="0.076292"/>
</kw>
<kw name="Select From List By Value" owner="SeleniumLibrary">
<msg time="2024-06-03T10:03:24.479545" level="INFO">Selecting options from selection list 'xpath://select[@id='consultant_doctor']' by value 11.</msg>
<arg>${doctal_consultant_select}</arg>
<arg>11</arg>
<doc>Selects options from selection list ``locator`` by ``values``.</doc>
<status status="PASS" start="2024-06-03T10:03:24.479545" elapsed="0.108689"/>
</kw>
<kw name="Click Button" owner="SeleniumLibrary">
<msg time="2024-06-03T10:03:24.589267" level="INFO">Clicking button 'css:button[id="formaddbtn"]'.</msg>
<arg>${bed_status_save_button}</arg>
<doc>Clicks the button identified by ``locator``.</doc>
<status status="PASS" start="2024-06-03T10:03:24.588234" elapsed="0.077565"/>
</kw>
<status status="PASS" start="2024-06-03T10:03:22.498329" elapsed="2.167470"/>
</kw>
<kw name="Verify the successfull updation of the bed status" owner="DoctorResources">
<kw name="Wait Until Element Is Visible" owner="SeleniumLibrary">
<arg>css:div[class="toast-message"]</arg>
<doc>Waits until the element ``locator`` is visible.</doc>
<status status="PASS" start="2024-06-03T10:03:24.666799" elapsed="0.572350"/>
</kw>
<kw name="Element Text Should Be" owner="SeleniumLibrary">
<msg time="2024-06-03T10:03:25.239149" level="INFO">Verifying element 'css:div[class="toast-message"]' contains exact text 'Patient Added Successfully'.</msg>
<arg>css:div[class="toast-message"]</arg>
<arg>Patient Added Successfully</arg>
<doc>Verifies that element ``locator`` contains exact the text ``expected``.</doc>
<status status="PASS" start="2024-06-03T10:03:25.239149" elapsed="0.037524"/>
</kw>
<status status="PASS" start="2024-06-03T10:03:24.666799" elapsed="0.609874"/>
</kw>
<kw name="close the browser" owner="GenericResources" type="TEARDOWN">
<kw name="Close Browser" owner="SeleniumLibrary">
<doc>Closes the current browser.</doc>
<status status="PASS" start="2024-06-03T10:03:25.278077" elapsed="2.206725"/>
</kw>
<status status="PASS" start="2024-06-03T10:03:25.278077" elapsed="2.206725"/>
</kw>
<tag>smoke</tag>
<status status="PASS" start="2024-06-03T10:03:02.590976" elapsed="24.894831"/>
</test>
<doc>Test case for the valid bed status update</doc>
<status status="PASS" start="2024-06-03T10:03:02.195316" elapsed="25.294388"/>
</suite>
<statistics>
<total>
<stat pass="1" fail="0" skip="0">All Tests</stat>
</total>
<tag>
<stat pass="1" fail="0" skip="0">smoke</stat>
</tag>
<suite>
<stat pass="1" fail="0" skip="0" id="s1" name="Test Valid Update Bedstatus">Test Valid Update Bedstatus</stat>
</suite>
</statistics>
<errors>
</errors>
</robot>
