<?xml version="1.0" encoding="UTF-8"?>
<robot generator="Robot 7.0 (Python 3.12.2 on win32)" generated="2024-05-28T10:00:25.908626" rpa="false" schemaversion="5">
<suite id="s1" name="Test add invalid birth record" source="D:\main_repository\Pilot_Project_Smart_hospital_Team3\TestCases\Test_add_invalid_birth_record.robot">
<test id="s1-t1" name="Login test template" line="22">
<kw name="Open the browser with url" owner="GenericResources" type="SETUP">
<kw name="Create Webdriver" owner="SeleniumLibrary">
<msg time="2024-05-28T10:00:26.911743" level="INFO">Creating an instance of the Chrome WebDriver.</msg>
<arg>Chrome</arg>
<doc>Creates an instance of Selenium WebDriver.</doc>
<status status="PASS" start="2024-05-28T10:00:26.911743" elapsed="1.660000"/>
</kw>
<kw name="Go To" owner="SeleniumLibrary">
<msg time="2024-05-28T10:00:28.571743" level="INFO">Opening url 'https://demo.smart-hospital.in/'</msg>
<arg>${url}</arg>
<doc>Navigates the current browser window to the provided ``url``.</doc>
<status status="PASS" start="2024-05-28T10:00:28.571743" elapsed="5.379182"/>
</kw>
<kw name="Maximize Browser Window" owner="SeleniumLibrary">
<doc>Maximizes current browser window.</doc>
<status status="PASS" start="2024-05-28T10:00:33.950925" elapsed="0.046667"/>
</kw>
<kw name="Set Selenium Implicit Wait" owner="SeleniumLibrary">
<arg>5</arg>
<doc>Sets the implicit wait value used by Selenium.</doc>
<status status="PASS" start="2024-05-28T10:00:33.998791" elapsed="0.001002"/>
</kw>
<status status="PASS" start="2024-05-28T10:00:26.911743" elapsed="7.088050"/>
</kw>
<kw name="validate add birth record">
<kw name="click the log in button" owner="GenericResources">
<kw name="Click Element" owner="SeleniumLibrary">
<msg time="2024-05-28T10:00:34.001795" level="INFO">Clicking element 'xpath://ul[@class="top-right"]//a'.</msg>
<arg>${login_button}</arg>
<doc>Click the element identified by ``locator``.</doc>
<status status="PASS" start="2024-05-28T10:00:34.001795" elapsed="4.022855"/>
</kw>
<status status="PASS" start="2024-05-28T10:00:34.000795" elapsed="4.023855"/>
</kw>
<kw name="click the admin login" owner="LoginResources">
<kw name="Click Element" owner="SeleniumLibrary">
<msg time="2024-05-28T10:00:38.026043" level="INFO">Clicking element 'xpath:(//a[@class='forgot pull-right'])[1]'.</msg>
<arg>${admin_login}</arg>
<doc>Click the element identified by ``locator``.</doc>
<status status="PASS" start="2024-05-28T10:00:38.026043" elapsed="0.127194"/>
</kw>
<status status="PASS" start="2024-05-28T10:00:38.024650" elapsed="0.128587"/>
</kw>
<kw name="Switch Window" owner="SeleniumLibrary">
<arg>new</arg>
<doc>Switches to browser window matching ``locator``.</doc>
<status status="PASS" start="2024-05-28T10:00:38.153237" elapsed="0.026081"/>
</kw>
<kw name="click the doctor button" owner="LoginResources">
<kw name="Click Element" owner="SeleniumLibrary">
<msg time="2024-05-28T10:00:38.179318" level="INFO">Clicking element 'xpath:(//a[@class='btn btn-primary width100'])[2]'.</msg>
<arg>${doctor_button}</arg>
<doc>Click the element identified by ``locator``.</doc>
<status status="PASS" start="2024-05-28T10:00:38.179318" elapsed="0.922520"/>
</kw>
<status status="PASS" start="2024-05-28T10:00:38.179318" elapsed="0.922520"/>
</kw>
<kw name="Click the signin button" owner="LoginResources">
<kw name="Click Button" owner="SeleniumLibrary">
<msg time="2024-05-28T10:00:39.102840" level="INFO">Clicking button 'css:button[class='btn']'.</msg>
<arg>${signin_button}</arg>
<doc>Clicks the button identified by ``locator``.</doc>
<status status="PASS" start="2024-05-28T10:00:39.102840" elapsed="8.507090"/>
</kw>
<status status="PASS" start="2024-05-28T10:00:39.102840" elapsed="8.507090"/>
</kw>
<kw name="click birth record and death record" owner="DoctorResources">
<kw name="Click Element" owner="SeleniumLibrary">
<msg time="2024-05-28T10:00:47.609930" level="INFO">Clicking element 'xpath://a/i[@class='fa fa-birthday-cake']'.</msg>
<arg>${birth_record_death_record}</arg>
<doc>Click the element identified by ``locator``.</doc>
<status status="PASS" start="2024-05-28T10:00:47.609930" elapsed="0.056219"/>
</kw>
<status status="PASS" start="2024-05-28T10:00:47.609930" elapsed="0.057217"/>
</kw>
<kw name="click birth record" owner="DoctorResources">
<kw name="Click Element" owner="SeleniumLibrary">
<msg time="2024-05-28T10:00:47.667147" level="INFO">Clicking element 'xpath://a[text()= ' Birth Record ']'.</msg>
<arg>${birth_record}</arg>
<doc>Click the element identified by ``locator``.</doc>
<status status="PASS" start="2024-05-28T10:00:47.667147" elapsed="0.712530"/>
</kw>
<status status="PASS" start="2024-05-28T10:00:47.667147" elapsed="0.712530"/>
</kw>
<kw name="click add birth record" owner="DoctorResources">
<kw name="Click Element" owner="SeleniumLibrary">
<msg time="2024-05-28T10:00:48.380694" level="INFO">Clicking element 'xpath://a[@class='btn btn-primary btn-sm birthrecord']'.</msg>
<arg>${add_birth_record}</arg>
<doc>Click the element identified by ``locator``.</doc>
<status status="PASS" start="2024-05-28T10:00:48.380694" elapsed="0.070408"/>
</kw>
<status status="PASS" start="2024-05-28T10:00:48.379677" elapsed="0.073333"/>
</kw>
<kw name="fill the birth record form" owner="DoctorResources">
<kw name="Click Element" owner="SeleniumLibrary">
<msg time="2024-05-28T10:00:48.453010" level="INFO">Clicking element 'xpath:(//select[@class='form-control'])[1]'.</msg>
<arg>${Gender_drop_down}</arg>
<doc>Click the element identified by ``locator``.</doc>
<status status="PASS" start="2024-05-28T10:00:48.453010" elapsed="0.257154"/>
</kw>
<kw name="Click Element" owner="SeleniumLibrary">
<msg time="2024-05-28T10:00:48.710164" level="INFO">Clicking element 'xpath:(//option[@value='Male'])[1]'.</msg>
<arg>${Gender_option_male}</arg>
<doc>Click the element identified by ``locator``.</doc>
<status status="PASS" start="2024-05-28T10:00:48.710164" elapsed="0.054358"/>
</kw>
<kw name="Input Text" owner="SeleniumLibrary">
<msg time="2024-05-28T10:00:48.764522" level="INFO">Typing text '0' into text field 'name:weight'.</msg>
<arg>${weight_feild}</arg>
<arg>${weight}</arg>
<doc>Types the given ``text`` into the text field identified by ``locator``.</doc>
<status status="PASS" start="2024-05-28T10:00:48.764522" elapsed="0.183967"/>
</kw>
<kw name="Input Text" owner="SeleniumLibrary">
<msg time="2024-05-28T10:00:48.948489" level="INFO">Typing text '2024-08-22 00:00:00' into text field 'id:birth_date'.</msg>
<arg>${birth_date_feild}</arg>
<arg>${birthDate}</arg>
<doc>Types the given ``text`` into the text field identified by ``locator``.</doc>
<status status="PASS" start="2024-05-28T10:00:48.948489" elapsed="0.331704"/>
</kw>
<kw name="Input Text" owner="SeleniumLibrary">
<msg time="2024-05-28T10:00:49.280193" level="INFO">Typing text '934265611' into text field 'id:contact'.</msg>
<arg>${contact_feild}</arg>
<arg>${contact}</arg>
<doc>Types the given ``text`` into the text field identified by ``locator``.</doc>
<status status="PASS" start="2024-05-28T10:00:49.280193" elapsed="0.273945"/>
</kw>
<kw name="Input Text" owner="SeleniumLibrary">
<msg time="2024-05-28T10:00:49.554138" level="INFO">Typing text 'Salem' into text field 'id:address'.</msg>
<arg>${adress_feild}</arg>
<arg>${Address}</arg>
<doc>Types the given ``text`` into the text field identified by ``locator``.</doc>
<status status="PASS" start="2024-05-28T10:00:49.554138" elapsed="0.275535"/>
</kw>
<kw name="Input Text" owner="SeleniumLibrary">
<msg time="2024-05-28T10:00:49.830274" level="INFO">Typing text '2222' into text field 'id:case_id'.</msg>
<arg>${case_id_feild}</arg>
<arg>${CaseId}</arg>
<doc>Types the given ``text`` into the text field identified by ``locator``.</doc>
<status status="PASS" start="2024-05-28T10:00:49.830274" elapsed="0.216855"/>
</kw>
<kw name="Input Text" owner="SeleniumLibrary">
<msg time="2024-05-28T10:00:50.047129" level="INFO">Typing text 'karmegam' into text field 'id:father_name'.</msg>
<arg>${fathers_name_feild}</arg>
<arg>${FathersName}</arg>
<doc>Types the given ``text`` into the text field identified by ``locator``.</doc>
<status status="PASS" start="2024-05-28T10:00:50.047129" elapsed="0.225116"/>
</kw>
<kw name="Input Text" owner="SeleniumLibrary">
<msg time="2024-05-28T10:00:50.272245" level="INFO">Typing text 'baby uis fine' into text field 'id:birth_report'.</msg>
<arg>${b_reports}</arg>
<arg>${birthReports}</arg>
<doc>Types the given ``text`` into the text field identified by ``locator``.</doc>
<status status="PASS" start="2024-05-28T10:00:50.272245" elapsed="0.257676"/>
</kw>
<kw name="Click Button" owner="SeleniumLibrary">
<msg time="2024-05-28T10:00:50.529921" level="INFO">Clicking button 'id:formaddbtn'.</msg>
<arg>${save_btn}</arg>
<doc>Clicks the button identified by ``locator``.</doc>
<status status="PASS" start="2024-05-28T10:00:50.529921" elapsed="0.143741"/>
</kw>
<arg>${Cname}</arg>
<arg>${weight}</arg>
<arg>${birthDate}</arg>
<arg>${Contact}</arg>
<arg>${Address}</arg>
<arg>${CaseId}</arg>
<arg>${FathersName}</arg>
<arg>${birthReports}</arg>
<status status="PASS" start="2024-05-28T10:00:48.453010" elapsed="2.220652"/>
</kw>
<arg>Cname=dk</arg>
<arg>weight=0</arg>
<arg>birthDate=2024-08-22 00:00:00</arg>
<arg>Contact=934265611</arg>
<arg>Address=Salem</arg>
<arg>CaseId=2222</arg>
<arg>FathersName=karmegam</arg>
<arg>birthReports=baby uis fine</arg>
<status status="PASS" start="2024-05-28T10:00:34.000795" elapsed="16.672867"/>
</kw>
<kw name="Close the browser" owner="GenericResources" type="TEARDOWN">
<kw name="Close Browser" owner="SeleniumLibrary">
<doc>Closes the current browser.</doc>
<status status="PASS" start="2024-05-28T10:00:50.681890" elapsed="2.245638"/>
</kw>
<status status="PASS" start="2024-05-28T10:00:50.681890" elapsed="2.245638"/>
</kw>
<tag>regression</tag>
<status status="PASS" start="2024-05-28T10:00:26.911743" elapsed="26.018020"/>
</test>
<doc>To validate Invalid birth record</doc>
<status status="PASS" start="2024-05-28T10:00:25.908626" elapsed="27.021137"/>
</suite>
<statistics>
<total>
<stat pass="1" fail="0" skip="0">All Tests</stat>
</total>
<tag>
<stat pass="1" fail="0" skip="0">regression</stat>
</tag>
<suite>
<stat pass="1" fail="0" skip="0" id="s1" name="Test add invalid birth record">Test add invalid birth record</stat>
</suite>
</statistics>
<errors>
</errors>
</robot>
