<?xml version="1.0" encoding="UTF-8"?>
<robot generator="Robot 7.0 (Python 3.12.2 on win32)" generated="2024-07-12T18:07:35.717973" rpa="false" schemaversion="5">
<suite id="s1" name="Test add invalid death record" source="D:\Kiruthika_robot\Pilot_Project_Smart_hospital_Team3\TestCases\Test_add_invalid_death_record.robot">
<test id="s1-t1" name="Login test template" line="19">
<kw name="Open the browser with url" owner="GenericResources" type="SETUP">
<kw name="Create Webdriver" owner="SeleniumLibrary">
<msg time="2024-07-12T18:07:39.263209" level="INFO">Creating an instance of the Chrome WebDriver.</msg>
<arg>Chrome</arg>
<doc>Creates an instance of Selenium WebDriver.</doc>
<status status="PASS" start="2024-07-12T18:07:39.262710" elapsed="2.847000"/>
</kw>
<kw name="Go To" owner="SeleniumLibrary">
<msg time="2024-07-12T18:07:42.110702" level="INFO">Opening url 'https://demo.smart-hospital.in/'</msg>
<arg>${url}</arg>
<doc>Navigates the current browser window to the provided ``url``.</doc>
<status status="PASS" start="2024-07-12T18:07:42.110476" elapsed="3.738930"/>
</kw>
<kw name="Maximize Browser Window" owner="SeleniumLibrary">
<doc>Maximizes current browser window.</doc>
<status status="PASS" start="2024-07-12T18:07:45.851785" elapsed="0.381502"/>
</kw>
<kw name="Set Selenium Implicit Wait" owner="SeleniumLibrary">
<arg>5</arg>
<doc>Sets the implicit wait value used by Selenium.</doc>
<status status="PASS" start="2024-07-12T18:07:46.236045" elapsed="0.007703"/>
</kw>
<status status="PASS" start="2024-07-12T18:07:39.261551" elapsed="6.982197"/>
</kw>
<kw name="validate add death record">
<kw name="click the log in button" owner="GenericResources">
<kw name="Click Element" owner="SeleniumLibrary">
<msg time="2024-07-12T18:07:46.252600" level="INFO">Clicking element 'xpath://ul[@class="top-right"]//a'.</msg>
<arg>${login_button}</arg>
<doc>Click the element identified by ``locator``.</doc>
<status status="PASS" start="2024-07-12T18:07:46.250613" elapsed="4.121010"/>
</kw>
<status status="PASS" start="2024-07-12T18:07:46.249647" elapsed="4.121976"/>
</kw>
<kw name="click the admin login" owner="LoginResources">
<kw name="Click Element" owner="SeleniumLibrary">
<msg time="2024-07-12T18:07:50.372525" level="INFO">Clicking element 'xpath:(//a[@class='forgot pull-right'])[1]'.</msg>
<arg>${admin_login}</arg>
<doc>Click the element identified by ``locator``.</doc>
<status status="PASS" start="2024-07-12T18:07:50.372525" elapsed="0.442643"/>
</kw>
<status status="PASS" start="2024-07-12T18:07:50.372157" elapsed="0.443531"/>
</kw>
<kw name="Switch Window" owner="SeleniumLibrary">
<arg>new</arg>
<doc>Switches to browser window matching ``locator``.</doc>
<status status="PASS" start="2024-07-12T18:07:50.816182" elapsed="0.079650"/>
</kw>
<kw name="click the doctor button" owner="LoginResources">
<kw name="Click Element" owner="SeleniumLibrary">
<msg time="2024-07-12T18:07:50.899253" level="INFO">Clicking element 'xpath:(//a[@class='btn btn-primary width100'])[2]'.</msg>
<arg>${doctor_button}</arg>
<doc>Click the element identified by ``locator``.</doc>
<status status="PASS" start="2024-07-12T18:07:50.899253" elapsed="1.331765"/>
</kw>
<status status="PASS" start="2024-07-12T18:07:50.898476" elapsed="1.335471"/>
</kw>
<kw name="Click Button" owner="SeleniumLibrary">
<msg time="2024-07-12T18:07:52.242912" level="INFO">Clicking button 'css:button[class='btn']'.</msg>
<arg>${signin_button}</arg>
<doc>Clicks the button identified by ``locator``.</doc>
<status status="PASS" start="2024-07-12T18:07:52.241207" elapsed="7.021022"/>
</kw>
<status status="PASS" start="2024-07-12T18:07:52.236727" elapsed="7.025502"/>
</kw>
<kw name="click birth record and death record" owner="DoctorResources">
<kw name="Click Element" owner="SeleniumLibrary">
<msg time="2024-07-12T18:07:59.263096" level="INFO">Clicking element 'xpath://a/i[@class='fa fa-birthday-cake']'.</msg>
<arg>${birth_record_death_record}</arg>
<doc>Click the element identified by ``locator``.</doc>
<status status="PASS" start="2024-07-12T18:07:59.263096" elapsed="0.190531"/>
</kw>
<status status="PASS" start="2024-07-12T18:07:59.263096" elapsed="0.191237"/>
</kw>
<kw name="click death record" owner="DoctorResources">
<kw name="Click Element" owner="SeleniumLibrary">
<msg time="2024-07-12T18:07:59.457401" level="INFO">Clicking element 'xpath://a[text()= ' Death Record']'.</msg>
<arg>${death_record}</arg>
<doc>Click the element identified by ``locator``.</doc>
<status status="PASS" start="2024-07-12T18:07:59.456371" elapsed="1.323416"/>
</kw>
<status status="PASS" start="2024-07-12T18:07:59.455331" elapsed="1.324456"/>
</kw>
<kw name="Click Element" owner="SeleniumLibrary">
<msg time="2024-07-12T18:08:00.783163" level="INFO">Clicking element 'xpath://a[@class='btn btn-primary btn-sm deathrecord']'.</msg>
<arg>${add_death_record}</arg>
<doc>Click the element identified by ``locator``.</doc>
<status status="PASS" start="2024-07-12T18:08:00.782551" elapsed="0.140606"/>
</kw>
<status status="PASS" start="2024-07-12T18:08:00.780283" elapsed="0.143454"/>
</kw>
<kw name="fill the death record form" owner="DoctorResources">
<kw name="Input Text" owner="SeleniumLibrary">
<msg time="2024-07-12T18:08:00.926104" level="INFO">Typing text '4723' into text field 'id:case_id'.</msg>
<arg>${case_id_feild}</arg>
<arg>${caseID}</arg>
<doc>Types the given ``text`` into the text field identified by ``locator``.</doc>
<status status="PASS" start="2024-07-12T18:08:00.925226" elapsed="0.451344"/>
</kw>
<kw name="Input Text" owner="SeleniumLibrary">
<msg time="2024-07-12T18:08:01.377563" level="INFO">Typing text '2024-05-29 00:00:00' into text field 'id:death_date'.</msg>
<arg>${deadDate}</arg>
<arg>${DeathDate}</arg>
<doc>Types the given ``text`` into the text field identified by ``locator``.</doc>
<status status="PASS" start="2024-07-12T18:08:01.377067" elapsed="0.753171"/>
</kw>
<kw name="Input Text" owner="SeleniumLibrary">
<msg time="2024-07-12T18:08:02.131039" level="INFO">Typing text 'Dennis Coates' into text field 'id:death_report'.</msg>
<arg>${deadReports}</arg>
<arg>${DeathReports}</arg>
<doc>Types the given ``text`` into the text field identified by ``locator``.</doc>
<status status="PASS" start="2024-07-12T18:08:02.130499" elapsed="0.247402"/>
</kw>
<kw name="Click Element" owner="SeleniumLibrary">
<msg time="2024-07-12T18:08:02.379130" level="INFO">Clicking element 'id:formaddbtn'.</msg>
<arg>${save_btn}</arg>
<doc>Click the element identified by ``locator``.</doc>
<status status="PASS" start="2024-07-12T18:08:02.378398" elapsed="0.144809"/>
</kw>
<arg>${caseID}</arg>
<arg>${DeathDate}</arg>
<arg>${DeathReports}</arg>
<status status="PASS" start="2024-07-12T18:08:00.924234" elapsed="1.599467"/>
</kw>
<kw name="check the alert for invalid add death record" owner="DoctorResources">
<kw name="Wait Until Page Contains Element" owner="SeleniumLibrary">
<arg>${assert_invalid_add_Death_record}</arg>
<doc>Waits until the element ``locator`` appears on the current page.</doc>
<status status="PASS" start="2024-07-12T18:08:02.524505" elapsed="0.036666"/>
</kw>
<kw name="Element Text Should Be" owner="SeleniumLibrary">
<msg time="2024-07-12T18:08:02.562699" level="INFO">Verifying element 'xpath://div[text()='Patient Not Found']' contains exact text 'Patient Not Found'.</msg>
<arg>${assert_invalid_add_Death_record}</arg>
<arg>Patient Not Found</arg>
<doc>Verifies that element ``locator`` contains exact the text ``expected``.</doc>
<status status="PASS" start="2024-07-12T18:08:02.561198" elapsed="0.062131"/>
</kw>
<status status="PASS" start="2024-07-12T18:08:02.524011" elapsed="0.100186"/>
</kw>
<arg>caseID=4723</arg>
<arg>DeathDate=2024-05-29 00:00:00</arg>
<arg>DeathReports=Dennis Coates</arg>
<status status="PASS" start="2024-07-12T18:07:46.248081" elapsed="16.376116"/>
</kw>
<kw name="close the browser" owner="GenericResources" type="TEARDOWN">
<kw name="Close Browser" owner="SeleniumLibrary">
<doc>Closes the current browser.</doc>
<status status="PASS" start="2024-07-12T18:08:02.625864" elapsed="2.722581"/>
</kw>
<status status="PASS" start="2024-07-12T18:08:02.625366" elapsed="2.723079"/>
</kw>
<tag>regression</tag>
<status status="PASS" start="2024-07-12T18:07:39.258556" elapsed="26.089889"/>
</test>
<doc>To validate Invalid Death Record</doc>
<status status="PASS" start="2024-07-12T18:07:35.720436" elapsed="29.630401"/>
</suite>
<statistics>
<total>
<stat pass="1" fail="0" skip="0">All Tests</stat>
</total>
<tag>
<stat pass="1" fail="0" skip="0">regression</stat>
</tag>
<suite>
<stat pass="1" fail="0" skip="0" id="s1" name="Test add invalid death record">Test add invalid death record</stat>
</suite>
</statistics>
<errors>
</errors>
</robot>
