<?xml version="1.0" encoding="UTF-8"?>
<robot generator="Robot 7.0 (Python 3.12.2 on win32)" generated="2024-07-11T12:53:32.758599" rpa="false" schemaversion="5">
<suite id="s1" name="TestCases" source="D:\Kiruthika_robot\Pilot_Project_Smart_hospital_Team3\TestCases">
<suite id="s1-s1" name="Invalid AddStockItem" source="D:\Kiruthika_robot\Pilot_Project_Smart_hospital_Team3\TestCases\Invalid_AddStockItem.robot">
<test id="s1-s1-t1" name="To verify unsuccessful addition of stock item with invalid price" line="15">
<kw name="Open the browser with url" owner="GenericResources" type="SETUP">
<kw name="Create Webdriver" owner="SeleniumLibrary">
<msg time="2024-07-11T12:53:33.137351" level="INFO">Creating an instance of the Chrome WebDriver.</msg>
<arg>Chrome</arg>
<doc>Creates an instance of Selenium WebDriver.</doc>
<status status="PASS" start="2024-07-11T12:53:33.137351" elapsed="2.128493"/>
</kw>
<kw name="Go To" owner="SeleniumLibrary">
<msg time="2024-07-11T12:53:35.266962" level="INFO">Opening url 'https://demo.smart-hospital.in/'</msg>
<arg>${url}</arg>
<doc>Navigates the current browser window to the provided ``url``.</doc>
<status status="PASS" start="2024-07-11T12:53:35.266340" elapsed="3.394882"/>
</kw>
<kw name="Maximize Browser Window" owner="SeleniumLibrary">
<doc>Maximizes current browser window.</doc>
<status status="PASS" start="2024-07-11T12:53:38.661715" elapsed="0.236297"/>
</kw>
<kw name="Set Selenium Implicit Wait" owner="SeleniumLibrary">
<arg>5</arg>
<doc>Sets the implicit wait value used by Selenium.</doc>
<status status="PASS" start="2024-07-11T12:53:38.898012" elapsed="0.007774"/>
</kw>
<status status="PASS" start="2024-07-11T12:53:33.137351" elapsed="5.768435"/>
</kw>
<kw name="Go to user login" owner="LoginResources">
<kw name="Click Link" owner="SeleniumLibrary">
<msg time="2024-07-11T12:53:38.908023" level="INFO">Clicking link 'xpath://i[@class="fa fa-user"]//parent::a'.</msg>
<arg>${User_login_button}</arg>
<doc>Clicks a link identified by ``locator``.</doc>
<status status="PASS" start="2024-07-11T12:53:38.908023" elapsed="2.593717"/>
</kw>
<status status="PASS" start="2024-07-11T12:53:38.908023" elapsed="2.594125"/>
</kw>
<kw name="Go to admin page" owner="LoginResources">
<kw name="Click Link" owner="SeleniumLibrary">
<msg time="2024-07-11T12:53:41.507288" level="INFO">Clicking link '//a[text()=" Admin Login"]'.</msg>
<arg>${admin_login_page_btn}</arg>
<doc>Clicks a link identified by ``locator``.</doc>
<status status="PASS" start="2024-07-11T12:53:41.507288" elapsed="0.392397"/>
</kw>
<status status="PASS" start="2024-07-11T12:53:41.506791" elapsed="0.392894"/>
</kw>
<kw name="Switch Window" owner="SeleniumLibrary">
<arg>new</arg>
<doc>Switches to browser window matching ``locator``.</doc>
<status status="PASS" start="2024-07-11T12:53:41.903626" elapsed="0.048074"/>
</kw>
<kw name="fill the admin login form" owner="LoginResources">
<kw name="Click Link" owner="SeleniumLibrary">
<msg time="2024-07-11T12:53:41.954537" level="INFO">Clicking link '//i[@class="fa fa-user ispace"]//parent::a'.</msg>
<arg>${admin_login_btn}</arg>
<doc>Clicks a link identified by ``locator``.</doc>
<status status="PASS" start="2024-07-11T12:53:41.954042" elapsed="1.329354"/>
</kw>
<status status="PASS" start="2024-07-11T12:53:41.951700" elapsed="1.332305"/>
</kw>
<kw name="Click the signin button" owner="LoginResources">
<kw name="Click Button" owner="SeleniumLibrary">
<msg time="2024-07-11T12:53:43.291288" level="INFO">Clicking button 'css:button[class='btn']'.</msg>
<arg>${signin_button}</arg>
<doc>Clicks the button identified by ``locator``.</doc>
<status status="PASS" start="2024-07-11T12:53:43.290788" elapsed="5.849508"/>
</kw>
<status status="PASS" start="2024-07-11T12:53:43.286261" elapsed="5.854035"/>
</kw>
<kw name="Click the inventory button" owner="AdminResources">
<kw name="Scroll Element Into View" owner="SeleniumLibrary">
<arg>${inventory}</arg>
<doc>Scrolls the element identified by ``locator`` into view.</doc>
<status status="PASS" start="2024-07-11T12:53:49.144813" elapsed="0.331522"/>
</kw>
<kw name="Wait Until Element Is Visible" owner="SeleniumLibrary">
<arg>${inventory}</arg>
<arg>10s</arg>
<doc>Waits until the element ``locator`` is visible.</doc>
<status status="PASS" start="2024-07-11T12:53:49.476335" elapsed="0.063738"/>
</kw>
<kw name="Click Link" owner="SeleniumLibrary">
<msg time="2024-07-11T12:53:49.541585" level="INFO">Clicking link '//i[@class="fas fa-luggage-cart"]//parent::a'.</msg>
<arg>${inventory}</arg>
<doc>Clicks a link identified by ``locator``.</doc>
<status status="PASS" start="2024-07-11T12:53:49.541022" elapsed="0.861895"/>
</kw>
<status status="PASS" start="2024-07-11T12:53:49.144207" elapsed="1.258710"/>
</kw>
<kw name="Verify item stock list page opened" owner="AdminResources">
<kw name="Element Text Should Be" owner="SeleniumLibrary">
<msg time="2024-07-11T12:53:50.406904" level="INFO">Verifying element '//div[@class="box-header ptbnull"]//h3' contains exact text 'Item Stock List'.</msg>
<arg>${item_stockList}</arg>
<arg>Item Stock List</arg>
<doc>Verifies that element ``locator`` contains exact the text ``expected``.</doc>
<status status="PASS" start="2024-07-11T12:53:50.404513" elapsed="0.090092"/>
</kw>
<status status="PASS" start="2024-07-11T12:53:50.404513" elapsed="0.090092"/>
</kw>
<kw name="Click add stock item" owner="AdminResources">
<kw name="Click Link" owner="SeleniumLibrary">
<msg time="2024-07-11T12:53:50.494605" level="INFO">Clicking link '//a[@class="btn btn-primary btn-sm additemstock"]'.</msg>
<arg>${add_item_stock}</arg>
<doc>Clicks a link identified by ``locator``.</doc>
<status status="PASS" start="2024-07-11T12:53:50.494605" elapsed="0.457205"/>
</kw>
<status status="PASS" start="2024-07-11T12:53:50.494605" elapsed="0.457205"/>
</kw>
<kw name="Fill add item stock form without purchase price" owner="AdminResources">
<kw name="Select From List By Label" owner="SeleniumLibrary">
<msg time="2024-07-11T12:53:50.951810" level="INFO">Selecting options from selection list '(//div[@class="form-group"])[1]//select[@name="item_category_id"]' by label Medical Equipment.</msg>
<arg>${item_category}</arg>
<arg>Medical Equipment</arg>
<doc>Selects options from selection list ``locator`` by ``labels``.</doc>
<status status="PASS" start="2024-07-11T12:53:50.951810" elapsed="0.249507"/>
</kw>
<kw name="Select From List By Label" owner="SeleniumLibrary">
<msg time="2024-07-11T12:53:51.204583" level="INFO">Selecting options from selection list '(//div[@class="form-group"])[3]//select[@name="supplier_id"]' by label Quick Service.</msg>
<arg>${supplier}</arg>
<arg>Quick Service</arg>
<doc>Selects options from selection list ``locator`` by ``labels``.</doc>
<status status="PASS" start="2024-07-11T12:53:51.203368" elapsed="0.348091"/>
</kw>
<kw name="Input Text" owner="SeleniumLibrary">
<msg time="2024-07-11T12:53:51.551459" level="INFO">Typing text '10' into text field '(//input[@class="form-control miplusinput"])[1]'.</msg>
<arg>${quantity}</arg>
<arg>10</arg>
<doc>Types the given ``text`` into the text field identified by ``locator``.</doc>
<status status="PASS" start="2024-07-11T12:53:51.551459" elapsed="0.315880"/>
</kw>
<kw name="Select From List By Label" owner="SeleniumLibrary">
<msg time="2024-07-11T12:53:51.867339" level="INFO">Selecting options from selection list '(//div[@class="form-group"])[2]//select[@name="item_id"]' by label Syringe Pump.</msg>
<arg>${item}</arg>
<arg>Syringe Pump</arg>
<doc>Selects options from selection list ``locator`` by ``labels``.</doc>
<status status="PASS" start="2024-07-11T12:53:51.867339" elapsed="0.236840"/>
</kw>
<kw name="Select From List By Label" owner="SeleniumLibrary">
<msg time="2024-07-11T12:53:52.104678" level="INFO">Selecting options from selection list '(//div[@class="form-group"])[4]//select[@name="store_id"]' by label Vinay Pharmacy.</msg>
<arg>${store}</arg>
<arg>Vinay Pharmacy</arg>
<doc>Selects options from selection list ``locator`` by ``labels``.</doc>
<status status="PASS" start="2024-07-11T12:53:52.104678" elapsed="0.284134"/>
</kw>
<kw name="Input Text" owner="SeleniumLibrary">
<msg time="2024-07-11T12:53:52.390775" level="INFO">Typing text '3' into text field '(//input[@class="form-control miplusinput"])[1]'.</msg>
<arg>${quantity}</arg>
<arg>3</arg>
<doc>Types the given ``text`` into the text field identified by ``locator``.</doc>
<status status="PASS" start="2024-07-11T12:53:52.390143" elapsed="0.236567"/>
</kw>
<status status="PASS" start="2024-07-11T12:53:50.951810" elapsed="1.675367"/>
</kw>
<kw name="Click the save button" owner="AdminResources">
<kw name="Click Button" owner="SeleniumLibrary">
<msg time="2024-07-11T12:53:52.627684" level="INFO">Clicking button '//button[@id="form1btn"]'.</msg>
<arg>${save_btn}</arg>
<doc>Clicks the button identified by ``locator``.</doc>
<status status="PASS" start="2024-07-11T12:53:52.627684" elapsed="0.203959"/>
</kw>
<status status="PASS" start="2024-07-11T12:53:52.627684" elapsed="0.203959"/>
</kw>
<kw name="verify add item stock form without purchase price" owner="AdminResources">
<kw name="Element Text Should Be" owner="SeleniumLibrary">
<msg time="2024-07-11T12:53:52.837144" level="INFO">Verifying element '//div[@class="toast-message"]/p' contains exact text 'The Purchase Price field is required.'.</msg>
<arg>${error_msg_loc}</arg>
<arg>The Purchase Price field is required.</arg>
<doc>Verifies that element ``locator`` contains exact the text ``expected``.</doc>
<status status="PASS" start="2024-07-11T12:53:52.835971" elapsed="0.460212"/>
</kw>
<status status="PASS" start="2024-07-11T12:53:52.834931" elapsed="0.461743"/>
</kw>
<kw name="close the browser" owner="GenericResources" type="TEARDOWN">
<kw name="Close Browser" owner="SeleniumLibrary">
<doc>Closes the current browser.</doc>
<status status="PASS" start="2024-07-11T12:53:53.296674" elapsed="2.482298"/>
</kw>
<status status="PASS" start="2024-07-11T12:53:53.296674" elapsed="2.482298"/>
</kw>
<tag>confirmation</tag>
<status status="PASS" start="2024-07-11T12:53:33.137351" elapsed="22.641621"/>
</test>
<test id="s1-s1-t2" name="To verify unsuccessful addition of stock item with quantity" line="31">
<kw name="Open the browser with url" owner="GenericResources" type="SETUP">
<kw name="Create Webdriver" owner="SeleniumLibrary">
<msg time="2024-07-11T12:53:55.778972" level="INFO">Creating an instance of the Chrome WebDriver.</msg>
<arg>Chrome</arg>
<doc>Creates an instance of Selenium WebDriver.</doc>
<status status="PASS" start="2024-07-11T12:53:55.778972" elapsed="2.250756"/>
</kw>
<kw name="Go To" owner="SeleniumLibrary">
<msg time="2024-07-11T12:53:58.030217" level="INFO">Opening url 'https://demo.smart-hospital.in/'</msg>
<arg>${url}</arg>
<doc>Navigates the current browser window to the provided ``url``.</doc>
<status status="PASS" start="2024-07-11T12:53:58.029728" elapsed="3.270038"/>
</kw>
<kw name="Maximize Browser Window" owner="SeleniumLibrary">
<doc>Maximizes current browser window.</doc>
<status status="PASS" start="2024-07-11T12:54:01.300694" elapsed="0.103489"/>
</kw>
<kw name="Set Selenium Implicit Wait" owner="SeleniumLibrary">
<arg>5</arg>
<doc>Sets the implicit wait value used by Selenium.</doc>
<status status="PASS" start="2024-07-11T12:54:01.404719" elapsed="0.005398"/>
</kw>
<status status="PASS" start="2024-07-11T12:53:55.778972" elapsed="5.631145"/>
</kw>
<kw name="Go to user login" owner="LoginResources">
<kw name="Click Link" owner="SeleniumLibrary">
<msg time="2024-07-11T12:54:01.418159" level="INFO">Clicking link 'xpath://i[@class="fa fa-user"]//parent::a'.</msg>
<arg>${User_login_button}</arg>
<doc>Clicks a link identified by ``locator``.</doc>
<status status="PASS" start="2024-07-11T12:54:01.418159" elapsed="2.738407"/>
</kw>
<status status="PASS" start="2024-07-11T12:54:01.417662" elapsed="2.738904"/>
</kw>
<kw name="Go to admin page" owner="LoginResources">
<kw name="Click Link" owner="SeleniumLibrary">
<msg time="2024-07-11T12:54:04.156566" level="INFO">Clicking link '//a[text()=" Admin Login"]'.</msg>
<arg>${admin_login_page_btn}</arg>
<doc>Clicks a link identified by ``locator``.</doc>
<status status="PASS" start="2024-07-11T12:54:04.156566" elapsed="0.415758"/>
</kw>
<status status="PASS" start="2024-07-11T12:54:04.156566" elapsed="0.417517"/>
</kw>
<kw name="Switch Window" owner="SeleniumLibrary">
<arg>new</arg>
<doc>Switches to browser window matching ``locator``.</doc>
<status status="PASS" start="2024-07-11T12:54:04.574952" elapsed="0.055151"/>
</kw>
<kw name="fill the admin login form" owner="LoginResources">
<kw name="Click Link" owner="SeleniumLibrary">
<msg time="2024-07-11T12:54:04.630599" level="INFO">Clicking link '//i[@class="fa fa-user ispace"]//parent::a'.</msg>
<arg>${admin_login_btn}</arg>
<doc>Clicks a link identified by ``locator``.</doc>
<status status="PASS" start="2024-07-11T12:54:04.630599" elapsed="1.233834"/>
</kw>
<status status="PASS" start="2024-07-11T12:54:04.630599" elapsed="1.233834"/>
</kw>
<kw name="Click the signin button" owner="LoginResources">
<kw name="Click Button" owner="SeleniumLibrary">
<msg time="2024-07-11T12:54:05.884062" level="INFO">Clicking button 'css:button[class='btn']'.</msg>
<arg>${signin_button}</arg>
<doc>Clicks the button identified by ``locator``.</doc>
<status status="PASS" start="2024-07-11T12:54:05.882219" elapsed="5.501212"/>
</kw>
<status status="PASS" start="2024-07-11T12:54:05.880356" elapsed="5.503075"/>
</kw>
<kw name="Click the inventory button" owner="AdminResources">
<kw name="Scroll Element Into View" owner="SeleniumLibrary">
<arg>${inventory}</arg>
<doc>Scrolls the element identified by ``locator`` into view.</doc>
<status status="PASS" start="2024-07-11T12:54:11.385313" elapsed="0.348327"/>
</kw>
<kw name="Wait Until Element Is Visible" owner="SeleniumLibrary">
<arg>${inventory}</arg>
<arg>10s</arg>
<doc>Waits until the element ``locator`` is visible.</doc>
<status status="PASS" start="2024-07-11T12:54:11.733640" elapsed="0.053607"/>
</kw>
<kw name="Click Link" owner="SeleniumLibrary">
<msg time="2024-07-11T12:54:11.790448" level="INFO">Clicking link '//i[@class="fas fa-luggage-cart"]//parent::a'.</msg>
<arg>${inventory}</arg>
<doc>Clicks a link identified by ``locator``.</doc>
<status status="PASS" start="2024-07-11T12:54:11.789477" elapsed="0.839212"/>
</kw>
<status status="PASS" start="2024-07-11T12:54:11.383431" elapsed="1.245258"/>
</kw>
<kw name="Verify item stock list page opened" owner="AdminResources">
<kw name="Element Text Should Be" owner="SeleniumLibrary">
<msg time="2024-07-11T12:54:12.628689" level="INFO">Verifying element '//div[@class="box-header ptbnull"]//h3' contains exact text 'Item Stock List'.</msg>
<arg>${item_stockList}</arg>
<arg>Item Stock List</arg>
<doc>Verifies that element ``locator`` contains exact the text ``expected``.</doc>
<status status="PASS" start="2024-07-11T12:54:12.628689" elapsed="0.072057"/>
</kw>
<status status="PASS" start="2024-07-11T12:54:12.628689" elapsed="0.072057"/>
</kw>
<kw name="Click add stock item" owner="AdminResources">
<kw name="Click Link" owner="SeleniumLibrary">
<msg time="2024-07-11T12:54:12.704018" level="INFO">Clicking link '//a[@class="btn btn-primary btn-sm additemstock"]'.</msg>
<arg>${add_item_stock}</arg>
<doc>Clicks a link identified by ``locator``.</doc>
<status status="PASS" start="2024-07-11T12:54:12.700746" elapsed="0.381433"/>
</kw>
<status status="PASS" start="2024-07-11T12:54:12.700746" elapsed="0.381433"/>
</kw>
<kw name="Fill add item stock form without quantity" owner="AdminResources">
<kw name="Select From List By Label" owner="SeleniumLibrary">
<msg time="2024-07-11T12:54:13.082179" level="INFO">Selecting options from selection list '(//div[@class="form-group"])[1]//select[@name="item_category_id"]' by label Medical Equipment.</msg>
<arg>${item_category}</arg>
<arg>Medical Equipment</arg>
<doc>Selects options from selection list ``locator`` by ``labels``.</doc>
<status status="PASS" start="2024-07-11T12:54:13.082179" elapsed="0.229648"/>
</kw>
<kw name="Select From List By Label" owner="SeleniumLibrary">
<msg time="2024-07-11T12:54:13.311827" level="INFO">Selecting options from selection list '(//div[@class="form-group"])[3]//select[@name="supplier_id"]' by label Quick Service.</msg>
<arg>${supplier}</arg>
<arg>Quick Service</arg>
<doc>Selects options from selection list ``locator`` by ``labels``.</doc>
<status status="PASS" start="2024-07-11T12:54:13.311827" elapsed="0.310039"/>
</kw>
<kw name="Select From List By Label" owner="SeleniumLibrary">
<msg time="2024-07-11T12:54:13.623607" level="INFO">Selecting options from selection list '(//div[@class="form-group"])[2]//select[@name="item_id"]' by label Syringe Pump.</msg>
<arg>${item}</arg>
<arg>Syringe Pump</arg>
<doc>Selects options from selection list ``locator`` by ``labels``.</doc>
<status status="PASS" start="2024-07-11T12:54:13.622564" elapsed="0.267601"/>
</kw>
<kw name="Select From List By Label" owner="SeleniumLibrary">
<msg time="2024-07-11T12:54:13.891653" level="INFO">Selecting options from selection list '(//div[@class="form-group"])[4]//select[@name="store_id"]' by label Vinay Pharmacy.</msg>
<arg>${store}</arg>
<arg>Vinay Pharmacy</arg>
<doc>Selects options from selection list ``locator`` by ``labels``.</doc>
<status status="PASS" start="2024-07-11T12:54:13.890824" elapsed="0.247119"/>
</kw>
<status status="PASS" start="2024-07-11T12:54:13.082179" elapsed="1.055764"/>
</kw>
<kw name="Click the save button" owner="AdminResources">
<kw name="Click Button" owner="SeleniumLibrary">
<msg time="2024-07-11T12:54:14.143092" level="INFO">Clicking button '//button[@id="form1btn"]'.</msg>
<arg>${save_btn}</arg>
<doc>Clicks the button identified by ``locator``.</doc>
<status status="PASS" start="2024-07-11T12:54:14.143092" elapsed="0.200822"/>
</kw>
<status status="PASS" start="2024-07-11T12:54:14.143092" elapsed="0.200822"/>
</kw>
<kw name="verify add item stock form without quantity" owner="AdminResources">
<kw name="Element Text Should Be" owner="SeleniumLibrary">
<msg time="2024-07-11T12:54:14.352706" level="INFO">Verifying element '//div[@class="toast-message"]/p' contains exact text 'The Quantity field is required.'.</msg>
<arg>${error_msg_loc}</arg>
<arg>The Quantity field is required.</arg>
<doc>Verifies that element ``locator`` contains exact the text ``expected``.</doc>
<status status="PASS" start="2024-07-11T12:54:14.352210" elapsed="0.225608"/>
</kw>
<status status="PASS" start="2024-07-11T12:54:14.351586" elapsed="0.226729"/>
</kw>
<kw name="close the browser" owner="GenericResources" type="TEARDOWN">
<kw name="Close Browser" owner="SeleniumLibrary">
<doc>Closes the current browser.</doc>
<status status="PASS" start="2024-07-11T12:54:14.580640" elapsed="2.415520"/>
</kw>
<status status="PASS" start="2024-07-11T12:54:14.580143" elapsed="2.416017"/>
</kw>
<tag>confirmation</tag>
<status status="PASS" start="2024-07-11T12:53:55.778972" elapsed="21.217188"/>
</test>
<doc>To validate unsuccessful addition of stock item</doc>
<status status="PASS" start="2024-07-11T12:53:32.779272" elapsed="44.216888"/>
</suite>
<suite id="s1-s2" name="Invalid postMessage" source="D:\Kiruthika_robot\Pilot_Project_Smart_hospital_Team3\TestCases\Invalid_postMessage.robot">
<test id="s1-s2-t1" name="To validate the functionality of post a new message using invalid notification date" line="15">
<kw name="Open the browser with url" owner="GenericResources" type="SETUP">
<kw name="Create Webdriver" owner="SeleniumLibrary">
<msg time="2024-07-11T12:54:17.072044" level="INFO">Creating an instance of the Chrome WebDriver.</msg>
<arg>Chrome</arg>
<doc>Creates an instance of Selenium WebDriver.</doc>
<status status="PASS" start="2024-07-11T12:54:17.072044" elapsed="1.895250"/>
</kw>
<kw name="Go To" owner="SeleniumLibrary">
<msg time="2024-07-11T12:54:18.967791" level="INFO">Opening url 'https://demo.smart-hospital.in/'</msg>
<arg>${url}</arg>
<doc>Navigates the current browser window to the provided ``url``.</doc>
<status status="PASS" start="2024-07-11T12:54:18.967791" elapsed="3.643028"/>
</kw>
<kw name="Maximize Browser Window" owner="SeleniumLibrary">
<doc>Maximizes current browser window.</doc>
<status status="PASS" start="2024-07-11T12:54:22.610819" elapsed="0.101774"/>
</kw>
<kw name="Set Selenium Implicit Wait" owner="SeleniumLibrary">
<arg>5</arg>
<doc>Sets the implicit wait value used by Selenium.</doc>
<status status="PASS" start="2024-07-11T12:54:22.713081" elapsed="0.002070"/>
</kw>
<status status="PASS" start="2024-07-11T12:54:17.072044" elapsed="5.643107"/>
</kw>
<kw name="Go to user login" owner="LoginResources">
<kw name="Click Link" owner="SeleniumLibrary">
<msg time="2024-07-11T12:54:22.719272" level="INFO">Clicking link 'xpath://i[@class="fa fa-user"]//parent::a'.</msg>
<arg>${User_login_button}</arg>
<doc>Clicks a link identified by ``locator``.</doc>
<status status="PASS" start="2024-07-11T12:54:22.717717" elapsed="2.660219"/>
</kw>
<status status="PASS" start="2024-07-11T12:54:22.717221" elapsed="2.664093"/>
</kw>
<kw name="Fill the login form for doctor" owner="LoginResources">
<kw name="Go to admin page" owner="LoginResources">
<kw name="Click Link" owner="SeleniumLibrary">
<msg time="2024-07-11T12:54:25.381810" level="INFO">Clicking link '//a[text()=" Admin Login"]'.</msg>
<arg>${admin_login_page_btn}</arg>
<doc>Clicks a link identified by ``locator``.</doc>
<status status="PASS" start="2024-07-11T12:54:25.381810" elapsed="0.482626"/>
</kw>
<status status="PASS" start="2024-07-11T12:54:25.381810" elapsed="0.482626"/>
</kw>
<kw name="Switch Window" owner="SeleniumLibrary">
<arg>new</arg>
<doc>Switches to browser window matching ``locator``.</doc>
<status status="PASS" start="2024-07-11T12:54:25.864436" elapsed="0.050722"/>
</kw>
<kw name="Click Link" owner="SeleniumLibrary">
<msg time="2024-07-11T12:54:25.915158" level="INFO">Clicking link '(//a[@class="btn btn-primary width100"])[2]'.</msg>
<arg>${doctor_login_btn}</arg>
<doc>Clicks a link identified by ``locator``.</doc>
<status status="PASS" start="2024-07-11T12:54:25.915158" elapsed="0.754651"/>
</kw>
<kw name="Sleep" owner="BuiltIn">
<msg time="2024-07-11T12:54:31.677364" level="INFO">Slept 5 seconds.</msg>
<arg>5s</arg>
<doc>Pauses the test executed for the given time.</doc>
<status status="PASS" start="2024-07-11T12:54:26.670249" elapsed="5.007115"/>
</kw>
<kw name="Click the signin button" owner="LoginResources">
<kw name="Click Button" owner="SeleniumLibrary">
<msg time="2024-07-11T12:54:31.677364" level="INFO">Clicking button 'css:button[class='btn']'.</msg>
<arg>${signin_button}</arg>
<doc>Clicks the button identified by ``locator``.</doc>
<status status="PASS" start="2024-07-11T12:54:31.677364" elapsed="6.239568"/>
</kw>
<status status="PASS" start="2024-07-11T12:54:31.677364" elapsed="6.239568"/>
</kw>
<status status="PASS" start="2024-07-11T12:54:25.381810" elapsed="12.535122"/>
</kw>
<kw name="Verify successful login of doctor" owner="DoctorResources">
<kw name="Click Link" owner="SeleniumLibrary">
<msg time="2024-07-11T12:54:37.918619" level="INFO">Clicking link '//a[@class="dropdown-toggle"]'.</msg>
<arg>${image_icon}</arg>
<doc>Clicks a link identified by ``locator``.</doc>
<status status="PASS" start="2024-07-11T12:54:37.918619" elapsed="0.163536"/>
</kw>
<kw name="Element Text Should Be" owner="SeleniumLibrary">
<msg time="2024-07-11T12:54:38.082913" level="INFO">Verifying element '//div[@class="sstopuser-test"]/h5' contains exact text 'Doctor'.</msg>
<arg>${doctor_text_locator}</arg>
<arg>Doctor</arg>
<doc>Verifies that element ``locator`` contains exact the text ``expected``.</doc>
<status status="PASS" start="2024-07-11T12:54:38.082414" elapsed="0.074659"/>
</kw>
<status status="PASS" start="2024-07-11T12:54:37.918619" elapsed="0.238454"/>
</kw>
<kw name="Click messaging button" owner="DoctorResources">
<kw name="Scroll Element Into View" owner="SeleniumLibrary">
<arg>${msg_btn}</arg>
<doc>Scrolls the element identified by ``locator`` into view.</doc>
<status status="PASS" start="2024-07-11T12:54:38.157073" elapsed="0.453082"/>
</kw>
<kw name="Click Element" owner="SeleniumLibrary">
<msg time="2024-07-11T12:54:38.611971" level="INFO">Clicking element '//a/i[@class='fas fa-bullhorn']'.</msg>
<arg>${msg_btn}</arg>
<doc>Click the element identified by ``locator``.</doc>
<status status="PASS" start="2024-07-11T12:54:38.611474" elapsed="0.923877"/>
</kw>
<status status="PASS" start="2024-07-11T12:54:38.157073" elapsed="1.378278"/>
</kw>
<kw name="Click post new message button" owner="DoctorResources">
<kw name="Click Link" owner="SeleniumLibrary">
<msg time="2024-07-11T12:54:39.537966" level="INFO">Clicking link '(//a[@class="btn btn-primary btn-sm"])[1]'.</msg>
<arg>${post_new_msg_locator}</arg>
<doc>Clicks a link identified by ``locator``.</doc>
<status status="PASS" start="2024-07-11T12:54:39.537966" elapsed="0.842127"/>
</kw>
<status status="PASS" start="2024-07-11T12:54:39.535351" elapsed="0.845239"/>
</kw>
<kw name="Fill post new message form using invalid notification date" owner="DoctorResources">
<kw name="Input Text" owner="SeleniumLibrary">
<msg time="2024-07-11T12:54:40.380590" level="INFO">Typing text 'To my friend' into text field '//div[@class="col-md-9"]//input[@name="title"]'.</msg>
<arg>${title_locator}</arg>
<arg>To my friend</arg>
<doc>Types the given ``text`` into the text field identified by ``locator``.</doc>
<status status="PASS" start="2024-07-11T12:54:40.380590" elapsed="0.352097"/>
</kw>
<kw name="Select Frame" owner="SeleniumLibrary">
<msg time="2024-07-11T12:54:40.732687" level="INFO">Selecting frame '//div[@class="form-group"]//iframe'.</msg>
<arg>${messaging_frame}</arg>
<doc>Sets frame identified by ``locator`` as the current frame.</doc>
<status status="PASS" start="2024-07-11T12:54:40.732687" elapsed="0.075988"/>
</kw>
<kw name="Click Element" owner="SeleniumLibrary">
<msg time="2024-07-11T12:54:40.809058" level="INFO">Clicking element '//body[@class="form-control wysihtml5-editor"]'.</msg>
<arg>${msg_body}</arg>
<doc>Click the element identified by ``locator``.</doc>
<status status="PASS" start="2024-07-11T12:54:40.809058" elapsed="0.238357"/>
</kw>
<kw name="Input Text" owner="SeleniumLibrary">
<msg time="2024-07-11T12:54:41.047415" level="INFO">Typing text 'Hiiii! Sandhiya' into text field '//body[@class="form-control wysihtml5-editor"]'.</msg>
<arg>${msg_body}</arg>
<arg>text=Hiiii! Sandhiya</arg>
<doc>Types the given ``text`` into the text field identified by ``locator``.</doc>
<status status="PASS" start="2024-07-11T12:54:41.047415" elapsed="0.333176"/>
</kw>
<kw name="Unselect Frame" owner="SeleniumLibrary">
<doc>Sets the main frame as the current frame.</doc>
<status status="PASS" start="2024-07-11T12:54:41.380591" elapsed="0.004156"/>
</kw>
<kw name="Input Text" owner="SeleniumLibrary">
<msg time="2024-07-11T12:54:41.387679" level="INFO">Typing text '05/30/2024' into text field '(//input[@class="form-control date"])[2]'.</msg>
<arg>${publish_on}</arg>
<arg>05/30/2024</arg>
<doc>Types the given ``text`` into the text field identified by ``locator``.</doc>
<status status="PASS" start="2024-07-11T12:54:41.384747" elapsed="0.383308"/>
</kw>
<status status="PASS" start="2024-07-11T12:54:40.380590" elapsed="1.387964"/>
</kw>
<kw name="Send the message" owner="DoctorResources">
<kw name="Scroll Element Into View" owner="SeleniumLibrary">
<arg>${send_btn}</arg>
<doc>Scrolls the element identified by ``locator`` into view.</doc>
<status status="PASS" start="2024-07-11T12:54:41.769506" elapsed="0.335312"/>
</kw>
<kw name="Click Button" owner="SeleniumLibrary">
<msg time="2024-07-11T12:54:42.105733" level="INFO">Clicking button '(//div[@class="pull-right"])[2]/button'.</msg>
<arg>${send_btn}</arg>
<doc>Clicks the button identified by ``locator``.</doc>
<status status="PASS" start="2024-07-11T12:54:42.105236" elapsed="1.406852"/>
</kw>
<status status="PASS" start="2024-07-11T12:54:41.769011" elapsed="1.752075"/>
</kw>
<kw name="Verify unsuccessful msg sent using invalid notification date" owner="DoctorResources">
<kw name="Element Text Should Be" owner="SeleniumLibrary">
<msg time="2024-07-11T12:54:43.526006" level="INFO">Verifying element '(//span[@class="text-danger"])[3]/p' contains exact text 'The Notice Date field is required.'.</msg>
<arg>${unsuccessful_msg}</arg>
<arg>${unsuccessful_msg_text}</arg>
<doc>Verifies that element ``locator`` contains exact the text ``expected``.</doc>
<status status="PASS" start="2024-07-11T12:54:43.526006" elapsed="0.067333"/>
</kw>
<status status="PASS" start="2024-07-11T12:54:43.525509" elapsed="0.067830"/>
</kw>
<kw name="close the browser" owner="GenericResources" type="TEARDOWN">
<kw name="Close Browser" owner="SeleniumLibrary">
<doc>Closes the current browser.</doc>
<status status="PASS" start="2024-07-11T12:54:43.593339" elapsed="2.431882"/>
</kw>
<status status="PASS" start="2024-07-11T12:54:43.593339" elapsed="2.431882"/>
</kw>
<tag>smoke</tag>
<status status="PASS" start="2024-07-11T12:54:17.072044" elapsed="28.953177"/>
</test>
<test id="s1-s2-t2" name="To validate the functionality of post a new message using invalid title" line="31">
<kw name="Open the browser with url" owner="GenericResources" type="SETUP">
<kw name="Create Webdriver" owner="SeleniumLibrary">
<msg time="2024-07-11T12:54:46.025221" level="INFO">Creating an instance of the Chrome WebDriver.</msg>
<arg>Chrome</arg>
<doc>Creates an instance of Selenium WebDriver.</doc>
<status status="PASS" start="2024-07-11T12:54:46.025221" elapsed="2.095041"/>
</kw>
<kw name="Go To" owner="SeleniumLibrary">
<msg time="2024-07-11T12:54:48.124115" level="INFO">Opening url 'https://demo.smart-hospital.in/'</msg>
<arg>${url}</arg>
<doc>Navigates the current browser window to the provided ``url``.</doc>
<status status="PASS" start="2024-07-11T12:54:48.124115" elapsed="3.449101"/>
</kw>
<kw name="Maximize Browser Window" owner="SeleniumLibrary">
<doc>Maximizes current browser window.</doc>
<status status="PASS" start="2024-07-11T12:54:51.575039" elapsed="0.107853"/>
</kw>
<kw name="Set Selenium Implicit Wait" owner="SeleniumLibrary">
<arg>5</arg>
<doc>Sets the implicit wait value used by Selenium.</doc>
<status status="PASS" start="2024-07-11T12:54:51.682892" elapsed="0.000000"/>
</kw>
<status status="PASS" start="2024-07-11T12:54:46.025221" elapsed="5.657671"/>
</kw>
<kw name="Go to user login" owner="LoginResources">
<kw name="Click Link" owner="SeleniumLibrary">
<msg time="2024-07-11T12:54:51.699135" level="INFO">Clicking link 'xpath://i[@class="fa fa-user"]//parent::a'.</msg>
<arg>${User_login_button}</arg>
<doc>Clicks a link identified by ``locator``.</doc>
<status status="PASS" start="2024-07-11T12:54:51.699135" elapsed="2.685292"/>
</kw>
<status status="PASS" start="2024-07-11T12:54:51.698115" elapsed="2.686312"/>
</kw>
<kw name="Fill the login form for doctor" owner="LoginResources">
<kw name="Go to admin page" owner="LoginResources">
<kw name="Click Link" owner="SeleniumLibrary">
<msg time="2024-07-11T12:54:54.387507" level="INFO">Clicking link '//a[text()=" Admin Login"]'.</msg>
<arg>${admin_login_page_btn}</arg>
<doc>Clicks a link identified by ``locator``.</doc>
<status status="PASS" start="2024-07-11T12:54:54.387507" elapsed="0.377561"/>
</kw>
<status status="PASS" start="2024-07-11T12:54:54.387507" elapsed="0.378059"/>
</kw>
<kw name="Switch Window" owner="SeleniumLibrary">
<arg>new</arg>
<doc>Switches to browser window matching ``locator``.</doc>
<status status="PASS" start="2024-07-11T12:54:54.765566" elapsed="0.051458"/>
</kw>
<kw name="Click Link" owner="SeleniumLibrary">
<msg time="2024-07-11T12:54:54.817024" level="INFO">Clicking link '(//a[@class="btn btn-primary width100"])[2]'.</msg>
<arg>${doctor_login_btn}</arg>
<doc>Clicks a link identified by ``locator``.</doc>
<status status="PASS" start="2024-07-11T12:54:54.817024" elapsed="0.813055"/>
</kw>
<kw name="Sleep" owner="BuiltIn">
<msg time="2024-07-11T12:55:00.630597" level="INFO">Slept 5 seconds.</msg>
<arg>5s</arg>
<doc>Pauses the test executed for the given time.</doc>
<status status="PASS" start="2024-07-11T12:54:55.630079" elapsed="5.000518"/>
</kw>
<kw name="Click the signin button" owner="LoginResources">
<kw name="Click Button" owner="SeleniumLibrary">
<msg time="2024-07-11T12:55:00.631094" level="INFO">Clicking button 'css:button[class='btn']'.</msg>
<arg>${signin_button}</arg>
<doc>Clicks the button identified by ``locator``.</doc>
<status status="PASS" start="2024-07-11T12:55:00.631094" elapsed="6.570226"/>
</kw>
<status status="PASS" start="2024-07-11T12:55:00.631094" elapsed="6.570226"/>
</kw>
<status status="PASS" start="2024-07-11T12:54:54.384427" elapsed="12.816893"/>
</kw>
<kw name="Verify successful login of doctor" owner="DoctorResources">
<kw name="Click Link" owner="SeleniumLibrary">
<msg time="2024-07-11T12:55:07.206485" level="INFO">Clicking link '//a[@class="dropdown-toggle"]'.</msg>
<arg>${image_icon}</arg>
<doc>Clicks a link identified by ``locator``.</doc>
<status status="PASS" start="2024-07-11T12:55:07.205232" elapsed="0.210970"/>
</kw>
<kw name="Element Text Should Be" owner="SeleniumLibrary">
<msg time="2024-07-11T12:55:07.416202" level="INFO">Verifying element '//div[@class="sstopuser-test"]/h5' contains exact text 'Doctor'.</msg>
<arg>${doctor_text_locator}</arg>
<arg>Doctor</arg>
<doc>Verifies that element ``locator`` contains exact the text ``expected``.</doc>
<status status="PASS" start="2024-07-11T12:55:07.416202" elapsed="0.081370"/>
</kw>
<status status="PASS" start="2024-07-11T12:55:07.204177" elapsed="0.293893"/>
</kw>
<kw name="Click messaging button" owner="DoctorResources">
<kw name="Scroll Element Into View" owner="SeleniumLibrary">
<arg>${msg_btn}</arg>
<doc>Scrolls the element identified by ``locator`` into view.</doc>
<status status="PASS" start="2024-07-11T12:55:07.500117" elapsed="0.469097"/>
</kw>
<kw name="Click Element" owner="SeleniumLibrary">
<msg time="2024-07-11T12:55:07.969214" level="INFO">Clicking element '//a/i[@class='fas fa-bullhorn']'.</msg>
<arg>${msg_btn}</arg>
<doc>Click the element identified by ``locator``.</doc>
<status status="PASS" start="2024-07-11T12:55:07.969214" elapsed="0.995500"/>
</kw>
<status status="PASS" start="2024-07-11T12:55:07.498070" elapsed="1.466644"/>
</kw>
<kw name="Click post new message button" owner="DoctorResources">
<kw name="Click Link" owner="SeleniumLibrary">
<msg time="2024-07-11T12:55:08.969506" level="INFO">Clicking link '(//a[@class="btn btn-primary btn-sm"])[1]'.</msg>
<arg>${post_new_msg_locator}</arg>
<doc>Clicks a link identified by ``locator``.</doc>
<status status="PASS" start="2024-07-11T12:55:08.968421" elapsed="1.359000"/>
</kw>
<status status="PASS" start="2024-07-11T12:55:08.968067" elapsed="1.359354"/>
</kw>
<kw name="Fill post new message form using invalid title" owner="DoctorResources">
<kw name="Select Frame" owner="SeleniumLibrary">
<msg time="2024-07-11T12:55:10.331179" level="INFO">Selecting frame '//div[@class="form-group"]//iframe'.</msg>
<arg>${messaging_frame}</arg>
<doc>Sets frame identified by ``locator`` as the current frame.</doc>
<status status="PASS" start="2024-07-11T12:55:10.331179" elapsed="0.081778"/>
</kw>
<kw name="Click Element" owner="SeleniumLibrary">
<msg time="2024-07-11T12:55:10.412957" level="INFO">Clicking element '//body[@class="form-control wysihtml5-editor"]'.</msg>
<arg>${msg_body}</arg>
<doc>Click the element identified by ``locator``.</doc>
<status status="PASS" start="2024-07-11T12:55:10.412957" elapsed="0.166228"/>
</kw>
<kw name="Input Text" owner="SeleniumLibrary">
<msg time="2024-07-11T12:55:10.582397" level="INFO">Typing text 'Hiiii! Sandhiya' into text field '//body[@class="form-control wysihtml5-editor"]'.</msg>
<arg>${msg_body}</arg>
<arg>text=Hiiii! Sandhiya</arg>
<doc>Types the given ``text`` into the text field identified by ``locator``.</doc>
<status status="PASS" start="2024-07-11T12:55:10.580788" elapsed="0.333023"/>
</kw>
<kw name="Unselect Frame" owner="SeleniumLibrary">
<doc>Sets the main frame as the current frame.</doc>
<status status="PASS" start="2024-07-11T12:55:10.913811" elapsed="0.008611"/>
</kw>
<kw name="Input Text" owner="SeleniumLibrary">
<msg time="2024-07-11T12:55:10.923927" level="INFO">Typing text '05/29/2024' into text field '(//input[@class="form-control date"])[1]'.</msg>
<arg>${notice_date}</arg>
<arg>05/29/2024</arg>
<doc>Types the given ``text`` into the text field identified by ``locator``.</doc>
<status status="PASS" start="2024-07-11T12:55:10.923409" elapsed="0.405203"/>
</kw>
<kw name="Input Text" owner="SeleniumLibrary">
<msg time="2024-07-11T12:55:11.329109" level="INFO">Typing text '05/30/2024' into text field '(//input[@class="form-control date"])[2]'.</msg>
<arg>${publish_on}</arg>
<arg>05/30/2024</arg>
<doc>Types the given ``text`` into the text field identified by ``locator``.</doc>
<status status="PASS" start="2024-07-11T12:55:11.329109" elapsed="0.373700"/>
</kw>
<status status="PASS" start="2024-07-11T12:55:10.330381" elapsed="1.372428"/>
</kw>
<kw name="Send the message" owner="DoctorResources">
<kw name="Scroll Element Into View" owner="SeleniumLibrary">
<arg>${send_btn}</arg>
<doc>Scrolls the element identified by ``locator`` into view.</doc>
<status status="PASS" start="2024-07-11T12:55:11.705862" elapsed="0.319367"/>
</kw>
<kw name="Click Button" owner="SeleniumLibrary">
<msg time="2024-07-11T12:55:12.025229" level="INFO">Clicking button '(//div[@class="pull-right"])[2]/button'.</msg>
<arg>${send_btn}</arg>
<doc>Clicks the button identified by ``locator``.</doc>
<status status="PASS" start="2024-07-11T12:55:12.025229" elapsed="0.972885"/>
</kw>
<status status="PASS" start="2024-07-11T12:55:11.704687" elapsed="1.293427"/>
</kw>
<kw name="Verify unsuccessful msg sent using invalid title" owner="DoctorResources">
<kw name="Element Text Should Be" owner="SeleniumLibrary">
<msg time="2024-07-11T12:55:13.001040" level="INFO">Verifying element '(//span[@class="text-danger"])/p' contains exact text 'The Title field is required.'.</msg>
<arg>(//span[@class="text-danger"])/p</arg>
<arg>The Title field is required.</arg>
<doc>Verifies that element ``locator`` contains exact the text ``expected``.</doc>
<status status="PASS" start="2024-07-11T12:55:13.000282" elapsed="0.050637"/>
</kw>
<status status="PASS" start="2024-07-11T12:55:12.999573" elapsed="0.051346"/>
</kw>
<kw name="close the browser" owner="GenericResources" type="TEARDOWN">
<kw name="Close Browser" owner="SeleniumLibrary">
<doc>Closes the current browser.</doc>
<status status="PASS" start="2024-07-11T12:55:13.050919" elapsed="2.428624"/>
</kw>
<status status="PASS" start="2024-07-11T12:55:13.050919" elapsed="2.428624"/>
</kw>
<tag>smoke</tag>
<status status="PASS" start="2024-07-11T12:54:46.025221" elapsed="29.454322"/>
</test>
<doc>Test to verify the message functionality  using invalid data</doc>
<status status="PASS" start="2024-07-11T12:54:16.996160" elapsed="58.483383"/>
</suite>
<suite id="s1-s3" name="Test add invalid birth record" source="D:\Kiruthika_robot\Pilot_Project_Smart_hospital_Team3\TestCases\Test_add_invalid_birth_record.robot">
<test id="s1-s3-t1" name="Login test template" line="22">
<kw name="Open the browser with url" owner="GenericResources" type="SETUP">
<kw name="Create Webdriver" owner="SeleniumLibrary">
<msg time="2024-07-11T12:55:16.874471" level="INFO">Creating an instance of the Chrome WebDriver.</msg>
<arg>Chrome</arg>
<doc>Creates an instance of Selenium WebDriver.</doc>
<status status="PASS" start="2024-07-11T12:55:16.874471" elapsed="2.191396"/>
</kw>
<kw name="Go To" owner="SeleniumLibrary">
<msg time="2024-07-11T12:55:19.066999" level="INFO">Opening url 'https://demo.smart-hospital.in/'</msg>
<arg>${url}</arg>
<doc>Navigates the current browser window to the provided ``url``.</doc>
<status status="PASS" start="2024-07-11T12:55:19.065867" elapsed="3.363356"/>
</kw>
<kw name="Maximize Browser Window" owner="SeleniumLibrary">
<doc>Maximizes current browser window.</doc>
<status status="PASS" start="2024-07-11T12:55:22.429223" elapsed="0.060267"/>
</kw>
<kw name="Set Selenium Implicit Wait" owner="SeleniumLibrary">
<arg>5</arg>
<doc>Sets the implicit wait value used by Selenium.</doc>
<status status="PASS" start="2024-07-11T12:55:22.489490" elapsed="0.014372"/>
</kw>
<status status="PASS" start="2024-07-11T12:55:16.874471" elapsed="5.629391"/>
</kw>
<kw name="validate add birth record">
<kw name="click the log in button" owner="GenericResources">
<kw name="Click Element" owner="SeleniumLibrary">
<msg time="2024-07-11T12:55:22.516956" level="INFO">Clicking element 'xpath://ul[@class="top-right"]//a'.</msg>
<arg>${login_button}</arg>
<doc>Click the element identified by ``locator``.</doc>
<status status="PASS" start="2024-07-11T12:55:22.516956" elapsed="2.494482"/>
</kw>
<status status="PASS" start="2024-07-11T12:55:22.508936" elapsed="2.505983"/>
</kw>
<kw name="click the admin login" owner="LoginResources">
<kw name="Click Element" owner="SeleniumLibrary">
<msg time="2024-07-11T12:55:25.015414" level="INFO">Clicking element 'xpath:(//a[@class='forgot pull-right'])[1]'.</msg>
<arg>${admin_login}</arg>
<doc>Click the element identified by ``locator``.</doc>
<status status="PASS" start="2024-07-11T12:55:25.015414" elapsed="0.341526"/>
</kw>
<status status="PASS" start="2024-07-11T12:55:25.015414" elapsed="0.342025"/>
</kw>
<kw name="Switch Window" owner="SeleniumLibrary">
<arg>new</arg>
<doc>Switches to browser window matching ``locator``.</doc>
<status status="PASS" start="2024-07-11T12:55:25.358021" elapsed="0.034020"/>
</kw>
<kw name="click the doctor button" owner="LoginResources">
<kw name="Click Element" owner="SeleniumLibrary">
<msg time="2024-07-11T12:55:25.396522" level="INFO">Clicking element 'xpath:(//a[@class='btn btn-primary width100'])[2]'.</msg>
<arg>${doctor_button}</arg>
<doc>Click the element identified by ``locator``.</doc>
<status status="PASS" start="2024-07-11T12:55:25.395028" elapsed="0.870680"/>
</kw>
<status status="PASS" start="2024-07-11T12:55:25.392041" elapsed="0.874169"/>
</kw>
<kw name="Click the signin button" owner="LoginResources">
<kw name="Click Button" owner="SeleniumLibrary">
<msg time="2024-07-11T12:55:26.266210" level="INFO">Clicking button 'css:button[class='btn']'.</msg>
<arg>${signin_button}</arg>
<doc>Clicks the button identified by ``locator``.</doc>
<status status="PASS" start="2024-07-11T12:55:26.266210" elapsed="5.063744"/>
</kw>
<status status="PASS" start="2024-07-11T12:55:26.266210" elapsed="5.063744"/>
</kw>
<kw name="click birth record and death record" owner="DoctorResources">
<kw name="Click Element" owner="SeleniumLibrary">
<msg time="2024-07-11T12:55:31.329954" level="INFO">Clicking element 'xpath://a/i[@class='fa fa-birthday-cake']'.</msg>
<arg>${birth_record_death_record}</arg>
<doc>Click the element identified by ``locator``.</doc>
<status status="PASS" start="2024-07-11T12:55:31.329954" elapsed="0.179032"/>
</kw>
<status status="PASS" start="2024-07-11T12:55:31.329954" elapsed="0.179032"/>
</kw>
<kw name="click birth record" owner="DoctorResources">
<kw name="Click Element" owner="SeleniumLibrary">
<msg time="2024-07-11T12:55:31.510099" level="INFO">Clicking element 'xpath://a[text()= ' Birth Record ']'.</msg>
<arg>${birth_record}</arg>
<doc>Click the element identified by ``locator``.</doc>
<status status="PASS" start="2024-07-11T12:55:31.510099" elapsed="0.888801"/>
</kw>
<status status="PASS" start="2024-07-11T12:55:31.510099" elapsed="0.889176"/>
</kw>
<kw name="click add birth record" owner="DoctorResources">
<kw name="Click Element" owner="SeleniumLibrary">
<msg time="2024-07-11T12:55:32.401106" level="INFO">Clicking element 'xpath://a[@class='btn btn-primary btn-sm birthrecord']'.</msg>
<arg>${add_birth_record}</arg>
<doc>Click the element identified by ``locator``.</doc>
<status status="PASS" start="2024-07-11T12:55:32.400481" elapsed="0.215649"/>
</kw>
<status status="PASS" start="2024-07-11T12:55:32.399979" elapsed="0.216151"/>
</kw>
<kw name="fill the birth record form" owner="DoctorResources">
<kw name="Click Element" owner="SeleniumLibrary">
<msg time="2024-07-11T12:55:32.621818" level="INFO">Clicking element 'xpath:(//select[@class='form-control'])[1]'.</msg>
<arg>${Gender_drop_down}</arg>
<doc>Click the element identified by ``locator``.</doc>
<status status="PASS" start="2024-07-11T12:55:32.619670" elapsed="0.244021"/>
</kw>
<kw name="Click Element" owner="SeleniumLibrary">
<msg time="2024-07-11T12:55:32.863691" level="INFO">Clicking element 'xpath:(//option[@value='Male'])[1]'.</msg>
<arg>${Gender_option_male}</arg>
<doc>Click the element identified by ``locator``.</doc>
<status status="PASS" start="2024-07-11T12:55:32.863691" elapsed="0.056765"/>
</kw>
<kw name="Input Text" owner="SeleniumLibrary">
<msg time="2024-07-11T12:55:32.921952" level="INFO">Typing text '0' into text field 'name:weight'.</msg>
<arg>${weight_feild}</arg>
<arg>${weight}</arg>
<doc>Types the given ``text`` into the text field identified by ``locator``.</doc>
<status status="PASS" start="2024-07-11T12:55:32.920456" elapsed="0.278807"/>
</kw>
<kw name="Input Text" owner="SeleniumLibrary">
<msg time="2024-07-11T12:55:33.200146" level="INFO">Typing text '2024-08-22 00:00:00' into text field 'id:birth_date'.</msg>
<arg>${birth_date_feild}</arg>
<arg>${birthDate}</arg>
<doc>Types the given ``text`` into the text field identified by ``locator``.</doc>
<status status="PASS" start="2024-07-11T12:55:33.199263" elapsed="0.459830"/>
</kw>
<kw name="Input Text" owner="SeleniumLibrary">
<msg time="2024-07-11T12:55:33.660603" level="INFO">Typing text '934265611' into text field 'id:contact'.</msg>
<arg>${contact_feild}</arg>
<arg>${contact}</arg>
<doc>Types the given ``text`` into the text field identified by ``locator``.</doc>
<status status="PASS" start="2024-07-11T12:55:33.660107" elapsed="0.375703"/>
</kw>
<kw name="Input Text" owner="SeleniumLibrary">
<msg time="2024-07-11T12:55:34.035810" level="INFO">Typing text 'Salem' into text field 'id:address'.</msg>
<arg>${adress_feild}</arg>
<arg>${Address}</arg>
<doc>Types the given ``text`` into the text field identified by ``locator``.</doc>
<status status="PASS" start="2024-07-11T12:55:34.035810" elapsed="0.277993"/>
</kw>
<kw name="Input Text" owner="SeleniumLibrary">
<msg time="2024-07-11T12:55:34.315373" level="INFO">Typing text '2222' into text field 'id:case_id'.</msg>
<arg>${case_id_feild}</arg>
<arg>${CaseId}</arg>
<doc>Types the given ``text`` into the text field identified by ``locator``.</doc>
<status status="PASS" start="2024-07-11T12:55:34.313803" elapsed="0.286632"/>
</kw>
<kw name="Input Text" owner="SeleniumLibrary">
<msg time="2024-07-11T12:55:34.600435" level="INFO">Typing text 'karmegam' into text field 'id:father_name'.</msg>
<arg>${fathers_name_feild}</arg>
<arg>${FathersName}</arg>
<doc>Types the given ``text`` into the text field identified by ``locator``.</doc>
<status status="PASS" start="2024-07-11T12:55:34.600435" elapsed="0.229130"/>
</kw>
<kw name="Input Text" owner="SeleniumLibrary">
<msg time="2024-07-11T12:55:34.829565" level="INFO">Typing text 'baby uis fine' into text field 'id:birth_report'.</msg>
<arg>${b_reports}</arg>
<arg>${birthReports}</arg>
<doc>Types the given ``text`` into the text field identified by ``locator``.</doc>
<status status="PASS" start="2024-07-11T12:55:34.829565" elapsed="0.287407"/>
</kw>
<kw name="Click Button" owner="SeleniumLibrary">
<msg time="2024-07-11T12:55:35.117467" level="INFO">Clicking button 'id:formaddbtn'.</msg>
<arg>${save_btn}</arg>
<doc>Clicks the button identified by ``locator``.</doc>
<status status="PASS" start="2024-07-11T12:55:35.117467" elapsed="0.218823"/>
</kw>
<arg>${Cname}</arg>
<arg>${weight}</arg>
<arg>${birthDate}</arg>
<arg>${Contact}</arg>
<arg>${Address}</arg>
<arg>${CaseId}</arg>
<arg>${FathersName}</arg>
<arg>${birthReports}</arg>
<status status="PASS" start="2024-07-11T12:55:32.619670" elapsed="2.716620"/>
</kw>
<arg>Cname=dk</arg>
<arg>weight=0</arg>
<arg>birthDate=2024-08-22 00:00:00</arg>
<arg>Contact=934265611</arg>
<arg>Address=Salem</arg>
<arg>CaseId=2222</arg>
<arg>FathersName=karmegam</arg>
<arg>birthReports=baby uis fine</arg>
<status status="PASS" start="2024-07-11T12:55:22.508936" elapsed="12.827354"/>
</kw>
<kw name="close the browser" owner="GenericResources" type="TEARDOWN">
<kw name="Close Browser" owner="SeleniumLibrary">
<doc>Closes the current browser.</doc>
<status status="PASS" start="2024-07-11T12:55:35.339147" elapsed="2.418399"/>
</kw>
<status status="PASS" start="2024-07-11T12:55:35.338649" elapsed="2.418897"/>
</kw>
<status status="PASS" start="2024-07-11T12:55:16.874471" elapsed="20.883075"/>
</test>
<doc>To validate Invalid birth record</doc>
<status status="PASS" start="2024-07-11T12:55:15.479543" elapsed="22.278003"/>
</suite>
<suite id="s1-s4" name="Test add invalid death record" source="D:\Kiruthika_robot\Pilot_Project_Smart_hospital_Team3\TestCases\Test_add_invalid_death_record.robot">
<test id="s1-s4-t1" name="Login test template" line="19">
<kw name="Open the browser with url" owner="GenericResources" type="SETUP">
<kw name="Create Webdriver" owner="SeleniumLibrary">
<msg time="2024-07-11T12:55:37.890621" level="INFO">Creating an instance of the Chrome WebDriver.</msg>
<arg>Chrome</arg>
<doc>Creates an instance of Selenium WebDriver.</doc>
<status status="PASS" start="2024-07-11T12:55:37.890621" elapsed="1.991338"/>
</kw>
<kw name="Go To" owner="SeleniumLibrary">
<msg time="2024-07-11T12:55:39.884606" level="INFO">Opening url 'https://demo.smart-hospital.in/'</msg>
<arg>${url}</arg>
<doc>Navigates the current browser window to the provided ``url``.</doc>
<status status="PASS" start="2024-07-11T12:55:39.882632" elapsed="3.432870"/>
</kw>
<kw name="Maximize Browser Window" owner="SeleniumLibrary">
<doc>Maximizes current browser window.</doc>
<status status="PASS" start="2024-07-11T12:55:43.315502" elapsed="0.083137"/>
</kw>
<kw name="Set Selenium Implicit Wait" owner="SeleniumLibrary">
<arg>5</arg>
<doc>Sets the implicit wait value used by Selenium.</doc>
<status status="PASS" start="2024-07-11T12:55:43.404967" elapsed="0.010398"/>
</kw>
<status status="PASS" start="2024-07-11T12:55:37.890621" elapsed="5.525283"/>
</kw>
<kw name="validate add death record">
<kw name="click the log in button" owner="GenericResources">
<kw name="Click Element" owner="SeleniumLibrary">
<msg time="2024-07-11T12:55:43.418867" level="INFO">Clicking element 'xpath://ul[@class="top-right"]//a'.</msg>
<arg>${login_button}</arg>
<doc>Click the element identified by ``locator``.</doc>
<status status="PASS" start="2024-07-11T12:55:43.418867" elapsed="2.673449"/>
</kw>
<status status="PASS" start="2024-07-11T12:55:43.418867" elapsed="2.673449"/>
</kw>
<kw name="click the admin login" owner="LoginResources">
<kw name="Click Element" owner="SeleniumLibrary">
<msg time="2024-07-11T12:55:46.092316" level="INFO">Clicking element 'xpath:(//a[@class='forgot pull-right'])[1]'.</msg>
<arg>${admin_login}</arg>
<doc>Click the element identified by ``locator``.</doc>
<status status="PASS" start="2024-07-11T12:55:46.092316" elapsed="0.365070"/>
</kw>
<status status="PASS" start="2024-07-11T12:55:46.092316" elapsed="0.365562"/>
</kw>
<kw name="Switch Window" owner="SeleniumLibrary">
<arg>new</arg>
<doc>Switches to browser window matching ``locator``.</doc>
<status status="PASS" start="2024-07-11T12:55:46.458407" elapsed="0.045075"/>
</kw>
<kw name="click the doctor button" owner="LoginResources">
<kw name="Click Element" owner="SeleniumLibrary">
<msg time="2024-07-11T12:55:46.503482" level="INFO">Clicking element 'xpath:(//a[@class='btn btn-primary width100'])[2]'.</msg>
<arg>${doctor_button}</arg>
<doc>Click the element identified by ``locator``.</doc>
<status status="PASS" start="2024-07-11T12:55:46.503482" elapsed="0.861791"/>
</kw>
<status status="PASS" start="2024-07-11T12:55:46.503482" elapsed="0.861791"/>
</kw>
<kw name="Click the signin button" owner="LoginResources">
<kw name="Click Button" owner="SeleniumLibrary">
<msg time="2024-07-11T12:55:47.365273" level="INFO">Clicking button 'css:button[class='btn']'.</msg>
<arg>${signin_button}</arg>
<doc>Clicks the button identified by ``locator``.</doc>
<status status="PASS" start="2024-07-11T12:55:47.365273" elapsed="5.426127"/>
</kw>
<status status="PASS" start="2024-07-11T12:55:47.365273" elapsed="5.426127"/>
</kw>
<kw name="click birth record and death record" owner="DoctorResources">
<kw name="Click Element" owner="SeleniumLibrary">
<msg time="2024-07-11T12:55:52.791400" level="INFO">Clicking element 'xpath://a/i[@class='fa fa-birthday-cake']'.</msg>
<arg>${birth_record_death_record}</arg>
<doc>Click the element identified by ``locator``.</doc>
<status status="PASS" start="2024-07-11T12:55:52.791400" elapsed="0.199395"/>
</kw>
<status status="PASS" start="2024-07-11T12:55:52.791400" elapsed="0.199395"/>
</kw>
<kw name="click death record" owner="DoctorResources">
<kw name="Click Element" owner="SeleniumLibrary">
<msg time="2024-07-11T12:55:52.990795" level="INFO">Clicking element 'xpath://a[text()= ' Death Record']'.</msg>
<arg>${death_record}</arg>
<doc>Click the element identified by ``locator``.</doc>
<status status="PASS" start="2024-07-11T12:55:52.990795" elapsed="1.111605"/>
</kw>
<status status="PASS" start="2024-07-11T12:55:52.990795" elapsed="1.111605"/>
</kw>
<kw name="click add death record" owner="DoctorResources">
<kw name="Click Element" owner="SeleniumLibrary">
<msg time="2024-07-11T12:55:54.102400" level="INFO">Clicking element 'xpath://a[@class='btn btn-primary btn-sm deathrecord']'.</msg>
<arg>${add_death_record}</arg>
<doc>Click the element identified by ``locator``.</doc>
<status status="PASS" start="2024-07-11T12:55:54.102400" elapsed="0.251101"/>
</kw>
<status status="PASS" start="2024-07-11T12:55:54.102400" elapsed="0.251101"/>
</kw>
<kw name="fill the death record form" owner="DoctorResources">
<kw name="Input Text" owner="SeleniumLibrary">
<msg time="2024-07-11T12:55:54.358321" level="INFO">Typing text '4723' into text field 'id:case_id'.</msg>
<arg>${case_id_feild}</arg>
<arg>${caseID}</arg>
<doc>Types the given ``text`` into the text field identified by ``locator``.</doc>
<status status="PASS" start="2024-07-11T12:55:54.356444" elapsed="0.382758"/>
</kw>
<kw name="Input Text" owner="SeleniumLibrary">
<msg time="2024-07-11T12:55:54.739202" level="INFO">Typing text '2024-05-29 00:00:00' into text field 'id:death_date'.</msg>
<arg>${deadDate}</arg>
<arg>${DeathDate}</arg>
<doc>Types the given ``text`` into the text field identified by ``locator``.</doc>
<status status="PASS" start="2024-07-11T12:55:54.739202" elapsed="0.403275"/>
</kw>
<kw name="Input Text" owner="SeleniumLibrary">
<msg time="2024-07-11T12:55:55.143888" level="INFO">Typing text 'Dennis Coates' into text field 'id:death_report'.</msg>
<arg>${deadReports}</arg>
<arg>${DeathReports}</arg>
<doc>Types the given ``text`` into the text field identified by ``locator``.</doc>
<status status="PASS" start="2024-07-11T12:55:55.143097" elapsed="0.340087"/>
</kw>
<kw name="Sleep" owner="BuiltIn">
<msg time="2024-07-11T12:56:15.484043" level="INFO">Slept 20 seconds.</msg>
<arg>20s</arg>
<doc>Pauses the test executed for the given time.</doc>
<status status="PASS" start="2024-07-11T12:55:55.483184" elapsed="20.000859"/>
</kw>
<kw name="Click Element" owner="SeleniumLibrary">
<msg time="2024-07-11T12:56:15.484043" level="INFO">Clicking element 'id:formaddbtn'.</msg>
<arg>${save_btn}</arg>
<doc>Click the element identified by ``locator``.</doc>
<status status="PASS" start="2024-07-11T12:56:15.484043" elapsed="0.099868"/>
</kw>
<arg>${caseID}</arg>
<arg>${DeathDate}</arg>
<arg>${DeathReports}</arg>
<status status="PASS" start="2024-07-11T12:55:54.353501" elapsed="21.230410"/>
</kw>
<kw name="check the alert for invalid add death record" owner="DoctorResources">
<kw name="Wait Until Page Contains Element" owner="SeleniumLibrary">
<msg time="2024-07-11T12:56:21.010570" level="INFO" html="true">&lt;/td&gt;&lt;/tr&gt;&lt;tr&gt;&lt;td colspan="3"&gt;&lt;a href="selenium-screenshot-20.png"&gt;&lt;img src="selenium-screenshot-20.png" width="800px"&gt;&lt;/a&gt;</msg>
<msg time="2024-07-11T12:56:21.010570" level="FAIL">Element 'xpath://div[text()='Patient Not Found']' did not appear in 5 seconds.</msg>
<arg>${assert_invalid_add_Death_record}</arg>
<doc>Waits until the element ``locator`` appears on the current page.</doc>
<status status="FAIL" start="2024-07-11T12:56:15.583911" elapsed="5.426659">Element 'xpath://div[text()='Patient Not Found']' did not appear in 5 seconds.</status>
</kw>
<kw name="Element Text Should Be" owner="SeleniumLibrary">
<arg>${assert_invalid_add_Death_record}</arg>
<arg>Patient Not Found</arg>
<doc>Verifies that element ``locator`` contains exact the text ``expected``.</doc>
<status status="NOT RUN" start="2024-07-11T12:56:21.010570" elapsed="0.000000"/>
</kw>
<status status="FAIL" start="2024-07-11T12:56:15.583911" elapsed="5.426659">Element 'xpath://div[text()='Patient Not Found']' did not appear in 5 seconds.</status>
</kw>
<arg>caseID=4723</arg>
<arg>DeathDate=2024-05-29 00:00:00</arg>
<arg>DeathReports=Dennis Coates</arg>
<status status="FAIL" start="2024-07-11T12:55:43.418867" elapsed="37.591703">Element 'xpath://div[text()='Patient Not Found']' did not appear in 5 seconds.</status>
</kw>
<kw name="close the browser" owner="GenericResources" type="TEARDOWN">
<kw name="Close Browser" owner="SeleniumLibrary">
<doc>Closes the current browser.</doc>
<status status="PASS" start="2024-07-11T12:56:21.010570" elapsed="2.601557"/>
</kw>
<status status="PASS" start="2024-07-11T12:56:21.010570" elapsed="2.602051"/>
</kw>
<tag>regression</tag>
<status status="FAIL" start="2024-07-11T12:55:37.890621" elapsed="45.722000">Element 'xpath://div[text()='Patient Not Found']' did not appear in 5 seconds.</status>
</test>
<doc>To validate Invalid Death Record</doc>
<status status="FAIL" start="2024-07-11T12:55:37.757546" elapsed="45.855075"/>
</suite>
<suite id="s1-s5" name="Test add valid birth record" source="D:\Kiruthika_robot\Pilot_Project_Smart_hospital_Team3\TestCases\Test_add_valid_birth_record.robot">
<test id="s1-s5-t1" name="Login test template" line="22">
<kw name="Open the browser with url" owner="GenericResources" type="SETUP">
<kw name="Create Webdriver" owner="SeleniumLibrary">
<msg time="2024-07-11T12:56:23.726109" level="INFO">Creating an instance of the Chrome WebDriver.</msg>
<arg>Chrome</arg>
<doc>Creates an instance of Selenium WebDriver.</doc>
<status status="PASS" start="2024-07-11T12:56:23.726109" elapsed="2.107916"/>
</kw>
<kw name="Go To" owner="SeleniumLibrary">
<msg time="2024-07-11T12:56:25.835139" level="INFO">Opening url 'https://demo.smart-hospital.in/'</msg>
<arg>${url}</arg>
<doc>Navigates the current browser window to the provided ``url``.</doc>
<status status="PASS" start="2024-07-11T12:56:25.834641" elapsed="3.279044"/>
</kw>
<kw name="Maximize Browser Window" owner="SeleniumLibrary">
<doc>Maximizes current browser window.</doc>
<status status="PASS" start="2024-07-11T12:56:29.113685" elapsed="0.118028"/>
</kw>
<kw name="Set Selenium Implicit Wait" owner="SeleniumLibrary">
<arg>5</arg>
<doc>Sets the implicit wait value used by Selenium.</doc>
<status status="PASS" start="2024-07-11T12:56:29.231713" elapsed="0.046132"/>
</kw>
<status status="PASS" start="2024-07-11T12:56:23.726109" elapsed="5.552230"/>
</kw>
<kw name="validate add birth record">
<kw name="click the log in button" owner="GenericResources">
<kw name="Click Element" owner="SeleniumLibrary">
<msg time="2024-07-11T12:56:29.282291" level="INFO">Clicking element 'xpath://ul[@class="top-right"]//a'.</msg>
<arg>${login_button}</arg>
<doc>Click the element identified by ``locator``.</doc>
<status status="PASS" start="2024-07-11T12:56:29.281331" elapsed="3.113038"/>
</kw>
<status status="PASS" start="2024-07-11T12:56:29.280834" elapsed="3.113535"/>
</kw>
<kw name="click the admin login" owner="LoginResources">
<kw name="Click Element" owner="SeleniumLibrary">
<msg time="2024-07-11T12:56:32.394369" level="INFO">Clicking element 'xpath:(//a[@class='forgot pull-right'])[1]'.</msg>
<arg>${admin_login}</arg>
<doc>Click the element identified by ``locator``.</doc>
<status status="PASS" start="2024-07-11T12:56:32.394369" elapsed="0.367531"/>
</kw>
<status status="PASS" start="2024-07-11T12:56:32.394369" elapsed="0.367795"/>
</kw>
<kw name="Switch Window" owner="SeleniumLibrary">
<arg>new</arg>
<doc>Switches to browser window matching ``locator``.</doc>
<status status="PASS" start="2024-07-11T12:56:32.762661" elapsed="0.052685"/>
</kw>
<kw name="click the doctor button" owner="LoginResources">
<kw name="Click Element" owner="SeleniumLibrary">
<msg time="2024-07-11T12:56:32.817440" level="INFO">Clicking element 'xpath:(//a[@class='btn btn-primary width100'])[2]'.</msg>
<arg>${doctor_button}</arg>
<doc>Click the element identified by ``locator``.</doc>
<status status="PASS" start="2024-07-11T12:56:32.816858" elapsed="0.798491"/>
</kw>
<status status="PASS" start="2024-07-11T12:56:32.815872" elapsed="0.799477"/>
</kw>
<kw name="Click the signin button" owner="LoginResources">
<kw name="Click Button" owner="SeleniumLibrary">
<msg time="2024-07-11T12:56:33.615349" level="INFO">Clicking button 'css:button[class='btn']'.</msg>
<arg>${signin_button}</arg>
<doc>Clicks the button identified by ``locator``.</doc>
<status status="PASS" start="2024-07-11T12:56:33.615349" elapsed="5.353840"/>
</kw>
<status status="PASS" start="2024-07-11T12:56:33.615349" elapsed="5.353840"/>
</kw>
<kw name="click birth record and death record" owner="DoctorResources">
<kw name="Click Element" owner="SeleniumLibrary">
<msg time="2024-07-11T12:56:38.969189" level="INFO">Clicking element 'xpath://a/i[@class='fa fa-birthday-cake']'.</msg>
<arg>${birth_record_death_record}</arg>
<doc>Click the element identified by ``locator``.</doc>
<status status="PASS" start="2024-07-11T12:56:38.969189" elapsed="0.255146"/>
</kw>
<status status="PASS" start="2024-07-11T12:56:38.969189" elapsed="0.255146"/>
</kw>
<kw name="click birth record" owner="DoctorResources">
<kw name="Click Element" owner="SeleniumLibrary">
<msg time="2024-07-11T12:56:39.227719" level="INFO">Clicking element 'xpath://a[text()= ' Birth Record ']'.</msg>
<arg>${birth_record}</arg>
<doc>Click the element identified by ``locator``.</doc>
<status status="PASS" start="2024-07-11T12:56:39.224335" elapsed="0.965998"/>
</kw>
<status status="PASS" start="2024-07-11T12:56:39.224335" elapsed="0.966469"/>
</kw>
<kw name="click add birth record" owner="DoctorResources">
<kw name="Click Element" owner="SeleniumLibrary">
<msg time="2024-07-11T12:56:40.193138" level="INFO">Clicking element 'xpath://a[@class='btn btn-primary btn-sm birthrecord']'.</msg>
<arg>${add_birth_record}</arg>
<doc>Click the element identified by ``locator``.</doc>
<status status="PASS" start="2024-07-11T12:56:40.192351" elapsed="0.305891"/>
</kw>
<status status="PASS" start="2024-07-11T12:56:40.191799" elapsed="0.306443"/>
</kw>
<kw name="fill the birth record form" owner="DoctorResources">
<kw name="Click Element" owner="SeleniumLibrary">
<msg time="2024-07-11T12:56:40.498242" level="INFO">Clicking element 'xpath:(//select[@class='form-control'])[1]'.</msg>
<arg>${Gender_drop_down}</arg>
<doc>Click the element identified by ``locator``.</doc>
<status status="PASS" start="2024-07-11T12:56:40.498242" elapsed="0.318507"/>
</kw>
<kw name="Click Element" owner="SeleniumLibrary">
<msg time="2024-07-11T12:56:40.816749" level="INFO">Clicking element 'xpath:(//option[@value='Male'])[1]'.</msg>
<arg>${Gender_option_male}</arg>
<doc>Click the element identified by ``locator``.</doc>
<status status="PASS" start="2024-07-11T12:56:40.816749" elapsed="0.051936"/>
</kw>
<kw name="Input Text" owner="SeleniumLibrary">
<msg time="2024-07-11T12:56:40.868685" level="INFO">Typing text '4' into text field 'name:weight'.</msg>
<arg>${weight_feild}</arg>
<arg>${weight}</arg>
<doc>Types the given ``text`` into the text field identified by ``locator``.</doc>
<status status="PASS" start="2024-07-11T12:56:40.868685" elapsed="0.232494"/>
</kw>
<kw name="Input Text" owner="SeleniumLibrary">
<msg time="2024-07-11T12:56:41.101179" level="INFO">Typing text '2024-08-22 00:00:00' into text field 'id:birth_date'.</msg>
<arg>${birth_date_feild}</arg>
<arg>${birthDate}</arg>
<doc>Types the given ``text`` into the text field identified by ``locator``.</doc>
<status status="PASS" start="2024-07-11T12:56:41.101179" elapsed="0.493188"/>
</kw>
<kw name="Input Text" owner="SeleniumLibrary">
<msg time="2024-07-11T12:56:41.594367" level="INFO">Typing text '934265622' into text field 'id:contact'.</msg>
<arg>${contact_feild}</arg>
<arg>${contact}</arg>
<doc>Types the given ``text`` into the text field identified by ``locator``.</doc>
<status status="PASS" start="2024-07-11T12:56:41.594367" elapsed="0.294185"/>
</kw>
<kw name="Input Text" owner="SeleniumLibrary">
<msg time="2024-07-11T12:56:41.890654" level="INFO">Typing text 'Salem' into text field 'id:address'.</msg>
<arg>${adress_feild}</arg>
<arg>${Address}</arg>
<doc>Types the given ``text`` into the text field identified by ``locator``.</doc>
<status status="PASS" start="2024-07-11T12:56:41.889280" elapsed="0.358033"/>
</kw>
<kw name="Input Text" owner="SeleniumLibrary">
<msg time="2024-07-11T12:56:42.247313" level="INFO">Typing text '3704' into text field 'id:case_id'.</msg>
<arg>${case_id_feild}</arg>
<arg>${CaseId}</arg>
<doc>Types the given ``text`` into the text field identified by ``locator``.</doc>
<status status="PASS" start="2024-07-11T12:56:42.247313" elapsed="0.484323"/>
</kw>
<kw name="Input Text" owner="SeleniumLibrary">
<msg time="2024-07-11T12:56:42.731636" level="INFO">Typing text 'karmegam' into text field 'id:father_name'.</msg>
<arg>${fathers_name_feild}</arg>
<arg>${FathersName}</arg>
<doc>Types the given ``text`` into the text field identified by ``locator``.</doc>
<status status="PASS" start="2024-07-11T12:56:42.731636" elapsed="0.213966"/>
</kw>
<kw name="Input Text" owner="SeleniumLibrary">
<msg time="2024-07-11T12:56:42.945602" level="INFO">Typing text 'baby uis fine' into text field 'id:birth_report'.</msg>
<arg>${b_reports}</arg>
<arg>${birthReports}</arg>
<doc>Types the given ``text`` into the text field identified by ``locator``.</doc>
<status status="PASS" start="2024-07-11T12:56:42.945602" elapsed="0.274406"/>
</kw>
<kw name="Click Button" owner="SeleniumLibrary">
<msg time="2024-07-11T12:56:43.220507" level="INFO">Clicking button 'id:formaddbtn'.</msg>
<arg>${save_btn}</arg>
<doc>Clicks the button identified by ``locator``.</doc>
<status status="PASS" start="2024-07-11T12:56:43.220507" elapsed="0.176155"/>
</kw>
<arg>${Cname}</arg>
<arg>${weight}</arg>
<arg>${birthDate}</arg>
<arg>${Contact}</arg>
<arg>${Address}</arg>
<arg>${CaseId}</arg>
<arg>${FathersName}</arg>
<arg>${birthReports}</arg>
<status status="PASS" start="2024-07-11T12:56:40.498242" elapsed="2.898420"/>
</kw>
<arg>Cname=dinesh</arg>
<arg>weight=4</arg>
<arg>birthDate=2024-08-22 00:00:00</arg>
<arg>Contact=934265622</arg>
<arg>Address=Salem</arg>
<arg>CaseId=3704</arg>
<arg>FathersName=karmegam</arg>
<arg>birthReports=baby uis fine</arg>
<status status="PASS" start="2024-07-11T12:56:29.279543" elapsed="14.117652"/>
</kw>
<kw name="close the browser" owner="GenericResources" type="TEARDOWN">
<kw name="Close Browser" owner="SeleniumLibrary">
<doc>Closes the current browser.</doc>
<status status="PASS" start="2024-07-11T12:56:43.399181" elapsed="3.237677"/>
</kw>
<status status="PASS" start="2024-07-11T12:56:43.399181" elapsed="3.237677"/>
</kw>
<tag>regression</tag>
<status status="PASS" start="2024-07-11T12:56:23.726109" elapsed="22.910749"/>
</test>
<doc>To validate the valid add birth Record</doc>
<status status="PASS" start="2024-07-11T12:56:23.612621" elapsed="23.024237"/>
</suite>
<suite id="s1-s6" name="Test add valid death record" source="D:\Kiruthika_robot\Pilot_Project_Smart_hospital_Team3\TestCases\Test_add_valid_death_record.robot">
<test id="s1-s6-t1" name="Login test template" line="17">
<kw name="Open the browser with url" owner="GenericResources" type="SETUP">
<kw name="Create Webdriver" owner="SeleniumLibrary">
<msg time="2024-07-11T12:56:46.743632" level="INFO">Creating an instance of the Chrome WebDriver.</msg>
<arg>Chrome</arg>
<doc>Creates an instance of Selenium WebDriver.</doc>
<status status="PASS" start="2024-07-11T12:56:46.743632" elapsed="2.159626"/>
</kw>
<kw name="Go To" owner="SeleniumLibrary">
<msg time="2024-07-11T12:56:48.905061" level="INFO">Opening url 'https://demo.smart-hospital.in/'</msg>
<arg>${url}</arg>
<doc>Navigates the current browser window to the provided ``url``.</doc>
<status status="PASS" start="2024-07-11T12:56:48.904926" elapsed="3.273683"/>
</kw>
<kw name="Maximize Browser Window" owner="SeleniumLibrary">
<doc>Maximizes current browser window.</doc>
<status status="PASS" start="2024-07-11T12:56:52.178609" elapsed="0.088707"/>
</kw>
<kw name="Set Selenium Implicit Wait" owner="SeleniumLibrary">
<arg>5</arg>
<doc>Sets the implicit wait value used by Selenium.</doc>
<status status="PASS" start="2024-07-11T12:56:52.267676" elapsed="0.003766"/>
</kw>
<status status="PASS" start="2024-07-11T12:56:46.743632" elapsed="5.527810"/>
</kw>
<kw name="validate add death record">
<kw name="click the log in button" owner="GenericResources">
<kw name="Click Element" owner="SeleniumLibrary">
<msg time="2024-07-11T12:56:52.292007" level="INFO">Clicking element 'xpath://ul[@class="top-right"]//a'.</msg>
<arg>${login_button}</arg>
<doc>Click the element identified by ``locator``.</doc>
<status status="PASS" start="2024-07-11T12:56:52.291296" elapsed="2.703021"/>
</kw>
<status status="PASS" start="2024-07-11T12:56:52.289509" elapsed="2.705779"/>
</kw>
<kw name="click the admin login" owner="LoginResources">
<kw name="Click Element" owner="SeleniumLibrary">
<msg time="2024-07-11T12:56:54.997030" level="INFO">Clicking element 'xpath:(//a[@class='forgot pull-right'])[1]'.</msg>
<arg>${admin_login}</arg>
<doc>Click the element identified by ``locator``.</doc>
<status status="PASS" start="2024-07-11T12:56:54.997030" elapsed="0.369991"/>
</kw>
<status status="PASS" start="2024-07-11T12:56:54.995288" elapsed="0.372327"/>
</kw>
<kw name="Switch Window" owner="SeleniumLibrary">
<arg>new</arg>
<doc>Switches to browser window matching ``locator``.</doc>
<status status="PASS" start="2024-07-11T12:56:55.368129" elapsed="0.049389"/>
</kw>
<kw name="click the doctor button" owner="LoginResources">
<kw name="Click Element" owner="SeleniumLibrary">
<msg time="2024-07-11T12:56:55.417518" level="INFO">Clicking element 'xpath:(//a[@class='btn btn-primary width100'])[2]'.</msg>
<arg>${doctor_button}</arg>
<doc>Click the element identified by ``locator``.</doc>
<status status="PASS" start="2024-07-11T12:56:55.417518" elapsed="0.769373"/>
</kw>
<status status="PASS" start="2024-07-11T12:56:55.417518" elapsed="0.769926"/>
</kw>
<kw name="Click the signin button" owner="LoginResources">
<kw name="Click Button" owner="SeleniumLibrary">
<msg time="2024-07-11T12:56:56.197122" level="INFO">Clicking button 'css:button[class='btn']'.</msg>
<arg>${signin_button}</arg>
<doc>Clicks the button identified by ``locator``.</doc>
<status status="PASS" start="2024-07-11T12:56:56.196159" elapsed="5.196385"/>
</kw>
<status status="PASS" start="2024-07-11T12:56:56.189048" elapsed="5.203496"/>
</kw>
<kw name="click birth record and death record" owner="DoctorResources">
<kw name="Click Element" owner="SeleniumLibrary">
<msg time="2024-07-11T12:57:01.396177" level="INFO">Clicking element 'xpath://a/i[@class='fa fa-birthday-cake']'.</msg>
<arg>${birth_record_death_record}</arg>
<doc>Click the element identified by ``locator``.</doc>
<status status="PASS" start="2024-07-11T12:57:01.392544" elapsed="0.138733"/>
</kw>
<status status="PASS" start="2024-07-11T12:57:01.392544" elapsed="0.139237"/>
</kw>
<kw name="click death record" owner="DoctorResources">
<kw name="Click Element" owner="SeleniumLibrary">
<msg time="2024-07-11T12:57:01.532269" level="INFO">Clicking element 'xpath://a[text()= ' Death Record']'.</msg>
<arg>${death_record}</arg>
<doc>Click the element identified by ``locator``.</doc>
<status status="PASS" start="2024-07-11T12:57:01.532269" elapsed="1.091961"/>
</kw>
<status status="PASS" start="2024-07-11T12:57:01.532269" elapsed="1.092529"/>
</kw>
<kw name="click add death record" owner="DoctorResources">
<kw name="Click Element" owner="SeleniumLibrary">
<msg time="2024-07-11T12:57:02.624798" level="INFO">Clicking element 'xpath://a[@class='btn btn-primary btn-sm deathrecord']'.</msg>
<arg>${add_death_record}</arg>
<doc>Click the element identified by ``locator``.</doc>
<status status="PASS" start="2024-07-11T12:57:02.624798" elapsed="0.146080"/>
</kw>
<status status="PASS" start="2024-07-11T12:57:02.624798" elapsed="0.146080"/>
</kw>
<kw name="fill the death record form" owner="DoctorResources">
<kw name="Input Text" owner="SeleniumLibrary">
<msg time="2024-07-11T12:57:02.775426" level="INFO">Typing text '4723' into text field 'id:case_id'.</msg>
<arg>${case_id_feild}</arg>
<arg>${caseID}</arg>
<doc>Types the given ``text`` into the text field identified by ``locator``.</doc>
<status status="PASS" start="2024-07-11T12:57:02.774927" elapsed="0.354036"/>
</kw>
<kw name="Input Text" owner="SeleniumLibrary">
<msg time="2024-07-11T12:57:03.131026" level="INFO">Typing text '2024-05-29 00:00:00' into text field 'id:death_date'.</msg>
<arg>${deadDate}</arg>
<arg>${DeathDate}</arg>
<doc>Types the given ``text`` into the text field identified by ``locator``.</doc>
<status status="PASS" start="2024-07-11T12:57:03.129953" elapsed="0.379579"/>
</kw>
<kw name="Input Text" owner="SeleniumLibrary">
<msg time="2024-07-11T12:57:03.511770" level="INFO">Typing text 'Dennis Coates' into text field 'id:death_report'.</msg>
<arg>${deadReports}</arg>
<arg>${DeathReports}</arg>
<doc>Types the given ``text`` into the text field identified by ``locator``.</doc>
<status status="PASS" start="2024-07-11T12:57:03.510522" elapsed="0.326947"/>
</kw>
<kw name="Sleep" owner="BuiltIn">
<msg time="2024-07-11T12:57:23.840001" level="INFO">Slept 20 seconds.</msg>
<arg>20s</arg>
<doc>Pauses the test executed for the given time.</doc>
<status status="PASS" start="2024-07-11T12:57:03.837469" elapsed="20.002532"/>
</kw>
<kw name="Click Element" owner="SeleniumLibrary">
<msg time="2024-07-11T12:57:23.840001" level="INFO">Clicking element 'id:formaddbtn'.</msg>
<arg>${save_btn}</arg>
<doc>Click the element identified by ``locator``.</doc>
<status status="PASS" start="2024-07-11T12:57:23.840001" elapsed="0.096444"/>
</kw>
<arg>${caseID}</arg>
<arg>${DeathDate}</arg>
<arg>${DeathReports}</arg>
<status status="PASS" start="2024-07-11T12:57:02.770878" elapsed="21.166063"/>
</kw>
<arg>caseID=4723</arg>
<arg>DeathDate=2024-05-29 00:00:00</arg>
<arg>DeathReports=Dennis Coates</arg>
<status status="PASS" start="2024-07-11T12:56:52.288285" elapsed="31.648848"/>
</kw>
<kw name="close the browser" owner="GenericResources" type="TEARDOWN">
<kw name="Close Browser" owner="SeleniumLibrary">
<doc>Closes the current browser.</doc>
<status status="PASS" start="2024-07-11T12:57:23.943473" elapsed="2.469489"/>
</kw>
<status status="PASS" start="2024-07-11T12:57:23.941916" elapsed="2.471046"/>
</kw>
<tag>regression</tag>
<status status="PASS" start="2024-07-11T12:56:46.743632" elapsed="39.669330"/>
</test>
<status status="PASS" start="2024-07-11T12:56:46.636858" elapsed="39.776104"/>
</suite>
<suite id="s1-s7" name="Test appointment history" source="D:\Kiruthika_robot\Pilot_Project_Smart_hospital_Team3\TestCases\Test_appointment_history.robot">
<test id="s1-s7-t1" name="validate appointment history" line="13">
<kw name="Open the browser with url" owner="GenericResources" type="SETUP">
<kw name="Create Webdriver" owner="SeleniumLibrary">
<msg time="2024-07-11T12:57:26.474296" level="INFO">Creating an instance of the Chrome WebDriver.</msg>
<arg>Chrome</arg>
<doc>Creates an instance of Selenium WebDriver.</doc>
<status status="PASS" start="2024-07-11T12:57:26.474296" elapsed="2.115083"/>
</kw>
<kw name="Go To" owner="SeleniumLibrary">
<msg time="2024-07-11T12:57:28.595575" level="INFO">Opening url 'https://demo.smart-hospital.in/'</msg>
<arg>${url}</arg>
<doc>Navigates the current browser window to the provided ``url``.</doc>
<status status="PASS" start="2024-07-11T12:57:28.593156" elapsed="0.686401"/>
</kw>
<kw name="Maximize Browser Window" owner="SeleniumLibrary">
<doc>Maximizes current browser window.</doc>
<status status="PASS" start="2024-07-11T12:57:29.280178" elapsed="2.517524"/>
</kw>
<kw name="Set Selenium Implicit Wait" owner="SeleniumLibrary">
<arg>5</arg>
<doc>Sets the implicit wait value used by Selenium.</doc>
<status status="PASS" start="2024-07-11T12:57:31.798202" elapsed="0.006274"/>
</kw>
<status status="PASS" start="2024-07-11T12:57:26.474296" elapsed="5.330180"/>
</kw>
<kw name="click the log in button" owner="GenericResources">
<kw name="Click Element" owner="SeleniumLibrary">
<msg time="2024-07-11T12:57:31.811150" level="INFO">Clicking element 'xpath://ul[@class="top-right"]//a'.</msg>
<arg>${login_button}</arg>
<doc>Click the element identified by ``locator``.</doc>
<status status="PASS" start="2024-07-11T12:57:31.811150" elapsed="2.765688"/>
</kw>
<status status="PASS" start="2024-07-11T12:57:31.810721" elapsed="2.766117"/>
</kw>
<kw name="Click the signin button" owner="LoginResources">
<kw name="Click Button" owner="SeleniumLibrary">
<msg time="2024-07-11T12:57:34.576838" level="INFO">Clicking button 'css:button[class='btn']'.</msg>
<arg>${signin_button}</arg>
<doc>Clicks the button identified by ``locator``.</doc>
<status status="PASS" start="2024-07-11T12:57:34.576838" elapsed="4.535211"/>
</kw>
<status status="PASS" start="2024-07-11T12:57:34.576838" elapsed="4.535211"/>
</kw>
<kw name="click the my appointment button" owner="UserResources">
<kw name="Wait Until Element Is Visible" owner="SeleniumLibrary">
<arg>${My_appointment_button}</arg>
<doc>Waits until the element ``locator`` is visible.</doc>
<status status="PASS" start="2024-07-11T12:57:39.118788" elapsed="0.189209"/>
</kw>
<kw name="Click Element" owner="SeleniumLibrary">
<msg time="2024-07-11T12:57:39.311973" level="INFO">Clicking element 'css:i[class='fas fa-hospital-alt']'.</msg>
<arg>${My_appointment_button}</arg>
<doc>Click the element identified by ``locator``.</doc>
<status status="PASS" start="2024-07-11T12:57:39.311973" elapsed="0.978155"/>
</kw>
<status status="PASS" start="2024-07-11T12:57:39.117283" elapsed="1.172929"/>
</kw>
<kw name="Collect and count list of history" owner="UserResources">
<kw name="Set Variable" owner="BuiltIn">
<msg time="2024-07-11T12:57:40.294462" level="INFO">${table_xpath} = //div[@id='DataTables_Table_0_wrapper']//table</msg>
<var>${table_xpath}</var>
<arg>//div[@id='DataTables_Table_0_wrapper']//table</arg>
<doc>Returns the given values which can then be assigned to a variables.</doc>
<status status="PASS" start="2024-07-11T12:57:40.294462" elapsed="0.000000"/>
</kw>
<kw name="Run Keyword And Return Status" owner="BuiltIn">
<kw name="Wait Until Element Is Visible" owner="SeleniumLibrary">
<arg>${table_xpath}</arg>
<arg>timeout=${timeout}</arg>
<doc>Waits until the element ``locator`` is visible.</doc>
<status status="PASS" start="2024-07-11T12:57:40.294462" elapsed="0.139549"/>
</kw>
<msg time="2024-07-11T12:57:40.434011" level="INFO">${table_visible} = True</msg>
<var>${table_visible}</var>
<arg>Wait Until Element Is Visible</arg>
<arg>${table_xpath}</arg>
<arg>timeout=${timeout}</arg>
<doc>Runs the given keyword with given arguments and returns the status as a Boolean value.</doc>
<status status="PASS" start="2024-07-11T12:57:40.294462" elapsed="0.139549"/>
</kw>
[...]
</kw>
<status status="PASS" start="2024-07-11T13:17:41.349188" elapsed="2.416046"/>
</kw>
<status status="PASS" start="2024-07-11T13:17:17.802124" elapsed="25.963110"/>
</test>
<doc>To validate the Login form</doc>
<status status="PASS" start="2024-07-11T13:17:17.762793" elapsed="26.002441"/>
</suite>
<suite id="s1-s47" name="Valid Search Death Record" source="D:\Kiruthika_robot\Pilot_Project_Smart_hospital_Team3\TestCases\valid_search_death_record.robot">
<test id="s1-s47-t1" name="validate add birth record" line="12">
<kw name="Open the browser with url" owner="GenericResources" type="SETUP">
<kw name="Create Webdriver" owner="SeleniumLibrary">
<msg time="2024-07-11T13:17:43.807339" level="INFO">Creating an instance of the Chrome WebDriver.</msg>
<arg>Chrome</arg>
<doc>Creates an instance of Selenium WebDriver.</doc>
<status status="PASS" start="2024-07-11T13:17:43.807339" elapsed="2.173379"/>
</kw>
<kw name="Go To" owner="SeleniumLibrary">
<msg time="2024-07-11T13:17:45.981873" level="INFO">Opening url 'https://demo.smart-hospital.in/'</msg>
<arg>${url}</arg>
<doc>Navigates the current browser window to the provided ``url``.</doc>
<status status="PASS" start="2024-07-11T13:17:45.981216" elapsed="4.014273"/>
</kw>
<kw name="Maximize Browser Window" owner="SeleniumLibrary">
<doc>Maximizes current browser window.</doc>
<status status="PASS" start="2024-07-11T13:17:49.996840" elapsed="0.119426"/>
</kw>
<kw name="Set Selenium Implicit Wait" owner="SeleniumLibrary">
<arg>5</arg>
<doc>Sets the implicit wait value used by Selenium.</doc>
<status status="PASS" start="2024-07-11T13:17:50.117997" elapsed="0.000494"/>
</kw>
<status status="PASS" start="2024-07-11T13:17:43.807339" elapsed="6.311152"/>
</kw>
<kw name="click the log in button" owner="GenericResources">
<kw name="Click Element" owner="SeleniumLibrary">
<msg time="2024-07-11T13:17:50.122889" level="INFO">Clicking element 'xpath://ul[@class="top-right"]//a'.</msg>
<arg>${login_button}</arg>
<doc>Click the element identified by ``locator``.</doc>
<status status="PASS" start="2024-07-11T13:17:50.118491" elapsed="5.012031"/>
</kw>
<status status="PASS" start="2024-07-11T13:17:50.118491" elapsed="5.012527"/>
</kw>
<kw name="click the admin login" owner="LoginResources">
<kw name="Click Element" owner="SeleniumLibrary">
<msg time="2024-07-11T13:17:55.131514" level="INFO">Clicking element 'xpath:(//a[@class='forgot pull-right'])[1]'.</msg>
<arg>${admin_login}</arg>
<doc>Click the element identified by ``locator``.</doc>
<status status="PASS" start="2024-07-11T13:17:55.131514" elapsed="0.390947"/>
</kw>
<status status="PASS" start="2024-07-11T13:17:55.131514" elapsed="0.393227"/>
</kw>
<kw name="Switch Window" owner="SeleniumLibrary">
<arg>new</arg>
<doc>Switches to browser window matching ``locator``.</doc>
<status status="PASS" start="2024-07-11T13:17:55.526245" elapsed="0.071137"/>
</kw>
<kw name="click the doctor button" owner="LoginResources">
<kw name="Click Element" owner="SeleniumLibrary">
<msg time="2024-07-11T13:17:55.598871" level="INFO">Clicking element 'xpath:(//a[@class='btn btn-primary width100'])[2]'.</msg>
<arg>${doctor_button}</arg>
<doc>Click the element identified by ``locator``.</doc>
<status status="PASS" start="2024-07-11T13:17:55.598871" elapsed="0.887690"/>
</kw>
<status status="PASS" start="2024-07-11T13:17:55.598375" elapsed="0.888372"/>
</kw>
<kw name="Click the signin button" owner="LoginResources">
<kw name="Click Button" owner="SeleniumLibrary">
<msg time="2024-07-11T13:17:56.494191" level="INFO">Clicking button 'css:button[class='btn']'.</msg>
<arg>${signin_button}</arg>
<doc>Clicks the button identified by ``locator``.</doc>
<status status="PASS" start="2024-07-11T13:17:56.489701" elapsed="6.620087"/>
</kw>
<status status="PASS" start="2024-07-11T13:17:56.486747" elapsed="6.623041"/>
</kw>
<kw name="click birth record and death record" owner="DoctorResources">
<kw name="Click Element" owner="SeleniumLibrary">
<msg time="2024-07-11T13:18:03.109788" level="INFO">Clicking element 'xpath://a/i[@class='fa fa-birthday-cake']'.</msg>
<arg>${birth_record_death_record}</arg>
<doc>Click the element identified by ``locator``.</doc>
<status status="PASS" start="2024-07-11T13:18:03.109788" elapsed="0.193462"/>
</kw>
<status status="PASS" start="2024-07-11T13:18:03.109788" elapsed="0.193462"/>
</kw>
<kw name="click death record" owner="DoctorResources">
<kw name="Click Element" owner="SeleniumLibrary">
<msg time="2024-07-11T13:18:03.313174" level="INFO">Clicking element 'xpath://a[text()= ' Death Record']'.</msg>
<arg>${death_record}</arg>
<doc>Click the element identified by ``locator``.</doc>
<status status="PASS" start="2024-07-11T13:18:03.308734" elapsed="1.172402"/>
</kw>
<status status="PASS" start="2024-07-11T13:18:03.308237" elapsed="1.173191"/>
</kw>
<kw name="search value in death record" owner="DoctorResources">
<kw name="Input Text" owner="SeleniumLibrary">
<msg time="2024-07-11T13:18:04.484231" level="INFO">Typing text 'Dennis Coates' into text field 'xpath://input[@type='search']'.</msg>
<arg>${search_in_birthRate}</arg>
<arg>Dennis Coates</arg>
<doc>Types the given ``text`` into the text field identified by ``locator``.</doc>
<status status="PASS" start="2024-07-11T13:18:04.484231" elapsed="0.372081"/>
</kw>
<status status="PASS" start="2024-07-11T13:18:04.483735" elapsed="0.372577"/>
</kw>
<kw name="assert value in death record" owner="DoctorResources">
<kw name="Input Text" owner="SeleniumLibrary">
<msg time="2024-07-11T13:18:04.861236" level="INFO">Typing text 'DREF49' into text field 'xpath://input[@type='search']'.</msg>
<arg>${search_in_birthRate}</arg>
<arg>${value}</arg>
<doc>Types the given ``text`` into the text field identified by ``locator``.</doc>
<status status="PASS" start="2024-07-11T13:18:04.861236" elapsed="0.252456"/>
</kw>
<kw name="Get WebElements" owner="SeleniumLibrary">
<msg time="2024-07-11T13:18:05.132809" level="INFO">${list_of_elements} = [&lt;selenium.webdriver.remote.webelement.WebElement (session="1a1ef0df047028e097d6eda228513abf", element="f.8CC553AF99DD25843FD8613DC2D57119.d.2E2571620AE4A1BB7888C3FB19071903.e.3256")&gt;]</msg>
<var>${list_of_elements}</var>
<arg>${death_record_list}</arg>
<doc>Returns a list of WebElement objects matching the ``locator``.</doc>
<status status="PASS" start="2024-07-11T13:18:05.113692" elapsed="0.019117"/>
</kw>
<kw name="Create List" owner="BuiltIn">
<msg time="2024-07-11T13:18:05.132809" level="INFO">${options_texts} = []</msg>
<var>${options_texts}</var>
<doc>Returns a list containing given items.</doc>
<status status="PASS" start="2024-07-11T13:18:05.132809" elapsed="0.000000"/>
</kw>
<for flavor="IN">
<iter>
<kw name="Get Text" owner="SeleniumLibrary">
<msg time="2024-07-11T13:18:05.210503" level="INFO">${text} = Reference No Case ID Patient Name Guardian Name Gender Death Date Report
DREF53 4723 Elliot Coates (868)
Dennis Coates Male 07/11/2024 12:55 PM Dennis Coates
DREF52 4723 Elliot Coates (868)
Dennis Coa...</msg>
<var>${text}</var>
<arg>${element}</arg>
<doc>Returns the text value of the element identified by ``locator``.</doc>
<status status="PASS" start="2024-07-11T13:18:05.132809" elapsed="0.077694"/>
</kw>
<kw name="Append To List" owner="Collections">
<arg>${options_texts}</arg>
<arg>${text}</arg>
<doc>Adds ``values`` to the end of ``list``.</doc>
<status status="PASS" start="2024-07-11T13:18:05.210503" elapsed="0.000000"/>
</kw>
<kw name="Run Keyword If" owner="BuiltIn">
<msg time="2024-07-11T13:18:05.210503" level="FAIL">Evaluating expression "'Reference No Case ID Patient Name Guardian Name Gender Death Date Report\nDREF53 4723 Elliot Coates (868)\nDennis Coates Male 07/11/2024 12:55 PM Dennis Coates\nDREF52 4723 Elliot Coates (868)\nDennis Coates Male 07/11/2024 12:51 PM Dennis Coates\nDREF51 4723 Elliot Coates (868)\nDennis Coates Male 07/11/2024 09:51 AM Dennis Coates\nDREF49 3704 Wordey Limpi (151)\nJack Limpi Female 06/22/2024 05:46 PM\nDREF47 4723 Elliot Coates (868)\nDennis Coates Male 05/22/2024 01:46 PM' == 'DREF49'" failed: SyntaxError: unterminated string literal (detected at line 1) (&lt;string&gt;, line 1)</msg>
<arg>'${text}' == '${value}'</arg>
<arg>Log To Console</arg>
<arg>${text}</arg>
<doc>Runs the given keyword with the given arguments, if ``condition`` is true.</doc>
<status status="FAIL" start="2024-07-11T13:18:05.210503" elapsed="0.000000">Evaluating expression "'Reference No Case ID Patient Name Guardian Name Gender Death Date Report\nDREF53 4723 Elliot Coates (868)\nDennis Coates Male 07/11/2024 12:55 PM Dennis Coates\nDREF52 4723 Elliot Coates (868)\nDennis Coates Male 07/11/2024 12:51 PM Dennis Coates\nDREF51 4723 Elliot Coates (868)\nDennis Coates Male 07/11/2024 09:51 AM Dennis Coates\nDREF49 3704 Wordey Limpi (151)\nJack Limpi Female 06/22/2024 05:46 PM\nDREF47 4723 Elliot Coates (868)\nDennis Coates Male 05/22/2024 01:46 PM' == 'DREF49'" failed: SyntaxError: unterminated string literal (detected at line 1) (&lt;string&gt;, line 1)</status>
</kw>
<kw name="Sleep" owner="BuiltIn">
<arg>5s</arg>
<doc>Pauses the test executed for the given time.</doc>
<status status="NOT RUN" start="2024-07-11T13:18:05.210503" elapsed="0.000000"/>
</kw>
<var name="${element}">&lt;selenium.webdriver.remote.webelement.WebElement (session="1a1ef0df047028e097d6eda228513abf", element="f.8CC553AF99DD25843FD8613DC2D57119.d.2E2571620AE4A1BB7888C3FB19071903.e.3256")&gt;</var>
<status status="FAIL" start="2024-07-11T13:18:05.132809" elapsed="0.077694">Evaluating expression "'Reference No Case ID Patient Name Guardian Name Gender Death Date Report\nDREF53 4723 Elliot Coates (868)\nDennis Coates Male 07/11/2024 12:55 PM Dennis Coates\nDREF52 4723 Elliot Coates (868)\nDennis Coates Male 07/11/2024 12:51 PM Dennis Coates\nDREF51 4723 Elliot Coates (868)\nDennis Coates Male 07/11/2024 09:51 AM Dennis Coates\nDREF49 3704 Wordey Limpi (151)\nJack Limpi Female 06/22/2024 05:46 PM\nDREF47 4723 Elliot Coates (868)\nDennis Coates Male 05/22/2024 01:46 PM' == 'DREF49'" failed: SyntaxError: unterminated string literal (detected at line 1) (&lt;string&gt;, line 1)</status>
</iter>
<var>${element}</var>
<value>@{list_of_elements}</value>
<status status="FAIL" start="2024-07-11T13:18:05.132809" elapsed="0.077694">Evaluating expression "'Reference No Case ID Patient Name Guardian Name Gender Death Date Report\nDREF53 4723 Elliot Coates (868)\nDennis Coates Male 07/11/2024 12:55 PM Dennis Coates\nDREF52 4723 Elliot Coates (868)\nDennis Coates Male 07/11/2024 12:51 PM Dennis Coates\nDREF51 4723 Elliot Coates (868)\nDennis Coates Male 07/11/2024 09:51 AM Dennis Coates\nDREF49 3704 Wordey Limpi (151)\nJack Limpi Female 06/22/2024 05:46 PM\nDREF47 4723 Elliot Coates (868)\nDennis Coates Male 05/22/2024 01:46 PM' == 'DREF49'" failed: SyntaxError: unterminated string literal (detected at line 1) (&lt;string&gt;, line 1)</status>
</for>
<status status="FAIL" start="2024-07-11T13:18:04.860472" elapsed="0.350031">Evaluating expression "'Reference No Case ID Patient Name Guardian Name Gender Death Date Report\nDREF53 4723 Elliot Coates (868)\nDennis Coates Male 07/11/2024 12:55 PM Dennis Coates\nDREF52 4723 Elliot Coates (868)\nDennis Coates Male 07/11/2024 12:51 PM Dennis Coates\nDREF51 4723 Elliot Coates (868)\nDennis Coates Male 07/11/2024 09:51 AM Dennis Coates\nDREF49 3704 Wordey Limpi (151)\nJack Limpi Female 06/22/2024 05:46 PM\nDREF47 4723 Elliot Coates (868)\nDennis Coates Male 05/22/2024 01:46 PM' == 'DREF49'" failed: SyntaxError: unterminated string literal (detected at line 1) (&lt;string&gt;, line 1)</status>
</kw>
<kw name="close the browser" owner="GenericResources" type="TEARDOWN">
<kw name="Close Browser" owner="SeleniumLibrary">
<doc>Closes the current browser.</doc>
<status status="PASS" start="2024-07-11T13:18:05.210503" elapsed="2.434586"/>
</kw>
<status status="PASS" start="2024-07-11T13:18:05.210503" elapsed="2.434586"/>
</kw>
<status status="FAIL" start="2024-07-11T13:17:43.807339" elapsed="23.837750">Evaluating expression "'Reference No Case ID Patient Name Guardian Name Gender Death Date Report\nDREF53 4723 Elliot Coates (868)\nDennis Coates Male 07/11/2024 12:55 PM Dennis Coates\nDREF52 4723 Elliot Coates (868)\nDennis Coates Male 07/11/2024 12:51 PM Dennis Coates\nDREF51 4723 Elliot Coates (868)\nDennis Coates Male 07/11/2024 09:51 AM Dennis Coates\nDREF49 3704 Wordey Limpi (151)\nJack Limpi Female 06/22/2024 05:46 PM\nDREF47 4723 Elliot Coates (868)\nDennis Coates Male 05/22/2024 01:46 PM' == 'DREF49'" failed: SyntaxError: unterminated string literal (detected at line 1) (&lt;string&gt;, line 1)</status>
</test>
<doc>To validate the Login form</doc>
<status status="FAIL" start="2024-07-11T13:17:43.765234" elapsed="23.879855"/>
</suite>
<status status="FAIL" start="2024-07-11T12:53:32.763565" elapsed="1474.881524"/>
</suite>
<statistics>
<total>
<stat pass="53" fail="6" skip="0">All Tests</stat>
</total>
<tag>
<stat pass="4" fail="0" skip="0">confirmation</stat>
<stat pass="11" fail="2" skip="0">regression</stat>
<stat pass="25" fail="2" skip="0">smoke</stat>
</tag>
<suite>
<stat pass="53" fail="6" skip="0" id="s1" name="TestCases">TestCases</stat>
<stat pass="2" fail="0" skip="0" id="s1-s1" name="Invalid AddStockItem">TestCases.Invalid AddStockItem</stat>
<stat pass="2" fail="0" skip="0" id="s1-s2" name="Invalid postMessage">TestCases.Invalid postMessage</stat>
<stat pass="1" fail="0" skip="0" id="s1-s3" name="Test add invalid birth record">TestCases.Test add invalid birth record</stat>
<stat pass="0" fail="1" skip="0" id="s1-s4" name="Test add invalid death record">TestCases.Test add invalid death record</stat>
<stat pass="1" fail="0" skip="0" id="s1-s5" name="Test add valid birth record">TestCases.Test add valid birth record</stat>
<stat pass="1" fail="0" skip="0" id="s1-s6" name="Test add valid death record">TestCases.Test add valid death record</stat>
<stat pass="1" fail="0" skip="0" id="s1-s7" name="Test appointment history">TestCases.Test appointment history</stat>
<stat pass="1" fail="0" skip="0" id="s1-s8" name="Test Aproved search user appointment">TestCases.Test Aproved search user appointment</stat>
<stat pass="1" fail="0" skip="0" id="s1-s9" name="Test delete appointment">TestCases.Test delete appointment</stat>
<stat pass="1" fail="0" skip="0" id="s1-s10" name="Test empty user appointment">TestCases.Test empty user appointment</stat>
<stat pass="1" fail="0" skip="0" id="s1-s11" name="Test Invalid Addnewpatient">TestCases.Test Invalid Addnewpatient</stat>
<stat pass="4" fail="0" skip="0" id="s1-s12" name="Test invalid admin login">TestCases.Test invalid admin login</stat>
<stat pass="1" fail="0" skip="0" id="s1-s13" name="Test Invalid Billsearch">TestCases.Test Invalid Billsearch</stat>
<stat pass="5" fail="0" skip="0" id="s1-s14" name="Test Invalid Doctorlogin">TestCases.Test Invalid Doctorlogin</stat>
<stat pass="1" fail="0" skip="0" id="s1-s15" name="Test Invalid search birth record">TestCases.Test Invalid search birth record</stat>
<stat pass="1" fail="0" skip="0" id="s1-s16" name="Test Invalid search death record">TestCases.Test Invalid search death record</stat>
<stat pass="1" fail="0" skip="0" id="s1-s17" name="Test invalid slot apointment">TestCases.Test invalid slot apointment</stat>
<stat pass="0" fail="1" skip="0" id="s1-s18" name="Test Invalid Update Bedstatus">TestCases.Test Invalid Update Bedstatus</stat>
<stat pass="1" fail="0" skip="0" id="s1-s19" name="Test Invalid user appointment">TestCases.Test Invalid user appointment</stat>
<stat pass="0" fail="1" skip="0" id="s1-s20" name="Test Invalid Viewbillsearch">TestCases.Test Invalid Viewbillsearch</stat>
<stat pass="1" fail="0" skip="0" id="s1-s21" name="Test invalidAppionmentSearch">TestCases.Test invalidAppionmentSearch</stat>
<stat pass="2" fail="0" skip="0" id="s1-s22" name="Test invalidPatientSearch">TestCases.Test invalidPatientSearch</stat>
<stat pass="1" fail="0" skip="0" id="s1-s23" name="Test invalidSendMsg">TestCases.Test invalidSendMsg</stat>
<stat pass="1" fail="0" skip="0" id="s1-s24" name="Test invalisSendSMS">TestCases.Test invalisSendSMS</stat>
<stat pass="1" fail="0" skip="0" id="s1-s25" name="Test search appointment history">TestCases.Test search appointment history</stat>
<stat pass="1" fail="0" skip="0" id="s1-s26" name="Test Valid Addnewpatient">TestCases.Test Valid Addnewpatient</stat>
<stat pass="1" fail="0" skip="0" id="s1-s27" name="Test valid appointment">TestCases.Test valid appointment</stat>
<stat pass="1" fail="0" skip="0" id="s1-s28" name="Test Valid Billsearch">TestCases.Test Valid Billsearch</stat>
<stat pass="2" fail="0" skip="0" id="s1-s29" name="Test Valid Doctorlogin">TestCases.Test Valid Doctorlogin</stat>
<stat pass="1" fail="0" skip="0" id="s1-s30" name="Test Valid Notificationdelete">TestCases.Test Valid Notificationdelete</stat>
<stat pass="0" fail="1" skip="0" id="s1-s31" name="Test Valid Payment">TestCases.Test Valid Payment</stat>
<stat pass="1" fail="0" skip="0" id="s1-s32" name="Test valid search birth record">TestCases.Test valid search birth record</stat>
<stat pass="1" fail="0" skip="0" id="s1-s33" name="Test valid search death record">TestCases.Test valid search death record</stat>
<stat pass="0" fail="1" skip="0" id="s1-s34" name="Test Valid Update Bedstatus">TestCases.Test Valid Update Bedstatus</stat>
<stat pass="1" fail="0" skip="0" id="s1-s35" name="Test valid User Apppointment">TestCases.Test valid User Apppointment</stat>
<stat pass="1" fail="0" skip="0" id="s1-s36" name="Test valid user payment">TestCases.Test valid user payment</stat>
<stat pass="1" fail="0" skip="0" id="s1-s37" name="Test Valid Userlogin">TestCases.Test Valid Userlogin</stat>
<stat pass="1" fail="0" skip="0" id="s1-s38" name="Test Valid Viewbilldetails">TestCases.Test Valid Viewbilldetails</stat>
<stat pass="2" fail="0" skip="0" id="s1-s39" name="Test validAddStockItem">TestCases.Test validAddStockItem</stat>
<stat pass="1" fail="0" skip="0" id="s1-s40" name="Test validAdminLogin">TestCases.Test validAdminLogin</stat>
<stat pass="1" fail="0" skip="0" id="s1-s41" name="Test validAppionmentSearch">TestCases.Test validAppionmentSearch</stat>
<stat pass="1" fail="0" skip="0" id="s1-s42" name="Test validPatientSearch">TestCases.Test validPatientSearch</stat>
<stat pass="1" fail="0" skip="0" id="s1-s43" name="Test validPostMessage">TestCases.Test validPostMessage</stat>
<stat pass="1" fail="0" skip="0" id="s1-s44" name="Test validQueueSearch">TestCases.Test validQueueSearch</stat>
<stat pass="1" fail="0" skip="0" id="s1-s45" name="Test validSendSMS">TestCases.Test validSendSMS</stat>
<stat pass="1" fail="0" skip="0" id="s1-s46" name="Valid Search Birth Record">TestCases.Valid Search Birth Record</stat>
<stat pass="0" fail="1" skip="0" id="s1-s47" name="Valid Search Death Record">TestCases.Valid Search Death Record</stat>
</suite>
</statistics>
<errors>
<msg time="2024-07-11T13:01:51.064054" level="WARN">Multiple tests with name 'To validate invalid login of admin' executed in suite 'TestCases.Test invalid admin login'.</msg>
<msg time="2024-07-11T13:02:04.629420" level="WARN">Multiple tests with name 'To validate invalid login of admin' executed in suite 'TestCases.Test invalid admin login'.</msg>
<msg time="2024-07-11T13:02:17.905097" level="WARN">Multiple tests with name 'To validate invalid login of admin' executed in suite 'TestCases.Test invalid admin login'.</msg>
<msg time="2024-07-11T13:14:02.788964" level="ERROR">[ DataDriver ] Error in robot file:
  File "D:\Kiruthika_robot\Pilot_Project_Smart_hospital_Team3\TestCases\Test_validAddStockItem.robot", line 0</msg>
<msg time="2024-07-11T13:14:02.789866" level="ERROR">In source file:
  File "../TestData/SampleMessage.xlsx", line 0</msg>
<msg time="2024-07-11T13:14:02.793366" level="ERROR">Calling method '_start_suite' of listener 'DataDriver' failed: AttributeError: No "Test Template" keyword found for first test case.</msg>
</errors>
</robot>
