<?xml version="1.0" encoding="UTF-8"?>
<robot generator="Robot 7.0 (Python 3.12.2 on win32)" generated="2024-05-28T17:00:13.269509" rpa="false" schemaversion="5">
<suite id="s1" name="TestCases" source="D:\main_repository\Pilot_Project_Smart_hospital_Team3\TestCases">
<suite id="s1-s1" name="Test valid User Apppointment" source="D:\main_repository\Pilot_Project_Smart_hospital_Team3\TestCases\Test_valid_User_Apppointment.robot">
<test id="s1-s1-t1" name="valid user appointement" line="18">
<kw name="Open the browser with url" owner="GenericResources" type="SETUP">
<kw name="Create Webdriver" owner="SeleniumLibrary">
<msg time="2024-05-28T17:00:18.038160" level="INFO">Creating an instance of the Chrome WebDriver.</msg>
<arg>Chrome</arg>
<doc>Creates an instance of Selenium WebDriver.</doc>
<status status="PASS" start="2024-05-28T17:00:18.037147" elapsed="2.862865"/>
</kw>
<kw name="Go To" owner="SeleniumLibrary">
<msg time="2024-05-28T17:00:20.901528" level="INFO">Opening url 'https://demo.smart-hospital.in/'</msg>
<arg>${url}</arg>
<doc>Navigates the current browser window to the provided ``url``.</doc>
<status status="PASS" start="2024-05-28T17:00:20.901014" elapsed="0.971053"/>
</kw>
<kw name="Maximize Browser Window" owner="SeleniumLibrary">
<doc>Maximizes current browser window.</doc>
<status status="PASS" start="2024-05-28T17:00:21.872067" elapsed="5.050458"/>
</kw>
<kw name="Set Selenium Implicit Wait" owner="SeleniumLibrary">
<arg>5</arg>
<doc>Sets the implicit wait value used by Selenium.</doc>
<status status="PASS" start="2024-05-28T17:00:26.926524" elapsed="0.027055"/>
</kw>
<status status="PASS" start="2024-05-28T17:00:18.035639" elapsed="8.918942"/>
</kw>
<kw name="validate the user appointment">
<kw name="click the log in button" owner="GenericResources">
<kw name="Click Element" owner="SeleniumLibrary">
<msg time="2024-05-28T17:00:26.959617" level="INFO">Clicking element 'xpath://ul[@class="top-right"]//a'.</msg>
<arg>${login_button}</arg>
<doc>Click the element identified by ``locator``.</doc>
<status status="PASS" start="2024-05-28T17:00:26.958107" elapsed="2.797631"/>
</kw>
<status status="PASS" start="2024-05-28T17:00:26.955576" elapsed="2.801157"/>
</kw>
<kw name="Click the signin button" owner="LoginResources">
<kw name="Click Button" owner="SeleniumLibrary">
<msg time="2024-05-28T17:00:29.763737" level="INFO">Clicking button 'css:button[class='btn']'.</msg>
<arg>${signin_button}</arg>
<doc>Clicks the button identified by ``locator``.</doc>
<status status="PASS" start="2024-05-28T17:00:29.760729" elapsed="6.394396"/>
</kw>
<status status="PASS" start="2024-05-28T17:00:29.758734" elapsed="6.396391"/>
</kw>
<kw name="click the my appointment button" owner="UserResources">
<kw name="Wait Until Element Is Visible" owner="SeleniumLibrary">
<arg>${My_appointment_button}</arg>
<doc>Waits until the element ``locator`` is visible.</doc>
<status status="PASS" start="2024-05-28T17:00:36.156135" elapsed="0.063603"/>
</kw>
<kw name="Click Element" owner="SeleniumLibrary">
<msg time="2024-05-28T17:00:36.220734" level="INFO">Clicking element 'css:i[class='fas fa-hospital-alt']'.</msg>
<arg>${My_appointment_button}</arg>
<doc>Click the element identified by ``locator``.</doc>
<status status="PASS" start="2024-05-28T17:00:36.220734" elapsed="1.656832"/>
</kw>
<status status="PASS" start="2024-05-28T17:00:36.155125" elapsed="1.723439"/>
</kw>
<kw name="Fill the user apointment form" owner="UserResources">
<kw name="Click Element" owner="SeleniumLibrary">
<msg time="2024-05-28T17:00:37.880562" level="INFO">Clicking element 'css:a[class='btn btn-primary btn-sm']'.</msg>
<arg>${Add_appointment}</arg>
<doc>Click the element identified by ``locator``.</doc>
<status status="PASS" start="2024-05-28T17:00:37.879567" elapsed="0.210225"/>
</kw>
<kw name="Input Text" owner="SeleniumLibrary">
<msg time="2024-05-28T17:00:38.091809" level="INFO">Typing text '05-30-2024' into text field 'id:dates'.</msg>
<arg>${Date}</arg>
<arg>${Date_data}</arg>
<doc>Types the given ``text`` into the text field identified by ``locator``.</doc>
<status status="PASS" start="2024-05-28T17:00:38.090809" elapsed="0.345557"/>
</kw>
<kw name="Select From List By Value" owner="SeleniumLibrary">
<msg time="2024-05-28T17:00:38.437368" level="INFO">Selecting options from selection list 'id:specialist' by value 2.</msg>
<arg>${Speacialist}</arg>
<arg>2</arg>
<doc>Selects options from selection list ``locator`` by ``values``.</doc>
<status status="PASS" start="2024-05-28T17:00:38.437368" elapsed="0.152845"/>
</kw>
<kw name="Select From List By Value" owner="SeleniumLibrary">
<msg time="2024-05-28T17:00:38.591213" level="INFO">Selecting options from selection list 'id:doctor' by value 12.</msg>
<arg>${Doctor}</arg>
<arg>12</arg>
<doc>Selects options from selection list ``locator`` by ``values``.</doc>
<status status="PASS" start="2024-05-28T17:00:38.590213" elapsed="0.346444"/>
</kw>
<kw name="Select From List By Value" owner="SeleniumLibrary">
<msg time="2024-05-28T17:00:38.937653" level="INFO">Selecting options from selection list 'xpath:(//select[@class='form-control select2'])[1]' by value 1.</msg>
<arg>${Shift_feild}</arg>
<arg>1</arg>
<doc>Selects options from selection list ``locator`` by ``values``.</doc>
<status status="PASS" start="2024-05-28T17:00:38.936657" elapsed="0.307529"/>
</kw>
<kw name="Select From List By Value" owner="SeleniumLibrary">
<msg time="2024-05-28T17:00:39.245188" level="INFO">Selecting options from selection list 'id:shift_id' by value 39.</msg>
<arg>${Slot_feild}</arg>
<arg>39</arg>
<doc>Selects options from selection list ``locator`` by ``values``.</doc>
<status status="PASS" start="2024-05-28T17:00:39.244186" elapsed="0.306981"/>
</kw>
<arg>${Date_data}</arg>
<status status="PASS" start="2024-05-28T17:00:37.878564" elapsed="1.673599"/>
</kw>
<kw name="Fill the user apointment remaining form" owner="UserResources">
<kw name="Select From List By Index" owner="SeleniumLibrary">
<msg time="2024-05-28T17:00:39.553161" level="INFO">Selecting options from selection list 'name:priority' by index 2.</msg>
<arg>${appointment_prioirity_feild}</arg>
<arg>2</arg>
<doc>Selects options from selection list ``locator`` by ``indexes``.</doc>
<status status="PASS" start="2024-05-28T17:00:39.552163" elapsed="0.170850"/>
</kw>
<kw name="Input Text" owner="SeleniumLibrary">
<msg time="2024-05-28T17:00:39.725015" level="INFO">Typing text 'suffering from stomach pain' into text field 'name:message'.</msg>
<arg>${message_feild}</arg>
<arg>${Message_data}</arg>
<doc>Types the given ``text`` into the text field identified by ``locator``.</doc>
<status status="PASS" start="2024-05-28T17:00:39.724015" elapsed="0.174441"/>
</kw>
<kw name="Select From List By Label" owner="SeleniumLibrary">
<msg time="2024-05-28T17:00:39.900462" level="INFO">Selecting options from selection list 'id:live_consult' by label Yes.</msg>
<arg>${live_consulting}</arg>
<arg>Yes</arg>
<doc>Selects options from selection list ``locator`` by ``labels``.</doc>
<status status="PASS" start="2024-05-28T17:00:39.899460" elapsed="0.121281"/>
</kw>
<kw name="Input Text" owner="SeleniumLibrary">
<msg time="2024-05-28T17:00:40.021745" level="INFO">Typing text 'jayanagar' into text field 'css:textarea[id='custom_fields[appointment][4]']'.</msg>
<arg>${alternate_adress}</arg>
<arg>${adress}</arg>
<doc>Types the given ``text`` into the text field identified by ``locator``.</doc>
<status status="PASS" start="2024-05-28T17:00:40.020741" elapsed="0.164835"/>
</kw>
<arg>${Message_data}</arg>
<arg>${adress}</arg>
<status status="PASS" start="2024-05-28T17:00:39.552163" elapsed="0.634413"/>
</kw>
<kw name="choose valid slot" owner="UserResources">
<kw name="Click Element" owner="SeleniumLibrary">
<msg time="2024-05-28T17:00:40.188100" level="INFO">Clicking element 'id:slot_0'.</msg>
<arg>${Available_slots}</arg>
<doc>Click the element identified by ``locator``.</doc>
<status status="PASS" start="2024-05-28T17:00:40.187090" elapsed="0.080667"/>
</kw>
<status status="PASS" start="2024-05-28T17:00:40.186576" elapsed="0.081181"/>
</kw>
<kw name="save button" owner="UserResources">
<kw name="Click Button" owner="SeleniumLibrary">
<msg time="2024-05-28T17:00:40.269760" level="INFO">Clicking button 'css:button[class='btn btn-info pull-right']'.</msg>
<arg>${save_btn}</arg>
<doc>Clicks the button identified by ``locator``.</doc>
<status status="PASS" start="2024-05-28T17:00:40.269760" elapsed="0.117635"/>
</kw>
<status status="PASS" start="2024-05-28T17:00:40.268756" elapsed="0.118639"/>
</kw>
<arg>Date_data=05-30-2024</arg>
<arg>Message_data=suffering from stomach pain</arg>
<arg>adress=jayanagar</arg>
<status status="PASS" start="2024-05-28T17:00:26.954581" elapsed="13.432814"/>
</kw>
<kw name="close the browser" owner="GenericResources" type="TEARDOWN">
<kw name="Close Browser" owner="SeleniumLibrary">
<doc>Closes the current browser.</doc>
<status status="PASS" start="2024-05-28T17:00:40.389908" elapsed="5.075020"/>
</kw>
<status status="PASS" start="2024-05-28T17:00:40.387395" elapsed="5.078497"/>
</kw>
<tag>smoke</tag>
<status status="PASS" start="2024-05-28T17:00:18.025703" elapsed="27.440189"/>
</test>
<doc>To validate the user apointment</doc>
<status status="PASS" start="2024-05-28T17:00:13.610197" elapsed="31.857715"/>
</suite>
<status status="PASS" start="2024-05-28T17:00:13.442995" elapsed="32.026914"/>
</suite>
<statistics>
<total>
<stat pass="1" fail="0" skip="0">All Tests</stat>
</total>
<tag>
<stat pass="1" fail="0" skip="0">smoke</stat>
</tag>
<suite>
<stat pass="1" fail="0" skip="0" id="s1" name="TestCases">TestCases</stat>
<stat pass="1" fail="0" skip="0" id="s1-s1" name="Test valid User Apppointment">TestCases.Test valid User Apppointment</stat>
</suite>
</statistics>
<errors>
</errors>
</robot>
