<?xml version="1.0" encoding="UTF-8"?>
<robot generator="Robot 7.0 (Python 3.12.2 on win32)" generated="2024-05-28T16:58:33.198778" rpa="false" schemaversion="5">
<suite id="s1" name="TestCases" source="D:\main_repository\Pilot_Project_Smart_hospital_Team3\TestCases">
<suite id="s1-s1" name="Test Invalid Doctorlogin" source="D:\main_repository\Pilot_Project_Smart_hospital_Team3\TestCases\Test_Invalid_Doctorlogin.robot">
<test id="s1-s1-t1" name="Unsucessfull doctor login using invalid login credentials" line="12">
<kw name="Open the browser with url" owner="GenericResources" type="SETUP">
<kw name="Create Webdriver" owner="SeleniumLibrary">
<msg time="2024-05-28T16:58:33.757545" level="INFO">Creating an instance of the Chrome WebDriver.</msg>
<arg>Chrome</arg>
<doc>Creates an instance of Selenium WebDriver.</doc>
<status status="PASS" start="2024-05-28T16:58:33.749533" elapsed="8.606140"/>
</kw>
<kw name="Go To" owner="SeleniumLibrary">
<msg time="2024-05-28T16:58:42.356672" level="INFO">Opening url 'https://demo.smart-hospital.in/'</msg>
<arg>${url}</arg>
<doc>Navigates the current browser window to the provided ``url``.</doc>
<status status="PASS" start="2024-05-28T16:58:42.355673" elapsed="3.821742"/>
</kw>
<kw name="Maximize Browser Window" owner="SeleniumLibrary">
<doc>Maximizes current browser window.</doc>
<status status="PASS" start="2024-05-28T16:58:46.177415" elapsed="5.592604"/>
</kw>
<kw name="Set Selenium Implicit Wait" owner="SeleniumLibrary">
<arg>5</arg>
<doc>Sets the implicit wait value used by Selenium.</doc>
<status status="PASS" start="2024-05-28T16:58:51.770019" elapsed="0.009008"/>
</kw>
<status status="PASS" start="2024-05-28T16:58:33.749533" elapsed="18.030497"/>
</kw>
<kw name="Click the login in button" owner="GenericResources">
<kw name="Click Element" owner="SeleniumLibrary">
<msg time="2024-05-28T16:58:51.802590" level="INFO">Clicking element 'xpath://ul[@class="top-right"]//a'.</msg>
<arg>${login_button}</arg>
<doc>Click the element identified by ``locator``.</doc>
<status status="PASS" start="2024-05-28T16:58:51.787040" elapsed="4.311057"/>
</kw>
<status status="PASS" start="2024-05-28T16:58:51.784042" elapsed="4.315054"/>
</kw>
<kw name="Fill the login form with login credentials for doctor" owner="LoginResources">
<kw name="Click Link" owner="SeleniumLibrary">
<msg time="2024-05-28T16:58:56.103108" level="INFO">Clicking link 'xpath://i[@class="fa fa-user"]//parent::a'.</msg>
<arg>${admin_login_button}</arg>
<doc>Clicks a link identified by ``locator``.</doc>
<status status="PASS" start="2024-05-28T16:58:56.101094" elapsed="1.037872"/>
</kw>
<kw name="Switch Window" owner="SeleniumLibrary">
<arg>new</arg>
<doc>Switches to browser window matching ``locator``.</doc>
<status status="PASS" start="2024-05-28T16:58:57.143508" elapsed="18.112773"/>
</kw>
<kw name="Input Text" owner="SeleniumLibrary">
<msg time="2024-05-28T16:59:15.260962" level="INFO">Typing text 'sonia@gmail.com' into text field 'css:input[name='username']'.</msg>
<arg>${username_field}</arg>
<arg>${username}</arg>
<doc>Types the given ``text`` into the text field identified by ``locator``.</doc>
<status status="PASS" start="2024-05-28T16:59:15.257326" elapsed="1.443561"/>
</kw>
<kw name="Input Password" owner="SeleniumLibrary">
<msg time="2024-05-28T16:59:16.702890" level="INFO">Typing password into text field 'css:input[name='password']'.</msg>
<msg time="2024-05-28T16:59:16.893397" level="INFO">Temporally setting log level to: NONE</msg>
<arg>${password_field}</arg>
<arg>${password}</arg>
<doc>Types the given password into the text field identified by ``locator``.</doc>
<status status="PASS" start="2024-05-28T16:59:16.701892" elapsed="0.334918"/>
</kw>
<kw name="Click Button" owner="SeleniumLibrary">
<msg time="2024-05-28T16:59:17.037807" level="INFO">Clicking button 'css:button[class='btn']'.</msg>
<arg>${signin_button}</arg>
<doc>Clicks the button identified by ``locator``.</doc>
<status status="PASS" start="2024-05-28T16:59:17.037807" elapsed="0.782127"/>
</kw>
<arg>${doctor_valid_username}</arg>
<arg>${doctor_invalid_password}</arg>
<status status="PASS" start="2024-05-28T16:58:56.099096" elapsed="21.722825"/>
</kw>
<kw name="Verify the unsucessfull login with invalid credentials" owner="LoginResources">
<kw name="Element Text Should Be" owner="SeleniumLibrary">
<msg time="2024-05-28T16:59:17.831909" level="INFO">Verifying element 'css:div[class="alert alert-danger"]' contains exact text 'Invalid Username or Password'.</msg>
<arg>${invalid_credentials_message}</arg>
<arg>Invalid Username or Password</arg>
<doc>Verifies that element ``locator`` contains exact the text ``expected``.</doc>
<status status="PASS" start="2024-05-28T16:59:17.828924" elapsed="0.129061"/>
</kw>
<status status="PASS" start="2024-05-28T16:59:17.823913" elapsed="0.135065"/>
</kw>
<kw name="close the browser" owner="GenericResources" type="TEARDOWN">
<kw name="Close Browser" owner="SeleniumLibrary">
<doc>Closes the current browser.</doc>
<status status="PASS" start="2024-05-28T16:59:17.960995" elapsed="7.242471"/>
</kw>
<status status="PASS" start="2024-05-28T16:59:17.959977" elapsed="7.243489"/>
</kw>
<status status="PASS" start="2024-05-28T16:58:33.749533" elapsed="51.453933"/>
</test>
<test id="s1-s1-t2" name="Unsucessfull doctor login by clicking invalid user role" line="17">
<kw name="Open the browser with url" owner="GenericResources" type="SETUP">
<kw name="Create Webdriver" owner="SeleniumLibrary">
<msg time="2024-05-28T16:59:25.205980" level="INFO">Creating an instance of the Chrome WebDriver.</msg>
<arg>Chrome</arg>
<doc>Creates an instance of Selenium WebDriver.</doc>
<status status="PASS" start="2024-05-28T16:59:25.203466" elapsed="1.794571"/>
</kw>
<kw name="Go To" owner="SeleniumLibrary">
<msg time="2024-05-28T16:59:26.998037" level="INFO">Opening url 'https://demo.smart-hospital.in/'</msg>
<arg>${url}</arg>
<doc>Navigates the current browser window to the provided ``url``.</doc>
<status status="PASS" start="2024-05-28T16:59:26.998037" elapsed="4.662978"/>
</kw>
<kw name="Maximize Browser Window" owner="SeleniumLibrary">
<doc>Maximizes current browser window.</doc>
<status status="PASS" start="2024-05-28T16:59:31.662014" elapsed="0.160151"/>
</kw>
<kw name="Set Selenium Implicit Wait" owner="SeleniumLibrary">
<arg>5</arg>
<doc>Sets the implicit wait value used by Selenium.</doc>
<status status="PASS" start="2024-05-28T16:59:31.823168" elapsed="0.013539"/>
</kw>
<status status="PASS" start="2024-05-28T16:59:25.203466" elapsed="6.634243"/>
</kw>
<kw name="Click the login in button" owner="GenericResources">
<kw name="Click Element" owner="SeleniumLibrary">
<msg time="2024-05-28T16:59:31.842248" level="INFO">Clicking element 'xpath://ul[@class="top-right"]//a'.</msg>
<arg>${login_button}</arg>
<doc>Click the element identified by ``locator``.</doc>
<status status="PASS" start="2024-05-28T16:59:31.840273" elapsed="2.444594"/>
</kw>
<status status="PASS" start="2024-05-28T16:59:31.837709" elapsed="2.448153"/>
</kw>
<kw name="Fill the unsuccessfull login form by clicking the doctor role" owner="LoginResources">
<kw name="Click Link" owner="SeleniumLibrary">
<msg time="2024-05-28T16:59:34.287854" level="INFO">Clicking link 'xpath://i[@class="fa fa-user"]//parent::a'.</msg>
<arg>${admin_login_button}</arg>
<doc>Clicks a link identified by ``locator``.</doc>
<status status="PASS" start="2024-05-28T16:59:34.287854" elapsed="0.782578"/>
</kw>
<kw name="Switch Window" owner="SeleniumLibrary">
<arg>new</arg>
<doc>Switches to browser window matching ``locator``.</doc>
<status status="PASS" start="2024-05-28T16:59:35.070432" elapsed="0.041871"/>
</kw>
<kw name="Click Link" owner="SeleniumLibrary">
<msg time="2024-05-28T16:59:35.113300" level="INFO">Clicking link 'xpath://a[text()='Pharmacist']'.</msg>
<arg>${invalid_doctor_button}</arg>
<doc>Clicks a link identified by ``locator``.</doc>
<status status="PASS" start="2024-05-28T16:59:35.113300" elapsed="0.312771"/>
</kw>
<kw name="Click Button" owner="SeleniumLibrary">
<msg time="2024-05-28T16:59:35.427073" level="INFO">Clicking button 'css:button[class='btn']'.</msg>
<arg>${signin_button}</arg>
<doc>Clicks the button identified by ``locator``.</doc>
<status status="PASS" start="2024-05-28T16:59:35.426071" elapsed="6.536029"/>
</kw>
<status status="PASS" start="2024-05-28T16:59:34.286856" elapsed="7.676238"/>
</kw>
<kw name="Verify the unsuccessfull login with valid credentials for doctor" owner="LoginResources">
<kw name="Click Link" owner="SeleniumLibrary">
<msg time="2024-05-28T16:59:41.966099" level="INFO">Clicking link 'css:a[class="dropdown-toggle"]'.</msg>
<arg>${pofile_icon}</arg>
<doc>Clicks a link identified by ``locator``.</doc>
<status status="PASS" start="2024-05-28T16:59:41.965099" elapsed="0.379829"/>
</kw>
<kw name="Element Text Should Not Be" owner="SeleniumLibrary">
<msg time="2024-05-28T16:59:42.347928" level="INFO">Verifying element 'css:div[class="sstopuser-test"] h5' does not contain exact text 'Doctor'.</msg>
<arg>${profile_name}</arg>
<arg>Doctor</arg>
<doc>Verifies that element ``locator`` does not contain exact the text ``not_expected``.</doc>
<status status="PASS" start="2024-05-28T16:59:42.345927" elapsed="0.151288"/>
</kw>
<status status="PASS" start="2024-05-28T16:59:41.964101" elapsed="0.533114"/>
</kw>
<kw name="close the browser" owner="GenericResources" type="TEARDOWN">
<kw name="Close Browser" owner="SeleniumLibrary">
<doc>Closes the current browser.</doc>
<status status="PASS" start="2024-05-28T16:59:42.502211" elapsed="19.814893"/>
</kw>
<status status="PASS" start="2024-05-28T16:59:42.499211" elapsed="19.818909"/>
</kw>
<status status="PASS" start="2024-05-28T16:59:25.203466" elapsed="37.114654"/>
</test>
<test id="s1-s1-t3" name="Unsucessfull doctor login with blank username and password" line="22">
<kw name="Open the browser with url" owner="GenericResources" type="SETUP">
<kw name="Create Webdriver" owner="SeleniumLibrary">
<msg time="2024-05-28T17:00:02.326119" level="INFO">Creating an instance of the Chrome WebDriver.</msg>
<arg>Chrome</arg>
<doc>Creates an instance of Selenium WebDriver.</doc>
<status status="PASS" start="2024-05-28T17:00:02.325127" elapsed="2.049468"/>
</kw>
<kw name="Go To" owner="SeleniumLibrary">
<msg time="2024-05-28T17:00:04.374595" level="INFO">Opening url 'https://demo.smart-hospital.in/'</msg>
<arg>${url}</arg>
<doc>Navigates the current browser window to the provided ``url``.</doc>
<status status="PASS" start="2024-05-28T17:00:04.374595" elapsed="3.682262"/>
</kw>
<kw name="Maximize Browser Window" owner="SeleniumLibrary">
<doc>Maximizes current browser window.</doc>
<status status="PASS" start="2024-05-28T17:00:08.056857" elapsed="0.068717"/>
</kw>
<kw name="Set Selenium Implicit Wait" owner="SeleniumLibrary">
<arg>5</arg>
<doc>Sets the implicit wait value used by Selenium.</doc>
<status status="PASS" start="2024-05-28T17:00:08.125574" elapsed="0.003625"/>
</kw>
<status status="PASS" start="2024-05-28T17:00:02.322120" elapsed="5.807079"/>
</kw>
<kw name="Click the login in button" owner="GenericResources">
<kw name="Click Element" owner="SeleniumLibrary">
<msg time="2024-05-28T17:00:08.132199" level="INFO">Clicking element 'xpath://ul[@class="top-right"]//a'.</msg>
<arg>${login_button}</arg>
<doc>Click the element identified by ``locator``.</doc>
<status status="PASS" start="2024-05-28T17:00:08.131201" elapsed="1.963660"/>
</kw>
<status status="PASS" start="2024-05-28T17:00:08.130200" elapsed="1.965174"/>
</kw>
<kw name="Click the admin login button" owner="LoginResources">
<kw name="Click Link" owner="SeleniumLibrary">
<msg time="2024-05-28T17:00:10.097388" level="INFO">Clicking link 'xpath://i[@class="fa fa-user"]//parent::a'.</msg>
<arg>${admin_login_button}</arg>
<doc>Clicks a link identified by ``locator``.</doc>
<status status="PASS" start="2024-05-28T17:00:10.096390" elapsed="1.759018"/>
</kw>
<kw name="Switch Window" owner="SeleniumLibrary">
<arg>new</arg>
<doc>Switches to browser window matching ``locator``.</doc>
<status status="PASS" start="2024-05-28T17:00:11.857404" elapsed="0.046726"/>
</kw>
<status status="PASS" start="2024-05-28T17:00:10.095374" elapsed="1.808756"/>
</kw>
<kw name="Click the signin button" owner="LoginResources">
<kw name="Click Button" owner="SeleniumLibrary">
<msg time="2024-05-28T17:00:11.907055" level="INFO">Clicking button 'css:button[class='btn']'.</msg>
<arg>${signin_button}</arg>
<doc>Clicks the button identified by ``locator``.</doc>
<status status="PASS" start="2024-05-28T17:00:11.905498" elapsed="0.708617"/>
</kw>
<status status="PASS" start="2024-05-28T17:00:11.905498" elapsed="0.709130"/>
</kw>
<kw name="Verify the unsuccessfull login with blank credentials" owner="LoginResources">
<kw name="Element Text Should Be" owner="SeleniumLibrary">
<msg time="2024-05-28T17:00:12.617657" level="INFO">Verifying element 'css:input[name='username']+span&gt;p' contains exact text 'The Username field is required.'.</msg>
<arg>${required_username_message}</arg>
<arg>The Username field is required.</arg>
<doc>Verifies that element ``locator`` contains exact the text ``expected``.</doc>
<status status="PASS" start="2024-05-28T17:00:12.616644" elapsed="0.224575"/>
</kw>
<kw name="Element Text Should Be" owner="SeleniumLibrary">
<msg time="2024-05-28T17:00:12.844221" level="INFO">Verifying element 'css:input[name='password']+span&gt;p' contains exact text 'The Password field is required.'.</msg>
<arg>${required_password_message}</arg>
<arg>The Password field is required.</arg>
<doc>Verifies that element ``locator`` contains exact the text ``expected``.</doc>
<status status="PASS" start="2024-05-28T17:00:12.843241" elapsed="0.157564"/>
</kw>
<status status="PASS" start="2024-05-28T17:00:12.615645" elapsed="0.386684"/>
</kw>
<kw name="close the browser" owner="GenericResources" type="TEARDOWN">
<kw name="Close Browser" owner="SeleniumLibrary">
<doc>Closes the current browser.</doc>
<status status="PASS" start="2024-05-28T17:00:13.004354" elapsed="30.831914"/>
</kw>
<status status="PASS" start="2024-05-28T17:00:13.002329" elapsed="30.834871"/>
</kw>
<status status="PASS" start="2024-05-28T17:00:02.321117" elapsed="41.516083"/>
</test>
<test id="s1-s1-t4" name="Unsucessfull doctor login with blank username" line="28">
<kw name="Open the browser with url" owner="GenericResources" type="SETUP">
<kw name="Create Webdriver" owner="SeleniumLibrary">
<msg time="2024-05-28T17:00:43.842358" level="INFO">Creating an instance of the Chrome WebDriver.</msg>
<arg>Chrome</arg>
<doc>Creates an instance of Selenium WebDriver.</doc>
<status status="PASS" start="2024-05-28T17:00:43.841346" elapsed="1.783245"/>
</kw>
<kw name="Go To" owner="SeleniumLibrary">
<msg time="2024-05-28T17:00:45.624591" level="INFO">Opening url 'https://demo.smart-hospital.in/'</msg>
<arg>${url}</arg>
<doc>Navigates the current browser window to the provided ``url``.</doc>
<status status="PASS" start="2024-05-28T17:00:45.624591" elapsed="2.445541"/>
</kw>
<kw name="Maximize Browser Window" owner="SeleniumLibrary">
<doc>Maximizes current browser window.</doc>
<status status="PASS" start="2024-05-28T17:00:48.070132" elapsed="0.056716"/>
</kw>
<kw name="Set Selenium Implicit Wait" owner="SeleniumLibrary">
<arg>5</arg>
<doc>Sets the implicit wait value used by Selenium.</doc>
<status status="PASS" start="2024-05-28T17:00:48.126848" elapsed="0.002000"/>
</kw>
<status status="PASS" start="2024-05-28T17:00:43.839707" elapsed="4.290143"/>
</kw>
<kw name="Click the login in button" owner="GenericResources">
<kw name="Click Element" owner="SeleniumLibrary">
<msg time="2024-05-28T17:00:48.130851" level="INFO">Clicking element 'xpath://ul[@class="top-right"]//a'.</msg>
<arg>${login_button}</arg>
<doc>Click the element identified by ``locator``.</doc>
<status status="PASS" start="2024-05-28T17:00:48.129850" elapsed="1.729391"/>
</kw>
<status status="PASS" start="2024-05-28T17:00:48.129850" elapsed="1.729391"/>
</kw>
<kw name="Fill the login form with login credentials for doctor" owner="LoginResources">
<kw name="Click Link" owner="SeleniumLibrary">
<msg time="2024-05-28T17:00:49.861240" level="INFO">Clicking link 'xpath://i[@class="fa fa-user"]//parent::a'.</msg>
<arg>${admin_login_button}</arg>
<doc>Clicks a link identified by ``locator``.</doc>
<status status="PASS" start="2024-05-28T17:00:49.860240" elapsed="0.460032"/>
</kw>
<kw name="Switch Window" owner="SeleniumLibrary">
<arg>new</arg>
<doc>Switches to browser window matching ``locator``.</doc>
<status status="PASS" start="2024-05-28T17:00:50.320272" elapsed="0.020816"/>
</kw>
<kw name="Input Text" owner="SeleniumLibrary">
<msg time="2024-05-28T17:00:50.348050" level="INFO">Typing text '' into text field 'css:input[name='username']'.</msg>
<arg>${username_field}</arg>
<arg>${username}</arg>
<doc>Types the given ``text`` into the text field identified by ``locator``.</doc>
<status status="PASS" start="2024-05-28T17:00:50.348050" elapsed="0.859399"/>
</kw>
<kw name="Input Password" owner="SeleniumLibrary">
<msg time="2024-05-28T17:00:51.208448" level="INFO">Typing password into text field 'css:input[name='password']'.</msg>
<msg time="2024-05-28T17:00:51.293508" level="INFO">Temporally setting log level to: NONE</msg>
<arg>${password_field}</arg>
<arg>${password}</arg>
<doc>Types the given password into the text field identified by ``locator``.</doc>
<status status="PASS" start="2024-05-28T17:00:51.207449" elapsed="0.192900"/>
</kw>
<kw name="Click Button" owner="SeleniumLibrary">
<msg time="2024-05-28T17:00:51.401346" level="INFO">Clicking button 'css:button[class='btn']'.</msg>
<arg>${signin_button}</arg>
<doc>Clicks the button identified by ``locator``.</doc>
<status status="PASS" start="2024-05-28T17:00:51.400349" elapsed="0.632256"/>
</kw>
<arg>username=</arg>
<arg>password="sdfghj"</arg>
<status status="PASS" start="2024-05-28T17:00:49.859241" elapsed="2.174349"/>
</kw>
<kw name="Verify the unsucessfull login with the blank username" owner="LoginResources">
<kw name="Element Text Should Be" owner="SeleniumLibrary">
<msg time="2024-05-28T17:00:52.038593" level="INFO">Verifying element 'css:input[name='username']+span&gt;p' contains exact text 'The Username field is required.'.</msg>
<arg>${required_username_message}</arg>
<arg>The Username field is required.</arg>
<doc>Verifies that element ``locator`` contains exact the text ``expected``.</doc>
<status status="PASS" start="2024-05-28T17:00:52.036594" elapsed="0.086820"/>
</kw>
<status status="PASS" start="2024-05-28T17:00:52.034601" elapsed="0.088813"/>
</kw>
<kw name="close the browser" owner="GenericResources" type="TEARDOWN">
<kw name="Close Browser" owner="SeleniumLibrary">
<doc>Closes the current browser.</doc>
<status status="PASS" start="2024-05-28T17:00:52.125429" elapsed="2.747489"/>
</kw>
<status status="PASS" start="2024-05-28T17:00:52.124414" elapsed="2.749213"/>
</kw>
<status status="PASS" start="2024-05-28T17:00:43.838200" elapsed="11.035427"/>
</test>
<test id="s1-s1-t5" name="Unsucessfull doctor login with the blank password" line="33">
<kw name="Open the browser with url" owner="GenericResources" type="SETUP">
<kw name="Create Webdriver" owner="SeleniumLibrary">
<msg time="2024-05-28T17:00:54.875770" level="INFO">Creating an instance of the Chrome WebDriver.</msg>
<arg>Chrome</arg>
<doc>Creates an instance of Selenium WebDriver.</doc>
<status status="PASS" start="2024-05-28T17:00:54.875770" elapsed="3.916753"/>
</kw>
<kw name="Go To" owner="SeleniumLibrary">
<msg time="2024-05-28T17:00:58.793524" level="INFO">Opening url 'https://demo.smart-hospital.in/'</msg>
<arg>${url}</arg>
<doc>Navigates the current browser window to the provided ``url``.</doc>
<status status="PASS" start="2024-05-28T17:00:58.793524" elapsed="3.776296"/>
</kw>
<kw name="Maximize Browser Window" owner="SeleniumLibrary">
<doc>Maximizes current browser window.</doc>
<status status="PASS" start="2024-05-28T17:01:02.569820" elapsed="0.093033"/>
</kw>
<kw name="Set Selenium Implicit Wait" owner="SeleniumLibrary">
<arg>5</arg>
<doc>Sets the implicit wait value used by Selenium.</doc>
<status status="PASS" start="2024-05-28T17:01:02.662853" elapsed="0.008020"/>
</kw>
<status status="PASS" start="2024-05-28T17:00:54.874761" elapsed="7.797110"/>
</kw>
<kw name="Click the login in button" owner="GenericResources">
<kw name="Click Element" owner="SeleniumLibrary">
<msg time="2024-05-28T17:01:02.674872" level="INFO">Clicking element 'xpath://ul[@class="top-right"]//a'.</msg>
<arg>${login_button}</arg>
<doc>Click the element identified by ``locator``.</doc>
<status status="PASS" start="2024-05-28T17:01:02.674872" elapsed="2.521395"/>
</kw>
<status status="PASS" start="2024-05-28T17:01:02.671871" elapsed="2.525397"/>
</kw>
<kw name="Fill the login form with login credentials for doctor" owner="LoginResources">
<kw name="Click Link" owner="SeleniumLibrary">
<msg time="2024-05-28T17:01:05.202266" level="INFO">Clicking link 'xpath://i[@class="fa fa-user"]//parent::a'.</msg>
<arg>${admin_login_button}</arg>
<doc>Clicks a link identified by ``locator``.</doc>
<status status="PASS" start="2024-05-28T17:01:05.201269" elapsed="0.866806"/>
</kw>
<kw name="Switch Window" owner="SeleniumLibrary">
<arg>new</arg>
<doc>Switches to browser window matching ``locator``.</doc>
<status status="PASS" start="2024-05-28T17:01:06.068075" elapsed="0.293598"/>
</kw>
<kw name="Input Text" owner="SeleniumLibrary">
<msg time="2024-05-28T17:01:06.363680" level="INFO">Typing text '"sonia@gmail.com"' into text field 'css:input[name='username']'.</msg>
<arg>${username_field}</arg>
<arg>${username}</arg>
<doc>Types the given ``text`` into the text field identified by ``locator``.</doc>
<status status="PASS" start="2024-05-28T17:01:06.362670" elapsed="0.849292"/>
</kw>
<kw name="Input Password" owner="SeleniumLibrary">
<msg time="2024-05-28T17:01:07.216028" level="INFO">Typing password into text field 'css:input[name='password']'.</msg>
<msg time="2024-05-28T17:01:07.344335" level="INFO">Temporally setting log level to: NONE</msg>
<arg>${password_field}</arg>
<arg>${password}</arg>
<doc>Types the given password into the text field identified by ``locator``.</doc>
<status status="PASS" start="2024-05-28T17:01:07.212966" elapsed="0.234473"/>
</kw>
<kw name="Click Button" owner="SeleniumLibrary">
<msg time="2024-05-28T17:01:07.450980" level="INFO">Clicking button 'css:button[class='btn']'.</msg>
<arg>${signin_button}</arg>
<doc>Clicks the button identified by ``locator``.</doc>
<status status="PASS" start="2024-05-28T17:01:07.448990" elapsed="0.678993"/>
</kw>
<arg>username="sonia@gmail.com"</arg>
<arg>password=</arg>
<status status="PASS" start="2024-05-28T17:01:05.198270" elapsed="2.929713"/>
</kw>
<kw name="Verify the unsucessfull login with the blank password" owner="LoginResources">
<kw name="Element Text Should Be" owner="SeleniumLibrary">
<msg time="2024-05-28T17:01:08.130509" level="INFO">Verifying element 'css:input[name='password']+span&gt;p' contains exact text 'The Password field is required.'.</msg>
<arg>${required_password_message}</arg>
<arg>The Password field is required.</arg>
<doc>Verifies that element ``locator`` contains exact the text ``expected``.</doc>
<status status="PASS" start="2024-05-28T17:01:08.128996" elapsed="0.087467"/>
</kw>
<status status="PASS" start="2024-05-28T17:01:08.128996" elapsed="0.088433"/>
</kw>
<kw name="close the browser" owner="GenericResources" type="TEARDOWN">
<kw name="Close Browser" owner="SeleniumLibrary">
<doc>Closes the current browser.</doc>
<status status="PASS" start="2024-05-28T17:01:08.219426" elapsed="4.185946"/>
</kw>
<status status="PASS" start="2024-05-28T17:01:08.218428" elapsed="4.187773"/>
</kw>
<status status="PASS" start="2024-05-28T17:00:54.874389" elapsed="17.531812"/>
</test>
<doc>Test case for the invalid doctor login</doc>
<status status="PASS" start="2024-05-28T16:58:33.268924" elapsed="159.138278"/>
</suite>
<status status="PASS" start="2024-05-28T16:58:33.249497" elapsed="159.158729"/>
</suite>
<statistics>
<total>
<stat pass="5" fail="0" skip="0">All Tests</stat>
</total>
<tag>
</tag>
<suite>
<stat pass="5" fail="0" skip="0" id="s1" name="TestCases">TestCases</stat>
<stat pass="5" fail="0" skip="0" id="s1-s1" name="Test Invalid Doctorlogin">TestCases.Test Invalid Doctorlogin</stat>
</suite>
</statistics>
<errors>
</errors>
</robot>
