<?xml version="1.0" encoding="UTF-8"?>
<robot generator="Robot 7.0 (Python 3.12.2 on win32)" generated="2024-05-28T17:00:16.893054" rpa="false" schemaversion="5">
<suite id="s1" name="TestCases" source="D:\main_repository\Pilot_Project_Smart_hospital_Team3\TestCases">
<suite id="s1-s1" name="Test valid user payment" source="D:\main_repository\Pilot_Project_Smart_hospital_Team3\TestCases\Test_valid_user_payment.robot">
<test id="s1-s1-t1" name="Payment Test Template" line="20">
<kw name="Open the browser with url" owner="GenericResources" type="SETUP">
<kw name="Create Webdriver" owner="SeleniumLibrary">
<msg time="2024-05-28T17:00:21.178913" level="INFO">Creating an instance of the Chrome WebDriver.</msg>
<arg>Chrome</arg>
<doc>Creates an instance of Selenium WebDriver.</doc>
<status status="PASS" start="2024-05-28T17:00:21.177908" elapsed="5.104291"/>
</kw>
<kw name="Go To" owner="SeleniumLibrary">
<msg time="2024-05-28T17:00:26.283198" level="INFO">Opening url 'https://demo.smart-hospital.in/'</msg>
<arg>${url}</arg>
<doc>Navigates the current browser window to the provided ``url``.</doc>
<status status="PASS" start="2024-05-28T17:00:26.283198" elapsed="3.666322"/>
</kw>
<kw name="Maximize Browser Window" owner="SeleniumLibrary">
<doc>Maximizes current browser window.</doc>
<status status="PASS" start="2024-05-28T17:00:29.950517" elapsed="0.171289"/>
</kw>
<kw name="Set Selenium Implicit Wait" owner="SeleniumLibrary">
<arg>5</arg>
<doc>Sets the implicit wait value used by Selenium.</doc>
<status status="PASS" start="2024-05-28T17:00:30.121806" elapsed="0.011018"/>
</kw>
<status status="PASS" start="2024-05-28T17:00:21.173913" elapsed="8.959908"/>
</kw>
<kw name="validate payment method">
<kw name="click the log in button" owner="GenericResources">
<kw name="Click Element" owner="SeleniumLibrary">
<msg time="2024-05-28T17:00:30.143839" level="INFO">Clicking element 'xpath://ul[@class="top-right"]//a'.</msg>
<arg>${login_button}</arg>
<doc>Click the element identified by ``locator``.</doc>
<status status="PASS" start="2024-05-28T17:00:30.137838" elapsed="2.205897"/>
</kw>
<status status="PASS" start="2024-05-28T17:00:30.136823" elapsed="2.208889"/>
</kw>
<kw name="Click the signin button" owner="LoginResources">
<kw name="Click Button" owner="SeleniumLibrary">
<msg time="2024-05-28T17:00:32.352708" level="INFO">Clicking button 'css:button[class='btn']'.</msg>
<arg>${signin_button}</arg>
<doc>Clicks the button identified by ``locator``.</doc>
<status status="PASS" start="2024-05-28T17:00:32.351713" elapsed="4.759130"/>
</kw>
<status status="PASS" start="2024-05-28T17:00:32.348709" elapsed="4.762134"/>
</kw>
<kw name="click the my appointment button" owner="UserResources">
<kw name="Wait Until Element Is Visible" owner="SeleniumLibrary">
<arg>${My_appointment_button}</arg>
<doc>Waits until the element ``locator`` is visible.</doc>
<status status="PASS" start="2024-05-28T17:00:37.112842" elapsed="0.073543"/>
</kw>
<kw name="Click Element" owner="SeleniumLibrary">
<msg time="2024-05-28T17:00:37.187375" level="INFO">Clicking element 'css:i[class='fas fa-hospital-alt']'.</msg>
<arg>${My_appointment_button}</arg>
<doc>Click the element identified by ``locator``.</doc>
<status status="PASS" start="2024-05-28T17:00:37.187375" elapsed="1.522315"/>
</kw>
<status status="PASS" start="2024-05-28T17:00:37.111844" elapsed="1.597846"/>
</kw>
<kw name="click pay button" owner="UserResources">
<kw name="Wait Until Element Is Visible" owner="SeleniumLibrary">
<arg>${pay}</arg>
<doc>Waits until the element ``locator`` is visible.</doc>
<status status="PASS" start="2024-05-28T17:00:38.710691" elapsed="0.051314"/>
</kw>
<kw name="Click Element" owner="SeleniumLibrary">
<msg time="2024-05-28T17:00:38.764005" level="INFO">Clicking element 'xpath:(//a[@class='btn btn-info btn-xs']/i)[1]'.</msg>
<arg>${pay}</arg>
<doc>Click the element identified by ``locator``.</doc>
<status status="PASS" start="2024-05-28T17:00:38.763004" elapsed="1.874840"/>
</kw>
<status status="PASS" start="2024-05-28T17:00:38.709690" elapsed="1.928154"/>
</kw>
<kw name="click pay with card" owner="UserResources">
<kw name="Click Button" owner="SeleniumLibrary">
<msg time="2024-05-28T17:00:40.639844" level="INFO">Clicking button 'css:button[class='stripe-button-el']'.</msg>
<arg>${pay_with_card}</arg>
<doc>Clicks the button identified by ``locator``.</doc>
<status status="PASS" start="2024-05-28T17:00:40.638845" elapsed="0.104252"/>
</kw>
<status status="PASS" start="2024-05-28T17:00:40.637844" elapsed="0.105253"/>
</kw>
<kw name="assert the payment page" owner="UserResources">
<kw name="Select Frame" owner="SeleniumLibrary">
<msg time="2024-05-28T17:00:40.745097" level="INFO">Selecting frame 'xpath=//iframe[contains(@src, 'stripe.com')]'.</msg>
<arg>${mail_iframe}</arg>
<doc>Sets frame identified by ``locator`` as the current frame.</doc>
<status status="PASS" start="2024-05-28T17:00:40.744095" elapsed="0.069250"/>
</kw>
<kw name="Wait Until Element Is Visible" owner="SeleniumLibrary">
<arg>${mail_feild}</arg>
<arg>20s</arg>
<doc>Waits until the element ``locator`` is visible.</doc>
<status status="PASS" start="2024-05-28T17:00:40.814328" elapsed="0.438658"/>
</kw>
<status status="PASS" start="2024-05-28T17:00:40.744095" elapsed="0.509893"/>
</kw>
<arg>mail=dineshkumar@gmaill.com</arg>
<arg>expDate=2024-05-31 00:00:00</arg>
<arg>ccv=123</arg>
<arg>card_num=4242424242424240</arg>
<arg>zip_code=636004</arg>
<status status="PASS" start="2024-05-28T17:00:30.133821" elapsed="11.120167"/>
</kw>
<kw name="close the browser" owner="GenericResources" type="TEARDOWN">
<kw name="Close Browser" owner="SeleniumLibrary">
<doc>Closes the current browser.</doc>
<status status="PASS" start="2024-05-28T17:00:41.254986" elapsed="4.749516"/>
</kw>
<status status="PASS" start="2024-05-28T17:00:41.253988" elapsed="4.750514"/>
</kw>
<tag>smoke</tag>
<status status="PASS" start="2024-05-28T17:00:21.168671" elapsed="24.835831"/>
</test>
<doc>To validate the Login form</doc>
<status status="PASS" start="2024-05-28T17:00:17.101375" elapsed="28.904129"/>
</suite>
<status status="PASS" start="2024-05-28T17:00:16.963786" elapsed="29.042719"/>
</suite>
<statistics>
<total>
<stat pass="1" fail="0" skip="0">All Tests</stat>
</total>
<tag>
<stat pass="1" fail="0" skip="0">smoke</stat>
</tag>
<suite>
<stat pass="1" fail="0" skip="0" id="s1" name="TestCases">TestCases</stat>
<stat pass="1" fail="0" skip="0" id="s1-s1" name="Test valid user payment">TestCases.Test valid user payment</stat>
</suite>
</statistics>
<errors>
</errors>
</robot>
