<?xml version="1.0" encoding="UTF-8"?>
<robot generator="Robot 7.0 (Python 3.12.2 on win32)" generated="2024-05-28T16:59:30.551910" rpa="false" schemaversion="5">
<suite id="s1" name="TestCases" source="D:\main_repository\Pilot_Project_Smart_hospital_Team3\TestCases">
<suite id="s1-s1" name="Test empty user appointment" source="D:\main_repository\Pilot_Project_Smart_hospital_Team3\TestCases\Test_empty_user_appointment.robot">
<test id="s1-s1-t1" name="valid user appointement" line="19">
<kw name="Open the browser with url" owner="GenericResources" type="SETUP">
<kw name="Create Webdriver" owner="SeleniumLibrary">
<msg time="2024-05-28T16:59:34.196927" level="INFO">Creating an instance of the Chrome WebDriver.</msg>
<arg>Chrome</arg>
<doc>Creates an instance of Selenium WebDriver.</doc>
<status status="PASS" start="2024-05-28T16:59:34.195959" elapsed="5.598806"/>
</kw>
<kw name="Go To" owner="SeleniumLibrary">
<msg time="2024-05-28T16:59:39.798296" level="INFO">Opening url 'https://demo.smart-hospital.in/'</msg>
<arg>${url}</arg>
<doc>Navigates the current browser window to the provided ``url``.</doc>
<status status="PASS" start="2024-05-28T16:59:39.797294" elapsed="5.490725"/>
</kw>
<kw name="Maximize Browser Window" owner="SeleniumLibrary">
<doc>Maximizes current browser window.</doc>
<status status="PASS" start="2024-05-28T16:59:45.288019" elapsed="3.276602"/>
</kw>
<kw name="Set Selenium Implicit Wait" owner="SeleniumLibrary">
<arg>5</arg>
<doc>Sets the implicit wait value used by Selenium.</doc>
<status status="PASS" start="2024-05-28T16:59:48.566629" elapsed="0.003995"/>
</kw>
<status status="PASS" start="2024-05-28T16:59:34.189923" elapsed="14.380701"/>
</kw>
<kw name="validate the Empty user appointment">
<kw name="click the log in button" owner="GenericResources">
<kw name="Click Element" owner="SeleniumLibrary">
<msg time="2024-05-28T16:59:48.573623" level="INFO">Clicking element 'xpath://ul[@class="top-right"]//a'.</msg>
<arg>${login_button}</arg>
<doc>Click the element identified by ``locator``.</doc>
<status status="PASS" start="2024-05-28T16:59:48.572626" elapsed="4.121671"/>
</kw>
<status status="PASS" start="2024-05-28T16:59:48.571625" elapsed="4.122672"/>
</kw>
<kw name="Click the signin button" owner="LoginResources">
<kw name="Click Button" owner="SeleniumLibrary">
<msg time="2024-05-28T16:59:52.697309" level="INFO">Clicking button 'css:button[class='btn']'.</msg>
<arg>${signin_button}</arg>
<doc>Clicks the button identified by ``locator``.</doc>
<status status="PASS" start="2024-05-28T16:59:52.695298" elapsed="5.023929"/>
</kw>
<status status="PASS" start="2024-05-28T16:59:52.694297" elapsed="5.024930"/>
</kw>
<kw name="click the my appointment button" owner="UserResources">
<kw name="Wait Until Element Is Visible" owner="SeleniumLibrary">
<arg>${My_appointment_button}</arg>
<doc>Waits until the element ``locator`` is visible.</doc>
<status status="PASS" start="2024-05-28T16:59:57.720227" elapsed="0.056318"/>
</kw>
<kw name="Click Element" owner="SeleniumLibrary">
<msg time="2024-05-28T16:59:57.777545" level="INFO">Clicking element 'css:i[class='fas fa-hospital-alt']'.</msg>
<arg>${My_appointment_button}</arg>
<doc>Click the element identified by ``locator``.</doc>
<status status="PASS" start="2024-05-28T16:59:57.777545" elapsed="1.469481"/>
</kw>
<status status="PASS" start="2024-05-28T16:59:57.719227" elapsed="1.528820"/>
</kw>
<kw name="Add appointment button in User" owner="UserResources">
<kw name="Click Element" owner="SeleniumLibrary">
<msg time="2024-05-28T16:59:59.252042" level="INFO">Clicking element 'css:a[class='btn btn-primary btn-sm']'.</msg>
<arg>${Add_appointment}</arg>
<doc>Click the element identified by ``locator``.</doc>
<status status="PASS" start="2024-05-28T16:59:59.251040" elapsed="0.225463"/>
</kw>
<status status="PASS" start="2024-05-28T16:59:59.248047" elapsed="0.229461"/>
</kw>
<kw name="save button" owner="UserResources">
<kw name="Click Button" owner="SeleniumLibrary">
<msg time="2024-05-28T16:59:59.480587" level="INFO">Clicking button 'css:button[class='btn btn-info pull-right']'.</msg>
<arg>${save_btn}</arg>
<doc>Clicks the button identified by ``locator``.</doc>
<status status="PASS" start="2024-05-28T16:59:59.479574" elapsed="0.143474"/>
</kw>
<status status="PASS" start="2024-05-28T16:59:59.477508" elapsed="0.145540"/>
</kw>
<kw name="assert the it shows the empty error message" owner="UserResources">
<kw name="Element Should Be Visible" owner="SeleniumLibrary">
<msg time="2024-05-28T16:59:59.920688" level="INFO">Element 'xpath://div[@class='toast toast-error']' is displayed.</msg>
<arg>${assert_in_empty_add_appointment}</arg>
<doc>Verifies that the element identified by ``locator`` is visible.</doc>
<status status="PASS" start="2024-05-28T16:59:59.625062" elapsed="0.295626"/>
</kw>
<status status="PASS" start="2024-05-28T16:59:59.624063" elapsed="0.296625"/>
</kw>
<arg>Date_data=‎ </arg>
<arg>Message_data=‎ </arg>
<arg>adress=‎ </arg>
<status status="PASS" start="2024-05-28T16:59:48.570624" elapsed="11.350064"/>
</kw>
<kw name="close the browser" owner="GenericResources" type="TEARDOWN">
<kw name="Close Browser" owner="SeleniumLibrary">
<doc>Closes the current browser.</doc>
<status status="PASS" start="2024-05-28T16:59:59.921686" elapsed="2.792383"/>
</kw>
<status status="PASS" start="2024-05-28T16:59:59.921686" elapsed="2.792383"/>
</kw>
<tag>smoke</tag>
<status status="PASS" start="2024-05-28T16:59:34.178845" elapsed="28.535224"/>
</test>
<doc>To validate the Empty user appointment</doc>
<status status="PASS" start="2024-05-28T16:59:30.626683" elapsed="32.089911"/>
</suite>
<status status="PASS" start="2024-05-28T16:59:30.589062" elapsed="32.131537"/>
</suite>
<statistics>
<total>
<stat pass="1" fail="0" skip="0">All Tests</stat>
</total>
<tag>
<stat pass="1" fail="0" skip="0">smoke</stat>
</tag>
<suite>
<stat pass="1" fail="0" skip="0" id="s1" name="TestCases">TestCases</stat>
<stat pass="1" fail="0" skip="0" id="s1-s1" name="Test empty user appointment">TestCases.Test empty user appointment</stat>
</suite>
</statistics>
<errors>
</errors>
</robot>
