<?xml version="1.0" encoding="UTF-8"?>
<robot generator="Robot 7.0 (Python 3.12.2 on win32)" generated="2024-05-28T16:58:33.268924" rpa="false" schemaversion="5">
<suite id="s1" name="TestCases" source="D:\main_repository\Pilot_Project_Smart_hospital_Team3\TestCases">
<suite id="s1-s1" name="Test Invalid Billsearch" source="D:\main_repository\Pilot_Project_Smart_hospital_Team3\TestCases\Test_Invalid_Billsearch.robot">
<test id="s1-s1-t1" name="Unsuccessfull search for a bill using bill number" line="11">
<kw name="Open the browser with url" owner="GenericResources" type="SETUP">
<kw name="Create Webdriver" owner="SeleniumLibrary">
<msg time="2024-05-28T16:58:33.762846" level="INFO">Creating an instance of the Chrome WebDriver.</msg>
<arg>Chrome</arg>
<doc>Creates an instance of Selenium WebDriver.</doc>
<status status="PASS" start="2024-05-28T16:58:33.761847" elapsed="7.184822"/>
</kw>
<kw name="Go To" owner="SeleniumLibrary">
<msg time="2024-05-28T16:58:40.947671" level="INFO">Opening url 'https://demo.smart-hospital.in/'</msg>
<arg>${url}</arg>
<doc>Navigates the current browser window to the provided ``url``.</doc>
<status status="PASS" start="2024-05-28T16:58:40.947671" elapsed="2.680120"/>
</kw>
<kw name="Maximize Browser Window" owner="SeleniumLibrary">
<doc>Maximizes current browser window.</doc>
<status status="PASS" start="2024-05-28T16:58:43.628798" elapsed="8.502173"/>
</kw>
<kw name="Set Selenium Implicit Wait" owner="SeleniumLibrary">
<arg>5</arg>
<doc>Sets the implicit wait value used by Selenium.</doc>
<status status="PASS" start="2024-05-28T16:58:52.140957" elapsed="0.080728"/>
</kw>
<status status="PASS" start="2024-05-28T16:58:33.760848" elapsed="18.461855"/>
</kw>
<kw name="Click the login in button" owner="GenericResources">
<kw name="Click Element" owner="SeleniumLibrary">
<msg time="2024-05-28T16:58:52.229617" level="INFO">Clicking element 'xpath://ul[@class="top-right"]//a'.</msg>
<arg>${login_button}</arg>
<doc>Click the element identified by ``locator``.</doc>
<status status="PASS" start="2024-05-28T16:58:52.225062" elapsed="4.153495"/>
</kw>
<status status="PASS" start="2024-05-28T16:58:52.224027" elapsed="4.156529"/>
</kw>
<kw name="Fill the login form by default credentials for user role" owner="LoginResources">
<kw name="Click Button" owner="SeleniumLibrary">
<msg time="2024-05-28T16:58:56.390088" level="INFO">Clicking button 'css:button[class='btn']'.</msg>
<arg>${signin_button}</arg>
<doc>Clicks the button identified by ``locator``.</doc>
<status status="PASS" start="2024-05-28T16:58:56.388096" elapsed="5.795516"/>
</kw>
<status status="PASS" start="2024-05-28T16:58:56.381553" elapsed="5.803060"/>
</kw>
<kw name="Verify the successfull login with valid credentials for user" owner="LoginResources">
<kw name="Click Link" owner="SeleniumLibrary">
<msg time="2024-05-28T16:59:02.186140" level="INFO">Clicking link 'css:a[class="dropdown-toggle"]'.</msg>
<arg>${pofile_icon}</arg>
<doc>Clicks a link identified by ``locator``.</doc>
<status status="PASS" start="2024-05-28T16:59:02.185126" elapsed="1.720001"/>
</kw>
<kw name="Wait Until Element Is Enabled" owner="SeleniumLibrary">
<arg>${profile_name}</arg>
<doc>Waits until the element ``locator`` is enabled.</doc>
<status status="PASS" start="2024-05-28T16:59:03.906126" elapsed="0.544816"/>
</kw>
<kw name="Element Text Should Be" owner="SeleniumLibrary">
<msg time="2024-05-28T16:59:04.453949" level="INFO">Verifying element 'css:div[class="sstopuser-test"] h5' contains exact text 'Patient'.</msg>
<arg>${profile_name}</arg>
<arg>Patient</arg>
<doc>Verifies that element ``locator`` contains exact the text ``expected``.</doc>
<status status="PASS" start="2024-05-28T16:59:04.451948" elapsed="0.313712"/>
</kw>
<status status="PASS" start="2024-05-28T16:59:02.184613" elapsed="2.583046"/>
</kw>
<kw name="Unsuccessfull search by bill number" owner="UserResources">
<kw name="Click Link" owner="SeleniumLibrary">
<msg time="2024-05-28T16:59:04.773664" level="INFO">Clicking link 'xpath://i[@class="fas fa-mortar-pestle"]//parent::a'.</msg>
<arg>${pharmacy_option}</arg>
<doc>Clicks a link identified by ``locator``.</doc>
<status status="PASS" start="2024-05-28T16:59:04.772651" elapsed="2.468966"/>
</kw>
<kw name="Wait Until Element Is Enabled" owner="SeleniumLibrary">
<arg>${pharmacy_bill_search_field}</arg>
<doc>Waits until the element ``locator`` is enabled.</doc>
<status status="PASS" start="2024-05-28T16:59:07.241617" elapsed="0.681495"/>
</kw>
<kw name="Input Text" owner="SeleniumLibrary">
<msg time="2024-05-28T16:59:07.927081" level="INFO">Typing text 'lkjhgfcvb' into text field 'css:input[type="search"]'.</msg>
<arg>${pharmacy_bill_search_field}</arg>
<arg>lkjhgfcvb</arg>
<doc>Types the given ``text`` into the text field identified by ``locator``.</doc>
<status status="PASS" start="2024-05-28T16:59:07.924070" elapsed="0.899117"/>
</kw>
<status status="PASS" start="2024-05-28T16:59:04.770665" elapsed="4.052522"/>
</kw>
<kw name="Verify the unsuccessfull search by bill number" owner="UserResources">
<kw name="Wait Until Element Is Visible" owner="SeleniumLibrary">
<arg>${pharmacy_bill_record_assert}</arg>
<doc>Waits until the element ``locator`` is visible.</doc>
<status status="PASS" start="2024-05-28T16:59:08.829182" elapsed="0.273973"/>
</kw>
<kw name="Element Text Should Be" owner="SeleniumLibrary">
<msg time="2024-05-28T16:59:09.105160" level="INFO">Verifying element 'css:div[id="DataTables_Table_0_info"]' contains exact text 'Records: 0 to 0 of 0 (filtered from 10 total records)'.</msg>
<arg>${pharmacy_bill_record_assert}</arg>
<arg>Records: 0 to 0 of 0 (filtered from 10 total records)</arg>
<doc>Verifies that element ``locator`` contains exact the text ``expected``.</doc>
<status status="PASS" start="2024-05-28T16:59:09.104142" elapsed="0.068293"/>
</kw>
<status status="PASS" start="2024-05-28T16:59:08.824185" elapsed="0.348250"/>
</kw>
<kw name="close the browser" owner="GenericResources" type="TEARDOWN">
<kw name="Close Browser" owner="SeleniumLibrary">
<doc>Closes the current browser.</doc>
<status status="PASS" start="2024-05-28T16:59:09.174431" elapsed="10.010100"/>
</kw>
<status status="PASS" start="2024-05-28T16:59:09.173433" elapsed="10.011098"/>
</kw>
<status status="PASS" start="2024-05-28T16:58:33.759845" elapsed="45.425694"/>
</test>
<doc>Test case for the Invalid search for a bill using bill number</doc>
<status status="PASS" start="2024-05-28T16:58:33.328917" elapsed="45.858145"/>
</suite>
<status status="PASS" start="2024-05-28T16:58:33.297541" elapsed="45.892064"/>
</suite>
<statistics>
<total>
<stat pass="1" fail="0" skip="0">All Tests</stat>
</total>
<tag>
</tag>
<suite>
<stat pass="1" fail="0" skip="0" id="s1" name="TestCases">TestCases</stat>
<stat pass="1" fail="0" skip="0" id="s1-s1" name="Test Invalid Billsearch">TestCases.Test Invalid Billsearch</stat>
</suite>
</statistics>
<errors>
</errors>
</robot>
