<?xml version="1.0" encoding="UTF-8"?>
<robot generator="Robot 7.0 (Python 3.12.2 on win32)" generated="2024-05-28T17:00:52.605552" rpa="false" schemaversion="5">
<suite id="s1" name="TestCases" source="D:\main_repository\Pilot_Project_Smart_hospital_Team3\TestCases">
<suite id="s1-s1" name="Test validSendSMS" source="D:\main_repository\Pilot_Project_Smart_hospital_Team3\TestCases\Test_validSendSMS.robot">
<test id="s1-s1-t1" name="To validate the functionality of send sms" line="17">
<kw name="Open the browser with url" owner="GenericResources" type="SETUP">
<kw name="Create Webdriver" owner="SeleniumLibrary">
<msg time="2024-05-28T17:00:53.084146" level="INFO">Creating an instance of the Chrome WebDriver.</msg>
<arg>Chrome</arg>
<doc>Creates an instance of Selenium WebDriver.</doc>
<status status="PASS" start="2024-05-28T17:00:53.084146" elapsed="3.993278"/>
</kw>
<kw name="Go To" owner="SeleniumLibrary">
<msg time="2024-05-28T17:00:57.078423" level="INFO">Opening url 'https://demo.smart-hospital.in/'</msg>
<arg>${url}</arg>
<doc>Navigates the current browser window to the provided ``url``.</doc>
<status status="PASS" start="2024-05-28T17:00:57.078423" elapsed="1.925690"/>
</kw>
<kw name="Maximize Browser Window" owner="SeleniumLibrary">
<doc>Maximizes current browser window.</doc>
<status status="PASS" start="2024-05-28T17:00:59.004113" elapsed="3.413877"/>
</kw>
<kw name="Set Selenium Implicit Wait" owner="SeleniumLibrary">
<arg>5</arg>
<doc>Sets the implicit wait value used by Selenium.</doc>
<status status="PASS" start="2024-05-28T17:01:02.418981" elapsed="0.010001"/>
</kw>
<status status="PASS" start="2024-05-28T17:00:53.082147" elapsed="9.346835"/>
</kw>
<kw name="Go to user login" owner="LoginResources">
<kw name="Click Link" owner="SeleniumLibrary">
<msg time="2024-05-28T17:01:02.434975" level="INFO">Clicking link 'xpath://i[@class="fa fa-user"]//parent::a'.</msg>
<arg>${User_login_button}</arg>
<doc>Clicks a link identified by ``locator``.</doc>
<status status="PASS" start="2024-05-28T17:01:02.431995" elapsed="2.373383"/>
</kw>
<status status="PASS" start="2024-05-28T17:01:02.429976" elapsed="2.376417"/>
</kw>
<kw name="Fill the login form for doctor" owner="LoginResources">
<kw name="Go to admin page" owner="LoginResources">
<kw name="Click Link" owner="SeleniumLibrary">
<msg time="2024-05-28T17:01:04.818308" level="INFO">Clicking link '//a[text()=" Admin Login"]'.</msg>
<arg>${admin_login_page_btn}</arg>
<doc>Clicks a link identified by ``locator``.</doc>
<status status="PASS" start="2024-05-28T17:01:04.814393" elapsed="0.783497"/>
</kw>
<status status="PASS" start="2024-05-28T17:01:04.813392" elapsed="0.784498"/>
</kw>
<kw name="Switch Window" owner="SeleniumLibrary">
<arg>new</arg>
<doc>Switches to browser window matching ``locator``.</doc>
<status status="PASS" start="2024-05-28T17:01:05.597890" elapsed="0.106127"/>
</kw>
<kw name="Click Link" owner="SeleniumLibrary">
<msg time="2024-05-28T17:01:05.706449" level="INFO">Clicking link '(//a[@class="btn btn-primary width100"])[2]'.</msg>
<arg>${doctor_login_btn}</arg>
<doc>Clicks a link identified by ``locator``.</doc>
<status status="PASS" start="2024-05-28T17:01:05.705018" elapsed="1.217165"/>
</kw>
<kw name="Sleep" owner="BuiltIn">
<msg time="2024-05-28T17:01:11.924544" level="INFO">Slept 5 seconds.</msg>
<arg>5s</arg>
<doc>Pauses the test executed for the given time.</doc>
<status status="PASS" start="2024-05-28T17:01:06.923202" elapsed="5.001342"/>
</kw>
<kw name="Click the signin button" owner="LoginResources">
<kw name="Click Button" owner="SeleniumLibrary">
<msg time="2024-05-28T17:01:11.926559" level="INFO">Clicking button 'css:button[class='btn']'.</msg>
<arg>${signin_button}</arg>
<doc>Clicks the button identified by ``locator``.</doc>
<status status="PASS" start="2024-05-28T17:01:11.925560" elapsed="5.379525"/>
</kw>
<status status="PASS" start="2024-05-28T17:01:11.924544" elapsed="5.380541"/>
</kw>
<status status="PASS" start="2024-05-28T17:01:04.811393" elapsed="12.493692"/>
</kw>
<kw name="Verify successful login of doctor" owner="DoctorResources">
<kw name="Click Link" owner="SeleniumLibrary">
<msg time="2024-05-28T17:01:17.308084" level="INFO">Clicking link '//a[@class="dropdown-toggle"]'.</msg>
<arg>${image_icon}</arg>
<doc>Clicks a link identified by ``locator``.</doc>
<status status="PASS" start="2024-05-28T17:01:17.307081" elapsed="0.164164"/>
</kw>
<kw name="Element Text Should Be" owner="SeleniumLibrary">
<msg time="2024-05-28T17:01:17.474285" level="INFO">Verifying element '//div[@class="sstopuser-test"]/h5' contains exact text 'Doctor'.</msg>
<arg>${doctor_text_locator}</arg>
<arg>Doctor</arg>
<doc>Verifies that element ``locator`` contains exact the text ``expected``.</doc>
<status status="PASS" start="2024-05-28T17:01:17.471245" elapsed="0.060659"/>
</kw>
<status status="PASS" start="2024-05-28T17:01:17.306097" elapsed="0.225807"/>
</kw>
<kw name="Click messaging button" owner="DoctorResources">
<kw name="Scroll Element Into View" owner="SeleniumLibrary">
<arg>${msg_btn}</arg>
<doc>Scrolls the element identified by ``locator`` into view.</doc>
<status status="PASS" start="2024-05-28T17:01:17.533903" elapsed="0.404349"/>
</kw>
<kw name="Click Element" owner="SeleniumLibrary">
<msg time="2024-05-28T17:01:17.940266" level="INFO">Clicking element '//a/i[@class='fas fa-bullhorn']'.</msg>
<arg>${msg_btn}</arg>
<doc>Click the element identified by ``locator``.</doc>
<status status="PASS" start="2024-05-28T17:01:17.939264" elapsed="0.714300"/>
</kw>
<status status="PASS" start="2024-05-28T17:01:17.532912" elapsed="1.120652"/>
</kw>
<kw name="click send sms button" owner="DoctorResources">
<kw name="Click Link" owner="SeleniumLibrary">
<msg time="2024-05-28T17:01:18.654561" level="INFO">Clicking link '(//a[@class="btn btn-primary btn-sm"])[2]'.</msg>
<arg>${send_msg_locator}</arg>
<doc>Clicks a link identified by ``locator``.</doc>
<status status="PASS" start="2024-05-28T17:01:18.654561" elapsed="0.506793"/>
</kw>
<status status="PASS" start="2024-05-28T17:01:18.654561" elapsed="0.506793"/>
</kw>
<kw name="Fill the send SMS form" owner="DoctorResources">
<kw name="Input Text" owner="SeleniumLibrary">
<msg time="2024-05-28T17:01:19.162967" level="INFO">Typing text 'Gropu message to doctor,Pathologist,Pharmacy' into text field '//div[@class="form-group"]//input[@name="group_title"]'.</msg>
<arg>${sms_title}</arg>
<arg>Gropu message to doctor,Pathologist,Pharmacy</arg>
<doc>Types the given ``text`` into the text field identified by ``locator``.</doc>
<status status="PASS" start="2024-05-28T17:01:19.162967" elapsed="0.403539"/>
</kw>
<kw name="Input Text" owner="SeleniumLibrary">
<msg time="2024-05-28T17:01:19.567092" level="INFO">Typing text 'MSGID0001' into text field '//input[@name="group_template_id"]'.</msg>
<arg>${sms_template}</arg>
<arg>MSGID0001</arg>
<doc>Types the given ``text`` into the text field identified by ``locator``.</doc>
<status status="PASS" start="2024-05-28T17:01:19.567092" elapsed="0.156989"/>
</kw>
<kw name="Click Element" owner="SeleniumLibrary">
<msg time="2024-05-28T17:01:19.732128" level="INFO">Clicking element '(//label[@class="checkbox-inline"]/input)[1]'.</msg>
<arg>${sms_checkbox}</arg>
<doc>Click the element identified by ``locator``.</doc>
<status status="PASS" start="2024-05-28T17:01:19.724081" elapsed="0.085004"/>
</kw>
<kw name="Input Text" owner="SeleniumLibrary">
<msg time="2024-05-28T17:01:19.809085" level="INFO">Typing text 'Hiiii all' into text field '//textarea[@name="group_message"]'.</msg>
<arg>${text_area}</arg>
<arg>Hiiii all</arg>
<doc>Types the given ``text`` into the text field identified by ``locator``.</doc>
<status status="PASS" start="2024-05-28T17:01:19.809085" elapsed="0.150802"/>
</kw>
<kw name="Click Element" owner="SeleniumLibrary">
<msg time="2024-05-28T17:01:19.959887" level="INFO">Clicking element '(//input[@type="checkbox"])[4]'.</msg>
<arg>${admin_check_box}</arg>
<doc>Click the element identified by ``locator``.</doc>
<status status="PASS" start="2024-05-28T17:01:19.959887" elapsed="0.079773"/>
</kw>
<kw name="Click Element" owner="SeleniumLibrary">
<msg time="2024-05-28T17:01:20.040681" level="INFO">Clicking element '(//input[@type="checkbox"])[6]'.</msg>
<arg>${doctor_check_box}</arg>
<doc>Click the element identified by ``locator``.</doc>
<status status="PASS" start="2024-05-28T17:01:20.040681" elapsed="0.077466"/>
</kw>
<kw name="Click Element" owner="SeleniumLibrary">
<msg time="2024-05-28T17:01:20.119145" level="INFO">Clicking element '(//input[@type="checkbox"])[8]'.</msg>
<arg>${Pathologist_check_box}</arg>
<doc>Click the element identified by ``locator``.</doc>
<status status="PASS" start="2024-05-28T17:01:20.118147" elapsed="0.083347"/>
</kw>
<kw name="Click Element" owner="SeleniumLibrary">
<msg time="2024-05-28T17:01:20.201828" level="INFO">Clicking element '(//input[@type="checkbox"])[7]'.</msg>
<arg>${Pharmacist_check_box}</arg>
<doc>Click the element identified by ``locator``.</doc>
<status status="PASS" start="2024-05-28T17:01:20.201828" elapsed="0.075043"/>
</kw>
<kw name="Click Button" owner="SeleniumLibrary">
<msg time="2024-05-28T17:01:20.277287" level="INFO">Clicking button '//button[@class="btn btn-primary submit_group"]'.</msg>
<arg>${send_sms_btn}</arg>
<doc>Clicks the button identified by ``locator``.</doc>
<status status="PASS" start="2024-05-28T17:01:20.277287" elapsed="0.103592"/>
</kw>
<status status="PASS" start="2024-05-28T17:01:19.162356" elapsed="1.218523"/>
</kw>
<kw name="Send the message" owner="DoctorResources">
<kw name="Scroll Element Into View" owner="SeleniumLibrary">
<arg>${send_btn}</arg>
<doc>Scrolls the element identified by ``locator`` into view.</doc>
<status status="PASS" start="2024-05-28T17:01:20.382894" elapsed="0.299901"/>
</kw>
<kw name="Click Button" owner="SeleniumLibrary">
<msg time="2024-05-28T17:01:20.683809" level="INFO">Clicking button '(//div[@class="pull-right"])[2]/button'.</msg>
<arg>${send_btn}</arg>
<doc>Clicks the button identified by ``locator``.</doc>
<status status="PASS" start="2024-05-28T17:01:20.683809" elapsed="0.070841"/>
</kw>
<status status="PASS" start="2024-05-28T17:01:20.381894" elapsed="0.372756"/>
</kw>
<kw name="To verify the unsucessful message sent" owner="DoctorResources">
<kw name="Element Text Should Be" owner="SeleniumLibrary">
<msg time="2024-05-28T17:01:20.755846" level="INFO">Verifying element '//div[@class="toast-message"]' contains exact text 'Record Saved Successfully'.</msg>
<msg time="2024-05-28T17:01:20.914229" level="INFO" html="true">&lt;/td&gt;&lt;/tr&gt;&lt;tr&gt;&lt;td colspan="3"&gt;&lt;a href="selenium-screenshot-1.png"&gt;&lt;img src="selenium-screenshot-1.png" width="800px"&gt;&lt;/a&gt;</msg>
<msg time="2024-05-28T17:01:20.914229" level="FAIL">The text of element '//div[@class="toast-message"]' should have been 'Record Saved Successfully' but it was 'Registro guardado con éxito'.</msg>
<arg>${assert_sms}</arg>
<arg>${verification_text}</arg>
<doc>Verifies that element ``locator`` contains exact the text ``expected``.</doc>
<status status="FAIL" start="2024-05-28T17:01:20.755846" elapsed="0.161497">The text of element '//div[@class="toast-message"]' should have been 'Record Saved Successfully' but it was 'Registro guardado con éxito'.</status>
</kw>
<status status="FAIL" start="2024-05-28T17:01:20.755662" elapsed="0.161681">The text of element '//div[@class="toast-message"]' should have been 'Record Saved Successfully' but it was 'Registro guardado con éxito'.</status>
</kw>
<kw name="close the browser" owner="GenericResources" type="TEARDOWN">
<kw name="Close Browser" owner="SeleniumLibrary">
<doc>Closes the current browser.</doc>
<status status="PASS" start="2024-05-28T17:01:20.918339" elapsed="2.234982"/>
</kw>
<status status="PASS" start="2024-05-28T17:01:20.918339" elapsed="2.234982"/>
</kw>
<tag>smoke</tag>
<status status="FAIL" start="2024-05-28T17:00:53.080146" elapsed="30.073175">The text of element '//div[@class="toast-message"]' should have been 'Record Saved Successfully' but it was 'Registro guardado con éxito'.</status>
</test>
<doc>Test to verify the message functionality</doc>
<status status="FAIL" start="2024-05-28T17:00:52.694963" elapsed="30.458358"/>
</suite>
<status status="FAIL" start="2024-05-28T17:00:52.652654" elapsed="30.500667"/>
</suite>
<statistics>
<total>
<stat pass="0" fail="1" skip="0">All Tests</stat>
</total>
<tag>
<stat pass="0" fail="1" skip="0">smoke</stat>
</tag>
<suite>
<stat pass="0" fail="1" skip="0" id="s1" name="TestCases">TestCases</stat>
<stat pass="0" fail="1" skip="0" id="s1-s1" name="Test validSendSMS">TestCases.Test validSendSMS</stat>
</suite>
</statistics>
<errors>
</errors>
</robot>
