<?xml version="1.0" encoding="UTF-8"?>
<robot generator="Robot 7.0 (Python 3.12.2 on win32)" generated="2024-05-28T17:00:07.192432" rpa="false" schemaversion="5">
<suite id="s1" name="TestCases" source="D:\main_repository\Pilot_Project_Smart_hospital_Team3\TestCases">
<suite id="s1-s1" name="Test invalidAppionmentSearch" source="D:\main_repository\Pilot_Project_Smart_hospital_Team3\TestCases\Test_invalidAppionmentSearch.robot">
<test id="s1-s1-t1" name="To verify the invalid search using invalid doctor name" line="13">
<kw name="Open the browser with url" owner="GenericResources" type="SETUP">
<kw name="Create Webdriver" owner="SeleniumLibrary">
<msg time="2024-05-28T17:00:07.648007" level="INFO">Creating an instance of the Chrome WebDriver.</msg>
<arg>Chrome</arg>
<doc>Creates an instance of Selenium WebDriver.</doc>
<status status="PASS" start="2024-05-28T17:00:07.648007" elapsed="1.997431"/>
</kw>
<kw name="Go To" owner="SeleniumLibrary">
<msg time="2024-05-28T17:00:09.646435" level="INFO">Opening url 'https://demo.smart-hospital.in/'</msg>
<arg>${url}</arg>
<doc>Navigates the current browser window to the provided ``url``.</doc>
<status status="PASS" start="2024-05-28T17:00:09.646435" elapsed="2.509223"/>
</kw>
<kw name="Maximize Browser Window" owner="SeleniumLibrary">
<doc>Maximizes current browser window.</doc>
<status status="PASS" start="2024-05-28T17:00:12.155658" elapsed="0.093122"/>
</kw>
<kw name="Set Selenium Implicit Wait" owner="SeleniumLibrary">
<arg>5</arg>
<doc>Sets the implicit wait value used by Selenium.</doc>
<status status="PASS" start="2024-05-28T17:00:12.248780" elapsed="0.002006"/>
</kw>
<status status="PASS" start="2024-05-28T17:00:07.647016" elapsed="4.603770"/>
</kw>
<kw name="Go to user login" owner="LoginResources">
<kw name="Click Link" owner="SeleniumLibrary">
<msg time="2024-05-28T17:00:12.253800" level="INFO">Clicking link 'xpath://i[@class="fa fa-user"]//parent::a'.</msg>
<arg>${User_login_button}</arg>
<doc>Clicks a link identified by ``locator``.</doc>
<status status="PASS" start="2024-05-28T17:00:12.252780" elapsed="2.235646"/>
</kw>
<status status="PASS" start="2024-05-28T17:00:12.251781" elapsed="2.237646"/>
</kw>
<kw name="Go to admin page" owner="LoginResources">
<kw name="Click Link" owner="SeleniumLibrary">
<msg time="2024-05-28T17:00:14.492428" level="INFO">Clicking link '//a[text()=" Admin Login"]'.</msg>
<arg>${admin_login_page_btn}</arg>
<doc>Clicks a link identified by ``locator``.</doc>
<status status="PASS" start="2024-05-28T17:00:14.491424" elapsed="0.279856"/>
</kw>
<status status="PASS" start="2024-05-28T17:00:14.489427" elapsed="0.281853"/>
</kw>
<kw name="Switch Window" owner="SeleniumLibrary">
<arg>new</arg>
<doc>Switches to browser window matching ``locator``.</doc>
<status status="PASS" start="2024-05-28T17:00:14.772282" elapsed="0.033163"/>
</kw>
<kw name="fill the admin login form" owner="LoginResources">
<kw name="Click Link" owner="SeleniumLibrary">
<msg time="2024-05-28T17:00:14.807447" level="INFO">Clicking link '//i[@class="fa fa-user ispace"]//parent::a'.</msg>
<arg>${admin_login_btn}</arg>
<doc>Clicks a link identified by ``locator``.</doc>
<status status="PASS" start="2024-05-28T17:00:14.807447" elapsed="0.913861"/>
</kw>
<status status="PASS" start="2024-05-28T17:00:14.806445" elapsed="0.915865"/>
</kw>
<kw name="Click the signin button" owner="LoginResources">
<kw name="Click Button" owner="SeleniumLibrary">
<msg time="2024-05-28T17:00:15.730331" level="INFO">Clicking button 'css:button[class='btn']'.</msg>
<arg>${signin_button}</arg>
<doc>Clicks the button identified by ``locator``.</doc>
<status status="PASS" start="2024-05-28T17:00:15.726323" elapsed="5.854518"/>
</kw>
<status status="PASS" start="2024-05-28T17:00:15.722310" elapsed="5.858531"/>
</kw>
<kw name="Click Appoinment link" owner="AdminResources">
<kw name="Click Link" owner="SeleniumLibrary">
<msg time="2024-05-28T17:00:21.585388" level="INFO">Clicking link '//ul[@class="sidebar-menu verttop"]//li[3]/a'.</msg>
<arg>${appoinment_link}</arg>
<doc>Clicks a link identified by ``locator``.</doc>
<status status="PASS" start="2024-05-28T17:00:21.585388" elapsed="1.752922"/>
</kw>
<status status="PASS" start="2024-05-28T17:00:21.583850" elapsed="1.754460"/>
</kw>
<kw name="Click the Appoinment wise search button" owner="AdminResources">
<kw name="Click Link" owner="SeleniumLibrary">
<msg time="2024-05-28T17:00:23.341882" level="INFO">Clicking link '(//a[@class="btn btn-primary btn-sm"])[1]'.</msg>
<arg>${doctor_wise_search_btn}</arg>
<doc>Clicks a link identified by ``locator``.</doc>
<status status="PASS" start="2024-05-28T17:00:23.340879" elapsed="2.489725"/>
</kw>
<status status="PASS" start="2024-05-28T17:00:23.338310" elapsed="2.497289"/>
</kw>
<kw name="Set Variable" owner="BuiltIn">
<msg time="2024-05-28T17:00:25.841622" level="INFO">${option_to_select} = </msg>
<var>${option_to_select}</var>
<doc>Returns the given values which can then be assigned to a variables.</doc>
<status status="PASS" start="2024-05-28T17:00:25.836598" elapsed="0.005024"/>
</kw>
<kw name="Fill the appointment wise search form" owner="AdminResources">
<kw name="Click Element" owner="SeleniumLibrary">
<msg time="2024-05-28T17:00:25.844611" level="INFO">Clicking element 'span[id='select2-doctor-container']'.</msg>
<msg time="2024-05-28T17:00:31.323134" level="INFO" html="true">&lt;/td&gt;&lt;/tr&gt;&lt;tr&gt;&lt;td colspan="3"&gt;&lt;a href="selenium-screenshot-1.png"&gt;&lt;img src="selenium-screenshot-1.png" width="800px"&gt;&lt;/a&gt;</msg>
<msg time="2024-05-28T17:00:31.324153" level="FAIL">Element with locator 'span[id='select2-doctor-container']' not found.</msg>
<arg>${doctor_field}</arg>
<doc>Click the element identified by ``locator``.</doc>
<status status="FAIL" start="2024-05-28T17:00:25.843617" elapsed="5.485531">Element with locator 'span[id='select2-doctor-container']' not found.</status>
</kw>
<kw name="Get WebElements" owner="SeleniumLibrary">
<var>${list_of_elements}</var>
<arg>//span[@class="select2-results"]//li</arg>
<doc>Returns a list of WebElement objects matching the ``locator``.</doc>
<status status="NOT RUN" start="2024-05-28T17:00:31.331151" elapsed="0.001000"/>
</kw>
<kw name="Create List" owner="BuiltIn">
<var>${options_texts}</var>
<doc>Returns a list containing given items.</doc>
<status status="NOT RUN" start="2024-05-28T17:00:31.332151" elapsed="0.000000"/>
</kw>
<for flavor="IN">
<iter>
<kw name="Get Text" owner="SeleniumLibrary">
<var>${text}</var>
<arg>${element}</arg>
<doc>Returns the text value of the element identified by ``locator``.</doc>
<status status="NOT RUN" start="2024-05-28T17:00:31.333149" elapsed="0.000000"/>
</kw>
<kw name="Append To List" owner="Collections">
<arg>${options_texts}</arg>
<arg>${text}</arg>
<doc>Adds ``values`` to the end of ``list``.</doc>
<status status="NOT RUN" start="2024-05-28T17:00:31.333149" elapsed="0.000000"/>
</kw>
<kw name="Run Keyword If" owner="BuiltIn">
<arg>'${text}' == '${doctor_name}'</arg>
<arg>Click Element</arg>
<arg>${element}</arg>
<doc>Runs the given keyword with the given arguments, if ``condition`` is true.</doc>
<status status="NOT RUN" start="2024-05-28T17:00:31.334166" elapsed="0.000000"/>
</kw>
<var name="${element}"/>
<status status="NOT RUN" start="2024-05-28T17:00:31.332151" elapsed="0.002015"/>
</iter>
<var>${element}</var>
<value>@{list_of_elements}</value>
<status status="NOT RUN" start="2024-05-28T17:00:31.332151" elapsed="0.002015"/>
</for>
<arg>${option_to_select}</arg>
<status status="FAIL" start="2024-05-28T17:00:25.842612" elapsed="5.491554">Element with locator 'span[id='select2-doctor-container']' not found.</status>
</kw>
<kw name="Enter the date feild" owner="AdminResources">
<status status="NOT RUN" start="2024-05-28T17:00:31.335657" elapsed="0.001011"/>
</kw>
<kw name="Click the search button" owner="AdminResources">
<status status="NOT RUN" start="2024-05-28T17:00:31.336668" elapsed="0.000999"/>
</kw>
<kw name="Verify doctor wise appoinment search for invalid doctor name" owner="AdminResources">
<status status="NOT RUN" start="2024-05-28T17:00:31.338673" elapsed="0.001019"/>
</kw>
<kw name="close the browser" owner="GenericResources" type="TEARDOWN">
<kw name="Close Browser" owner="SeleniumLibrary">
<doc>Closes the current browser.</doc>
<status status="PASS" start="2024-05-28T17:00:31.344695" elapsed="7.521984"/>
</kw>
<status status="PASS" start="2024-05-28T17:00:31.341671" elapsed="7.525008"/>
</kw>
<doc>To verify search results of patients with respect to doctor and date</doc>
<tag>Regression</tag>
<status status="FAIL" start="2024-05-28T17:00:07.646012" elapsed="31.220667">Element with locator 'span[id='select2-doctor-container']' not found.</status>
</test>
<doc>To verify search results of patients with respect to doctor and date</doc>
<status status="FAIL" start="2024-05-28T17:00:07.252249" elapsed="31.616445"/>
</suite>
<status status="FAIL" start="2024-05-28T17:00:07.219658" elapsed="31.650035"/>
</suite>
<statistics>
<total>
<stat pass="0" fail="1" skip="0">All Tests</stat>
</total>
<tag>
<stat pass="0" fail="1" skip="0">Regression</stat>
</tag>
<suite>
<stat pass="0" fail="1" skip="0" id="s1" name="TestCases">TestCases</stat>
<stat pass="0" fail="1" skip="0" id="s1-s1" name="Test invalidAppionmentSearch">TestCases.Test invalidAppionmentSearch</stat>
</suite>
</statistics>
<errors>
</errors>
</robot>
