<?xml version="1.0" encoding="UTF-8"?>
<robot generator="Robot 7.0 (Python 3.12.2 on win32)" generated="2024-05-28T23:59:15.652044" rpa="false" schemaversion="5">
<suite id="s1" name="TestCases" source="D:\main_repository\Pilot_Project_Smart_hospital_Team3\TestCases">
<suite id="s1-s1" name="Test add invalid birth record" source="D:\main_repository\Pilot_Project_Smart_hospital_Team3\TestCases\Test_add_invalid_birth_record.robot">
<test id="s1-s1-t1" name="Login test template" line="22">
<kw name="Open the browser with url" owner="GenericResources" type="SETUP">
<kw name="Create Webdriver" owner="SeleniumLibrary">
<msg time="2024-05-28T23:59:16.639736" level="INFO">Creating an instance of the Chrome WebDriver.</msg>
<arg>Chrome</arg>
<doc>Creates an instance of Selenium WebDriver.</doc>
<status status="PASS" start="2024-05-28T23:59:16.639736" elapsed="1.722205"/>
</kw>
<kw name="Go To" owner="SeleniumLibrary">
<msg time="2024-05-28T23:59:18.363943" level="INFO">Opening url 'https://demo.smart-hospital.in/'</msg>
<arg>${url}</arg>
<doc>Navigates the current browser window to the provided ``url``.</doc>
<status status="PASS" start="2024-05-28T23:59:18.363943" elapsed="3.829431"/>
</kw>
<kw name="Maximize Browser Window" owner="SeleniumLibrary">
<doc>Maximizes current browser window.</doc>
<status status="PASS" start="2024-05-28T23:59:22.194371" elapsed="0.026165"/>
</kw>
<kw name="Set Selenium Implicit Wait" owner="SeleniumLibrary">
<arg>5</arg>
<doc>Sets the implicit wait value used by Selenium.</doc>
<status status="PASS" start="2024-05-28T23:59:22.221702" elapsed="0.001002"/>
</kw>
<status status="PASS" start="2024-05-28T23:59:16.639736" elapsed="5.584099"/>
</kw>
<kw name="validate add birth record">
<kw name="click the log in button" owner="GenericResources">
<kw name="Click Element" owner="SeleniumLibrary">
<msg time="2024-05-28T23:59:22.226706" level="INFO">Clicking element 'xpath://ul[@class="top-right"]//a'.</msg>
<arg>${login_button}</arg>
<doc>Click the element identified by ``locator``.</doc>
<status status="PASS" start="2024-05-28T23:59:22.225706" elapsed="1.421345"/>
</kw>
<status status="PASS" start="2024-05-28T23:59:22.225706" elapsed="1.423352"/>
</kw>
<kw name="click the admin login" owner="LoginResources">
<kw name="Click Element" owner="SeleniumLibrary">
<msg time="2024-05-28T23:59:23.652055" level="INFO">Clicking element 'xpath:(//a[@class='forgot pull-right'])[1]'.</msg>
<arg>${admin_login}</arg>
<doc>Click the element identified by ``locator``.</doc>
<status status="PASS" start="2024-05-28T23:59:23.651051" elapsed="0.129554"/>
</kw>
<status status="PASS" start="2024-05-28T23:59:23.650049" elapsed="0.134962"/>
</kw>
<kw name="Switch Window" owner="SeleniumLibrary">
<arg>new</arg>
<doc>Switches to browser window matching ``locator``.</doc>
<status status="PASS" start="2024-05-28T23:59:23.785011" elapsed="0.016851"/>
</kw>
<kw name="click the doctor button" owner="LoginResources">
<kw name="Click Element" owner="SeleniumLibrary">
<msg time="2024-05-28T23:59:23.801862" level="INFO">Clicking element 'xpath:(//a[@class='btn btn-primary width100'])[2]'.</msg>
<arg>${doctor_button}</arg>
<doc>Click the element identified by ``locator``.</doc>
<status status="PASS" start="2024-05-28T23:59:23.801862" elapsed="0.609775"/>
</kw>
<status status="PASS" start="2024-05-28T23:59:23.801862" elapsed="0.612774"/>
</kw>
<kw name="Click the signin button" owner="LoginResources">
<kw name="Click Button" owner="SeleniumLibrary">
<msg time="2024-05-28T23:59:24.417632" level="INFO">Clicking button 'css:button[class='btn']'.</msg>
<arg>${signin_button}</arg>
<doc>Clicks the button identified by ``locator``.</doc>
<status status="PASS" start="2024-05-28T23:59:24.416652" elapsed="4.468011"/>
</kw>
<status status="PASS" start="2024-05-28T23:59:24.415638" elapsed="4.476978"/>
</kw>
<kw name="click birth record and death record" owner="DoctorResources">
<kw name="Click Element" owner="SeleniumLibrary">
<msg time="2024-05-28T23:59:28.894633" level="INFO">Clicking element 'xpath://a/i[@class='fa fa-birthday-cake']'.</msg>
<arg>${birth_record_death_record}</arg>
<doc>Click the element identified by ``locator``.</doc>
<status status="PASS" start="2024-05-28T23:59:28.893727" elapsed="0.093744"/>
</kw>
<status status="PASS" start="2024-05-28T23:59:28.893727" elapsed="0.094806"/>
</kw>
<kw name="click birth record" owner="DoctorResources">
<kw name="Click Element" owner="SeleniumLibrary">
<msg time="2024-05-28T23:59:28.990535" level="INFO">Clicking element 'xpath://a[text()= ' Birth Record ']'.</msg>
<arg>${birth_record}</arg>
<doc>Click the element identified by ``locator``.</doc>
<status status="PASS" start="2024-05-28T23:59:28.989531" elapsed="0.621847"/>
</kw>
<status status="PASS" start="2024-05-28T23:59:28.989531" elapsed="0.621847"/>
</kw>
<kw name="click add birth record" owner="DoctorResources">
<kw name="Click Element" owner="SeleniumLibrary">
<msg time="2024-05-28T23:59:29.615725" level="INFO">Clicking element 'xpath://a[@class='btn btn-primary btn-sm birthrecord']'.</msg>
<arg>${add_birth_record}</arg>
<doc>Click the element identified by ``locator``.</doc>
<status status="PASS" start="2024-05-28T23:59:29.615725" elapsed="0.091547"/>
</kw>
<status status="PASS" start="2024-05-28T23:59:29.611378" elapsed="0.096910"/>
</kw>
<kw name="fill the birth record form" owner="DoctorResources">
<kw name="Click Element" owner="SeleniumLibrary">
<msg time="2024-05-28T23:59:29.713711" level="INFO">Clicking element 'xpath:(//select[@class='form-control'])[1]'.</msg>
<arg>${Gender_drop_down}</arg>
<doc>Click the element identified by ``locator``.</doc>
<status status="PASS" start="2024-05-28T23:59:29.712649" elapsed="0.216209"/>
</kw>
<kw name="Click Element" owner="SeleniumLibrary">
<msg time="2024-05-28T23:59:29.928858" level="INFO">Clicking element 'xpath:(//option[@value='Male'])[1]'.</msg>
<arg>${Gender_option_male}</arg>
<doc>Click the element identified by ``locator``.</doc>
<status status="PASS" start="2024-05-28T23:59:29.928858" elapsed="0.058712"/>
</kw>
<kw name="Input Text" owner="SeleniumLibrary">
<msg time="2024-05-28T23:59:29.987570" level="INFO">Typing text '0' into text field 'name:weight'.</msg>
<arg>${weight_feild}</arg>
<arg>${weight}</arg>
<doc>Types the given ``text`` into the text field identified by ``locator``.</doc>
<status status="PASS" start="2024-05-28T23:59:29.987570" elapsed="0.150993"/>
</kw>
<kw name="Input Text" owner="SeleniumLibrary">
<msg time="2024-05-28T23:59:30.138563" level="INFO">Typing text '2024-08-22 00:00:00' into text field 'id:birth_date'.</msg>
<arg>${birth_date_feild}</arg>
<arg>${birthDate}</arg>
<doc>Types the given ``text`` into the text field identified by ``locator``.</doc>
<status status="PASS" start="2024-05-28T23:59:30.138563" elapsed="0.229691"/>
</kw>
<kw name="Input Text" owner="SeleniumLibrary">
<msg time="2024-05-28T23:59:30.375991" level="INFO">Typing text '934265611' into text field 'id:contact'.</msg>
<arg>${contact_feild}</arg>
<arg>${contact}</arg>
<doc>Types the given ``text`` into the text field identified by ``locator``.</doc>
<status status="PASS" start="2024-05-28T23:59:30.368254" elapsed="0.212953"/>
</kw>
<kw name="Input Text" owner="SeleniumLibrary">
<msg time="2024-05-28T23:59:30.581207" level="INFO">Typing text 'Salem' into text field 'id:address'.</msg>
<arg>${adress_feild}</arg>
<arg>${Address}</arg>
<doc>Types the given ``text`` into the text field identified by ``locator``.</doc>
<status status="PASS" start="2024-05-28T23:59:30.581207" elapsed="0.200377"/>
</kw>
<kw name="Input Text" owner="SeleniumLibrary">
<msg time="2024-05-28T23:59:30.786355" level="INFO">Typing text '2222' into text field 'id:case_id'.</msg>
<arg>${case_id_feild}</arg>
<arg>${CaseId}</arg>
<doc>Types the given ``text`` into the text field identified by ``locator``.</doc>
<status status="PASS" start="2024-05-28T23:59:30.786355" elapsed="0.185390"/>
</kw>
<kw name="Input Text" owner="SeleniumLibrary">
<msg time="2024-05-28T23:59:30.976703" level="INFO">Typing text 'karmegam' into text field 'id:father_name'.</msg>
<arg>${fathers_name_feild}</arg>
<arg>${FathersName}</arg>
<doc>Types the given ``text`` into the text field identified by ``locator``.</doc>
<status status="PASS" start="2024-05-28T23:59:30.975641" elapsed="0.145264"/>
</kw>
<kw name="Input Text" owner="SeleniumLibrary">
<msg time="2024-05-28T23:59:31.120905" level="INFO">Typing text 'baby uis fine' into text field 'id:birth_report'.</msg>
<arg>${b_reports}</arg>
<arg>${birthReports}</arg>
<doc>Types the given ``text`` into the text field identified by ``locator``.</doc>
<status status="PASS" start="2024-05-28T23:59:31.120905" elapsed="0.204764"/>
</kw>
<kw name="Click Button" owner="SeleniumLibrary">
<msg time="2024-05-28T23:59:31.326093" level="INFO">Clicking button 'id:formaddbtn'.</msg>
<arg>${save_btn}</arg>
<doc>Clicks the button identified by ``locator``.</doc>
<status status="PASS" start="2024-05-28T23:59:31.326093" elapsed="0.134154"/>
</kw>
<arg>${Cname}</arg>
<arg>${weight}</arg>
<arg>${birthDate}</arg>
<arg>${Contact}</arg>
<arg>${Address}</arg>
<arg>${CaseId}</arg>
<arg>${FathersName}</arg>
<arg>${birthReports}</arg>
<status status="PASS" start="2024-05-28T23:59:29.709163" elapsed="1.751084"/>
</kw>
<arg>Cname=dk</arg>
<arg>weight=0</arg>
<arg>birthDate=2024-08-22 00:00:00</arg>
<arg>Contact=934265611</arg>
<arg>Address=Salem</arg>
<arg>CaseId=2222</arg>
<arg>FathersName=karmegam</arg>
<arg>birthReports=baby uis fine</arg>
<status status="PASS" start="2024-05-28T23:59:22.224704" elapsed="9.243138"/>
</kw>
<kw name="close the browser" owner="GenericResources" type="TEARDOWN">
<kw name="Close Browser" owner="SeleniumLibrary">
<doc>Closes the current browser.</doc>
<status status="PASS" start="2024-05-28T23:59:31.468948" elapsed="2.221927"/>
</kw>
<status status="PASS" start="2024-05-28T23:59:31.468948" elapsed="2.221927"/>
</kw>
<status status="PASS" start="2024-05-28T23:59:16.624113" elapsed="17.066762"/>
</test>
<doc>To validate Invalid birth record</doc>
<status status="PASS" start="2024-05-28T23:59:15.730131" elapsed="17.960744"/>
</suite>
<suite id="s1-s2" name="Test add invalid death record" source="D:\main_repository\Pilot_Project_Smart_hospital_Team3\TestCases\Test_add_invalid_death_record.robot">
<test id="s1-s2-t1" name="Login test template" line="19">
<kw name="Open the browser with url" owner="GenericResources" type="SETUP">
<kw name="Create Webdriver" owner="SeleniumLibrary">
<msg time="2024-05-28T23:59:33.786794" level="INFO">Creating an instance of the Chrome WebDriver.</msg>
<arg>Chrome</arg>
<doc>Creates an instance of Selenium WebDriver.</doc>
<status status="PASS" start="2024-05-28T23:59:33.786794" elapsed="1.787863"/>
</kw>
<kw name="Go To" owner="SeleniumLibrary">
<msg time="2024-05-28T23:59:35.592847" level="INFO">Opening url 'https://demo.smart-hospital.in/'</msg>
<arg>${url}</arg>
<doc>Navigates the current browser window to the provided ``url``.</doc>
<status status="PASS" start="2024-05-28T23:59:35.592612" elapsed="2.943407"/>
</kw>
<kw name="Maximize Browser Window" owner="SeleniumLibrary">
<doc>Maximizes current browser window.</doc>
<status status="PASS" start="2024-05-28T23:59:38.537019" elapsed="0.057629"/>
</kw>
<kw name="Set Selenium Implicit Wait" owner="SeleniumLibrary">
<arg>5</arg>
<doc>Sets the implicit wait value used by Selenium.</doc>
<status status="PASS" start="2024-05-28T23:59:38.594648" elapsed="0.002998"/>
</kw>
<status status="PASS" start="2024-05-28T23:59:33.786794" elapsed="4.810852"/>
</kw>
<kw name="validate add death record">
<kw name="click the log in button" owner="GenericResources">
<kw name="Click Element" owner="SeleniumLibrary">
<msg time="2024-05-28T23:59:38.601644" level="INFO">Clicking element 'xpath://ul[@class="top-right"]//a'.</msg>
<arg>${login_button}</arg>
<doc>Click the element identified by ``locator``.</doc>
<status status="PASS" start="2024-05-28T23:59:38.600649" elapsed="1.470406"/>
</kw>
<status status="PASS" start="2024-05-28T23:59:38.599646" elapsed="1.472414"/>
</kw>
<kw name="click the admin login" owner="LoginResources">
<kw name="Click Element" owner="SeleniumLibrary">
<msg time="2024-05-28T23:59:40.074077" level="INFO">Clicking element 'xpath:(//a[@class='forgot pull-right'])[1]'.</msg>
<arg>${admin_login}</arg>
<doc>Click the element identified by ``locator``.</doc>
<status status="PASS" start="2024-05-28T23:59:40.074077" elapsed="0.111340"/>
</kw>
<status status="PASS" start="2024-05-28T23:59:40.073092" elapsed="0.118052"/>
</kw>
<kw name="Switch Window" owner="SeleniumLibrary">
<arg>new</arg>
<doc>Switches to browser window matching ``locator``.</doc>
<status status="PASS" start="2024-05-28T23:59:40.191144" elapsed="0.012149"/>
</kw>
<kw name="click the doctor button" owner="LoginResources">
<kw name="Click Element" owner="SeleniumLibrary">
<msg time="2024-05-28T23:59:40.203293" level="INFO">Clicking element 'xpath:(//a[@class='btn btn-primary width100'])[2]'.</msg>
<arg>${doctor_button}</arg>
<doc>Click the element identified by ``locator``.</doc>
<status status="PASS" start="2024-05-28T23:59:40.203293" elapsed="0.586827"/>
</kw>
<status status="PASS" start="2024-05-28T23:59:40.203293" elapsed="0.589953"/>
</kw>
<kw name="Click the signin button" owner="LoginResources">
<kw name="Click Button" owner="SeleniumLibrary">
<msg time="2024-05-28T23:59:40.795249" level="INFO">Clicking button 'css:button[class='btn']'.</msg>
<arg>${signin_button}</arg>
<doc>Clicks the button identified by ``locator``.</doc>
<status status="PASS" start="2024-05-28T23:59:40.794245" elapsed="4.324867"/>
</kw>
<status status="PASS" start="2024-05-28T23:59:40.794245" elapsed="4.326352"/>
</kw>
<kw name="click birth record and death record" owner="DoctorResources">
<kw name="Click Element" owner="SeleniumLibrary">
<msg time="2024-05-28T23:59:45.120597" level="INFO">Clicking element 'xpath://a/i[@class='fa fa-birthday-cake']'.</msg>
<arg>${birth_record_death_record}</arg>
<doc>Click the element identified by ``locator``.</doc>
<status status="PASS" start="2024-05-28T23:59:45.120597" elapsed="0.115514"/>
</kw>
<status status="PASS" start="2024-05-28T23:59:45.120597" elapsed="0.117507"/>
</kw>
<kw name="click death record" owner="DoctorResources">
<kw name="Click Element" owner="SeleniumLibrary">
<msg time="2024-05-28T23:59:45.240103" level="INFO">Clicking element 'xpath://a[text()= ' Death Record']'.</msg>
<arg>${death_record}</arg>
<doc>Click the element identified by ``locator``.</doc>
<status status="PASS" start="2024-05-28T23:59:45.240103" elapsed="0.885213"/>
</kw>
<status status="PASS" start="2024-05-28T23:59:45.239106" elapsed="0.888404"/>
</kw>
<kw name="click add death record" owner="DoctorResources">
<kw name="Click Element" owner="SeleniumLibrary">
<msg time="2024-05-28T23:59:46.130306" level="INFO">Clicking element 'xpath://a[@class='btn btn-primary btn-sm deathrecord']'.</msg>
<arg>${add_death_record}</arg>
<doc>Click the element identified by ``locator``.</doc>
<status status="PASS" start="2024-05-28T23:59:46.129310" elapsed="0.106892"/>
</kw>
<status status="PASS" start="2024-05-28T23:59:46.128287" elapsed="0.108912"/>
</kw>
<kw name="fill the death record form" owner="DoctorResources">
<kw name="Input Text" owner="SeleniumLibrary">
<msg time="2024-05-28T23:59:46.239207" level="INFO">Typing text '4723' into text field 'id:case_id'.</msg>
<arg>${case_id_feild}</arg>
<arg>${caseID}</arg>
<doc>Types the given ``text`` into the text field identified by ``locator``.</doc>
<status status="PASS" start="2024-05-28T23:59:46.238202" elapsed="0.266987"/>
</kw>
<kw name="Input Text" owner="SeleniumLibrary">
<msg time="2024-05-28T23:59:46.505189" level="INFO">Typing text '2024-05-29 00:00:00' into text field 'id:death_date'.</msg>
<arg>${deadDate}</arg>
<arg>${DeathDate}</arg>
<doc>Types the given ``text`` into the text field identified by ``locator``.</doc>
<status status="PASS" start="2024-05-28T23:59:46.505189" elapsed="0.155377"/>
</kw>
<kw name="Input Text" owner="SeleniumLibrary">
<msg time="2024-05-28T23:59:46.661097" level="INFO">Typing text 'Dennis Coates' into text field 'id:death_report'.</msg>
<arg>${deadReports}</arg>
<arg>${DeathReports}</arg>
<doc>Types the given ``text`` into the text field identified by ``locator``.</doc>
<status status="PASS" start="2024-05-28T23:59:46.661097" elapsed="0.137167"/>
</kw>
<kw name="Click Element" owner="SeleniumLibrary">
<msg time="2024-05-28T23:59:46.800703" level="INFO">Clicking element 'id:formaddbtn'.</msg>
<arg>${save_btn}</arg>
<doc>Click the element identified by ``locator``.</doc>
<status status="PASS" start="2024-05-28T23:59:46.799264" elapsed="0.084421"/>
</kw>
<arg>${caseID}</arg>
<arg>${DeathDate}</arg>
<arg>${DeathReports}</arg>
<status status="PASS" start="2024-05-28T23:59:46.237199" elapsed="0.646486"/>
</kw>
<kw name="check the alert for invalid add death record" owner="DoctorResources">
<kw name="Wait Until Page Contains Element" owner="SeleniumLibrary">
<arg>${assert_invalid_add_Death_record}</arg>
<doc>Waits until the element ``locator`` appears on the current page.</doc>
<status status="PASS" start="2024-05-28T23:59:46.887629" elapsed="0.033280"/>
</kw>
<kw name="Element Text Should Be" owner="SeleniumLibrary">
<msg time="2024-05-28T23:59:46.920909" level="INFO">Verifying element 'xpath://div[text()='Patient Not Found']' contains exact text 'Patient Not Found'.</msg>
<arg>${assert_invalid_add_Death_record}</arg>
<arg>Patient Not Found</arg>
<doc>Verifies that element ``locator`` contains exact the text ``expected``.</doc>
<status status="PASS" start="2024-05-28T23:59:46.920909" elapsed="0.044713"/>
</kw>
<status status="PASS" start="2024-05-28T23:59:46.886566" elapsed="0.080547"/>
</kw>
<arg>caseID=4723</arg>
<arg>DeathDate=2024-05-29 00:00:00</arg>
<arg>DeathReports=Dennis Coates</arg>
<status status="PASS" start="2024-05-28T23:59:38.599646" elapsed="8.368513"/>
</kw>
<kw name="close the browser" owner="GenericResources" type="TEARDOWN">
<kw name="Close Browser" owner="SeleniumLibrary">
<doc>Closes the current browser.</doc>
<status status="PASS" start="2024-05-28T23:59:46.970126" elapsed="2.235535"/>
</kw>
<status status="PASS" start="2024-05-28T23:59:46.970126" elapsed="2.236509"/>
</kw>
<tag>regression</tag>
<status status="PASS" start="2024-05-28T23:59:33.786794" elapsed="15.419841"/>
</test>
<doc>To validate Invalid Death Record</doc>
<status status="PASS" start="2024-05-28T23:59:33.707583" elapsed="15.514078"/>
</suite>
<suite id="s1-s3" name="Test add valid birth record" source="D:\main_repository\Pilot_Project_Smart_hospital_Team3\TestCases\Test_add_valid_birth_record.robot">
<test id="s1-s3-t1" name="Login test template" line="22">
<kw name="Open the browser with url" owner="GenericResources" type="SETUP">
<kw name="Create Webdriver" owner="SeleniumLibrary">
<msg time="2024-05-28T23:59:49.300116" level="INFO">Creating an instance of the Chrome WebDriver.</msg>
<arg>Chrome</arg>
<doc>Creates an instance of Selenium WebDriver.</doc>
<status status="PASS" start="2024-05-28T23:59:49.300116" elapsed="1.616678"/>
</kw>
<kw name="Go To" owner="SeleniumLibrary">
<msg time="2024-05-28T23:59:50.916794" level="INFO">Opening url 'https://demo.smart-hospital.in/'</msg>
<arg>${url}</arg>
<doc>Navigates the current browser window to the provided ``url``.</doc>
<status status="PASS" start="2024-05-28T23:59:50.916794" elapsed="2.892492"/>
</kw>
<kw name="Maximize Browser Window" owner="SeleniumLibrary">
<doc>Maximizes current browser window.</doc>
<status status="PASS" start="2024-05-28T23:59:53.811286" elapsed="0.051703"/>
</kw>
<kw name="Set Selenium Implicit Wait" owner="SeleniumLibrary">
<arg>5</arg>
<doc>Sets the implicit wait value used by Selenium.</doc>
<status status="PASS" start="2024-05-28T23:59:53.864523" elapsed="0.003781"/>
</kw>
<status status="PASS" start="2024-05-28T23:59:49.300116" elapsed="4.569616"/>
</kw>
<kw name="validate add birth record">
<kw name="click the log in button" owner="GenericResources">
<kw name="Click Element" owner="SeleniumLibrary">
<msg time="2024-05-28T23:59:53.874753" level="INFO">Clicking element 'xpath://ul[@class="top-right"]//a'.</msg>
<arg>${login_button}</arg>
<doc>Click the element identified by ``locator``.</doc>
<status status="PASS" start="2024-05-28T23:59:53.873757" elapsed="1.512619"/>
</kw>
<status status="PASS" start="2024-05-28T23:59:53.872762" elapsed="1.514615"/>
</kw>
<kw name="click the admin login" owner="LoginResources">
<kw name="Click Element" owner="SeleniumLibrary">
<msg time="2024-05-28T23:59:55.390377" level="INFO">Clicking element 'xpath:(//a[@class='forgot pull-right'])[1]'.</msg>
<arg>${admin_login}</arg>
<doc>Click the element identified by ``locator``.</doc>
<status status="PASS" start="2024-05-28T23:59:55.389381" elapsed="0.178813"/>
</kw>
<status status="PASS" start="2024-05-28T23:59:55.388376" elapsed="0.179818"/>
</kw>
<kw name="Switch Window" owner="SeleniumLibrary">
<arg>new</arg>
<doc>Switches to browser window matching ``locator``.</doc>
<status status="PASS" start="2024-05-28T23:59:55.568194" elapsed="0.020850"/>
</kw>
<kw name="click the doctor button" owner="LoginResources">
<kw name="Click Element" owner="SeleniumLibrary">
<msg time="2024-05-28T23:59:55.591028" level="INFO">Clicking element 'xpath:(//a[@class='btn btn-primary width100'])[2]'.</msg>
<arg>${doctor_button}</arg>
<doc>Click the element identified by ``locator``.</doc>
<status status="PASS" start="2024-05-28T23:59:55.590029" elapsed="0.624408"/>
</kw>
<status status="PASS" start="2024-05-28T23:59:55.590029" elapsed="0.625418"/>
</kw>
<kw name="Click the signin button" owner="LoginResources">
<kw name="Click Button" owner="SeleniumLibrary">
<msg time="2024-05-28T23:59:56.219177" level="INFO">Clicking button 'css:button[class='btn']'.</msg>
<arg>${signin_button}</arg>
<doc>Clicks the button identified by ``locator``.</doc>
<status status="PASS" start="2024-05-28T23:59:56.217452" elapsed="5.011943"/>
</kw>
<status status="PASS" start="2024-05-28T23:59:56.216452" elapsed="5.012943"/>
</kw>
<kw name="click birth record and death record" owner="DoctorResources">
<kw name="Click Element" owner="SeleniumLibrary">
<msg time="2024-05-29T00:00:01.233642" level="INFO">Clicking element 'xpath://a/i[@class='fa fa-birthday-cake']'.</msg>
<arg>${birth_record_death_record}</arg>
<doc>Click the element identified by ``locator``.</doc>
<status status="PASS" start="2024-05-29T00:00:01.229395" elapsed="0.085921"/>
</kw>
<status status="PASS" start="2024-05-29T00:00:01.229395" elapsed="0.086941"/>
</kw>
<kw name="click birth record" owner="DoctorResources">
<kw name="Click Element" owner="SeleniumLibrary">
<msg time="2024-05-29T00:00:01.318811" level="INFO">Clicking element 'xpath://a[text()= ' Birth Record ']'.</msg>
<arg>${birth_record}</arg>
<doc>Click the element identified by ``locator``.</doc>
<status status="PASS" start="2024-05-29T00:00:01.317807" elapsed="0.672848"/>
</kw>
<status status="PASS" start="2024-05-29T00:00:01.317807" elapsed="0.674502"/>
</kw>
<kw name="click add birth record" owner="DoctorResources">
<kw name="Click Element" owner="SeleniumLibrary">
<msg time="2024-05-29T00:00:01.993271" level="INFO">Clicking element 'xpath://a[@class='btn btn-primary btn-sm birthrecord']'.</msg>
<arg>${add_birth_record}</arg>
<doc>Click the element identified by ``locator``.</doc>
<status status="PASS" start="2024-05-29T00:00:01.993271" elapsed="0.091002"/>
</kw>
<status status="PASS" start="2024-05-29T00:00:01.992597" elapsed="0.093417"/>
</kw>
<kw name="fill the birth record form" owner="DoctorResources">
<kw name="Click Element" owner="SeleniumLibrary">
<msg time="2024-05-29T00:00:02.088817" level="INFO">Clicking element 'xpath:(//select[@class='form-control'])[1]'.</msg>
<arg>${Gender_drop_down}</arg>
<doc>Click the element identified by ``locator``.</doc>
<status status="PASS" start="2024-05-29T00:00:02.088817" elapsed="0.250502"/>
</kw>
<kw name="Click Element" owner="SeleniumLibrary">
<msg time="2024-05-29T00:00:02.339319" level="INFO">Clicking element 'xpath:(//option[@value='Male'])[1]'.</msg>
<arg>${Gender_option_male}</arg>
<doc>Click the element identified by ``locator``.</doc>
<status status="PASS" start="2024-05-29T00:00:02.339319" elapsed="0.047251"/>
</kw>
<kw name="Input Text" owner="SeleniumLibrary">
<msg time="2024-05-29T00:00:02.386570" level="INFO">Typing text '4' into text field 'name:weight'.</msg>
<arg>${weight_feild}</arg>
<arg>${weight}</arg>
<doc>Types the given ``text`` into the text field identified by ``locator``.</doc>
<status status="PASS" start="2024-05-29T00:00:02.386570" elapsed="0.157866"/>
</kw>
<kw name="Input Text" owner="SeleniumLibrary">
<msg time="2024-05-29T00:00:02.544436" level="INFO">Typing text '2024-08-22 00:00:00' into text field 'id:birth_date'.</msg>
<arg>${birth_date_feild}</arg>
<arg>${birthDate}</arg>
<doc>Types the given ``text`` into the text field identified by ``locator``.</doc>
<status status="PASS" start="2024-05-29T00:00:02.544436" elapsed="0.162236"/>
</kw>
<kw name="Input Text" owner="SeleniumLibrary">
<msg time="2024-05-29T00:00:02.706672" level="INFO">Typing text '934265622' into text field 'id:contact'.</msg>
<arg>${contact_feild}</arg>
<arg>${contact}</arg>
<doc>Types the given ``text`` into the text field identified by ``locator``.</doc>
<status status="PASS" start="2024-05-29T00:00:02.706672" elapsed="0.163837"/>
</kw>
<kw name="Input Text" owner="SeleniumLibrary">
<msg time="2024-05-29T00:00:02.870509" level="INFO">Typing text 'Salem' into text field 'id:address'.</msg>
<arg>${adress_feild}</arg>
<arg>${Address}</arg>
<doc>Types the given ``text`` into the text field identified by ``locator``.</doc>
<status status="PASS" start="2024-05-29T00:00:02.870509" elapsed="0.127825"/>
</kw>
<kw name="Input Text" owner="SeleniumLibrary">
<msg time="2024-05-29T00:00:02.998334" level="INFO">Typing text '3704' into text field 'id:case_id'.</msg>
<arg>${case_id_feild}</arg>
<arg>${CaseId}</arg>
<doc>Types the given ``text`` into the text field identified by ``locator``.</doc>
<status status="PASS" start="2024-05-29T00:00:02.998334" elapsed="0.109380"/>
</kw>
<kw name="Input Text" owner="SeleniumLibrary">
<msg time="2024-05-29T00:00:03.107714" level="INFO">Typing text 'karmegam' into text field 'id:father_name'.</msg>
<arg>${fathers_name_feild}</arg>
<arg>${FathersName}</arg>
<doc>Types the given ``text`` into the text field identified by ``locator``.</doc>
<status status="PASS" start="2024-05-29T00:00:03.107714" elapsed="0.312648"/>
</kw>
<kw name="Input Text" owner="SeleniumLibrary">
<msg time="2024-05-29T00:00:03.422287" level="INFO">Typing text 'baby uis fine' into text field 'id:birth_report'.</msg>
<arg>${b_reports}</arg>
<arg>${birthReports}</arg>
<doc>Types the given ``text`` into the text field identified by ``locator``.</doc>
<status status="PASS" start="2024-05-29T00:00:03.421361" elapsed="0.182445"/>
</kw>
<kw name="Click Button" owner="SeleniumLibrary">
<msg time="2024-05-29T00:00:03.604733" level="INFO">Clicking button 'id:formaddbtn'.</msg>
<arg>${save_btn}</arg>
<doc>Clicks the button identified by ``locator``.</doc>
<status status="PASS" start="2024-05-29T00:00:03.604733" elapsed="0.130924"/>
</kw>
<arg>${Cname}</arg>
<arg>${weight}</arg>
<arg>${birthDate}</arg>
<arg>${Contact}</arg>
<arg>${Address}</arg>
<arg>${CaseId}</arg>
<arg>${FathersName}</arg>
<arg>${birthReports}</arg>
<status status="PASS" start="2024-05-29T00:00:02.086750" elapsed="1.655154"/>
</kw>
<arg>Cname=dinesh</arg>
<arg>weight=4</arg>
<arg>birthDate=2024-08-22 00:00:00</arg>
<arg>Contact=934265622</arg>
<arg>Address=Salem</arg>
<arg>CaseId=3704</arg>
<arg>FathersName=karmegam</arg>
<arg>birthReports=baby uis fine</arg>
<status status="PASS" start="2024-05-28T23:59:53.871770" elapsed="9.870134"/>
</kw>
<kw name="close the browser" owner="GenericResources" type="TEARDOWN">
<kw name="Close Browser" owner="SeleniumLibrary">
<doc>Closes the current browser.</doc>
<status status="PASS" start="2024-05-29T00:00:03.743289" elapsed="2.273660"/>
</kw>
<status status="PASS" start="2024-05-29T00:00:03.743289" elapsed="2.273660"/>
</kw>
<tag>regression</tag>
<status status="PASS" start="2024-05-28T23:59:49.300116" elapsed="16.718616"/>
</test>
<doc>To validate the valid add birth Record</doc>
<status status="PASS" start="2024-05-28T23:59:49.221661" elapsed="16.797071"/>
</suite>
<suite id="s1-s4" name="Test add valid death record" source="D:\main_repository\Pilot_Project_Smart_hospital_Team3\TestCases\Test_add_valid_death_record.robot">
<test id="s1-s4-t1" name="Login test template" line="17">
<kw name="Open the browser with url" owner="GenericResources" type="SETUP">
<kw name="Create Webdriver" owner="SeleniumLibrary">
<msg time="2024-05-29T00:00:06.095315" level="INFO">Creating an instance of the Chrome WebDriver.</msg>
<arg>Chrome</arg>
<doc>Creates an instance of Selenium WebDriver.</doc>
<status status="PASS" start="2024-05-29T00:00:06.095315" elapsed="1.667725"/>
</kw>
<kw name="Go To" owner="SeleniumLibrary">
<msg time="2024-05-29T00:00:07.763040" level="INFO">Opening url 'https://demo.smart-hospital.in/'</msg>
<arg>${url}</arg>
<doc>Navigates the current browser window to the provided ``url``.</doc>
<status status="PASS" start="2024-05-29T00:00:07.763040" elapsed="3.742404"/>
</kw>
<kw name="Maximize Browser Window" owner="SeleniumLibrary">
<doc>Maximizes current browser window.</doc>
<status status="PASS" start="2024-05-29T00:00:11.506439" elapsed="0.036076"/>
</kw>
<kw name="Set Selenium Implicit Wait" owner="SeleniumLibrary">
<arg>5</arg>
<doc>Sets the implicit wait value used by Selenium.</doc>
<status status="PASS" start="2024-05-29T00:00:11.543514" elapsed="0.001995"/>
</kw>
<status status="PASS" start="2024-05-29T00:00:06.095315" elapsed="5.450194"/>
</kw>
<kw name="validate add death record">
<kw name="click the log in button" owner="GenericResources">
<kw name="Click Element" owner="SeleniumLibrary">
<msg time="2024-05-29T00:00:11.547998" level="INFO">Clicking element 'xpath://ul[@class="top-right"]//a'.</msg>
<arg>${login_button}</arg>
<doc>Click the element identified by ``locator``.</doc>
<status status="PASS" start="2024-05-29T00:00:11.547998" elapsed="1.785645"/>
</kw>
<status status="PASS" start="2024-05-29T00:00:11.546985" elapsed="1.787651"/>
</kw>
<kw name="click the admin login" owner="LoginResources">
<kw name="Click Element" owner="SeleniumLibrary">
<msg time="2024-05-29T00:00:13.336636" level="INFO">Clicking element 'xpath:(//a[@class='forgot pull-right'])[1]'.</msg>
<arg>${admin_login}</arg>
<doc>Click the element identified by ``locator``.</doc>
<status status="PASS" start="2024-05-29T00:00:13.335637" elapsed="0.120240"/>
</kw>
<status status="PASS" start="2024-05-29T00:00:13.335637" elapsed="0.123690"/>
</kw>
<kw name="Switch Window" owner="SeleniumLibrary">
<arg>new</arg>
<doc>Switches to browser window matching ``locator``.</doc>
<status status="PASS" start="2024-05-29T00:00:13.459327" elapsed="0.020383"/>
</kw>
<kw name="click the doctor button" owner="LoginResources">
<kw name="Click Element" owner="SeleniumLibrary">
<msg time="2024-05-29T00:00:13.480699" level="INFO">Clicking element 'xpath:(//a[@class='btn btn-primary width100'])[2]'.</msg>
<arg>${doctor_button}</arg>
<doc>Click the element identified by ``locator``.</doc>
<status status="PASS" start="2024-05-29T00:00:13.480699" elapsed="0.629984"/>
</kw>
<status status="PASS" start="2024-05-29T00:00:13.480699" elapsed="0.632995"/>
</kw>
<kw name="Click the signin button" owner="LoginResources">
<kw name="Click Button" owner="SeleniumLibrary">
<msg time="2024-05-29T00:00:14.115934" level="INFO">Clicking button 'css:button[class='btn']'.</msg>
<arg>${signin_button}</arg>
<doc>Clicks the button identified by ``locator``.</doc>
<status status="PASS" start="2024-05-29T00:00:14.114693" elapsed="4.421806"/>
</kw>
<status status="PASS" start="2024-05-29T00:00:14.113694" elapsed="4.422805"/>
</kw>
<kw name="click birth record and death record" owner="DoctorResources">
<kw name="Click Element" owner="SeleniumLibrary">
<msg time="2024-05-29T00:00:18.536499" level="INFO">Clicking element 'xpath://a/i[@class='fa fa-birthday-cake']'.</msg>
<arg>${birth_record_death_record}</arg>
<doc>Click the element identified by ``locator``.</doc>
<status status="PASS" start="2024-05-29T00:00:18.536499" elapsed="0.114262"/>
</kw>
<status status="PASS" start="2024-05-29T00:00:18.536499" elapsed="0.116265"/>
</kw>
<kw name="click death record" owner="DoctorResources">
<kw name="Click Element" owner="SeleniumLibrary">
<msg time="2024-05-29T00:00:18.654778" level="INFO">Clicking element 'xpath://a[text()= ' Death Record']'.</msg>
<arg>${death_record}</arg>
<doc>Click the element identified by ``locator``.</doc>
<status status="PASS" start="2024-05-29T00:00:18.653766" elapsed="0.871925"/>
</kw>
<status status="PASS" start="2024-05-29T00:00:18.653766" elapsed="0.874548"/>
</kw>
<kw name="click add death record" owner="DoctorResources">
<kw name="Click Element" owner="SeleniumLibrary">
<msg time="2024-05-29T00:00:19.530395" level="INFO">Clicking element 'xpath://a[@class='btn btn-primary btn-sm deathrecord']'.</msg>
<arg>${add_death_record}</arg>
<doc>Click the element identified by ``locator``.</doc>
<status status="PASS" start="2024-05-29T00:00:19.530395" elapsed="0.097058"/>
</kw>
<status status="PASS" start="2024-05-29T00:00:19.528314" elapsed="0.101973"/>
</kw>
<kw name="fill the death record form" owner="DoctorResources">
<kw name="Input Text" owner="SeleniumLibrary">
<msg time="2024-05-29T00:00:19.633063" level="INFO">Typing text 'Dennis Coates	' into text field 'id:case_id'.</msg>
<arg>${case_id_feild}</arg>
<arg>${caseID}</arg>
<doc>Types the given ``text`` into the text field identified by ``locator``.</doc>
<status status="PASS" start="2024-05-29T00:00:19.632326" elapsed="0.349505"/>
</kw>
<kw name="Input Text" owner="SeleniumLibrary">
<msg time="2024-05-29T00:00:19.983632" level="INFO">Typing text '2024-05-29 00:00:00' into text field 'id:death_date'.</msg>
<arg>${deadDate}</arg>
<arg>${DeathDate}</arg>
<doc>Types the given ``text`` into the text field identified by ``locator``.</doc>
<status status="PASS" start="2024-05-29T00:00:19.983632" elapsed="0.272023"/>
</kw>
<kw name="Input Text" owner="SeleniumLibrary">
<msg time="2024-05-29T00:00:20.257656" level="INFO">Typing text 'Dennis Coates' into text field 'id:death_report'.</msg>
<arg>${deadReports}</arg>
<arg>${DeathReports}</arg>
<doc>Types the given ``text`` into the text field identified by ``locator``.</doc>
<status status="PASS" start="2024-05-29T00:00:20.256655" elapsed="0.210319"/>
</kw>
<kw name="Click Element" owner="SeleniumLibrary">
<msg time="2024-05-29T00:00:20.466974" level="INFO">Clicking element 'id:formaddbtn'.</msg>
<arg>${save_btn}</arg>
<doc>Click the element identified by ``locator``.</doc>
<status status="PASS" start="2024-05-29T00:00:20.466974" elapsed="0.106367"/>
</kw>
<arg>${caseID}</arg>
<arg>${DeathDate}</arg>
<arg>${DeathReports}</arg>
<status status="PASS" start="2024-05-29T00:00:19.630287" elapsed="0.946291"/>
</kw>
<arg>caseID=Dennis Coates	</arg>
<arg>DeathDate=2024-05-29 00:00:00</arg>
<arg>DeathReports=Dennis Coates</arg>
<status status="PASS" start="2024-05-29T00:00:11.545509" elapsed="9.031771"/>
</kw>
<kw name="close the browser" owner="GenericResources" type="TEARDOWN">
<kw name="Close Browser" owner="SeleniumLibrary">
<doc>Closes the current browser.</doc>
<status status="PASS" start="2024-05-29T00:00:20.577280" elapsed="2.236753"/>
</kw>
<status status="PASS" start="2024-05-29T00:00:20.577280" elapsed="2.236753"/>
</kw>
<tag>regression</tag>
<status status="PASS" start="2024-05-29T00:00:06.095315" elapsed="16.718718"/>
</test>
<status status="PASS" start="2024-05-29T00:00:06.033881" elapsed="16.796756"/>
</suite>
<suite id="s1-s5" name="Test appointment history" source="D:\main_repository\Pilot_Project_Smart_hospital_Team3\TestCases\Test_appointment_history.robot">
<test id="s1-s5-t1" name="validate appointment history" line="13">
<kw name="Open the browser with url" owner="GenericResources" type="SETUP">
<kw name="Create Webdriver" owner="SeleniumLibrary">
<msg time="2024-05-29T00:00:22.876544" level="INFO">Creating an instance of the Chrome WebDriver.</msg>
<arg>Chrome</arg>
<doc>Creates an instance of Selenium WebDriver.</doc>
<status status="PASS" start="2024-05-29T00:00:22.876544" elapsed="1.774122"/>
</kw>
<kw name="Go To" owner="SeleniumLibrary">
<msg time="2024-05-29T00:00:24.653663" level="INFO">Opening url 'https://demo.smart-hospital.in/'</msg>
<arg>${url}</arg>
<doc>Navigates the current browser window to the provided ``url``.</doc>
<status status="PASS" start="2024-05-29T00:00:24.652664" elapsed="2.840948"/>
</kw>
<kw name="Maximize Browser Window" owner="SeleniumLibrary">
<doc>Maximizes current browser window.</doc>
<status status="PASS" start="2024-05-29T00:00:27.495609" elapsed="0.034187"/>
</kw>
<kw name="Set Selenium Implicit Wait" owner="SeleniumLibrary">
<arg>5</arg>
<doc>Sets the implicit wait value used by Selenium.</doc>
<status status="PASS" start="2024-05-29T00:00:27.531250" elapsed="0.003764"/>
</kw>
<status status="PASS" start="2024-05-29T00:00:22.876544" elapsed="4.658470"/>
</kw>
<kw name="click the log in button" owner="GenericResources">
<kw name="Click Element" owner="SeleniumLibrary">
<msg time="2024-05-29T00:00:27.538118" level="INFO">Clicking element 'xpath://ul[@class="top-right"]//a'.</msg>
<arg>${login_button}</arg>
<doc>Click the element identified by ``locator``.</doc>
<status status="PASS" start="2024-05-29T00:00:27.538118" elapsed="1.523593"/>
</kw>
<status status="PASS" start="2024-05-29T00:00:27.537110" elapsed="1.527141"/>
</kw>
<kw name="Click the signin button" owner="LoginResources">
<kw name="Click Button" owner="SeleniumLibrary">
<msg time="2024-05-29T00:00:29.066662" level="INFO">Clicking button 'css:button[class='btn']'.</msg>
<arg>${signin_button}</arg>
<doc>Clicks the button identified by ``locator``.</doc>
<status status="PASS" start="2024-05-29T00:00:29.065658" elapsed="3.728401"/>
</kw>
<status status="PASS" start="2024-05-29T00:00:29.065658" elapsed="3.728401"/>
</kw>
<kw name="click the my appointment button" owner="UserResources">
<kw name="Wait Until Element Is Visible" owner="SeleniumLibrary">
<arg>${My_appointment_button}</arg>
<doc>Waits until the element ``locator`` is visible.</doc>
<status status="PASS" start="2024-05-29T00:00:32.800497" elapsed="0.026162"/>
</kw>
<kw name="Click Element" owner="SeleniumLibrary">
<msg time="2024-05-29T00:00:32.826659" level="INFO">Clicking element 'css:i[class='fas fa-hospital-alt']'.</msg>
<arg>${My_appointment_button}</arg>
<doc>Click the element identified by ``locator``.</doc>
<status status="PASS" start="2024-05-29T00:00:32.826659" elapsed="0.773842"/>
</kw>
<status status="PASS" start="2024-05-29T00:00:32.800497" elapsed="0.800004"/>
</kw>
<kw name="Collect and count list of history" owner="UserResources">
<kw name="Set Variable" owner="BuiltIn">
<msg time="2024-05-29T00:00:33.600501" level="INFO">${table_xpath} = //div[@id='DataTables_Table_0_wrapper']//table</msg>
<var>${table_xpath}</var>
<arg>//div[@id='DataTables_Table_0_wrapper']//table</arg>
<doc>Returns the given values which can then be assigned to a variables.</doc>
<status status="PASS" start="2024-05-29T00:00:33.600501" elapsed="0.000000"/>
</kw>
<kw name="Run Keyword And Return Status" owner="BuiltIn">
<kw name="Wait Until Element Is Visible" owner="SeleniumLibrary">
<arg>${table_xpath}</arg>
<arg>timeout=${timeout}</arg>
<doc>Waits until the element ``locator`` is visible.</doc>
<status status="PASS" start="2024-05-29T00:00:33.600501" elapsed="0.052606"/>
</kw>
<msg time="2024-05-29T00:00:33.653107" level="INFO">${table_visible} = True</msg>
<var>${table_visible}</var>
<arg>Wait Until Element Is Visible</arg>
<arg>${table_xpath}</arg>
<arg>timeout=${timeout}</arg>
<doc>Runs the given keyword with given arguments and returns the status as a Boolean value.</doc>
<status status="PASS" start="2024-05-29T00:00:33.600501" elapsed="0.052606"/>
</kw>
<kw name="Run Keyword If" owner="BuiltIn">
<arg>not ${table_visible}</arg>
<arg>Fail</arg>
<arg>Element '${table_xpath}' not visible after ${timeout}</arg>
<doc>Runs the given keyword with the given arguments, if ``condition`` is true.</doc>
<status status="PASS" start="2024-05-29T00:00:33.659048" elapsed="0.000000"/>
</kw>
<kw name="Get WebElements" owner="SeleniumLibrary">
<msg time="2024-05-29T00:00:33.683574" level="INFO">${rows} = [&lt;selenium.webdriver.remote.webelement.WebElement (session="b4d45beea773ce2f028cbba6970aedef", element="f.F79A5712574DC55CD7109EDEC0C05730.d.8E857844C304CFA984F8DE86E5570581.e.129")&gt;, &lt;selenium.webdri...</msg>
<var>${rows}</var>
<arg>${table_xpath}//tbody//tr</arg>
<doc>Returns a list of WebElement objects matching the ``locator``.</doc>
<status status="PASS" start="2024-05-29T00:00:33.659048" elapsed="0.024526"/>
</kw>
<kw name="Create List" owner="BuiltIn">
<msg time="2024-05-29T00:00:33.684820" level="INFO">${table_data} = []</msg>
<var>${table_data}</var>
<doc>Returns a list containing given items.</doc>
<status status="PASS" start="2024-05-29T00:00:33.684820" elapsed="0.000000"/>
</kw>
<for flavor="IN">
<iter>
<kw name="Get WebElements" owner="SeleniumLibrary">
<msg time="2024-05-29T00:00:38.704335" level="INFO">${cols} = []</msg>
<var>${cols}</var>
<arg>${row}//td</arg>
<doc>Returns a list of WebElement objects matching the ``locator``.</doc>
<status status="PASS" start="2024-05-29T00:00:33.684820" elapsed="5.019515"/>
</kw>
<kw name="Create List" owner="BuiltIn">
<msg time="2024-05-29T00:00:38.704335" level="INFO">${row_data} = []</msg>
<var>${row_data}</var>
<doc>Returns a list containing given items.</doc>
<status status="PASS" start="2024-05-29T00:00:38.704335" elapsed="0.000000"/>
</kw>
<for flavor="IN">
<iter>
<kw name="Get Text" owner="SeleniumLibrary">
<var>${cell_text}</var>
<arg>${col}</arg>
<doc>Returns the text value of the element identified by ``locator``.</doc>
<status status="NOT RUN" start="2024-05-29T00:00:38.718375" elapsed="0.000000"/>
</kw>
<kw name="Append To List" owner="Collections">
<arg>${row_data}</arg>
<arg>${cell_text}</arg>
<doc>Adds ``values`` to the end of ``list``.</doc>
<status status="NOT RUN" start="2024-05-29T00:00:38.718375" elapsed="0.000000"/>
</kw>
<var name="${col}"/>
<status status="NOT RUN" start="2024-05-29T00:00:38.718375" elapsed="0.000000"/>
</iter>
<var>${col}</var>
<value>@{cols}</value>
<status status="NOT RUN" start="2024-05-29T00:00:38.704335" elapsed="0.014040"/>
</for>
<kw name="Append To List" owner="Collections">
<arg>${table_data}</arg>
<arg>${row_data}</arg>
<doc>Adds ``values`` to the end of ``list``.</doc>
<status status="PASS" start="2024-05-29T00:00:38.718375" elapsed="0.000000"/>
</kw>
<var name="${row}">&lt;selenium.webdriver.remote.webelement.WebElement (session="b4d45beea773ce2f028cbba6970aedef", element="f.F79A5712574DC55CD7109EDEC0C05730.d.8E857844C304CFA984F8DE86E5570581.e.129")&gt;</var>
<status status="PASS" start="2024-05-29T00:00:33.684820" elapsed="5.033555"/>
</iter>
<iter>
<kw name="Get WebElements" owner="SeleniumLibrary">
<msg time="2024-05-29T00:00:43.773264" level="INFO">${cols} = []</msg>
<var>${cols}</var>
<arg>${row}//td</arg>
<doc>Returns a list of WebElement objects matching the ``locator``.</doc>
<status status="PASS" start="2024-05-29T00:00:38.718375" elapsed="5.054889"/>
</kw>
<kw name="Create List" owner="BuiltIn">
<msg time="2024-05-29T00:00:43.773264" level="INFO">${row_data} = []</msg>
<var>${row_data}</var>
<doc>Returns a list containing given items.</doc>
<status status="PASS" start="2024-05-29T00:00:43.773264" elapsed="0.000000"/>
</kw>
<for flavor="IN">
<iter>
<kw name="Get Text" owner="SeleniumLibrary">
<var>${cell_text}</var>
<arg>${col}</arg>
<doc>Returns the text value of the element identified by ``locator``.</doc>
<status status="NOT RUN" start="2024-05-29T00:00:43.773264" elapsed="0.000000"/>
</kw>
<kw name="Append To List" owner="Collections">
<arg>${row_data}</arg>
<arg>${cell_text}</arg>
<doc>Adds ``values`` to the end of ``list``.</doc>
<status status="NOT RUN" start="2024-05-29T00:00:43.773264" elapsed="0.000000"/>
</kw>
<var name="${col}"/>
<status status="NOT RUN" start="2024-05-29T00:00:43.773264" elapsed="0.000000"/>
</iter>
<var>${col}</var>
<value>@{cols}</value>
<status status="NOT RUN" start="2024-05-29T00:00:43.773264" elapsed="0.000000"/>
</for>
<kw name="Append To List" owner="Collections">
<arg>${table_data}</arg>
<arg>${row_data}</arg>
<doc>Adds ``values`` to the end of ``list``.</doc>
<status status="PASS" start="2024-05-29T00:00:43.773264" elapsed="0.000000"/>
</kw>
<var name="${row}">&lt;selenium.webdriver.remote.webelement.WebElement (session="b4d45beea773ce2f028cbba6970aedef", element="f.F79A5712574DC55CD7109EDEC0C05730.d.8E857844C304CFA984F8DE86E5570581.e.130")&gt;</var>
<status status="PASS" start="2024-05-29T00:00:38.718375" elapsed="5.054889"/>
</iter>
<iter>
<kw name="Get WebElements" owner="SeleniumLibrary">
<msg time="2024-05-29T00:00:48.820378" level="INFO">${cols} = []</msg>
<var>${cols}</var>
<arg>${row}//td</arg>
<doc>Returns a list of WebElement objects matching the ``locator``.</doc>
<status status="PASS" start="2024-05-29T00:00:43.788722" elapsed="5.031656"/>
</kw>
<kw name="Create List" owner="BuiltIn">
<msg time="2024-05-29T00:00:48.820378" level="INFO">${row_data} = []</msg>
<var>${row_data}</var>
<doc>Returns a list containing given items.</doc>
<status status="PASS" start="2024-05-29T00:00:48.820378" elapsed="0.001854"/>
</kw>
<for flavor="IN">
<iter>
<kw name="Get Text" owner="SeleniumLibrary">
<var>${cell_text}</var>
<arg>${col}</arg>
<doc>Returns the text value of the element identified by ``locator``.</doc>
<status status="NOT RUN" start="2024-05-29T00:00:48.822743" elapsed="0.000000"/>
</kw>
<kw name="Append To List" owner="Collections">
<arg>${row_data}</arg>
<arg>${cell_text}</arg>
<doc>Adds ``values`` to the end of ``list``.</doc>
<status status="NOT RUN" start="2024-05-29T00:00:48.822743" elapsed="0.000000"/>
</kw>
<var name="${col}"/>
<status status="NOT RUN" start="2024-05-29T00:00:48.822743" elapsed="0.000000"/>
</iter>
<var>${col}</var>
<value>@{cols}</value>
<status status="NOT RUN" start="2024-05-29T00:00:48.822743" elapsed="0.000000"/>
</for>
<kw name="Append To List" owner="Collections">
<arg>${table_data}</arg>
<arg>${row_data}</arg>
<doc>Adds ``values`` to the end of ``list``.</doc>
<status status="PASS" start="2024-05-29T00:00:48.822743" elapsed="0.000000"/>
</kw>
<var name="${row}">&lt;selenium.webdriver.remote.webelement.WebElement (session="b4d45beea773ce2f028cbba6970aedef", element="f.F79A5712574DC55CD7109EDEC0C05730.d.8E857844C304CFA984F8DE86E5570581.e.131")&gt;</var>
<status status="PASS" start="2024-05-29T00:00:43.788722" elapsed="5.034021"/>
</iter>
<iter>
<kw name="Get WebElements" owner="SeleniumLibrary">
<msg time="2024-05-29T00:00:53.864156" level="INFO">${cols} = []</msg>
<var>${cols}</var>
<arg>${row}//td</arg>
<doc>Returns a list of WebElement objects matching the ``locator``.</doc>
<status status="PASS" start="2024-05-29T00:00:48.822743" elapsed="5.041413"/>
</kw>
<kw name="Create List" owner="BuiltIn">
<msg time="2024-05-29T00:00:53.864156" level="INFO">${row_data} = []</msg>
<var>${row_data}</var>
<doc>Returns a list containing given items.</doc>
<status status="PASS" start="2024-05-29T00:00:53.864156" elapsed="0.000000"/>
</kw>
<for flavor="IN">
<iter>
<kw name="Get Text" owner="SeleniumLibrary">
<var>${cell_text}</var>
<arg>${col}</arg>
<doc>Returns the text value of the element identified by ``locator``.</doc>
<status status="NOT RUN" start="2024-05-29T00:00:53.864156" elapsed="0.000000"/>
</kw>
<kw name="Append To List" owner="Collections">
<arg>${row_data}</arg>
<arg>${cell_text}</arg>
<doc>Adds ``values`` to the end of ``list``.</doc>
<status status="NOT RUN" start="2024-05-29T00:00:53.864156" elapsed="0.000000"/>
</kw>
<var name="${col}"/>
<status status="NOT RUN" start="2024-05-29T00:00:53.864156" elapsed="0.000000"/>
</iter>
<var>${col}</var>
<value>@{cols}</value>
<status status="NOT RUN" start="2024-05-29T00:00:53.864156" elapsed="0.000000"/>
</for>
<kw name="Append To List" owner="Collections">
<arg>${table_data}</arg>
<arg>${row_data}</arg>
<doc>Adds ``values`` to the end of ``list``.</doc>
<status status="PASS" start="2024-05-29T00:00:53.864156" elapsed="0.000000"/>
</kw>
<var name="${row}">&lt;selenium.webdriver.remote.webelement.WebElement (session="b4d45beea773ce2f028cbba6970aedef", element="f.F79A5712574DC55CD7109EDEC0C05730.d.8E857844C304CFA984F8DE86E5570581.e.132")&gt;</var>
<status status="PASS" start="2024-05-29T00:00:48.822743" elapsed="5.041413"/>
</iter>
<iter>
<kw name="Get WebElements" owner="SeleniumLibrary">
<msg time="2024-05-29T00:00:58.916910" level="INFO">${cols} = []</msg>
<var>${cols}</var>
<arg>${row}//td</arg>
<doc>Returns a list of WebElement objects matching the ``locator``.</doc>
<status status="PASS" start="2024-05-29T00:00:53.870274" elapsed="5.046636"/>
</kw>
<kw name="Create List" owner="BuiltIn">
<msg time="2024-05-29T00:00:58.916910" level="INFO">${row_data} = []</msg>
<var>${row_data}</var>
<doc>Returns a list containing given items.</doc>
<status status="PASS" start="2024-05-29T00:00:58.916910" elapsed="0.000000"/>
</kw>
<for flavor="IN">
<iter>
<kw name="Get Text" owner="SeleniumLibrary">
<var>${cell_text}</var>
<arg>${col}</arg>
<doc>Returns the text value of the element identified by ``locator``.</doc>
<status status="NOT RUN" start="2024-05-29T00:00:58.916910" elapsed="0.000000"/>
</kw>
<kw name="Append To List" owner="Collections">
<arg>${row_data}</arg>
<arg>${cell_text}</arg>
<doc>Adds ``values`` to the end of ``list``.</doc>
<status status="NOT RUN" start="2024-05-29T00:00:58.916910" elapsed="0.000000"/>
</kw>
<var name="${col}"/>
<status status="NOT RUN" start="2024-05-29T00:00:58.916910" elapsed="0.000000"/>
</iter>
<var>${col}</var>
<value>@{cols}</value>
<status status="NOT RUN" start="2024-05-29T00:00:58.916910" elapsed="0.000000"/>
</for>
<kw name="Append To List" owner="Collections">
<arg>${table_data}</arg>
<arg>${row_data}</arg>
<doc>Adds ``values`` to the end of ``list``.</doc>
<status status="PASS" start="2024-05-29T00:00:58.916910" elapsed="0.000000"/>
</kw>
<var name="${row}">&lt;selenium.webdriver.remote.webelement.WebElement (session="b4d45beea773ce2f028cbba6970aedef", element="f.F79A5712574DC55CD7109EDEC0C05730.d.8E857844C304CFA984F8DE86E5570581.e.133")&gt;</var>
<status status="PASS" start="2024-05-29T00:00:53.870274" elapsed="5.046636"/>
</iter>
<iter>
<kw name="Get WebElements" owner="SeleniumLibrary">
<msg time="2024-05-29T00:01:03.993272" level="INFO">${cols} = []</msg>
<var>${cols}</var>
<arg>${row}//td</arg>
<doc>Returns a list of WebElement objects matching the ``locator``.</doc>
<status status="PASS" start="2024-05-29T00:00:58.916910" elapsed="5.076362"/>
</kw>
<kw name="Create List" owner="BuiltIn">
<msg time="2024-05-29T00:01:03.993272" level="INFO">${row_data} = []</msg>
<var>${row_data}</var>
<doc>Returns a list containing given items.</doc>
<status status="PASS" start="2024-05-29T00:01:03.993272" elapsed="0.000000"/>
</kw>
<for flavor="IN">
<iter>
<kw name="Get Text" owner="SeleniumLibrary">
<var>${cell_text}</var>
<arg>${col}</arg>
<doc>Returns the text value of the element identified by ``locator``.</doc>
<status status="NOT RUN" start="2024-05-29T00:01:03.993272" elapsed="0.000000"/>
</kw>
<kw name="Append To List" owner="Collections">
<arg>${row_data}</arg>
<arg>${cell_text}</arg>
<doc>Adds ``values`` to the end of ``list``.</doc>
<status status="NOT RUN" start="2024-05-29T00:01:03.993272" elapsed="0.000000"/>
</kw>
<var name="${col}"/>
<status status="NOT RUN" start="2024-05-29T00:01:03.993272" elapsed="0.000000"/>
</iter>
<var>${col}</var>
<value>@{cols}</value>
<status status="NOT RUN" start="2024-05-29T00:01:03.993272" elapsed="0.000000"/>
</for>
<kw name="Append To List" owner="Collections">
<arg>${table_data}</arg>
<arg>${row_data}</arg>
<doc>Adds ``values`` to the end of ``list``.</doc>
<status status="PASS" start="2024-05-29T00:01:03.993272" elapsed="0.000000"/>
</kw>
<var name="${row}">&lt;selenium.webdriver.remote.webelement.WebElement (session="b4d45beea773ce2f028cbba6970aedef", element="f.F79A5712574DC55CD7109EDEC0C05730.d.8E857844C304CFA984F8DE86E5570581.e.134")&gt;</var>
<status status="PASS" start="2024-05-29T00:00:58.916910" elapsed="5.076362"/>
</iter>
<iter>
<kw name="Get WebElements" owner="SeleniumLibrary">
<msg time="2024-05-29T00:01:09.039470" level="INFO">${cols} = []</msg>
<var>${cols}</var>
<arg>${row}//td</arg>
<doc>Returns a list of WebElement objects matching the ``locator``.</doc>
<status status="PASS" start="2024-05-29T00:01:03.993272" elapsed="5.046198"/>
</kw>
<kw name="Create List" owner="BuiltIn">
<msg time="2024-05-29T00:01:09.039470" level="INFO">${row_data} = []</msg>
<var>${row_data}</var>
<doc>Returns a list containing given items.</doc>
<status status="PASS" start="2024-05-29T00:01:09.039470" elapsed="0.000000"/>
</kw>
<for flavor="IN">
<iter>
<kw name="Get Text" owner="SeleniumLibrary">
<var>${cell_text}</var>
<arg>${col}</arg>
<doc>Returns the text value of the element identified by ``locator``.</doc>
<status status="NOT RUN" start="2024-05-29T00:01:09.039470" elapsed="0.000000"/>
</kw>
<kw name="Append To List" owner="Collections">
<arg>${row_data}</arg>
<arg>${cell_text}</arg>
<doc>Adds ``values`` to the end of ``list``.</doc>
<status status="NOT RUN" start="2024-05-29T00:01:09.039470" elapsed="0.000000"/>
</kw>
<var name="${col}"/>
<status status="NOT RUN" start="2024-05-29T00:01:09.039470" elapsed="0.000000"/>
</iter>
<var>${col}</var>
<value>@{cols}</value>
<status status="NOT RUN" start="2024-05-29T00:01:09.039470" elapsed="0.000000"/>
</for>
<kw name="Append To List" owner="Collections">
<arg>${table_data}</arg>
<arg>${row_data}</arg>
<doc>Adds ``values`` to the end of ``list``.</doc>
<status status="PASS" start="2024-05-29T00:01:09.039470" elapsed="0.000000"/>
</kw>
<var name="${row}">&lt;selenium.webdriver.remote.webelement.WebElement (session="b4d45beea773ce2f028cbba6970aedef", element="f.F79A5712574DC55CD7109EDEC0C05730.d.8E857844C304CFA984F8DE86E5570581.e.135")&gt;</var>
<status status="PASS" start="2024-05-29T00:01:03.993272" elapsed="5.046198"/>
</iter>
<iter>
<kw name="Get WebElements" owner="SeleniumLibrary">
<msg time="2024-05-29T00:01:14.070702" level="INFO">${cols} = []</msg>
<var>${cols}</var>
<arg>${row}//td</arg>
<doc>Returns a list of WebElement objects matching the ``locator``.</doc>
<status status="PASS" start="2024-05-29T00:01:09.039470" elapsed="5.031232"/>
</kw>
<kw name="Create List" owner="BuiltIn">
<msg time="2024-05-29T00:01:14.070702" level="INFO">${row_data} = []</msg>
<var>${row_data}</var>
<doc>Returns a list containing given items.</doc>
<status status="PASS" start="2024-05-29T00:01:14.070702" elapsed="0.000000"/>
</kw>
<for flavor="IN">
<iter>
<kw name="Get Text" owner="SeleniumLibrary">
<var>${cell_text}</var>
<arg>${col}</arg>
<doc>Returns the text value of the element identified by ``locator``.</doc>
<status status="NOT RUN" start="2024-05-29T00:01:14.070702" elapsed="0.000000"/>
</kw>
<kw name="Append To List" owner="Collections">
<arg>${row_data}</arg>
<arg>${cell_text}</arg>
<doc>Adds ``values`` to the end of ``list``.</doc>
<status status="NOT RUN" start="2024-05-29T00:01:14.070702" elapsed="0.015556"/>
</kw>
<var name="${col}"/>
<status status="NOT RUN" start="2024-05-29T00:01:14.070702" elapsed="0.015556"/>
</iter>
<var>${col}</var>
<value>@{cols}</value>
<status status="NOT RUN" start="2024-05-29T00:01:14.070702" elapsed="0.015556"/>
</for>
<kw name="Append To List" owner="Collections">
<arg>${table_data}</arg>
<arg>${row_data}</arg>
<doc>Adds ``values`` to the end of ``list``.</doc>
<status status="PASS" start="2024-05-29T00:01:14.086258" elapsed="0.000000"/>
</kw>
<var name="${row}">&lt;selenium.webdriver.remote.webelement.WebElement (session="b4d45beea773ce2f028cbba6970aedef", element="f.F79A5712574DC55CD7109EDEC0C05730.d.8E857844C304CFA984F8DE86E5570581.e.136")&gt;</var>
<status status="PASS" start="2024-05-29T00:01:09.039470" elapsed="5.046788"/>
</iter>
<iter>
<kw name="Get WebElements" owner="SeleniumLibrary">
<msg time="2024-05-29T00:01:19.133192" level="INFO">${cols} = []</msg>
<var>${cols}</var>
<arg>${row}//td</arg>
<doc>Returns a list of WebElement objects matching the ``locator``.</doc>
<status status="PASS" start="2024-05-29T00:01:14.086258" elapsed="5.046934"/>
</kw>
<kw name="Create List" owner="BuiltIn">
<msg time="2024-05-29T00:01:19.133192" level="INFO">${row_data} = []</msg>
<var>${row_data}</var>
<doc>Returns a list containing given items.</doc>
<status status="PASS" start="2024-05-29T00:01:19.133192" elapsed="0.000000"/>
</kw>
<for flavor="IN">
<iter>
<kw name="Get Text" owner="SeleniumLibrary">
<var>${cell_text}</var>
<arg>${col}</arg>
<doc>Returns the text value of the element identified by ``locator``.</doc>
<status status="NOT RUN" start="2024-05-29T00:01:19.133192" elapsed="0.000000"/>
</kw>
<kw name="Append To List" owner="Collections">
<arg>${row_data}</arg>
<arg>${cell_text}</arg>
<doc>Adds ``values`` to the end of ``list``.</doc>
<status status="NOT RUN" start="2024-05-29T00:01:19.133192" elapsed="0.000000"/>
</kw>
<var name="${col}"/>
<status status="NOT RUN" start="2024-05-29T00:01:19.133192" elapsed="0.000000"/>
</iter>
<var>${col}</var>
<value>@{cols}</value>
<status status="NOT RUN" start="2024-05-29T00:01:19.133192" elapsed="0.000000"/>
</for>
<kw name="Append To List" owner="Collections">
<arg>${table_data}</arg>
<arg>${row_data}</arg>
<doc>Adds ``values`` to the end of ``list``.</doc>
<status status="PASS" start="2024-05-29T00:01:19.133192" elapsed="0.000000"/>
</kw>
<var name="${row}">&lt;selenium.webdriver.remote.webelement.WebElement (session="b4d45beea773ce2f028cbba6970aedef", element="f.F79A5712574DC55CD7109EDEC0C05730.d.8E857844C304CFA984F8DE86E5570581.e.137")&gt;</var>
<status status="PASS" start="2024-05-29T00:01:14.086258" elapsed="5.046934"/>
</iter>
<iter>
<kw name="Get WebElements" owner="SeleniumLibrary">
<msg time="2024-05-29T00:01:24.180092" level="INFO">${cols} = []</msg>
<var>${cols}</var>
<arg>${row}//td</arg>
<doc>Returns a list of WebElement objects matching the ``locator``.</doc>
<status status="PASS" start="2024-05-29T00:01:19.133192" elapsed="5.046900"/>
</kw>
<kw name="Create List" owner="BuiltIn">
<msg time="2024-05-29T00:01:24.180092" level="INFO">${row_data} = []</msg>
<var>${row_data}</var>
<doc>Returns a list containing given items.</doc>
<status status="PASS" start="2024-05-29T00:01:24.180092" elapsed="0.000000"/>
</kw>
<for flavor="IN">
<iter>
<kw name="Get Text" owner="SeleniumLibrary">
<var>${cell_text}</var>
<arg>${col}</arg>
<doc>Returns the text value of the element identified by ``locator``.</doc>
<status status="NOT RUN" start="2024-05-29T00:01:24.180092" elapsed="0.000000"/>
</kw>
<kw name="Append To List" owner="Collections">
<arg>${row_data}</arg>
<arg>${cell_text}</arg>
<doc>Adds ``values`` to the end of ``list``.</doc>
<status status="NOT RUN" start="2024-05-29T00:01:24.180092" elapsed="0.000000"/>
</kw>
<var name="${col}"/>
<status status="NOT RUN" start="2024-05-29T00:01:24.180092" elapsed="0.000000"/>
</iter>
<var>${col}</var>
<value>@{cols}</value>
<status status="NOT RUN" start="2024-05-29T00:01:24.180092" elapsed="0.000000"/>
</for>
<kw name="Append To List" owner="Collections">
<arg>${table_data}</arg>
<arg>${row_data}</arg>
<doc>Adds ``values`` to the end of ``list``.</doc>
<status status="PASS" start="2024-05-29T00:01:24.180092" elapsed="0.000000"/>
</kw>
<var name="${row}">&lt;selenium.webdriver.remote.webelement.WebElement (session="b4d45beea773ce2f028cbba6970aedef", element="f.F79A5712574DC55CD7109EDEC0C05730.d.8E857844C304CFA984F8DE86E5570581.e.138")&gt;</var>
<status status="PASS" start="2024-05-29T00:01:19.133192" elapsed="5.062454"/>
</iter>
<var>${row}</var>
<value>@{rows}</value>
<status status="PASS" start="2024-05-29T00:00:33.684820" elapsed="50.510826"/>
</for>
<for flavor="IN">
<iter>
<kw name="Log" owner="BuiltIn">
<msg time="2024-05-29T00:01:24.195646" level="INFO">[]</msg>
<arg>${row}</arg>
<doc>Logs the given message with the given level.</doc>
<status status="PASS" start="2024-05-29T00:01:24.195646" elapsed="0.000000"/>
</kw>
<var name="${row}">[]</var>
<status status="PASS" start="2024-05-29T00:01:24.195646" elapsed="0.000000"/>
</iter>
<iter>
<kw name="Log" owner="BuiltIn">
<msg time="2024-05-29T00:01:24.195646" level="INFO">[]</msg>
<arg>${row}</arg>
<doc>Logs the given message with the given level.</doc>
<status status="PASS" start="2024-05-29T00:01:24.195646" elapsed="0.000000"/>
</kw>
<var name="${row}">[]</var>
<status status="PASS" start="2024-05-29T00:01:24.195646" elapsed="0.000000"/>
</iter>
<iter>
<kw name="Log" owner="BuiltIn">
<msg time="2024-05-29T00:01:24.195646" level="INFO">[]</msg>
<arg>${row}</arg>
<doc>Logs the given message with the given level.</doc>
<status status="PASS" start="2024-05-29T00:01:24.195646" elapsed="0.000000"/>
</kw>
<var name="${row}">[]</var>
<status status="PASS" start="2024-05-29T00:01:24.195646" elapsed="0.000000"/>
</iter>
<iter>
<kw name="Log" owner="BuiltIn">
<msg time="2024-05-29T00:01:24.195646" level="INFO">[]</msg>
<arg>${row}</arg>
<doc>Logs the given message with the given level.</doc>
<status status="PASS" start="2024-05-29T00:01:24.195646" elapsed="0.000000"/>
</kw>
<var name="${row}">[]</var>
<status status="PASS" start="2024-05-29T00:01:24.195646" elapsed="0.000000"/>
</iter>
<iter>
<kw name="Log" owner="BuiltIn">
<msg time="2024-05-29T00:01:24.195646" level="INFO">[]</msg>
<arg>${row}</arg>
<doc>Logs the given message with the given level.</doc>
<status status="PASS" start="2024-05-29T00:01:24.195646" elapsed="0.000000"/>
</kw>
<var name="${row}">[]</var>
<status status="PASS" start="2024-05-29T00:01:24.195646" elapsed="0.000000"/>
</iter>
<iter>
<kw name="Log" owner="BuiltIn">
<msg time="2024-05-29T00:01:24.195646" level="INFO">[]</msg>
<arg>${row}</arg>
<doc>Logs the given message with the given level.</doc>
<status status="PASS" start="2024-05-29T00:01:24.195646" elapsed="0.000000"/>
</kw>
<var name="${row}">[]</var>
<status status="PASS" start="2024-05-29T00:01:24.195646" elapsed="0.000000"/>
</iter>
<iter>
<kw name="Log" owner="BuiltIn">
<msg time="2024-05-29T00:01:24.195646" level="INFO">[]</msg>
<arg>${row}</arg>
<doc>Logs the given message with the given level.</doc>
<status status="PASS" start="2024-05-29T00:01:24.195646" elapsed="0.000000"/>
</kw>
<var name="${row}">[]</var>
<status status="PASS" start="2024-05-29T00:01:24.195646" elapsed="0.000000"/>
</iter>
<iter>
<kw name="Log" owner="BuiltIn">
<msg time="2024-05-29T00:01:24.195646" level="INFO">[]</msg>
<arg>${row}</arg>
<doc>Logs the given message with the given level.</doc>
<status status="PASS" start="2024-05-29T00:01:24.195646" elapsed="0.000000"/>
</kw>
<var name="${row}">[]</var>
<status status="PASS" start="2024-05-29T00:01:24.195646" elapsed="0.000000"/>
</iter>
<iter>
<kw name="Log" owner="BuiltIn">
<msg time="2024-05-29T00:01:24.195646" level="INFO">[]</msg>
<arg>${row}</arg>
<doc>Logs the given message with the given level.</doc>
<status status="PASS" start="2024-05-29T00:01:24.195646" elapsed="0.000000"/>
</kw>
<var name="${row}">[]</var>
<status status="PASS" start="2024-05-29T00:01:24.195646" elapsed="0.000000"/>
</iter>
<iter>
<kw name="Log" owner="BuiltIn">
<msg time="2024-05-29T00:01:24.195646" level="INFO">[]</msg>
<arg>${row}</arg>
<doc>Logs the given message with the given level.</doc>
<status status="PASS" start="2024-05-29T00:01:24.195646" elapsed="0.000000"/>
</kw>
<var name="${row}">[]</var>
<status status="PASS" start="2024-05-29T00:01:24.195646" elapsed="0.000000"/>
</iter>
<var>${row}</var>
<value>@{table_data}</value>
<status status="PASS" start="2024-05-29T00:01:24.195646" elapsed="0.000000"/>
</for>
<kw name="Get Length" owner="BuiltIn">
<msg time="2024-05-29T00:01:24.195646" level="INFO">Length is 10.</msg>
<msg time="2024-05-29T00:01:24.195646" level="INFO">${row_count} = 10</msg>
<var>${row_count}</var>
<arg>${table_data}</arg>
<doc>Returns and logs the length of the given item as an integer.</doc>
<status status="PASS" start="2024-05-29T00:01:24.195646" elapsed="0.000000"/>
</kw>
<kw name="Log" owner="BuiltIn">
<msg time="2024-05-29T00:01:24.195646" level="INFO">Number of rows: 10</msg>
<arg>Number of rows: ${row_count}</arg>
<arg>console=True</arg>
<doc>Logs the given message with the given level.</doc>
<status status="PASS" start="2024-05-29T00:01:24.195646" elapsed="0.015624"/>
</kw>
<status status="PASS" start="2024-05-29T00:00:33.600501" elapsed="50.610769"/>
</kw>
<kw name="Next page button" owner="UserResources">
<kw name="Click Element" owner="SeleniumLibrary">
<msg time="2024-05-29T00:01:24.211270" level="INFO">Clicking element 'xpath:(//a[@class='paginate_button '])[1]'.</msg>
<arg>${next_page_button}</arg>
<doc>Click the element identified by ``locator``.</doc>
<status status="PASS" start="2024-05-29T00:01:24.211270" elapsed="0.106480"/>
</kw>
<status status="PASS" start="2024-05-29T00:01:24.211270" elapsed="0.112291"/>
</kw>
<kw name="Collect and count list of history" owner="UserResources">
<kw name="Set Variable" owner="BuiltIn">
<msg time="2024-05-29T00:01:24.328593" level="INFO">${table_xpath} = //div[@id='DataTables_Table_0_wrapper']//table</msg>
<var>${table_xpath}</var>
<arg>//div[@id='DataTables_Table_0_wrapper']//table</arg>
<doc>Returns the given values which can then be assigned to a variables.</doc>
<status status="PASS" start="2024-05-29T00:01:24.328593" elapsed="0.000000"/>
</kw>
<kw name="Run Keyword And Return Status" owner="BuiltIn">
<kw name="Wait Until Element Is Visible" owner="SeleniumLibrary">
<arg>${table_xpath}</arg>
<arg>timeout=${timeout}</arg>
<doc>Waits until the element ``locator`` is visible.</doc>
<status status="PASS" start="2024-05-29T00:01:24.332495" elapsed="0.023164"/>
</kw>
<msg time="2024-05-29T00:01:24.355659" level="INFO">${table_visible} = True</msg>
<var>${table_visible}</var>
<arg>Wait Until Element Is Visible</arg>
<arg>${table_xpath}</arg>
<arg>timeout=${timeout}</arg>
<doc>Runs the given keyword with given arguments and returns the status as a Boolean value.</doc>
<status status="PASS" start="2024-05-29T00:01:24.331592" elapsed="0.024067"/>
</kw>
<kw name="Run Keyword If" owner="BuiltIn">
<arg>not ${table_visible}</arg>
<arg>Fail</arg>
<arg>Element '${table_xpath}' not visible after ${timeout}</arg>
<doc>Runs the given keyword with the given arguments, if ``condition`` is true.</doc>
<status status="PASS" start="2024-05-29T00:01:24.355659" elapsed="0.000000"/>
</kw>
<kw name="Get WebElements" owner="SeleniumLibrary">
<msg time="2024-05-29T00:01:24.371320" level="INFO">${rows} = [&lt;selenium.webdriver.remote.webelement.WebElement (session="b4d45beea773ce2f028cbba6970aedef", element="f.F79A5712574DC55CD7109EDEC0C05730.d.8E857844C304CFA984F8DE86E5570581.e.146")&gt;, &lt;selenium.webdri...</msg>
<var>${rows}</var>
<arg>${table_xpath}//tbody//tr</arg>
<doc>Returns a list of WebElement objects matching the ``locator``.</doc>
<status status="PASS" start="2024-05-29T00:01:24.355659" elapsed="0.015661"/>
</kw>
<kw name="Create List" owner="BuiltIn">
<msg time="2024-05-29T00:01:24.371320" level="INFO">${table_data} = []</msg>
<var>${table_data}</var>
<doc>Returns a list containing given items.</doc>
<status status="PASS" start="2024-05-29T00:01:24.371320" elapsed="0.000000"/>
</kw>
<for flavor="IN">
<iter>
<kw name="Get WebElements" owner="SeleniumLibrary">
<msg time="2024-05-29T00:01:29.433959" level="INFO">${cols} = []</msg>
<var>${cols}</var>
<arg>${row}//td</arg>
<doc>Returns a list of WebElement objects matching the ``locator``.</doc>
<status status="PASS" start="2024-05-29T00:01:24.386939" elapsed="5.047020"/>
</kw>
<kw name="Create List" owner="BuiltIn">
<msg time="2024-05-29T00:01:29.433959" level="INFO">${row_data} = []</msg>
<var>${row_data}</var>
<doc>Returns a list containing given items.</doc>
<status status="PASS" start="2024-05-29T00:01:29.433959" elapsed="0.000000"/>
</kw>
<for flavor="IN">
<iter>
<kw name="Get Text" owner="SeleniumLibrary">
<var>${cell_text}</var>
<arg>${col}</arg>
<doc>Returns the text value of the element identified by ``locator``.</doc>
<status status="NOT RUN" start="2024-05-29T00:01:29.433959" elapsed="0.000000"/>
</kw>
<kw name="Append To List" owner="Collections">
<arg>${row_data}</arg>
<arg>${cell_text}</arg>
<doc>Adds ``values`` to the end of ``list``.</doc>
<status status="NOT RUN" start="2024-05-29T00:01:29.449447" elapsed="0.000000"/>
</kw>
<var name="${col}"/>
<status status="NOT RUN" start="2024-05-29T00:01:29.433959" elapsed="0.015488"/>
</iter>
<var>${col}</var>
<value>@{cols}</value>
<status status="NOT RUN" start="2024-05-29T00:01:29.433959" elapsed="0.015488"/>
</for>
<kw name="Append To List" owner="Collections">
<arg>${table_data}</arg>
<arg>${row_data}</arg>
<doc>Adds ``values`` to the end of ``list``.</doc>
<status status="PASS" start="2024-05-29T00:01:29.449447" elapsed="0.000000"/>
</kw>
<var name="${row}">&lt;selenium.webdriver.remote.webelement.WebElement (session="b4d45beea773ce2f028cbba6970aedef", element="f.F79A5712574DC55CD7109EDEC0C05730.d.8E857844C304CFA984F8DE86E5570581.e.146")&gt;</var>
<status status="PASS" start="2024-05-29T00:01:24.386939" elapsed="5.062508"/>
</iter>
<iter>
<kw name="Get WebElements" owner="SeleniumLibrary">
<msg time="2024-05-29T00:01:34.449576" level="INFO">${cols} = []</msg>
<var>${cols}</var>
<arg>${row}//td</arg>
<doc>Returns a list of WebElement objects matching the ``locator``.</doc>
<status status="PASS" start="2024-05-29T00:01:29.449447" elapsed="5.000129"/>
</kw>
<kw name="Create List" owner="BuiltIn">
<msg time="2024-05-29T00:01:34.449576" level="INFO">${row_data} = []</msg>
<var>${row_data}</var>
<doc>Returns a list containing given items.</doc>
<status status="PASS" start="2024-05-29T00:01:34.449576" elapsed="0.000000"/>
</kw>
<for flavor="IN">
<iter>
<kw name="Get Text" owner="SeleniumLibrary">
<var>${cell_text}</var>
<arg>${col}</arg>
<doc>Returns the text value of the element identified by ``locator``.</doc>
<status status="NOT RUN" start="2024-05-29T00:01:34.449576" elapsed="0.000000"/>
</kw>
<kw name="Append To List" owner="Collections">
<arg>${row_data}</arg>
<arg>${cell_text}</arg>
<doc>Adds ``values`` to the end of ``list``.</doc>
<status status="NOT RUN" start="2024-05-29T00:01:34.449576" elapsed="0.000000"/>
</kw>
<var name="${col}"/>
<status status="NOT RUN" start="2024-05-29T00:01:34.449576" elapsed="0.000000"/>
</iter>
<var>${col}</var>
<value>@{cols}</value>
<status status="NOT RUN" start="2024-05-29T00:01:34.449576" elapsed="0.000000"/>
</for>
<kw name="Append To List" owner="Collections">
<arg>${table_data}</arg>
<arg>${row_data}</arg>
<doc>Adds ``values`` to the end of ``list``.</doc>
<status status="PASS" start="2024-05-29T00:01:34.449576" elapsed="0.000000"/>
</kw>
<var name="${row}">&lt;selenium.webdriver.remote.webelement.WebElement (session="b4d45beea773ce2f028cbba6970aedef", element="f.F79A5712574DC55CD7109EDEC0C05730.d.8E857844C304CFA984F8DE86E5570581.e.147")&gt;</var>
<status status="PASS" start="2024-05-29T00:01:29.449447" elapsed="5.000129"/>
</iter>
<iter>
<kw name="Get WebElements" owner="SeleniumLibrary">
<msg time="2024-05-29T00:01:39.512102" level="INFO">${cols} = []</msg>
<var>${cols}</var>
<arg>${row}//td</arg>
<doc>Returns a list of WebElement objects matching the ``locator``.</doc>
<status status="PASS" start="2024-05-29T00:01:34.449576" elapsed="5.062526"/>
</kw>
<kw name="Create List" owner="BuiltIn">
<msg time="2024-05-29T00:01:39.512102" level="INFO">${row_data} = []</msg>
<var>${row_data}</var>
<doc>Returns a list containing given items.</doc>
<status status="PASS" start="2024-05-29T00:01:39.512102" elapsed="0.000000"/>
</kw>
<for flavor="IN">
<iter>
<kw name="Get Text" owner="SeleniumLibrary">
<var>${cell_text}</var>
<arg>${col}</arg>
<doc>Returns the text value of the element identified by ``locator``.</doc>
<status status="NOT RUN" start="2024-05-29T00:01:39.512102" elapsed="0.000000"/>
</kw>
<kw name="Append To List" owner="Collections">
<arg>${row_data}</arg>
<arg>${cell_text}</arg>
<doc>Adds ``values`` to the end of ``list``.</doc>
<status status="NOT RUN" start="2024-05-29T00:01:39.512102" elapsed="0.000000"/>
</kw>
<var name="${col}"/>
<status status="NOT RUN" start="2024-05-29T00:01:39.512102" elapsed="0.000000"/>
</iter>
<var>${col}</var>
<value>@{cols}</value>
<status status="NOT RUN" start="2024-05-29T00:01:39.512102" elapsed="0.000000"/>
</for>
<kw name="Append To List" owner="Collections">
<arg>${table_data}</arg>
<arg>${row_data}</arg>
<doc>Adds ``values`` to the end of ``list``.</doc>
<status status="PASS" start="2024-05-29T00:01:39.512102" elapsed="0.000000"/>
</kw>
<var name="${row}">&lt;selenium.webdriver.remote.webelement.WebElement (session="b4d45beea773ce2f028cbba6970aedef", element="f.F79A5712574DC55CD7109EDEC0C05730.d.8E857844C304CFA984F8DE86E5570581.e.148")&gt;</var>
<status status="PASS" start="2024-05-29T00:01:34.449576" elapsed="5.062526"/>
</iter>
<iter>
<kw name="Get WebElements" owner="SeleniumLibrary">
<msg time="2024-05-29T00:01:44.590203" level="INFO">${cols} = []</msg>
<var>${cols}</var>
<arg>${row}//td</arg>
<doc>Returns a list of WebElement objects matching the ``locator``.</doc>
<status status="PASS" start="2024-05-29T00:01:39.512102" elapsed="5.078101"/>
</kw>
<kw name="Create List" owner="BuiltIn">
<msg time="2024-05-29T00:01:44.590203" level="INFO">${row_data} = []</msg>
<var>${row_data}</var>
<doc>Returns a list containing given items.</doc>
<status status="PASS" start="2024-05-29T00:01:44.590203" elapsed="0.000000"/>
</kw>
<for flavor="IN">
<iter>
<kw name="Get Text" owner="SeleniumLibrary">
<var>${cell_text}</var>
<arg>${col}</arg>
<doc>Returns the text value of the element identified by ``locator``.</doc>
<status status="NOT RUN" start="2024-05-29T00:01:44.590203" elapsed="0.000000"/>
</kw>
<kw name="Append To List" owner="Collections">
<arg>${row_data}</arg>
<arg>${cell_text}</arg>
<doc>Adds ``values`` to the end of ``list``.</doc>
<status status="NOT RUN" start="2024-05-29T00:01:44.590203" elapsed="0.000000"/>
</kw>
<var name="${col}"/>
<status status="NOT RUN" start="2024-05-29T00:01:44.590203" elapsed="0.000000"/>
</iter>
<var>${col}</var>
<value>@{cols}</value>
<status status="NOT RUN" start="2024-05-29T00:01:44.590203" elapsed="0.000000"/>
</for>
<kw name="Append To List" owner="Collections">
<arg>${table_data}</arg>
<arg>${row_data}</arg>
<doc>Adds ``values`` to the end of ``list``.</doc>
<status status="PASS" start="2024-05-29T00:01:44.590203" elapsed="0.000000"/>
</kw>
<var name="${row}">&lt;selenium.webdriver.remote.webelement.WebElement (session="b4d45beea773ce2f028cbba6970aedef", element="f.F79A5712574DC55CD7109EDEC0C05730.d.8E857844C304CFA984F8DE86E5570581.e.149")&gt;</var>
<status status="PASS" start="2024-05-29T00:01:39.512102" elapsed="5.078101"/>
</iter>
<iter>
<kw name="Get WebElements" owner="SeleniumLibrary">
<msg time="2024-05-29T00:01:49.683823" level="INFO">${cols} = []</msg>
<var>${cols}</var>
<arg>${row}//td</arg>
<doc>Returns a list of WebElement objects matching the ``locator``.</doc>
<status status="PASS" start="2024-05-29T00:01:44.590203" elapsed="5.093620"/>
</kw>
<kw name="Create List" owner="BuiltIn">
<msg time="2024-05-29T00:01:49.683823" level="INFO">${row_data} = []</msg>
<var>${row_data}</var>
<doc>Returns a list containing given items.</doc>
<status status="PASS" start="2024-05-29T00:01:49.683823" elapsed="0.000000"/>
</kw>
<for flavor="IN">
<iter>
<kw name="Get Text" owner="SeleniumLibrary">
<var>${cell_text}</var>
<arg>${col}</arg>
<doc>Returns the text value of the element identified by ``locator``.</doc>
<status status="NOT RUN" start="2024-05-29T00:01:49.683823" elapsed="0.000000"/>
</kw>
<kw name="Append To List" owner="Collections">
<arg>${row_data}</arg>
<arg>${cell_text}</arg>
<doc>Adds ``values`` to the end of ``list``.</doc>
<status status="NOT RUN" start="2024-05-29T00:01:49.683823" elapsed="0.000000"/>
</kw>
<var name="${col}"/>
<status status="NOT RUN" start="2024-05-29T00:01:49.683823" elapsed="0.000000"/>
</iter>
<var>${col}</var>
<value>@{cols}</value>
<status status="NOT RUN" start="2024-05-29T00:01:49.683823" elapsed="0.000000"/>
</for>
<kw name="Append To List" owner="Collections">
<arg>${table_data}</arg>
<arg>${row_data}</arg>
<doc>Adds ``values`` to the end of ``list``.</doc>
<status status="PASS" start="2024-05-29T00:01:49.683823" elapsed="0.000000"/>
</kw>
<var name="${row}">&lt;selenium.webdriver.remote.webelement.WebElement (session="b4d45beea773ce2f028cbba6970aedef", element="f.F79A5712574DC55CD7109EDEC0C05730.d.8E857844C304CFA984F8DE86E5570581.e.150")&gt;</var>
<status status="PASS" start="2024-05-29T00:01:44.590203" elapsed="5.093620"/>
</iter>
<iter>
<kw name="Get WebElements" owner="SeleniumLibrary">
<msg time="2024-05-29T00:01:54.730852" level="INFO">${cols} = []</msg>
<var>${cols}</var>
<arg>${row}//td</arg>
<doc>Returns a list of WebElement objects matching the ``locator``.</doc>
<status status="PASS" start="2024-05-29T00:01:49.683823" elapsed="5.047029"/>
</kw>
<kw name="Create List" owner="BuiltIn">
<msg time="2024-05-29T00:01:54.730852" level="INFO">${row_data} = []</msg>
<var>${row_data}</var>
<doc>Returns a list containing given items.</doc>
<status status="PASS" start="2024-05-29T00:01:54.730852" elapsed="0.000000"/>
</kw>
<for flavor="IN">
<iter>
<kw name="Get Text" owner="SeleniumLibrary">
<var>${cell_text}</var>
<arg>${col}</arg>
<doc>Returns the text value of the element identified by ``locator``.</doc>
<status status="NOT RUN" start="2024-05-29T00:01:54.730852" elapsed="0.000000"/>
</kw>
<kw name="Append To List" owner="Collections">
<arg>${row_data}</arg>
<arg>${cell_text}</arg>
<doc>Adds ``values`` to the end of ``list``.</doc>
<status status="NOT RUN" start="2024-05-29T00:01:54.730852" elapsed="0.000000"/>
</kw>
<var name="${col}"/>
<status status="NOT RUN" start="2024-05-29T00:01:54.730852" elapsed="0.000000"/>
</iter>
<var>${col}</var>
<value>@{cols}</value>
<status status="NOT RUN" start="2024-05-29T00:01:54.730852" elapsed="0.000000"/>
</for>
<kw name="Append To List" owner="Collections">
<arg>${table_data}</arg>
<arg>${row_data}</arg>
<doc>Adds ``values`` to the end of ``list``.</doc>
<status status="PASS" start="2024-05-29T00:01:54.730852" elapsed="0.000000"/>
</kw>
<var name="${row}">&lt;selenium.webdriver.remote.webelement.WebElement (session="b4d45beea773ce2f028cbba6970aedef", element="f.F79A5712574DC55CD7109EDEC0C05730.d.8E857844C304CFA984F8DE86E5570581.e.151")&gt;</var>
<status status="PASS" start="2024-05-29T00:01:49.683823" elapsed="5.047029"/>
</iter>
<iter>
<kw name="Get WebElements" owner="SeleniumLibrary">
<msg time="2024-05-29T00:01:59.762110" level="INFO">${cols} = []</msg>
<var>${cols}</var>
<arg>${row}//td</arg>
<doc>Returns a list of WebElement objects matching the ``locator``.</doc>
<status status="PASS" start="2024-05-29T00:01:54.730852" elapsed="5.031258"/>
</kw>
<kw name="Create List" owner="BuiltIn">
<msg time="2024-05-29T00:01:59.762110" level="INFO">${row_data} = []</msg>
<var>${row_data}</var>
<doc>Returns a list containing given items.</doc>
<status status="PASS" start="2024-05-29T00:01:59.762110" elapsed="0.000000"/>
</kw>
<for flavor="IN">
<iter>
<kw name="Get Text" owner="SeleniumLibrary">
<var>${cell_text}</var>
<arg>${col}</arg>
<doc>Returns the text value of the element identified by ``locator``.</doc>
<status status="NOT RUN" start="2024-05-29T00:01:59.777573" elapsed="0.000000"/>
</kw>
<kw name="Append To List" owner="Collections">
<arg>${row_data}</arg>
<arg>${cell_text}</arg>
<doc>Adds ``values`` to the end of ``list``.</doc>
[...]
<msg time="2024-05-29T00:13:49.090818" level="INFO">Selecting options from selection list '(//select[@class="form-control select2"])[2]' by value 3.</msg>
<arg>${select_shift_field}</arg>
<arg>${shift}</arg>
<doc>Selects options from selection list ``locator`` by ``values``.</doc>
<status status="PASS" start="2024-05-29T00:13:49.082610" elapsed="0.225369"/>
</kw>
<kw name="Click Element" owner="SeleniumLibrary">
<msg time="2024-05-29T00:13:49.308132" level="INFO">Clicking element '//input[@name="date"]'.</msg>
<arg>${date_field}</arg>
<doc>Click the element identified by ``locator``.</doc>
<status status="PASS" start="2024-05-29T00:13:49.308132" elapsed="0.163939"/>
</kw>
<kw name="Input Text" owner="SeleniumLibrary">
<msg time="2024-05-29T00:13:49.472071" level="INFO">Typing text '05-22-2024' into text field '//input[@name="date"]'.</msg>
<arg>${date_field}</arg>
<arg>${date}</arg>
<doc>Types the given ``text`` into the text field identified by ``locator``.</doc>
<status status="PASS" start="2024-05-29T00:13:49.472071" elapsed="0.196920"/>
</kw>
<kw name="Click Element" owner="SeleniumLibrary">
<msg time="2024-05-29T00:13:49.668991" level="INFO">Clicking element '//select[@id="slot"]'.</msg>
<arg>${slot_locator}</arg>
<doc>Click the element identified by ``locator``.</doc>
<status status="PASS" start="2024-05-29T00:13:49.668991" elapsed="0.118749"/>
</kw>
<kw name="Select From List By Value" owner="SeleniumLibrary">
<msg time="2024-05-29T00:13:49.789979" level="INFO">Selecting options from selection list '//select[@id="slot"]' by value 56.</msg>
<arg>${slot_locator}</arg>
<arg>${slot}</arg>
<doc>Selects options from selection list ``locator`` by ``values``.</doc>
<status status="PASS" start="2024-05-29T00:13:49.789979" elapsed="0.264274"/>
</kw>
<arg>${Doctor}</arg>
<arg>${Shift}</arg>
<arg>${Date}</arg>
<arg>${Slot}</arg>
<status status="PASS" start="2024-05-29T00:13:48.645793" elapsed="1.409399"/>
</kw>
<kw name="click search button for queue" owner="AdminResources">
<kw name="Click Button" owner="SeleniumLibrary">
<msg time="2024-05-29T00:13:50.056669" level="INFO">Clicking button '//button[@class="btn btn-primary btn-sm"]'.</msg>
<arg>${queue_search_button}</arg>
<doc>Clicks the button identified by ``locator``.</doc>
<status status="PASS" start="2024-05-29T00:13:50.056669" elapsed="0.481977"/>
</kw>
<status status="PASS" start="2024-05-29T00:13:50.055192" elapsed="0.484457"/>
</kw>
<kw name="Verify results for queue search" owner="AdminResources">
<kw name="Element Text Should Be" owner="SeleniumLibrary">
<msg time="2024-05-29T00:13:50.541900" level="INFO">Verifying element '//td[@class="text text-center text-danger"]' contains exact text 'No Record Found'.</msg>
<arg>${queue_result}</arg>
<arg>${queue_text}</arg>
<doc>Verifies that element ``locator`` contains exact the text ``expected``.</doc>
<status status="PASS" start="2024-05-29T00:13:50.540754" elapsed="0.320564"/>
</kw>
<status status="PASS" start="2024-05-29T00:13:50.540754" elapsed="0.320564"/>
</kw>
<arg>Doctor=4</arg>
<arg>Shift=3</arg>
<arg>Date=05-22-2024</arg>
<arg>Slot=56</arg>
<status status="PASS" start="2024-05-29T00:13:40.798990" elapsed="10.062328"/>
</kw>
<kw name="close the browser" owner="GenericResources" type="TEARDOWN">
<kw name="Close Browser" owner="SeleniumLibrary">
<doc>Closes the current browser.</doc>
<status status="PASS" start="2024-05-29T00:13:50.861318" elapsed="2.244240"/>
</kw>
<status status="PASS" start="2024-05-29T00:13:50.861318" elapsed="2.244240"/>
</kw>
<doc>To verify search results of patient list</doc>
<tag>regression</tag>
<status status="PASS" start="2024-05-29T00:13:36.235951" elapsed="16.869607"/>
</test>
<doc>To verify succesful queue search</doc>
<status status="PASS" start="2024-05-29T00:13:36.160328" elapsed="16.945230"/>
</suite>
<suite id="s1-s38" name="Test validSendSMS" source="D:\main_repository\Pilot_Project_Smart_hospital_Team3\TestCases\Test_validSendSMS.robot">
<test id="s1-s38-t1" name="To validate the functionality of send sms" line="17">
<kw name="Open the browser with url" owner="GenericResources" type="SETUP">
<kw name="Create Webdriver" owner="SeleniumLibrary">
<msg time="2024-05-29T00:13:53.152419" level="INFO">Creating an instance of the Chrome WebDriver.</msg>
<arg>Chrome</arg>
<doc>Creates an instance of Selenium WebDriver.</doc>
<status status="PASS" start="2024-05-29T00:13:53.152419" elapsed="1.666801"/>
</kw>
<kw name="Go To" owner="SeleniumLibrary">
<msg time="2024-05-29T00:13:54.819220" level="INFO">Opening url 'https://demo.smart-hospital.in/'</msg>
<arg>${url}</arg>
<doc>Navigates the current browser window to the provided ``url``.</doc>
<status status="PASS" start="2024-05-29T00:13:54.819220" elapsed="2.815207"/>
</kw>
<kw name="Maximize Browser Window" owner="SeleniumLibrary">
<doc>Maximizes current browser window.</doc>
<status status="PASS" start="2024-05-29T00:13:57.637425" elapsed="0.043974"/>
</kw>
<kw name="Set Selenium Implicit Wait" owner="SeleniumLibrary">
<arg>5</arg>
<doc>Sets the implicit wait value used by Selenium.</doc>
<status status="PASS" start="2024-05-29T00:13:57.682399" elapsed="0.002801"/>
</kw>
<status status="PASS" start="2024-05-29T00:13:53.152419" elapsed="4.533796"/>
</kw>
<kw name="Go to user login" owner="LoginResources">
<kw name="Click Link" owner="SeleniumLibrary">
<msg time="2024-05-29T00:13:57.690215" level="INFO">Clicking link 'xpath://i[@class="fa fa-user"]//parent::a'.</msg>
<arg>${User_login_button}</arg>
<doc>Clicks a link identified by ``locator``.</doc>
<status status="PASS" start="2024-05-29T00:13:57.689285" elapsed="1.623180"/>
</kw>
<status status="PASS" start="2024-05-29T00:13:57.688222" elapsed="1.626242"/>
</kw>
<kw name="Fill the login form for doctor" owner="LoginResources">
<kw name="Go to admin page" owner="LoginResources">
<kw name="Click Link" owner="SeleniumLibrary">
<msg time="2024-05-29T00:13:59.319262" level="INFO">Clicking link '//a[text()=" Admin Login"]'.</msg>
<arg>${admin_login_page_btn}</arg>
<doc>Clicks a link identified by ``locator``.</doc>
<status status="PASS" start="2024-05-29T00:13:59.318266" elapsed="0.158581"/>
</kw>
<status status="PASS" start="2024-05-29T00:13:59.318266" elapsed="0.160010"/>
</kw>
<kw name="Switch Window" owner="SeleniumLibrary">
<arg>new</arg>
<doc>Switches to browser window matching ``locator``.</doc>
<status status="PASS" start="2024-05-29T00:13:59.478276" elapsed="0.012831"/>
</kw>
<kw name="Click Link" owner="SeleniumLibrary">
<msg time="2024-05-29T00:13:59.491107" level="INFO">Clicking link '(//a[@class="btn btn-primary width100"])[2]'.</msg>
<arg>${doctor_login_btn}</arg>
<doc>Clicks a link identified by ``locator``.</doc>
<status status="PASS" start="2024-05-29T00:13:59.491107" elapsed="0.601518"/>
</kw>
<kw name="Sleep" owner="BuiltIn">
<msg time="2024-05-29T00:14:05.098989" level="INFO">Slept 5 seconds.</msg>
<arg>5s</arg>
<doc>Pauses the test executed for the given time.</doc>
<status status="PASS" start="2024-05-29T00:14:00.097687" elapsed="5.001302"/>
</kw>
<kw name="Click the signin button" owner="LoginResources">
<kw name="Click Button" owner="SeleniumLibrary">
<msg time="2024-05-29T00:14:05.101718" level="INFO">Clicking button 'css:button[class='btn']'.</msg>
<arg>${signin_button}</arg>
<doc>Clicks the button identified by ``locator``.</doc>
<status status="PASS" start="2024-05-29T00:14:05.100728" elapsed="5.274017"/>
</kw>
<status status="PASS" start="2024-05-29T00:14:05.100728" elapsed="5.275905"/>
</kw>
<status status="PASS" start="2024-05-29T00:13:59.317206" elapsed="11.059785"/>
</kw>
<kw name="Verify successful login of doctor" owner="DoctorResources">
<kw name="Click Link" owner="SeleniumLibrary">
<msg time="2024-05-29T00:14:10.380026" level="INFO">Clicking link '//a[@class="dropdown-toggle"]'.</msg>
<arg>${image_icon}</arg>
<doc>Clicks a link identified by ``locator``.</doc>
<status status="PASS" start="2024-05-29T00:14:10.380026" elapsed="0.113162"/>
</kw>
<kw name="Element Text Should Be" owner="SeleniumLibrary">
<msg time="2024-05-29T00:14:10.496001" level="INFO">Verifying element '//div[@class="sstopuser-test"]/h5' contains exact text 'Doctor'.</msg>
<arg>${doctor_text_locator}</arg>
<arg>Doctor</arg>
<doc>Verifies that element ``locator`` contains exact the text ``expected``.</doc>
<status status="PASS" start="2024-05-29T00:14:10.494995" elapsed="0.042230"/>
</kw>
<status status="PASS" start="2024-05-29T00:14:10.380026" elapsed="0.157199"/>
</kw>
<kw name="Click messaging button" owner="DoctorResources">
<kw name="Scroll Element Into View" owner="SeleniumLibrary">
<arg>${msg_btn}</arg>
<doc>Scrolls the element identified by ``locator`` into view.</doc>
<status status="PASS" start="2024-05-29T00:14:10.537225" elapsed="0.343303"/>
</kw>
<kw name="Click Element" owner="SeleniumLibrary">
<msg time="2024-05-29T00:14:10.880528" level="INFO">Clicking element '//a/i[@class='fas fa-bullhorn']'.</msg>
<arg>${msg_btn}</arg>
<doc>Click the element identified by ``locator``.</doc>
<status status="PASS" start="2024-05-29T00:14:10.880528" elapsed="0.620684"/>
</kw>
<status status="PASS" start="2024-05-29T00:14:10.537225" elapsed="0.963987"/>
</kw>
<kw name="click send sms button" owner="DoctorResources">
<kw name="Click Link" owner="SeleniumLibrary">
<msg time="2024-05-29T00:14:11.504180" level="INFO">Clicking link '(//a[@class="btn btn-primary btn-sm"])[2]'.</msg>
<arg>${send_msg_locator}</arg>
<doc>Clicks a link identified by ``locator``.</doc>
<status status="PASS" start="2024-05-29T00:14:11.504180" elapsed="0.569995"/>
</kw>
<status status="PASS" start="2024-05-29T00:14:11.501212" elapsed="0.574917"/>
</kw>
<kw name="Fill the send SMS form" owner="DoctorResources">
<kw name="Input Text" owner="SeleniumLibrary">
<msg time="2024-05-29T00:14:12.080438" level="INFO">Typing text 'Gropu message to doctor,Pathologist,Pharmacy' into text field '//div[@class="form-group"]//input[@name="group_title"]'.</msg>
<arg>${sms_title}</arg>
<arg>Gropu message to doctor,Pathologist,Pharmacy</arg>
<doc>Types the given ``text`` into the text field identified by ``locator``.</doc>
<status status="PASS" start="2024-05-29T00:14:12.079439" elapsed="0.365170"/>
</kw>
<kw name="Input Text" owner="SeleniumLibrary">
<msg time="2024-05-29T00:14:12.446304" level="INFO">Typing text 'MSGID0001' into text field '//input[@name="group_template_id"]'.</msg>
<arg>${sms_template}</arg>
<arg>MSGID0001</arg>
<doc>Types the given ``text`` into the text field identified by ``locator``.</doc>
<status status="PASS" start="2024-05-29T00:14:12.446304" elapsed="0.149967"/>
</kw>
<kw name="Click Element" owner="SeleniumLibrary">
<msg time="2024-05-29T00:14:12.604669" level="INFO">Clicking element '(//label[@class="checkbox-inline"]/input)[1]'.</msg>
<arg>${sms_checkbox}</arg>
<doc>Click the element identified by ``locator``.</doc>
<status status="PASS" start="2024-05-29T00:14:12.604669" elapsed="0.091089"/>
</kw>
<kw name="Input Text" owner="SeleniumLibrary">
<msg time="2024-05-29T00:14:12.696661" level="INFO">Typing text 'Hiiii all' into text field '//textarea[@name="group_message"]'.</msg>
<arg>${text_area}</arg>
<arg>Hiiii all</arg>
<doc>Types the given ``text`` into the text field identified by ``locator``.</doc>
<status status="PASS" start="2024-05-29T00:14:12.696661" elapsed="0.191323"/>
</kw>
<kw name="Click Element" owner="SeleniumLibrary">
<msg time="2024-05-29T00:14:12.896433" level="INFO">Clicking element '(//input[@type="checkbox"])[4]'.</msg>
<arg>${admin_check_box}</arg>
<doc>Click the element identified by ``locator``.</doc>
<status status="PASS" start="2024-05-29T00:14:12.896433" elapsed="0.100986"/>
</kw>
<kw name="Click Element" owner="SeleniumLibrary">
<msg time="2024-05-29T00:14:13.005441" level="INFO">Clicking element '(//input[@type="checkbox"])[6]'.</msg>
<arg>${doctor_check_box}</arg>
<doc>Click the element identified by ``locator``.</doc>
<status status="PASS" start="2024-05-29T00:14:13.004423" elapsed="0.090331"/>
</kw>
<kw name="Click Element" owner="SeleniumLibrary">
<msg time="2024-05-29T00:14:13.094754" level="INFO">Clicking element '(//input[@type="checkbox"])[8]'.</msg>
<arg>${Pathologist_check_box}</arg>
<doc>Click the element identified by ``locator``.</doc>
<status status="PASS" start="2024-05-29T00:14:13.094754" elapsed="0.147744"/>
</kw>
<kw name="Click Element" owner="SeleniumLibrary">
<msg time="2024-05-29T00:14:13.242498" level="INFO">Clicking element '(//input[@type="checkbox"])[7]'.</msg>
<arg>${Pharmacist_check_box}</arg>
<doc>Click the element identified by ``locator``.</doc>
<status status="PASS" start="2024-05-29T00:14:13.242498" elapsed="0.091631"/>
</kw>
<kw name="Click Button" owner="SeleniumLibrary">
<msg time="2024-05-29T00:14:13.334129" level="INFO">Clicking button '//button[@class="btn btn-primary submit_group"]'.</msg>
<arg>${send_sms_btn}</arg>
<doc>Clicks the button identified by ``locator``.</doc>
<status status="PASS" start="2024-05-29T00:14:13.334129" elapsed="0.088171"/>
</kw>
<status status="PASS" start="2024-05-29T00:14:12.078105" elapsed="1.344195"/>
</kw>
<kw name="Send the message" owner="DoctorResources">
<kw name="Scroll Element Into View" owner="SeleniumLibrary">
<arg>${send_btn}</arg>
<doc>Scrolls the element identified by ``locator`` into view.</doc>
<status status="PASS" start="2024-05-29T00:14:13.422300" elapsed="0.286478"/>
</kw>
<kw name="Click Button" owner="SeleniumLibrary">
<msg time="2024-05-29T00:14:13.708778" level="INFO">Clicking button '(//div[@class="pull-right"])[2]/button'.</msg>
<arg>${send_btn}</arg>
<doc>Clicks the button identified by ``locator``.</doc>
<status status="PASS" start="2024-05-29T00:14:13.708778" elapsed="0.091355"/>
</kw>
<status status="PASS" start="2024-05-29T00:14:13.422300" elapsed="0.378849"/>
</kw>
<kw name="close the browser" owner="GenericResources" type="TEARDOWN">
<kw name="Close Browser" owner="SeleniumLibrary">
<doc>Closes the current browser.</doc>
<status status="PASS" start="2024-05-29T00:14:13.805633" elapsed="3.277349"/>
</kw>
<status status="PASS" start="2024-05-29T00:14:13.804429" elapsed="3.278553"/>
</kw>
<tag>smoke</tag>
<status status="PASS" start="2024-05-29T00:13:53.152419" elapsed="23.930563"/>
</test>
<doc>Test to verify the message functionality</doc>
<status status="PASS" start="2024-05-29T00:13:53.121484" elapsed="23.977245"/>
</suite>
<status status="FAIL" start="2024-05-28T23:59:15.714480" elapsed="901.384249"/>
</suite>
<statistics>
<total>
<stat pass="45" fail="1" skip="0">All Tests</stat>
</total>
<tag>
<stat pass="0" fail="1" skip="0">confirmation</stat>
<stat pass="9" fail="0" skip="0">regression</stat>
<stat pass="16" fail="0" skip="0">smoke</stat>
</tag>
<suite>
<stat pass="45" fail="1" skip="0" id="s1" name="TestCases">TestCases</stat>
<stat pass="1" fail="0" skip="0" id="s1-s1" name="Test add invalid birth record">TestCases.Test add invalid birth record</stat>
<stat pass="1" fail="0" skip="0" id="s1-s2" name="Test add invalid death record">TestCases.Test add invalid death record</stat>
<stat pass="1" fail="0" skip="0" id="s1-s3" name="Test add valid birth record">TestCases.Test add valid birth record</stat>
<stat pass="1" fail="0" skip="0" id="s1-s4" name="Test add valid death record">TestCases.Test add valid death record</stat>
<stat pass="1" fail="0" skip="0" id="s1-s5" name="Test appointment history">TestCases.Test appointment history</stat>
<stat pass="1" fail="0" skip="0" id="s1-s6" name="Test Aproved search user appointment">TestCases.Test Aproved search user appointment</stat>
<stat pass="1" fail="0" skip="0" id="s1-s7" name="Test delete appointment">TestCases.Test delete appointment</stat>
<stat pass="1" fail="0" skip="0" id="s1-s8" name="Test empty user appointment">TestCases.Test empty user appointment</stat>
<stat pass="1" fail="0" skip="0" id="s1-s9" name="Test Invalid Addnewpatient">TestCases.Test Invalid Addnewpatient</stat>
<stat pass="4" fail="0" skip="0" id="s1-s10" name="Test invalid admin login">TestCases.Test invalid admin login</stat>
<stat pass="1" fail="0" skip="0" id="s1-s11" name="Test Invalid Billsearch">TestCases.Test Invalid Billsearch</stat>
<stat pass="5" fail="0" skip="0" id="s1-s12" name="Test Invalid Doctorlogin">TestCases.Test Invalid Doctorlogin</stat>
<stat pass="1" fail="0" skip="0" id="s1-s13" name="Test Invalid search birth record">TestCases.Test Invalid search birth record</stat>
<stat pass="1" fail="0" skip="0" id="s1-s14" name="Test Invalid search death record">TestCases.Test Invalid search death record</stat>
<stat pass="1" fail="0" skip="0" id="s1-s15" name="Test invalid slot apointment">TestCases.Test invalid slot apointment</stat>
<stat pass="1" fail="0" skip="0" id="s1-s16" name="Test Invalid user appointment">TestCases.Test Invalid user appointment</stat>
<stat pass="1" fail="0" skip="0" id="s1-s17" name="Test invalidAppionmentSearch">TestCases.Test invalidAppionmentSearch</stat>
<stat pass="1" fail="0" skip="0" id="s1-s18" name="Test invalidSendMsg">TestCases.Test invalidSendMsg</stat>
<stat pass="1" fail="0" skip="0" id="s1-s19" name="Test invalisSendSMS">TestCases.Test invalisSendSMS</stat>
<stat pass="1" fail="0" skip="0" id="s1-s20" name="Test search appointment history">TestCases.Test search appointment history</stat>
<stat pass="1" fail="0" skip="0" id="s1-s21" name="Test Valid Addnewpatient">TestCases.Test Valid Addnewpatient</stat>
<stat pass="1" fail="0" skip="0" id="s1-s22" name="Test valid appointment">TestCases.Test valid appointment</stat>
<stat pass="1" fail="0" skip="0" id="s1-s23" name="Test Valid Billsearch">TestCases.Test Valid Billsearch</stat>
<stat pass="2" fail="0" skip="0" id="s1-s24" name="Test Valid Doctorlogin">TestCases.Test Valid Doctorlogin</stat>
<stat pass="1" fail="0" skip="0" id="s1-s25" name="Test Valid Notificationdelete">TestCases.Test Valid Notificationdelete</stat>
<stat pass="1" fail="0" skip="0" id="s1-s26" name="Test valid search birth record">TestCases.Test valid search birth record</stat>
<stat pass="1" fail="0" skip="0" id="s1-s27" name="Test valid search death record">TestCases.Test valid search death record</stat>
<stat pass="1" fail="0" skip="0" id="s1-s28" name="Test valid User Apppointment">TestCases.Test valid User Apppointment</stat>
<stat pass="1" fail="0" skip="0" id="s1-s29" name="Test valid user payment">TestCases.Test valid user payment</stat>
<stat pass="1" fail="0" skip="0" id="s1-s30" name="Test Valid Userlogin">TestCases.Test Valid Userlogin</stat>
<stat pass="1" fail="0" skip="0" id="s1-s31" name="Test Valid Viewbilldetails">TestCases.Test Valid Viewbilldetails</stat>
<stat pass="0" fail="1" skip="0" id="s1-s32" name="Test validAddStockItem">TestCases.Test validAddStockItem</stat>
<stat pass="1" fail="0" skip="0" id="s1-s33" name="Test validAdminLogin">TestCases.Test validAdminLogin</stat>
<stat pass="1" fail="0" skip="0" id="s1-s34" name="Test validAppionmentSearch">TestCases.Test validAppionmentSearch</stat>
<stat pass="1" fail="0" skip="0" id="s1-s35" name="Test validPatientSearch">TestCases.Test validPatientSearch</stat>
<stat pass="1" fail="0" skip="0" id="s1-s36" name="Test validPostMessage">TestCases.Test validPostMessage</stat>
<stat pass="1" fail="0" skip="0" id="s1-s37" name="Test validQueueSearch">TestCases.Test validQueueSearch</stat>
<stat pass="1" fail="0" skip="0" id="s1-s38" name="Test validSendSMS">TestCases.Test validSendSMS</stat>
</suite>
</statistics>
<errors>
<msg time="2024-05-29T00:04:21.799228" level="WARN">Multiple tests with name 'To validate invalid login of admin' executed in suite 'TestCases.Test invalid admin login'.</msg>
<msg time="2024-05-29T00:04:31.662659" level="WARN">Multiple tests with name 'To validate invalid login of admin' executed in suite 'TestCases.Test invalid admin login'.</msg>
<msg time="2024-05-29T00:04:41.974855" level="WARN">Multiple tests with name 'To validate invalid login of admin' executed in suite 'TestCases.Test invalid admin login'.</msg>
</errors>
</robot>
