<?xml version="1.0" encoding="UTF-8"?>
<robot generator="Robot 7.0 (Python 3.12.2 on win32)" generated="2024-05-28T16:58:33.328917" rpa="false" schemaversion="5">
<suite id="s1" name="TestCases" source="D:\main_repository\Pilot_Project_Smart_hospital_Team3\TestCases">
<suite id="s1-s1" name="Test Invalid Addnewpatient" source="D:\main_repository\Pilot_Project_Smart_hospital_Team3\TestCases\Test_Invalid_Addnewpatient.robot">
<test id="s1-s1-t1" name="addition of new patient" line="16">
<kw name="Open the browser with url" owner="GenericResources" type="SETUP">
<kw name="Create Webdriver" owner="SeleniumLibrary">
<msg time="2024-05-28T16:58:35.613104" level="INFO">Creating an instance of the Chrome WebDriver.</msg>
<arg>Chrome</arg>
<doc>Creates an instance of Selenium WebDriver.</doc>
<status status="PASS" start="2024-05-28T16:58:35.613104" elapsed="5.009886"/>
</kw>
<kw name="Go To" owner="SeleniumLibrary">
<msg time="2024-05-28T16:58:40.625989" level="INFO">Opening url 'https://demo.smart-hospital.in/'</msg>
<arg>${url}</arg>
<doc>Navigates the current browser window to the provided ``url``.</doc>
<status status="PASS" start="2024-05-28T16:58:40.623992" elapsed="0.667639"/>
</kw>
<kw name="Maximize Browser Window" owner="SeleniumLibrary">
<doc>Maximizes current browser window.</doc>
<status status="PASS" start="2024-05-28T16:58:41.291631" elapsed="7.343640"/>
</kw>
<kw name="Set Selenium Implicit Wait" owner="SeleniumLibrary">
<arg>5</arg>
<doc>Sets the implicit wait value used by Selenium.</doc>
<status status="PASS" start="2024-05-28T16:58:48.636277" elapsed="0.011004"/>
</kw>
<status status="PASS" start="2024-05-28T16:58:35.613104" elapsed="13.036183"/>
</kw>
<kw name="Unsuccessfull addition of new patient">
<kw name="Click the login in button" owner="GenericResources">
<kw name="Click Element" owner="SeleniumLibrary">
<msg time="2024-05-28T16:58:48.667289" level="INFO">Clicking element 'xpath://ul[@class="top-right"]//a'.</msg>
<arg>${login_button}</arg>
<doc>Click the element identified by ``locator``.</doc>
<status status="PASS" start="2024-05-28T16:58:48.665292" elapsed="10.404436"/>
</kw>
<status status="PASS" start="2024-05-28T16:58:48.663302" elapsed="10.407442"/>
</kw>
<kw name="Fill the successfull login form by clicking the doctor role" owner="LoginResources">
<kw name="Click Link" owner="SeleniumLibrary">
<msg time="2024-05-28T16:58:59.073728" level="INFO">Clicking link 'xpath://i[@class="fa fa-user"]//parent::a'.</msg>
<arg>${admin_login_button}</arg>
<doc>Clicks a link identified by ``locator``.</doc>
<status status="PASS" start="2024-05-28T16:58:59.072734" elapsed="0.749098"/>
</kw>
<kw name="Switch Window" owner="SeleniumLibrary">
<arg>new</arg>
<doc>Switches to browser window matching ``locator``.</doc>
<status status="PASS" start="2024-05-28T16:58:59.823839" elapsed="2.191577"/>
</kw>
<kw name="Click Link" owner="SeleniumLibrary">
<msg time="2024-05-28T16:59:02.018429" level="INFO">Clicking link 'xpath://a[text()='Doctor']'.</msg>
<arg>${valid_doctor_button}</arg>
<doc>Clicks a link identified by ``locator``.</doc>
<status status="PASS" start="2024-05-28T16:59:02.015416" elapsed="1.774902"/>
</kw>
<kw name="Click Button" owner="SeleniumLibrary">
<msg time="2024-05-28T16:59:03.793336" level="INFO">Clicking button 'css:button[class='btn']'.</msg>
<arg>${signin_button}</arg>
<doc>Clicks the button identified by ``locator``.</doc>
<status status="PASS" start="2024-05-28T16:59:03.792333" elapsed="6.489748"/>
</kw>
<status status="PASS" start="2024-05-28T16:58:59.071730" elapsed="11.211339"/>
</kw>
<kw name="Verify the successfull login with valid credentials for doctor" owner="LoginResources">
<kw name="Click Link" owner="SeleniumLibrary">
<msg time="2024-05-28T16:59:10.286090" level="INFO">Clicking link 'css:a[class="dropdown-toggle"]'.</msg>
<arg>${pofile_icon}</arg>
<doc>Clicks a link identified by ``locator``.</doc>
<status status="PASS" start="2024-05-28T16:59:10.284072" elapsed="0.831601"/>
</kw>
<kw name="Wait Until Element Is Enabled" owner="SeleniumLibrary">
<arg>${profile_name}</arg>
<doc>Waits until the element ``locator`` is enabled.</doc>
<status status="PASS" start="2024-05-28T16:59:11.118656" elapsed="0.214780"/>
</kw>
<kw name="Element Text Should Be" owner="SeleniumLibrary">
<msg time="2024-05-28T16:59:11.335436" level="INFO">Verifying element 'css:div[class="sstopuser-test"] h5' contains exact text 'Doctor'.</msg>
<arg>${profile_name}</arg>
<arg>Doctor</arg>
<doc>Verifies that element ``locator`` contains exact the text ``expected``.</doc>
<status status="PASS" start="2024-05-28T16:59:11.334435" elapsed="0.119299"/>
</kw>
<status status="PASS" start="2024-05-28T16:59:10.283069" elapsed="1.171664"/>
</kw>
<kw name="Addition of new patient in the IPD inpatient with valid Credentials" owner="DoctorResources">
<kw name="Click Link" owner="SeleniumLibrary">
<msg time="2024-05-28T16:59:11.459239" level="INFO">Clicking link 'xpath://i[@class="fas fa-procedures"]//parent::a'.</msg>
<arg>${IPD_in_patient}</arg>
<doc>Clicks a link identified by ``locator``.</doc>
<status status="PASS" start="2024-05-28T16:59:11.457724" elapsed="1.307000"/>
</kw>
<kw name="Click Link" owner="SeleniumLibrary">
<msg time="2024-05-28T16:59:12.766779" level="INFO">Clicking link 'css:a[id="addp"]'.</msg>
<arg>${add_patient_button}</arg>
<doc>Clicks a link identified by ``locator``.</doc>
<status status="PASS" start="2024-05-28T16:59:12.765235" elapsed="0.380369"/>
</kw>
<kw name="Click Link" owner="SeleniumLibrary">
<msg time="2024-05-28T16:59:13.147605" level="INFO">Clicking link 'css:a[id="addpip"]'.</msg>
<arg>${new_patient_button}</arg>
<doc>Clicks a link identified by ``locator``.</doc>
<status status="PASS" start="2024-05-28T16:59:13.146606" elapsed="0.469429"/>
</kw>
<kw name="Input Text" owner="SeleniumLibrary">
<msg time="2024-05-28T16:59:13.618028" level="INFO">Typing text '' into text field 'css:input[id="name"]'.</msg>
<arg>${name_field}</arg>
<arg>${patient_name}</arg>
<doc>Types the given ``text`` into the text field identified by ``locator``.</doc>
<status status="PASS" start="2024-05-28T16:59:13.617034" elapsed="0.595129"/>
</kw>
<kw name="Input Text" owner="SeleniumLibrary">
<msg time="2024-05-28T16:59:14.212163" level="INFO">Typing text 'krish' into text field 'css:div[class="col-lg-6 col-md-6 col-sm-6"] input[name="guardian_name"]'.</msg>
<arg>${guardian_name_field}</arg>
<arg>${guardian_name}</arg>
<doc>Types the given ``text`` into the text field identified by ``locator``.</doc>
<status status="PASS" start="2024-05-28T16:59:14.212163" elapsed="0.227948"/>
</kw>
<kw name="Input Text" owner="SeleniumLibrary">
<msg time="2024-05-28T16:59:14.442121" level="INFO">Typing text '05/29/2002' into text field 'xpath://div[@class="col-sm-4"]//input[@name="dob"]'.</msg>
<arg>${dob_field}</arg>
<arg>${dob}</arg>
<doc>Types the given ``text`` into the text field identified by ``locator``.</doc>
<status status="PASS" start="2024-05-28T16:59:14.441112" elapsed="0.651559"/>
</kw>
<kw name="Input Text" owner="SeleniumLibrary">
<msg time="2024-05-28T16:59:15.096663" level="INFO">Typing text '9977554433' into text field 'css:input[id="number"]'.</msg>
<arg>${phone_number_field}</arg>
<arg>${phone_number}</arg>
<doc>Types the given ``text`` into the text field identified by ``locator``.</doc>
<status status="PASS" start="2024-05-28T16:59:15.094666" elapsed="0.312245"/>
</kw>
<kw name="Input Text" owner="SeleniumLibrary">
<msg time="2024-05-28T16:59:15.410177" level="INFO">Typing text 'praburam@gmail.com' into text field 'css:input[id="addformemail"]'.</msg>
<arg>${email_field}</arg>
<arg>${email}</arg>
<doc>Types the given ``text`` into the text field identified by ``locator``.</doc>
<status status="PASS" start="2024-05-28T16:59:15.409177" elapsed="0.311484"/>
</kw>
<kw name="Input Text" owner="SeleniumLibrary">
<msg time="2024-05-28T16:59:15.722658" level="INFO">Typing text 'kaveri avenu,amman nager,coimbatore-98' into text field 'css:input[name="address"]'.</msg>
<arg>${address_field}</arg>
<arg>${address}</arg>
<doc>Types the given ``text`` into the text field identified by ``locator``.</doc>
<status status="PASS" start="2024-05-28T16:59:15.720661" elapsed="0.385713"/>
</kw>
<kw name="Input Text" owner="SeleniumLibrary">
<msg time="2024-05-28T16:59:16.108384" level="INFO">Typing text 'voimiting' into text field 'css:div[class="col-lg-12 col-md-12 col-sm-12"] textarea[name="known_allergies"]'.</msg>
<arg>${known_allergies_field}</arg>
<arg>${known_allergies}</arg>
<doc>Types the given ``text`` into the text field identified by ``locator``.</doc>
<status status="PASS" start="2024-05-28T16:59:16.107379" elapsed="0.419464"/>
</kw>
<kw name="Input Text" owner="SeleniumLibrary">
<msg time="2024-05-28T16:59:16.529759" level="INFO">Typing text '1876548' into text field 'css:input[name="insurance_id"]'.</msg>
<arg>${TPA_ID_field}</arg>
<arg>${TPA_ID}</arg>
<doc>Types the given ``text`` into the text field identified by ``locator``.</doc>
<status status="PASS" start="2024-05-28T16:59:16.528232" elapsed="0.396287"/>
</kw>
<kw name="Input Text" owner="SeleniumLibrary">
<msg time="2024-05-28T16:59:16.926518" level="INFO">Typing text '2026-09-01 00:00:00' into text field 'css:input[name="validity"]'.</msg>
<arg>${TPA_validity_field}</arg>
<arg>${TPA_Validity}</arg>
<doc>Types the given ``text`` into the text field identified by ``locator``.</doc>
<status status="PASS" start="2024-05-28T16:59:16.925518" elapsed="0.373865"/>
</kw>
<kw name="Input Text" owner="SeleniumLibrary">
<msg time="2024-05-28T16:59:17.300384" level="INFO">Typing text '345678' into text field 'css:input[name="identification_number"]'.</msg>
<arg>${national_identity_number_field}</arg>
<arg>${ni_number}</arg>
<doc>Types the given ``text`` into the text field identified by ``locator``.</doc>
<status status="PASS" start="2024-05-28T16:59:17.299383" elapsed="0.185014"/>
</kw>
<kw name="Input Text" owner="SeleniumLibrary">
<msg time="2024-05-28T16:59:17.485404" level="INFO">Typing text '9876543456' into text field 'css:input[id="custom_fields[patient][3]"]'.</msg>
<arg>${alternate_number_field}</arg>
<arg>${alternate_number}</arg>
<doc>Types the given ``text`` into the text field identified by ``locator``.</doc>
<status status="PASS" start="2024-05-28T16:59:17.484397" elapsed="0.306378"/>
</kw>
<kw name="Click Button" owner="SeleniumLibrary">
<msg time="2024-05-28T16:59:17.792780" level="INFO">Clicking button 'css:button[id="formaddpabtn"]'.</msg>
<arg>${save_button}</arg>
<doc>Clicks the button identified by ``locator``.</doc>
<status status="PASS" start="2024-05-28T16:59:17.791778" elapsed="0.430676"/>
</kw>
<arg>${patient_name}</arg>
<arg>${guardian_name}</arg>
<arg>${dob}</arg>
<arg>${bloodgroup}</arg>
<arg>${marital_status}</arg>
<arg>${phone_number}</arg>
<arg>${email}</arg>
<arg>${address}</arg>
<arg>${known_allergies}</arg>
<arg>${TPA_ID}</arg>
<arg>${TPA_Validity}</arg>
<arg>${ni_number}</arg>
<arg>${alternate_number}</arg>
<status status="PASS" start="2024-05-28T16:59:11.455723" elapsed="6.766731"/>
</kw>
<kw name="Verify the unsuccessfull addition of new patient" owner="DoctorResources">
<kw name="Element Text Should Be" owner="SeleniumLibrary">
<msg time="2024-05-28T16:59:18.229468" level="INFO">Verifying element 'css:div[class='toast-message'] p' contains exact text 'The Name field is required.'.</msg>
<msg time="2024-05-28T16:59:18.852250" level="INFO" html="true">&lt;/td&gt;&lt;/tr&gt;&lt;tr&gt;&lt;td colspan="3"&gt;&lt;a href="selenium-screenshot-1.png"&gt;&lt;img src="selenium-screenshot-1.png" width="800px"&gt;&lt;/a&gt;</msg>
<msg time="2024-05-28T16:59:18.852250" level="FAIL">The text of element 'css:div[class='toast-message'] p' should have been 'The Name field is required.' but it was 'The Nombre field is required.'.</msg>
<arg>${addnewpatient_invalidalert}</arg>
<arg>The Name field is required.</arg>
<doc>Verifies that element ``locator`` contains exact the text ``expected``.</doc>
<status status="FAIL" start="2024-05-28T16:59:18.227457" elapsed="0.631796">The text of element 'css:div[class='toast-message'] p' should have been 'The Name field is required.' but it was 'The Nombre field is required.'.</status>
</kw>
<status status="FAIL" start="2024-05-28T16:59:18.223458" elapsed="0.636796">The text of element 'css:div[class='toast-message'] p' should have been 'The Name field is required.' but it was 'The Nombre field is required.'.</status>
</kw>
<arg>patient_name=</arg>
<arg>guardian_name=krish</arg>
<arg>dob=05/29/2002</arg>
<arg>bloodgroup=O+</arg>
<arg>marital_status=Single</arg>
<arg>phone_number=9977554433</arg>
<arg>email=praburam@gmail.com</arg>
<arg>address=kaveri avenu,amman nager,coimbatore-98</arg>
<arg>known_allergies=voimiting</arg>
<arg>TPA_ID=1876548</arg>
<arg>TPA_Validity=2026-09-01 00:00:00</arg>
<arg>ni_number=345678</arg>
<arg>alternate_number=9876543456</arg>
<status status="FAIL" start="2024-05-28T16:58:48.653266" elapsed="30.206988">The text of element 'css:div[class='toast-message'] p' should have been 'The Name field is required.' but it was 'The Nombre field is required.'.</status>
</kw>
<kw name="close the browser" owner="GenericResources" type="TEARDOWN">
<kw name="Close Browser" owner="SeleniumLibrary">
<doc>Closes the current browser.</doc>
<status status="PASS" start="2024-05-28T16:59:18.862276" elapsed="5.689789"/>
</kw>
<status status="PASS" start="2024-05-28T16:59:18.861282" elapsed="5.690783"/>
</kw>
<status status="FAIL" start="2024-05-28T16:58:35.606055" elapsed="48.946010">The text of element 'css:div[class='toast-message'] p' should have been 'The Name field is required.' but it was 'The Nombre field is required.'.</status>
</test>
<doc>Test case to add new patient in the patient list</doc>
<status status="FAIL" start="2024-05-28T16:58:33.369545" elapsed="51.182520"/>
</suite>
<status status="FAIL" start="2024-05-28T16:58:33.344952" elapsed="51.207113"/>
</suite>
<statistics>
<total>
<stat pass="0" fail="1" skip="0">All Tests</stat>
</total>
<tag>
</tag>
<suite>
<stat pass="0" fail="1" skip="0" id="s1" name="TestCases">TestCases</stat>
<stat pass="0" fail="1" skip="0" id="s1-s1" name="Test Invalid Addnewpatient">TestCases.Test Invalid Addnewpatient</stat>
</suite>
</statistics>
<errors>
</errors>
</robot>
