<?xml version="1.0" encoding="UTF-8"?>
<robot generator="Robot 7.0 (Python 3.12.2 on win32)" generated="2024-05-28T17:00:52.524391" rpa="false" schemaversion="5">
<suite id="s1" name="TestCases" source="D:\main_repository\Pilot_Project_Smart_hospital_Team3\TestCases">
<suite id="s1-s1" name="Test validQueueSearch" source="D:\main_repository\Pilot_Project_Smart_hospital_Team3\TestCases\Test_validQueueSearch.robot">
<test id="s1-s1-t1" name="To validate succesful queue search" line="23">
<kw name="Open the browser with url" owner="GenericResources" type="SETUP">
<kw name="Create Webdriver" owner="SeleniumLibrary">
<msg time="2024-05-28T17:00:56.667653" level="INFO">Creating an instance of the Chrome WebDriver.</msg>
<arg>Chrome</arg>
<doc>Creates an instance of Selenium WebDriver.</doc>
<status status="PASS" start="2024-05-28T17:00:56.666652" elapsed="7.881876"/>
</kw>
<kw name="Go To" owner="SeleniumLibrary">
<msg time="2024-05-28T17:01:04.552528" level="INFO">Opening url 'https://demo.smart-hospital.in/'</msg>
<arg>${url}</arg>
<doc>Navigates the current browser window to the provided ``url``.</doc>
<status status="PASS" start="2024-05-28T17:01:04.550523" elapsed="0.615118"/>
</kw>
<kw name="Maximize Browser Window" owner="SeleniumLibrary">
<doc>Maximizes current browser window.</doc>
<status status="PASS" start="2024-05-28T17:01:05.167645" elapsed="2.398417"/>
</kw>
<kw name="Set Selenium Implicit Wait" owner="SeleniumLibrary">
<arg>5</arg>
<doc>Sets the implicit wait value used by Selenium.</doc>
<status status="PASS" start="2024-05-28T17:01:07.566062" elapsed="0.003587"/>
</kw>
<status status="PASS" start="2024-05-28T17:00:56.664582" elapsed="10.906079"/>
</kw>
<kw name="To validate succesful queue search">
<kw name="Go to user login" owner="LoginResources">
<kw name="Click Link" owner="SeleniumLibrary">
<msg time="2024-05-28T17:01:07.578430" level="INFO">Clicking link 'xpath://i[@class="fa fa-user"]//parent::a'.</msg>
<arg>${User_login_button}</arg>
<doc>Clicks a link identified by ``locator``.</doc>
<status status="PASS" start="2024-05-28T17:01:07.575430" elapsed="2.144413"/>
</kw>
<status status="PASS" start="2024-05-28T17:01:07.572173" elapsed="2.147670"/>
</kw>
<kw name="Go to admin page" owner="LoginResources">
<kw name="Click Link" owner="SeleniumLibrary">
<msg time="2024-05-28T17:01:09.722846" level="INFO">Clicking link '//a[text()=" Admin Login"]'.</msg>
<arg>${admin_login_page_btn}</arg>
<doc>Clicks a link identified by ``locator``.</doc>
<status status="PASS" start="2024-05-28T17:01:09.721847" elapsed="0.501354"/>
</kw>
<status status="PASS" start="2024-05-28T17:01:09.720845" elapsed="0.502356"/>
</kw>
<kw name="Switch Window" owner="SeleniumLibrary">
<arg>new</arg>
<doc>Switches to browser window matching ``locator``.</doc>
<status status="PASS" start="2024-05-28T17:01:10.224217" elapsed="0.047666"/>
</kw>
<kw name="fill the admin login form" owner="LoginResources">
<kw name="Click Link" owner="SeleniumLibrary">
<msg time="2024-05-28T17:01:10.274885" level="INFO">Clicking link '//i[@class="fa fa-user ispace"]//parent::a'.</msg>
<arg>${admin_login_btn}</arg>
<doc>Clicks a link identified by ``locator``.</doc>
<status status="PASS" start="2024-05-28T17:01:10.273882" elapsed="0.742586"/>
</kw>
<status status="PASS" start="2024-05-28T17:01:10.271883" elapsed="0.745583"/>
</kw>
<kw name="Click the signin button" owner="LoginResources">
<kw name="Click Button" owner="SeleniumLibrary">
<msg time="2024-05-28T17:01:11.020468" level="INFO">Clicking button 'css:button[class='btn']'.</msg>
<arg>${signin_button}</arg>
<doc>Clicks the button identified by ``locator``.</doc>
<status status="PASS" start="2024-05-28T17:01:11.019470" elapsed="5.617519"/>
</kw>
<status status="PASS" start="2024-05-28T17:01:11.018470" elapsed="5.619615"/>
</kw>
<kw name="Click Appoinment link" owner="AdminResources">
<kw name="Click Link" owner="SeleniumLibrary">
<msg time="2024-05-28T17:01:16.640221" level="INFO">Clicking link '//ul[@class="sidebar-menu verttop"]//li[3]/a'.</msg>
<arg>${appoinment_link}</arg>
<doc>Clicks a link identified by ``locator``.</doc>
<status status="PASS" start="2024-05-28T17:01:16.639208" elapsed="0.954537"/>
</kw>
<status status="PASS" start="2024-05-28T17:01:16.638085" elapsed="0.955660"/>
</kw>
<kw name="Click the Queue button" owner="AdminResources">
<kw name="Click Button" owner="SeleniumLibrary">
<msg time="2024-05-28T17:01:17.594745" level="INFO">Clicking button '(//div[@class="box-tools pull-right"])//a[3]'.</msg>
<msg time="2024-05-28T17:01:17.967680" level="INFO" html="true">&lt;/td&gt;&lt;/tr&gt;&lt;tr&gt;&lt;td colspan="3"&gt;&lt;a href="selenium-screenshot-1.png"&gt;&lt;img src="selenium-screenshot-1.png" width="800px"&gt;&lt;/a&gt;</msg>
<msg time="2024-05-28T17:01:17.967680" level="FAIL">Button with locator '(//div[@class="box-tools pull-right"])//a[3]' not found.</msg>
<arg>${queue_button}</arg>
<doc>Clicks the button identified by ``locator``.</doc>
<status status="FAIL" start="2024-05-28T17:01:17.594745" elapsed="0.372935">Button with locator '(//div[@class="box-tools pull-right"])//a[3]' not found.</status>
</kw>
<status status="FAIL" start="2024-05-28T17:01:17.593745" elapsed="0.378928">Button with locator '(//div[@class="box-tools pull-right"])//a[3]' not found.</status>
</kw>
<kw name="Fill the Queue form" owner="AdminResources">
<arg>${Doctor}</arg>
<arg>${Shift}</arg>
<arg>${Date}</arg>
<arg>${Slot}</arg>
<status status="NOT RUN" start="2024-05-28T17:01:17.972673" elapsed="0.001016"/>
</kw>
<kw name="click search button for queue" owner="AdminResources">
<status status="NOT RUN" start="2024-05-28T17:01:17.973689" elapsed="0.000000"/>
</kw>
<kw name="Verify results for queue search" owner="AdminResources">
<status status="NOT RUN" start="2024-05-28T17:01:17.973689" elapsed="0.001001"/>
</kw>
<arg>Doctor=4</arg>
<arg>Shift=3</arg>
<arg>Date=05-22-2024</arg>
<arg>Slot=56</arg>
<status status="FAIL" start="2024-05-28T17:01:07.570661" elapsed="10.404029">Button with locator '(//div[@class="box-tools pull-right"])//a[3]' not found.</status>
</kw>
<kw name="close the browser" owner="GenericResources" type="TEARDOWN">
<kw name="Close Browser" owner="SeleniumLibrary">
<doc>Closes the current browser.</doc>
<status status="PASS" start="2024-05-28T17:01:17.977757" elapsed="2.321410"/>
</kw>
<status status="PASS" start="2024-05-28T17:01:17.976401" elapsed="2.323372"/>
</kw>
<doc>To verify search results of patient list</doc>
<tag>regression</tag>
<status status="FAIL" start="2024-05-28T17:00:56.662731" elapsed="23.637042">Button with locator '(//div[@class="box-tools pull-right"])//a[3]' not found.</status>
</test>
<doc>To verify succesful queue search</doc>
<status status="FAIL" start="2024-05-28T17:00:52.596273" elapsed="27.712792"/>
</suite>
<status status="FAIL" start="2024-05-28T17:00:52.548173" elapsed="27.760892"/>
</suite>
<statistics>
<total>
<stat pass="0" fail="1" skip="0">All Tests</stat>
</total>
<tag>
<stat pass="0" fail="1" skip="0">regression</stat>
</tag>
<suite>
<stat pass="0" fail="1" skip="0" id="s1" name="TestCases">TestCases</stat>
<stat pass="0" fail="1" skip="0" id="s1-s1" name="Test validQueueSearch">TestCases.Test validQueueSearch</stat>
</suite>
</statistics>
<errors>
</errors>
</robot>
