<?xml version="1.0" encoding="UTF-8"?>
<robot generator="Robot 7.0 (Python 3.12.4 on win32)" generated="2024-07-13T18:31:41.695742" rpa="false" schemaversion="5">
<suite id="s1" name="Pilot Project Smart hospital Team3" source="D:\main_repository\Pilot_Project_Smart_hospital_Team3">
<suite id="s1-s1" name="TestCases" source="D:\main_repository\Pilot_Project_Smart_hospital_Team3\TestCases">
<suite id="s1-s1-s1" name="Test add invalid birth record" source="D:\main_repository\Pilot_Project_Smart_hospital_Team3\TestCases\Test_add_invalid_birth_record.robot">
<test id="s1-s1-s1-t1" name="Login test template" line="22">
<kw name="Open the browser with url" owner="GenericResources" type="SETUP">
<kw name="Create Webdriver" owner="SeleniumLibrary">
<msg time="2024-07-13T18:31:42.921929" level="INFO">Creating an instance of the Chrome WebDriver.</msg>
<arg>Chrome</arg>
<doc>Creates an instance of Selenium WebDriver.</doc>
<status status="PASS" start="2024-07-13T18:31:42.921929" elapsed="1.769417"/>
</kw>
<kw name="Go To" owner="SeleniumLibrary">
<msg time="2024-07-13T18:31:44.691346" level="INFO">Opening url 'https://demo.smart-hospital.in/'</msg>
<arg>${url}</arg>
<doc>Navigates the current browser window to the provided ``url``.</doc>
<status status="PASS" start="2024-07-13T18:31:44.691346" elapsed="3.172870"/>
</kw>
<kw name="Maximize Browser Window" owner="SeleniumLibrary">
<doc>Maximizes current browser window.</doc>
<status status="PASS" start="2024-07-13T18:31:47.864216" elapsed="0.056928"/>
</kw>
<kw name="Set Selenium Implicit Wait" owner="SeleniumLibrary">
<arg>5</arg>
<doc>Sets the implicit wait value used by Selenium.</doc>
<status status="PASS" start="2024-07-13T18:31:47.921144" elapsed="0.008000"/>
</kw>
<status status="PASS" start="2024-07-13T18:31:42.921929" elapsed="5.007215"/>
</kw>
<kw name="validate add birth record">
<kw name="click the log in button" owner="GenericResources">
<kw name="Click Element" owner="SeleniumLibrary">
<msg time="2024-07-13T18:31:47.935255" level="INFO">Clicking element 'xpath://ul[@class="top-right"]//a'.</msg>
<arg>${login_button}</arg>
<doc>Click the element identified by ``locator``.</doc>
<status status="PASS" start="2024-07-13T18:31:47.929144" elapsed="1.411577"/>
</kw>
<status status="PASS" start="2024-07-13T18:31:47.929144" elapsed="1.411577"/>
</kw>
<kw name="click the admin login" owner="LoginResources">
<kw name="Click Element" owner="SeleniumLibrary">
<msg time="2024-07-13T18:31:49.340721" level="INFO">Clicking element 'xpath:(//a[@class='forgot pull-right'])[1]'.</msg>
<arg>${admin_login}</arg>
<doc>Click the element identified by ``locator``.</doc>
<status status="PASS" start="2024-07-13T18:31:49.340721" elapsed="0.184196"/>
</kw>
<status status="PASS" start="2024-07-13T18:31:49.340721" elapsed="0.184196"/>
</kw>
<kw name="Switch Window" owner="SeleniumLibrary">
<arg>new</arg>
<doc>Switches to browser window matching ``locator``.</doc>
<status status="PASS" start="2024-07-13T18:31:49.524917" elapsed="0.036056"/>
</kw>
<kw name="click the doctor button" owner="LoginResources">
<kw name="Click Element" owner="SeleniumLibrary">
<msg time="2024-07-13T18:31:49.560973" level="INFO">Clicking element 'xpath:(//a[@class='btn btn-primary width100'])[2]'.</msg>
<arg>${doctor_button}</arg>
<doc>Click the element identified by ``locator``.</doc>
<status status="PASS" start="2024-07-13T18:31:49.560973" elapsed="0.630453"/>
</kw>
<status status="PASS" start="2024-07-13T18:31:49.560973" elapsed="0.630453"/>
</kw>
<kw name="Click the signin button" owner="LoginResources">
<kw name="Click Button" owner="SeleniumLibrary">
<msg time="2024-07-13T18:31:50.191426" level="INFO">Clicking button 'css:button[class='btn']'.</msg>
<arg>${signin_button}</arg>
<doc>Clicks the button identified by ``locator``.</doc>
<status status="PASS" start="2024-07-13T18:31:50.191426" elapsed="4.189947"/>
</kw>
<status status="PASS" start="2024-07-13T18:31:50.191426" elapsed="4.189947"/>
</kw>
<kw name="click birth record and death record" owner="DoctorResources">
<kw name="Click Element" owner="SeleniumLibrary">
<msg time="2024-07-13T18:31:54.386912" level="INFO">Clicking element 'xpath://a/i[@class='fa fa-birthday-cake']'.</msg>
<arg>${birth_record_death_record}</arg>
<doc>Click the element identified by ``locator``.</doc>
<status status="PASS" start="2024-07-13T18:31:54.381373" elapsed="0.133197"/>
</kw>
<status status="PASS" start="2024-07-13T18:31:54.381373" elapsed="0.133197"/>
</kw>
<kw name="click birth record" owner="DoctorResources">
<kw name="Click Element" owner="SeleniumLibrary">
<msg time="2024-07-13T18:31:54.514570" level="INFO">Clicking element 'xpath://a[text()= ' Birth Record ']'.</msg>
<arg>${birth_record}</arg>
<doc>Click the element identified by ``locator``.</doc>
<status status="PASS" start="2024-07-13T18:31:54.514570" elapsed="0.603578"/>
</kw>
<status status="PASS" start="2024-07-13T18:31:54.514570" elapsed="0.603710"/>
</kw>
<kw name="click add birth record" owner="DoctorResources">
<kw name="Click Element" owner="SeleniumLibrary">
<msg time="2024-07-13T18:31:55.118280" level="INFO">Clicking element 'xpath://a[@class='btn btn-primary btn-sm birthrecord']'.</msg>
<arg>${add_birth_record}</arg>
<doc>Click the element identified by ``locator``.</doc>
<status status="PASS" start="2024-07-13T18:31:55.118280" elapsed="0.109977"/>
</kw>
<status status="PASS" start="2024-07-13T18:31:55.118280" elapsed="0.109977"/>
</kw>
<kw name="fill the birth record form" owner="DoctorResources">
<try>
<branch type="TRY">
<kw name="Input Text" owner="SeleniumLibrary">
<msg time="2024-07-13T18:31:55.228257" level="INFO">Typing text 'dk' into text field 'name:child_name'.</msg>
<arg>${child_name}</arg>
<arg>${Cname}</arg>
<doc>Types the given ``text`` into the text field identified by ``locator``.</doc>
<status status="PASS" start="2024-07-13T18:31:55.228257" elapsed="0.364837"/>
</kw>
<kw name="Select From List By Index" owner="SeleniumLibrary">
<msg time="2024-07-13T18:31:55.593094" level="INFO">Selecting options from selection list 'xpath:(//select[@class='form-control'])[1]' by index 1.</msg>
<arg>${Gender_drop_down}</arg>
<arg>1</arg>
<doc>Selects options from selection list ``locator`` by ``indexes``.</doc>
<status status="PASS" start="2024-07-13T18:31:55.593094" elapsed="0.194243"/>
</kw>
<kw name="Input Text" owner="SeleniumLibrary">
<msg time="2024-07-13T18:31:55.787337" level="INFO">Typing text '0' into text field 'name:weight'.</msg>
<arg>${weight_feild}</arg>
<arg>${weight}</arg>
<doc>Types the given ``text`` into the text field identified by ``locator``.</doc>
<status status="PASS" start="2024-07-13T18:31:55.787337" elapsed="0.239477"/>
</kw>
<kw name="Input Text" owner="SeleniumLibrary">
<msg time="2024-07-13T18:31:56.026814" level="INFO">Typing text '2024-08-22 00:00:00' into text field 'id:birth_date'.</msg>
<arg>${birth_date_feild}</arg>
<arg>${birthDate}</arg>
<doc>Types the given ``text`` into the text field identified by ``locator``.</doc>
<status status="PASS" start="2024-07-13T18:31:56.026814" elapsed="0.270141"/>
</kw>
<kw name="Input Text" owner="SeleniumLibrary">
<msg time="2024-07-13T18:31:56.312613" level="INFO">Typing text '934265611' into text field 'id:contact'.</msg>
<arg>${contact_feild}</arg>
<arg>${contact}</arg>
<doc>Types the given ``text`` into the text field identified by ``locator``.</doc>
<status status="PASS" start="2024-07-13T18:31:56.296955" elapsed="0.269764"/>
</kw>
<kw name="Input Text" owner="SeleniumLibrary">
<msg time="2024-07-13T18:31:56.566719" level="INFO">Typing text 'Salem' into text field 'id:address'.</msg>
<arg>${adress_feild}</arg>
<arg>${Address}</arg>
<doc>Types the given ``text`` into the text field identified by ``locator``.</doc>
<status status="PASS" start="2024-07-13T18:31:56.566719" elapsed="0.773386"/>
</kw>
<kw name="Input Text" owner="SeleniumLibrary">
<msg time="2024-07-13T18:31:57.343015" level="INFO">Typing text '2222' into text field 'id:case_id'.</msg>
<arg>${case_id_feild}</arg>
<arg>${CaseId}</arg>
<doc>Types the given ``text`` into the text field identified by ``locator``.</doc>
<status status="PASS" start="2024-07-13T18:31:57.343015" elapsed="0.134204"/>
</kw>
<kw name="Input Text" owner="SeleniumLibrary">
<msg time="2024-07-13T18:31:57.482243" level="INFO">Typing text 'karmegam' into text field 'id:father_name'.</msg>
<arg>${fathers_name_feild}</arg>
<arg>${FathersName}</arg>
<doc>Types the given ``text`` into the text field identified by ``locator``.</doc>
<status status="PASS" start="2024-07-13T18:31:57.477219" elapsed="0.132107"/>
</kw>
<kw name="Input Text" owner="SeleniumLibrary">
<msg time="2024-07-13T18:31:57.609326" level="INFO">Typing text 'baby uis fine' into text field 'id:birth_report'.</msg>
<arg>${b_reports}</arg>
<arg>${birthReports}</arg>
<doc>Types the given ``text`` into the text field identified by ``locator``.</doc>
<status status="PASS" start="2024-07-13T18:31:57.609326" elapsed="0.138946"/>
</kw>
<kw name="Click Button" owner="SeleniumLibrary">
<msg time="2024-07-13T18:31:57.748272" level="INFO">Clicking button 'id:formaddbtn'.</msg>
<arg>${save_btn}</arg>
<doc>Clicks the button identified by ``locator``.</doc>
<status status="PASS" start="2024-07-13T18:31:57.748272" elapsed="0.092389"/>
</kw>
<status status="PASS" start="2024-07-13T18:31:55.228257" elapsed="2.612404"/>
</branch>
<branch type="EXCEPT">
<kw name="Log To Console" owner="BuiltIn">
<arg>Failed to add birth record in birth record form</arg>
<doc>Logs the given message to the console.</doc>
<status status="NOT RUN" start="2024-07-13T18:31:57.840661" elapsed="0.000000"/>
</kw>
<status status="NOT RUN" start="2024-07-13T18:31:57.840661" elapsed="0.000000"/>
</branch>
<status status="PASS" start="2024-07-13T18:31:55.228257" elapsed="2.612404"/>
</try>
<kw name="Close Browser" owner="SeleniumLibrary">
<doc>Closes the current browser.</doc>
<status status="PASS" start="2024-07-13T18:31:57.847763" elapsed="3.452389"/>
</kw>
<arg>${Cname}</arg>
<arg>${weight}</arg>
<arg>${birthDate}</arg>
<arg>${Contact}</arg>
<arg>${Address}</arg>
<arg>${CaseId}</arg>
<arg>${FathersName}</arg>
<arg>${birthReports}</arg>
<status status="PASS" start="2024-07-13T18:31:55.228257" elapsed="6.071895"/>
</kw>
<arg>Cname=dk</arg>
<arg>weight=0</arg>
<arg>birthDate=2024-08-22 00:00:00</arg>
<arg>Contact=934265611</arg>
<arg>Address=Salem</arg>
<arg>CaseId=2222</arg>
<arg>FathersName=karmegam</arg>
<arg>birthReports=baby uis fine</arg>
<status status="PASS" start="2024-07-13T18:31:47.929144" elapsed="13.371008"/>
</kw>
<kw name="close the browser" owner="GenericResources" type="TEARDOWN">
<kw name="Close Browser" owner="SeleniumLibrary">
<doc>Closes the current browser.</doc>
<status status="PASS" start="2024-07-13T18:32:01.324707" elapsed="0.000000"/>
</kw>
<status status="PASS" start="2024-07-13T18:32:01.323535" elapsed="0.002279"/>
</kw>
<status status="PASS" start="2024-07-13T18:31:42.907205" elapsed="18.424719"/>
</test>
<doc>To validate Invalid birth record</doc>
<status status="PASS" start="2024-07-13T18:31:41.762014" elapsed="19.582674"/>
</suite>
<status status="PASS" start="2024-07-13T18:31:41.742617" elapsed="19.605490"/>
</suite>
<status status="PASS" start="2024-07-13T18:31:41.711367" elapsed="19.642148"/>
</suite>
<statistics>
<total>
<stat pass="1" fail="0" skip="0">All Tests</stat>
</total>
<tag>
</tag>
<suite>
<stat pass="1" fail="0" skip="0" id="s1" name="Pilot Project Smart hospital Team3">Pilot Project Smart hospital Team3</stat>
<stat pass="1" fail="0" skip="0" id="s1-s1" name="TestCases">Pilot Project Smart hospital Team3.TestCases</stat>
<stat pass="1" fail="0" skip="0" id="s1-s1-s1" name="Test add invalid birth record">Pilot Project Smart hospital Team3.TestCases.Test add invalid birth record</stat>
</suite>
</statistics>
<errors>
</errors>
</robot>
