<?xml version="1.0" encoding="UTF-8"?>
<robot generator="Robot 7.0 (Python 3.12.2 on win32)" generated="2024-05-28T17:00:46.060408" rpa="false" schemaversion="5">
<suite id="s1" name="TestCases" source="D:\main_repository\Pilot_Project_Smart_hospital_Team3\TestCases">
<suite id="s1-s1" name="Test validAdminLogin" source="D:\main_repository\Pilot_Project_Smart_hospital_Team3\TestCases\Test_validAdminLogin.robot">
<test id="s1-s1-t1" name="To verify the admin login" line="14">
<kw name="Open the browser with url" owner="GenericResources" type="SETUP">
<kw name="Create Webdriver" owner="SeleniumLibrary">
<msg time="2024-05-28T17:00:46.619347" level="INFO">Creating an instance of the Chrome WebDriver.</msg>
<arg>Chrome</arg>
<doc>Creates an instance of Selenium WebDriver.</doc>
<status status="PASS" start="2024-05-28T17:00:46.618344" elapsed="2.558260"/>
</kw>
<kw name="Go To" owner="SeleniumLibrary">
<msg time="2024-05-28T17:00:49.178599" level="INFO">Opening url 'https://demo.smart-hospital.in/'</msg>
<arg>${url}</arg>
<doc>Navigates the current browser window to the provided ``url``.</doc>
<status status="PASS" start="2024-05-28T17:00:49.177612" elapsed="2.532299"/>
</kw>
<kw name="Maximize Browser Window" owner="SeleniumLibrary">
<doc>Maximizes current browser window.</doc>
<status status="PASS" start="2024-05-28T17:00:51.710911" elapsed="0.070027"/>
</kw>
<kw name="Set Selenium Implicit Wait" owner="SeleniumLibrary">
<arg>5</arg>
<doc>Sets the implicit wait value used by Selenium.</doc>
<status status="PASS" start="2024-05-28T17:00:51.780938" elapsed="0.003994"/>
</kw>
<status status="PASS" start="2024-05-28T17:00:46.610820" elapsed="5.174112"/>
</kw>
<kw name="Go to user login" owner="LoginResources">
<kw name="Click Link" owner="SeleniumLibrary">
<msg time="2024-05-28T17:00:51.787961" level="INFO">Clicking link 'xpath://i[@class="fa fa-user"]//parent::a'.</msg>
<arg>${User_login_button}</arg>
<doc>Clicks a link identified by ``locator``.</doc>
<status status="PASS" start="2024-05-28T17:00:51.786443" elapsed="2.034199"/>
</kw>
<status status="PASS" start="2024-05-28T17:00:51.786443" elapsed="2.034199"/>
</kw>
<kw name="Go to admin page" owner="LoginResources">
<kw name="Click Link" owner="SeleniumLibrary">
<msg time="2024-05-28T17:00:53.822663" level="INFO">Clicking link '//a[text()=" Admin Login"]'.</msg>
<arg>${admin_login_page_btn}</arg>
<doc>Clicks a link identified by ``locator``.</doc>
<status status="PASS" start="2024-05-28T17:00:53.821647" elapsed="0.883818"/>
</kw>
<status status="PASS" start="2024-05-28T17:00:53.820642" elapsed="0.885825"/>
</kw>
<kw name="Switch Window" owner="SeleniumLibrary">
<arg>new</arg>
<doc>Switches to browser window matching ``locator``.</doc>
<status status="PASS" start="2024-05-28T17:00:54.706467" elapsed="0.046506"/>
</kw>
<kw name="fill the admin login form" owner="LoginResources">
<kw name="Click Link" owner="SeleniumLibrary">
<msg time="2024-05-28T17:00:54.755488" level="INFO">Clicking link '//i[@class="fa fa-user ispace"]//parent::a'.</msg>
<arg>${admin_login_btn}</arg>
<doc>Clicks a link identified by ``locator``.</doc>
<status status="PASS" start="2024-05-28T17:00:54.753974" elapsed="0.650969"/>
</kw>
<status status="PASS" start="2024-05-28T17:00:54.752973" elapsed="0.651970"/>
</kw>
<kw name="Click the signin button" owner="LoginResources">
<kw name="Click Button" owner="SeleniumLibrary">
<msg time="2024-05-28T17:00:55.408968" level="INFO">Clicking button 'css:button[class='btn']'.</msg>
<arg>${signin_button}</arg>
<doc>Clicks the button identified by ``locator``.</doc>
<status status="PASS" start="2024-05-28T17:00:55.407947" elapsed="5.837397"/>
</kw>
<status status="PASS" start="2024-05-28T17:00:55.405946" elapsed="5.839398"/>
</kw>
<kw name="close the browser" owner="GenericResources" type="TEARDOWN">
<kw name="Close Browser" owner="SeleniumLibrary">
<doc>Closes the current browser.</doc>
<status status="PASS" start="2024-05-28T17:01:01.246347" elapsed="11.235793"/>
</kw>
<status status="PASS" start="2024-05-28T17:01:01.245344" elapsed="11.237793"/>
</kw>
<doc>To verify the login of admin</doc>
<tag>smoke</tag>
<status status="PASS" start="2024-05-28T17:00:46.604249" elapsed="25.878888"/>
</test>
<doc>Tests to login to login page</doc>
<status status="PASS" start="2024-05-28T17:00:46.120885" elapsed="26.365251"/>
</suite>
<status status="PASS" start="2024-05-28T17:00:46.084435" elapsed="26.404459"/>
</suite>
<statistics>
<total>
<stat pass="1" fail="0" skip="0">All Tests</stat>
</total>
<tag>
<stat pass="1" fail="0" skip="0">smoke</stat>
</tag>
<suite>
<stat pass="1" fail="0" skip="0" id="s1" name="TestCases">TestCases</stat>
<stat pass="1" fail="0" skip="0" id="s1-s1" name="Test validAdminLogin">TestCases.Test validAdminLogin</stat>
</suite>
</statistics>
<errors>
</errors>
</robot>
