<?xml version="1.0" encoding="UTF-8"?>
<robot generator="Robot 7.0 (Python 3.12.2 on win32)" generated="2024-05-28T17:00:15.320563" rpa="false" schemaversion="5">
<suite id="s1" name="TestCases" source="D:\main_repository\Pilot_Project_Smart_hospital_Team3\TestCases">
<suite id="s1-s1" name="Test valid search death record" source="D:\main_repository\Pilot_Project_Smart_hospital_Team3\TestCases\Test_valid_search_death_record.robot">
<test id="s1-s1-t1" name="validate add birth record" line="12">
<kw name="Open the browser with url" owner="GenericResources" type="SETUP">
<kw name="Create Webdriver" owner="SeleniumLibrary">
<msg time="2024-05-28T17:00:16.754340" level="INFO">Creating an instance of the Chrome WebDriver.</msg>
<arg>Chrome</arg>
<doc>Creates an instance of Selenium WebDriver.</doc>
<status status="PASS" start="2024-05-28T17:00:16.752334" elapsed="2.889729"/>
</kw>
<kw name="Go To" owner="SeleniumLibrary">
<msg time="2024-05-28T17:00:19.643062" level="INFO">Opening url 'https://demo.smart-hospital.in/'</msg>
<arg>${url}</arg>
<doc>Navigates the current browser window to the provided ``url``.</doc>
<status status="PASS" start="2024-05-28T17:00:19.642063" elapsed="10.512405"/>
</kw>
<kw name="Maximize Browser Window" owner="SeleniumLibrary">
<doc>Maximizes current browser window.</doc>
<status status="PASS" start="2024-05-28T17:00:30.154468" elapsed="0.136924"/>
</kw>
<kw name="Set Selenium Implicit Wait" owner="SeleniumLibrary">
<arg>5</arg>
<doc>Sets the implicit wait value used by Selenium.</doc>
<status status="PASS" start="2024-05-28T17:00:30.292409" elapsed="0.002531"/>
</kw>
<status status="PASS" start="2024-05-28T17:00:16.747808" elapsed="13.547132"/>
</kw>
<kw name="click the log in button" owner="GenericResources">
<kw name="Click Element" owner="SeleniumLibrary">
<msg time="2024-05-28T17:00:30.298943" level="INFO">Clicking element 'xpath://ul[@class="top-right"]//a'.</msg>
<arg>${login_button}</arg>
<doc>Click the element identified by ``locator``.</doc>
<status status="PASS" start="2024-05-28T17:00:30.296939" elapsed="3.083049"/>
</kw>
<status status="PASS" start="2024-05-28T17:00:30.295940" elapsed="3.084048"/>
</kw>
<kw name="click the admin login" owner="LoginResources">
<kw name="Click Element" owner="SeleniumLibrary">
<msg time="2024-05-28T17:00:33.384533" level="INFO">Clicking element 'xpath:(//a[@class='forgot pull-right'])[1]'.</msg>
<arg>${admin_login}</arg>
<doc>Click the element identified by ``locator``.</doc>
<status status="PASS" start="2024-05-28T17:00:33.383535" elapsed="0.311177"/>
</kw>
<status status="PASS" start="2024-05-28T17:00:33.381600" elapsed="0.313112"/>
</kw>
<kw name="Switch Window" owner="SeleniumLibrary">
<arg>new</arg>
<doc>Switches to browser window matching ``locator``.</doc>
<status status="PASS" start="2024-05-28T17:00:33.694712" elapsed="0.162389"/>
</kw>
<kw name="click the doctor button" owner="LoginResources">
<kw name="Click Element" owner="SeleniumLibrary">
<msg time="2024-05-28T17:00:33.860106" level="INFO">Clicking element 'xpath:(//a[@class='btn btn-primary width100'])[2]'.</msg>
<arg>${doctor_button}</arg>
<doc>Click the element identified by ``locator``.</doc>
<status status="PASS" start="2024-05-28T17:00:33.859099" elapsed="1.287617"/>
</kw>
<status status="PASS" start="2024-05-28T17:00:33.858103" elapsed="1.289152"/>
</kw>
<kw name="Click the signin button" owner="LoginResources">
<kw name="Click Button" owner="SeleniumLibrary">
<msg time="2024-05-28T17:00:35.149272" level="INFO">Clicking button 'css:button[class='btn']'.</msg>
<arg>${signin_button}</arg>
<doc>Clicks the button identified by ``locator``.</doc>
<status status="PASS" start="2024-05-28T17:00:35.148280" elapsed="7.391507"/>
</kw>
<status status="PASS" start="2024-05-28T17:00:35.147255" elapsed="7.392532"/>
</kw>
<kw name="click birth record and death record" owner="DoctorResources">
<kw name="Click Element" owner="SeleniumLibrary">
<msg time="2024-05-28T17:00:42.542361" level="INFO">Clicking element 'xpath://a/i[@class='fa fa-birthday-cake']'.</msg>
<arg>${birth_record_death_record}</arg>
<doc>Click the element identified by ``locator``.</doc>
<status status="PASS" start="2024-05-28T17:00:42.541852" elapsed="0.282144"/>
</kw>
<status status="PASS" start="2024-05-28T17:00:42.540842" elapsed="0.283154"/>
</kw>
<kw name="click death record" owner="DoctorResources">
<kw name="Click Element" owner="SeleniumLibrary">
<msg time="2024-05-28T17:00:42.826046" level="INFO">Clicking element 'xpath://a[text()= ' Death Record']'.</msg>
<msg time="2024-05-28T17:00:47.993525" level="INFO" html="true">&lt;/td&gt;&lt;/tr&gt;&lt;tr&gt;&lt;td colspan="3"&gt;&lt;a href="selenium-screenshot-1.png"&gt;&lt;img src="selenium-screenshot-1.png" width="800px"&gt;&lt;/a&gt;</msg>
<msg time="2024-05-28T17:00:47.993525" level="FAIL">Element with locator 'xpath://a[text()= ' Death Record']' not found.</msg>
<arg>${death_record}</arg>
<doc>Click the element identified by ``locator``.</doc>
<status status="FAIL" start="2024-05-28T17:00:42.825058" elapsed="5.171470">Element with locator 'xpath://a[text()= ' Death Record']' not found.</status>
</kw>
<status status="FAIL" start="2024-05-28T17:00:42.825058" elapsed="5.172466">Element with locator 'xpath://a[text()= ' Death Record']' not found.</status>
</kw>
<kw name="search value in death record" owner="DoctorResources">
<status status="NOT RUN" start="2024-05-28T17:00:47.997524" elapsed="0.000000"/>
</kw>
<kw name="close the browser" owner="GenericResources" type="TEARDOWN">
<kw name="Close Browser" owner="SeleniumLibrary">
<doc>Closes the current browser.</doc>
<status status="PASS" start="2024-05-28T17:00:47.998535" elapsed="2.517254"/>
</kw>
<status status="PASS" start="2024-05-28T17:00:47.998535" elapsed="2.518248"/>
</kw>
<tag>regression</tag>
<status status="FAIL" start="2024-05-28T17:00:16.743768" elapsed="33.773015">Element with locator 'xpath://a[text()= ' Death Record']' not found.</status>
</test>
<doc>To validate the search death record</doc>
<status status="FAIL" start="2024-05-28T17:00:15.374378" elapsed="35.144407"/>
</suite>
<status status="FAIL" start="2024-05-28T17:00:15.345096" elapsed="35.175689"/>
</suite>
<statistics>
<total>
<stat pass="0" fail="1" skip="0">All Tests</stat>
</total>
<tag>
<stat pass="0" fail="1" skip="0">regression</stat>
</tag>
<suite>
<stat pass="0" fail="1" skip="0" id="s1" name="TestCases">TestCases</stat>
<stat pass="0" fail="1" skip="0" id="s1-s1" name="Test valid search death record">TestCases.Test valid search death record</stat>
</suite>
</statistics>
<errors>
</errors>
</robot>
